{
 "cells": [
  {
   "cell_type": "code",
   "execution_count": 20,
   "metadata": {},
   "outputs": [],
   "source": [
    "import numpy as np\n",
    "import pandas as pd\n",
    "import psycopg2\n",
    "import pgspecial"
   ]
  },
  {
   "cell_type": "code",
   "execution_count": 2,
   "metadata": {
    "scrolled": true
   },
   "outputs": [
    {
     "name": "stdout",
     "output_type": "stream",
     "text": [
      "CONTAINER ID   IMAGE      COMMAND                  CREATED       STATUS                      PORTS                    NAMES\r\n",
      "ef19897b58ef   postgres   \"docker-entrypoint.s…\"   13 days ago   Up 34 minutes               0.0.0.0:5432->5432/tcp   cats\r\n",
      "3f9812e56ca3   postgres   \"docker-entrypoint.s…\"   2 weeks ago   Exited (0) 35 minutes ago                            sales\r\n"
     ]
    }
   ],
   "source": [
    "!docker ps -a"
   ]
  },
  {
   "cell_type": "code",
   "execution_count": 2,
   "metadata": {
    "scrolled": true
   },
   "outputs": [
    {
     "name": "stdout",
     "output_type": "stream",
     "text": [
      "ef19897b58ef\r\n"
     ]
    }
   ],
   "source": [
    "!docker restart ef19897b58ef"
   ]
  },
  {
   "cell_type": "code",
   "execution_count": 3,
   "metadata": {
    "scrolled": true
   },
   "outputs": [
    {
     "name": "stdout",
     "output_type": "stream",
     "text": [
      "found 0 associations\r\n",
      "found 1 connections:\r\n",
      "     1:\tflags=82<CONNECTED,PREFERRED>\r\n",
      "\toutif lo0\r\n",
      "\tsrc ::1 port 59490\r\n",
      "\tdst ::1 port 5432\r\n",
      "\trank info not available\r\n",
      "\tTCP aux info available\r\n",
      "\r\n",
      "Connection to localhost port 5432 [tcp/postgresql] succeeded!\r\n"
     ]
    }
   ],
   "source": [
    "# examine port connection\n",
    "!nc -zv localhost 5432"
   ]
  },
  {
   "cell_type": "code",
   "execution_count": 7,
   "metadata": {},
   "outputs": [],
   "source": [
    "# connect database located on docker with psycopg2\n",
    "try:\n",
    "    conn = psycopg2.connect(\"dbname='postgres' user='postgres' host='0.0.0.0' password='huyuan3' port='5432'\")\n",
    "except:\n",
    "    print(\"I am unable to connect to the database\")"
   ]
  },
  {
   "cell_type": "code",
   "execution_count": 9,
   "metadata": {},
   "outputs": [],
   "source": [
    "# Open a cursor to perform database operations\n",
    "cur = conn.cursor()"
   ]
  },
  {
   "cell_type": "code",
   "execution_count": 3,
   "metadata": {},
   "outputs": [],
   "source": [
    "%load_ext sql"
   ]
  },
  {
   "cell_type": "code",
   "execution_count": 4,
   "metadata": {
    "scrolled": true
   },
   "outputs": [
    {
     "data": {
      "text/plain": [
       "'Connected: postgres@postgres'"
      ]
     },
     "execution_count": 4,
     "metadata": {},
     "output_type": "execute_result"
    }
   ],
   "source": [
    "# # connect database located on docker with ipython-sql\n",
    "%sql postgresql://postgres:huyuan3@localhost/postgres"
   ]
  },
  {
   "cell_type": "code",
   "execution_count": 11,
   "metadata": {},
   "outputs": [],
   "source": [
    "def query_to_df(conn, query, column_names):\n",
    "    \"\"\"\n",
    "    Tranform a SELECT query into a pandas dataframe\n",
    "    \"\"\"\n",
    "    cur = conn.cursor()\n",
    "    try:\n",
    "        cur.execute(query)\n",
    "    except (Exception, psycopg2.DatabaseError) as error:\n",
    "        print(\"Error: %s\" % error)\n",
    "        cur.close()\n",
    "        return 1\n",
    "    \n",
    "    # Naturally we get a list of tuples\n",
    "    tuples = cur.fetchall()\n",
    "    cur.close()\n",
    "    \n",
    "    # We just need to turn it into a pandas dataframe\n",
    "    df = pd.DataFrame(tuples, columns=column_names)\n",
    "    return df"
   ]
  },
  {
   "cell_type": "markdown",
   "metadata": {},
   "source": [
    "## Table Statistics"
   ]
  },
  {
   "cell_type": "code",
   "execution_count": 21,
   "metadata": {},
   "outputs": [],
   "source": [
    "# load csv to pandas Dataframe\n",
    "states = pd.read_csv('users.csv')\n",
    "videos = pd.read_csv('videos.csv')\n",
    "likes = pd.read_csv('likes.csv')\n",
    "logins = pd.read_csv('logins.csv')\n",
    "watches = pd.read_csv('watches.csv')\n",
    "friends = pd.read_csv('friends.csv')\n",
    "suggestions = pd.read_csv('suggestions.csv')"
   ]
  },
  {
   "cell_type": "code",
   "execution_count": 28,
   "metadata": {},
   "outputs": [
    {
     "data": {
      "text/html": [
       "<div>\n",
       "<style scoped>\n",
       "    .dataframe tbody tr th:only-of-type {\n",
       "        vertical-align: middle;\n",
       "    }\n",
       "\n",
       "    .dataframe tbody tr th {\n",
       "        vertical-align: top;\n",
       "    }\n",
       "\n",
       "    .dataframe thead th {\n",
       "        text-align: right;\n",
       "    }\n",
       "</style>\n",
       "<table border=\"1\" class=\"dataframe\">\n",
       "  <thead>\n",
       "    <tr style=\"text-align: right;\">\n",
       "      <th></th>\n",
       "      <th>user_id</th>\n",
       "      <th>fname</th>\n",
       "      <th>lname</th>\n",
       "      <th>facebook_id</th>\n",
       "    </tr>\n",
       "  </thead>\n",
       "  <tbody>\n",
       "    <tr>\n",
       "      <th>0</th>\n",
       "      <td>0</td>\n",
       "      <td>Joselito</td>\n",
       "      <td>SMITH</td>\n",
       "      <td>Joselito_SMITH@</td>\n",
       "    </tr>\n",
       "    <tr>\n",
       "      <th>1</th>\n",
       "      <td>1</td>\n",
       "      <td>Cynda</td>\n",
       "      <td>SMITH</td>\n",
       "      <td>Cynda_SMITH@</td>\n",
       "    </tr>\n",
       "    <tr>\n",
       "      <th>2</th>\n",
       "      <td>2</td>\n",
       "      <td>Eleftheria</td>\n",
       "      <td>SMITH</td>\n",
       "      <td>Eleftheria_SMITH@</td>\n",
       "    </tr>\n",
       "    <tr>\n",
       "      <th>3</th>\n",
       "      <td>3</td>\n",
       "      <td>Adley</td>\n",
       "      <td>JOHNSON</td>\n",
       "      <td>Adley_JOHNSON@</td>\n",
       "    </tr>\n",
       "    <tr>\n",
       "      <th>4</th>\n",
       "      <td>4</td>\n",
       "      <td>Remy</td>\n",
       "      <td>JOHNSON</td>\n",
       "      <td>Remy_JOHNSON@</td>\n",
       "    </tr>\n",
       "    <tr>\n",
       "      <th>...</th>\n",
       "      <td>...</td>\n",
       "      <td>...</td>\n",
       "      <td>...</td>\n",
       "      <td>...</td>\n",
       "    </tr>\n",
       "    <tr>\n",
       "      <th>266392</th>\n",
       "      <td>266392</td>\n",
       "      <td>Elda</td>\n",
       "      <td>AALUND</td>\n",
       "      <td>Elda_AALUND@</td>\n",
       "    </tr>\n",
       "    <tr>\n",
       "      <th>266393</th>\n",
       "      <td>266393</td>\n",
       "      <td>Gannon</td>\n",
       "      <td>AALUND</td>\n",
       "      <td>Gannon_AALUND@</td>\n",
       "    </tr>\n",
       "    <tr>\n",
       "      <th>266394</th>\n",
       "      <td>266394</td>\n",
       "      <td>Tully</td>\n",
       "      <td>AALDERINK</td>\n",
       "      <td>Tully_AALDERINK@</td>\n",
       "    </tr>\n",
       "    <tr>\n",
       "      <th>266395</th>\n",
       "      <td>266395</td>\n",
       "      <td>Vera</td>\n",
       "      <td>AALDERINK</td>\n",
       "      <td>Vera_AALDERINK@</td>\n",
       "    </tr>\n",
       "    <tr>\n",
       "      <th>266396</th>\n",
       "      <td>266396</td>\n",
       "      <td>Rodolfo</td>\n",
       "      <td>AALDERINK</td>\n",
       "      <td>Rodolfo_AALDERINK@</td>\n",
       "    </tr>\n",
       "  </tbody>\n",
       "</table>\n",
       "<p>266397 rows × 4 columns</p>\n",
       "</div>"
      ],
      "text/plain": [
       "        user_id       fname      lname         facebook_id\n",
       "0             0    Joselito      SMITH     Joselito_SMITH@\n",
       "1             1       Cynda      SMITH        Cynda_SMITH@\n",
       "2             2  Eleftheria      SMITH   Eleftheria_SMITH@\n",
       "3             3       Adley    JOHNSON      Adley_JOHNSON@\n",
       "4             4        Remy    JOHNSON       Remy_JOHNSON@\n",
       "...         ...         ...        ...                 ...\n",
       "266392   266392        Elda     AALUND        Elda_AALUND@\n",
       "266393   266393      Gannon     AALUND      Gannon_AALUND@\n",
       "266394   266394       Tully  AALDERINK    Tully_AALDERINK@\n",
       "266395   266395        Vera  AALDERINK     Vera_AALDERINK@\n",
       "266396   266396     Rodolfo  AALDERINK  Rodolfo_AALDERINK@\n",
       "\n",
       "[266397 rows x 4 columns]"
      ]
     },
     "execution_count": 28,
     "metadata": {},
     "output_type": "execute_result"
    }
   ],
   "source": [
    "states"
   ]
  },
  {
   "cell_type": "code",
   "execution_count": 27,
   "metadata": {},
   "outputs": [
    {
     "data": {
      "text/html": [
       "<div>\n",
       "<style scoped>\n",
       "    .dataframe tbody tr th:only-of-type {\n",
       "        vertical-align: middle;\n",
       "    }\n",
       "\n",
       "    .dataframe tbody tr th {\n",
       "        vertical-align: top;\n",
       "    }\n",
       "\n",
       "    .dataframe thead th {\n",
       "        text-align: right;\n",
       "    }\n",
       "</style>\n",
       "<table border=\"1\" class=\"dataframe\">\n",
       "  <thead>\n",
       "    <tr style=\"text-align: right;\">\n",
       "      <th></th>\n",
       "      <th>video_id</th>\n",
       "      <th>video_name</th>\n",
       "    </tr>\n",
       "  </thead>\n",
       "  <tbody>\n",
       "    <tr>\n",
       "      <th>0</th>\n",
       "      <td>0</td>\n",
       "      <td>video_0</td>\n",
       "    </tr>\n",
       "    <tr>\n",
       "      <th>1</th>\n",
       "      <td>1</td>\n",
       "      <td>video_1</td>\n",
       "    </tr>\n",
       "    <tr>\n",
       "      <th>2</th>\n",
       "      <td>2</td>\n",
       "      <td>video_2</td>\n",
       "    </tr>\n",
       "    <tr>\n",
       "      <th>3</th>\n",
       "      <td>3</td>\n",
       "      <td>video_3</td>\n",
       "    </tr>\n",
       "    <tr>\n",
       "      <th>4</th>\n",
       "      <td>4</td>\n",
       "      <td>video_4</td>\n",
       "    </tr>\n",
       "    <tr>\n",
       "      <th>...</th>\n",
       "      <td>...</td>\n",
       "      <td>...</td>\n",
       "    </tr>\n",
       "    <tr>\n",
       "      <th>999995</th>\n",
       "      <td>999995</td>\n",
       "      <td>video_999995</td>\n",
       "    </tr>\n",
       "    <tr>\n",
       "      <th>999996</th>\n",
       "      <td>999996</td>\n",
       "      <td>video_999996</td>\n",
       "    </tr>\n",
       "    <tr>\n",
       "      <th>999997</th>\n",
       "      <td>999997</td>\n",
       "      <td>video_999997</td>\n",
       "    </tr>\n",
       "    <tr>\n",
       "      <th>999998</th>\n",
       "      <td>999998</td>\n",
       "      <td>video_999998</td>\n",
       "    </tr>\n",
       "    <tr>\n",
       "      <th>999999</th>\n",
       "      <td>999999</td>\n",
       "      <td>video_999999</td>\n",
       "    </tr>\n",
       "  </tbody>\n",
       "</table>\n",
       "<p>1000000 rows × 2 columns</p>\n",
       "</div>"
      ],
      "text/plain": [
       "        video_id    video_name\n",
       "0              0       video_0\n",
       "1              1       video_1\n",
       "2              2       video_2\n",
       "3              3       video_3\n",
       "4              4       video_4\n",
       "...          ...           ...\n",
       "999995    999995  video_999995\n",
       "999996    999996  video_999996\n",
       "999997    999997  video_999997\n",
       "999998    999998  video_999998\n",
       "999999    999999  video_999999\n",
       "\n",
       "[1000000 rows x 2 columns]"
      ]
     },
     "execution_count": 27,
     "metadata": {},
     "output_type": "execute_result"
    }
   ],
   "source": [
    "videos"
   ]
  },
  {
   "cell_type": "code",
   "execution_count": 26,
   "metadata": {},
   "outputs": [
    {
     "data": {
      "text/html": [
       "<div>\n",
       "<style scoped>\n",
       "    .dataframe tbody tr th:only-of-type {\n",
       "        vertical-align: middle;\n",
       "    }\n",
       "\n",
       "    .dataframe tbody tr th {\n",
       "        vertical-align: top;\n",
       "    }\n",
       "\n",
       "    .dataframe thead th {\n",
       "        text-align: right;\n",
       "    }\n",
       "</style>\n",
       "<table border=\"1\" class=\"dataframe\">\n",
       "  <thead>\n",
       "    <tr style=\"text-align: right;\">\n",
       "      <th></th>\n",
       "      <th>like_id</th>\n",
       "      <th>user_id</th>\n",
       "      <th>video_id</th>\n",
       "      <th>time</th>\n",
       "    </tr>\n",
       "  </thead>\n",
       "  <tbody>\n",
       "    <tr>\n",
       "      <th>0</th>\n",
       "      <td>0</td>\n",
       "      <td>0</td>\n",
       "      <td>606605</td>\n",
       "      <td>2020-01-25</td>\n",
       "    </tr>\n",
       "    <tr>\n",
       "      <th>1</th>\n",
       "      <td>1</td>\n",
       "      <td>0</td>\n",
       "      <td>706726</td>\n",
       "      <td>2020-01-09</td>\n",
       "    </tr>\n",
       "    <tr>\n",
       "      <th>2</th>\n",
       "      <td>2</td>\n",
       "      <td>0</td>\n",
       "      <td>782062</td>\n",
       "      <td>2020-01-01</td>\n",
       "    </tr>\n",
       "    <tr>\n",
       "      <th>3</th>\n",
       "      <td>3</td>\n",
       "      <td>0</td>\n",
       "      <td>818210</td>\n",
       "      <td>2020-01-18</td>\n",
       "    </tr>\n",
       "    <tr>\n",
       "      <th>4</th>\n",
       "      <td>4</td>\n",
       "      <td>0</td>\n",
       "      <td>800779</td>\n",
       "      <td>2020-01-04</td>\n",
       "    </tr>\n",
       "    <tr>\n",
       "      <th>...</th>\n",
       "      <td>...</td>\n",
       "      <td>...</td>\n",
       "      <td>...</td>\n",
       "      <td>...</td>\n",
       "    </tr>\n",
       "    <tr>\n",
       "      <th>2528742</th>\n",
       "      <td>2528753</td>\n",
       "      <td>266396</td>\n",
       "      <td>145751</td>\n",
       "      <td>2020-01-28</td>\n",
       "    </tr>\n",
       "    <tr>\n",
       "      <th>2528743</th>\n",
       "      <td>2528754</td>\n",
       "      <td>266396</td>\n",
       "      <td>350362</td>\n",
       "      <td>2020-01-30</td>\n",
       "    </tr>\n",
       "    <tr>\n",
       "      <th>2528744</th>\n",
       "      <td>2528755</td>\n",
       "      <td>266396</td>\n",
       "      <td>484309</td>\n",
       "      <td>2020-01-19</td>\n",
       "    </tr>\n",
       "    <tr>\n",
       "      <th>2528745</th>\n",
       "      <td>2528756</td>\n",
       "      <td>266396</td>\n",
       "      <td>197010</td>\n",
       "      <td>2020-01-02</td>\n",
       "    </tr>\n",
       "    <tr>\n",
       "      <th>2528746</th>\n",
       "      <td>2528757</td>\n",
       "      <td>266396</td>\n",
       "      <td>699516</td>\n",
       "      <td>2020-01-05</td>\n",
       "    </tr>\n",
       "  </tbody>\n",
       "</table>\n",
       "<p>2528747 rows × 4 columns</p>\n",
       "</div>"
      ],
      "text/plain": [
       "         like_id  user_id  video_id        time\n",
       "0              0        0    606605  2020-01-25\n",
       "1              1        0    706726  2020-01-09\n",
       "2              2        0    782062  2020-01-01\n",
       "3              3        0    818210  2020-01-18\n",
       "4              4        0    800779  2020-01-04\n",
       "...          ...      ...       ...         ...\n",
       "2528742  2528753   266396    145751  2020-01-28\n",
       "2528743  2528754   266396    350362  2020-01-30\n",
       "2528744  2528755   266396    484309  2020-01-19\n",
       "2528745  2528756   266396    197010  2020-01-02\n",
       "2528746  2528757   266396    699516  2020-01-05\n",
       "\n",
       "[2528747 rows x 4 columns]"
      ]
     },
     "execution_count": 26,
     "metadata": {},
     "output_type": "execute_result"
    }
   ],
   "source": [
    "likes"
   ]
  },
  {
   "cell_type": "code",
   "execution_count": 25,
   "metadata": {},
   "outputs": [
    {
     "data": {
      "text/html": [
       "<div>\n",
       "<style scoped>\n",
       "    .dataframe tbody tr th:only-of-type {\n",
       "        vertical-align: middle;\n",
       "    }\n",
       "\n",
       "    .dataframe tbody tr th {\n",
       "        vertical-align: top;\n",
       "    }\n",
       "\n",
       "    .dataframe thead th {\n",
       "        text-align: right;\n",
       "    }\n",
       "</style>\n",
       "<table border=\"1\" class=\"dataframe\">\n",
       "  <thead>\n",
       "    <tr style=\"text-align: right;\">\n",
       "      <th></th>\n",
       "      <th>login_id</th>\n",
       "      <th>user_id</th>\n",
       "      <th>time</th>\n",
       "    </tr>\n",
       "  </thead>\n",
       "  <tbody>\n",
       "    <tr>\n",
       "      <th>0</th>\n",
       "      <td>0</td>\n",
       "      <td>199172</td>\n",
       "      <td>2020-01-04</td>\n",
       "    </tr>\n",
       "    <tr>\n",
       "      <th>1</th>\n",
       "      <td>1</td>\n",
       "      <td>29048</td>\n",
       "      <td>2020-01-16</td>\n",
       "    </tr>\n",
       "    <tr>\n",
       "      <th>2</th>\n",
       "      <td>2</td>\n",
       "      <td>3621</td>\n",
       "      <td>2020-01-26</td>\n",
       "    </tr>\n",
       "    <tr>\n",
       "      <th>3</th>\n",
       "      <td>3</td>\n",
       "      <td>264321</td>\n",
       "      <td>2020-01-14</td>\n",
       "    </tr>\n",
       "    <tr>\n",
       "      <th>4</th>\n",
       "      <td>4</td>\n",
       "      <td>14089</td>\n",
       "      <td>2020-01-26</td>\n",
       "    </tr>\n",
       "    <tr>\n",
       "      <th>...</th>\n",
       "      <td>...</td>\n",
       "      <td>...</td>\n",
       "      <td>...</td>\n",
       "    </tr>\n",
       "    <tr>\n",
       "      <th>99995</th>\n",
       "      <td>99995</td>\n",
       "      <td>47064</td>\n",
       "      <td>2020-01-11</td>\n",
       "    </tr>\n",
       "    <tr>\n",
       "      <th>99996</th>\n",
       "      <td>99996</td>\n",
       "      <td>58172</td>\n",
       "      <td>2020-01-01</td>\n",
       "    </tr>\n",
       "    <tr>\n",
       "      <th>99997</th>\n",
       "      <td>99997</td>\n",
       "      <td>46357</td>\n",
       "      <td>2020-01-04</td>\n",
       "    </tr>\n",
       "    <tr>\n",
       "      <th>99998</th>\n",
       "      <td>99998</td>\n",
       "      <td>18675</td>\n",
       "      <td>2020-01-17</td>\n",
       "    </tr>\n",
       "    <tr>\n",
       "      <th>99999</th>\n",
       "      <td>99999</td>\n",
       "      <td>30480</td>\n",
       "      <td>2020-01-12</td>\n",
       "    </tr>\n",
       "  </tbody>\n",
       "</table>\n",
       "<p>100000 rows × 3 columns</p>\n",
       "</div>"
      ],
      "text/plain": [
       "       login_id  user_id        time\n",
       "0             0   199172  2020-01-04\n",
       "1             1    29048  2020-01-16\n",
       "2             2     3621  2020-01-26\n",
       "3             3   264321  2020-01-14\n",
       "4             4    14089  2020-01-26\n",
       "...         ...      ...         ...\n",
       "99995     99995    47064  2020-01-11\n",
       "99996     99996    58172  2020-01-01\n",
       "99997     99997    46357  2020-01-04\n",
       "99998     99998    18675  2020-01-17\n",
       "99999     99999    30480  2020-01-12\n",
       "\n",
       "[100000 rows x 3 columns]"
      ]
     },
     "execution_count": 25,
     "metadata": {},
     "output_type": "execute_result"
    }
   ],
   "source": [
    "logins"
   ]
  },
  {
   "cell_type": "code",
   "execution_count": 24,
   "metadata": {},
   "outputs": [
    {
     "data": {
      "text/html": [
       "<div>\n",
       "<style scoped>\n",
       "    .dataframe tbody tr th:only-of-type {\n",
       "        vertical-align: middle;\n",
       "    }\n",
       "\n",
       "    .dataframe tbody tr th {\n",
       "        vertical-align: top;\n",
       "    }\n",
       "\n",
       "    .dataframe thead th {\n",
       "        text-align: right;\n",
       "    }\n",
       "</style>\n",
       "<table border=\"1\" class=\"dataframe\">\n",
       "  <thead>\n",
       "    <tr style=\"text-align: right;\">\n",
       "      <th></th>\n",
       "      <th>watch_id</th>\n",
       "      <th>user_id</th>\n",
       "      <th>video_id</th>\n",
       "      <th>time</th>\n",
       "    </tr>\n",
       "  </thead>\n",
       "  <tbody>\n",
       "    <tr>\n",
       "      <th>0</th>\n",
       "      <td>0</td>\n",
       "      <td>15625</td>\n",
       "      <td>362900</td>\n",
       "      <td>2020-01-02</td>\n",
       "    </tr>\n",
       "    <tr>\n",
       "      <th>1</th>\n",
       "      <td>1</td>\n",
       "      <td>14038</td>\n",
       "      <td>520914</td>\n",
       "      <td>2020-01-16</td>\n",
       "    </tr>\n",
       "    <tr>\n",
       "      <th>2</th>\n",
       "      <td>2</td>\n",
       "      <td>152860</td>\n",
       "      <td>366736</td>\n",
       "      <td>2020-01-15</td>\n",
       "    </tr>\n",
       "    <tr>\n",
       "      <th>3</th>\n",
       "      <td>3</td>\n",
       "      <td>107271</td>\n",
       "      <td>565628</td>\n",
       "      <td>2020-01-01</td>\n",
       "    </tr>\n",
       "    <tr>\n",
       "      <th>4</th>\n",
       "      <td>4</td>\n",
       "      <td>119658</td>\n",
       "      <td>423330</td>\n",
       "      <td>2020-01-27</td>\n",
       "    </tr>\n",
       "    <tr>\n",
       "      <th>...</th>\n",
       "      <td>...</td>\n",
       "      <td>...</td>\n",
       "      <td>...</td>\n",
       "      <td>...</td>\n",
       "    </tr>\n",
       "    <tr>\n",
       "      <th>534090</th>\n",
       "      <td>534090</td>\n",
       "      <td>141584</td>\n",
       "      <td>197057</td>\n",
       "      <td>2020-01-31</td>\n",
       "    </tr>\n",
       "    <tr>\n",
       "      <th>534091</th>\n",
       "      <td>534091</td>\n",
       "      <td>66117</td>\n",
       "      <td>955495</td>\n",
       "      <td>2020-01-21</td>\n",
       "    </tr>\n",
       "    <tr>\n",
       "      <th>534092</th>\n",
       "      <td>534092</td>\n",
       "      <td>154244</td>\n",
       "      <td>223846</td>\n",
       "      <td>2020-01-12</td>\n",
       "    </tr>\n",
       "    <tr>\n",
       "      <th>534093</th>\n",
       "      <td>534093</td>\n",
       "      <td>150694</td>\n",
       "      <td>803963</td>\n",
       "      <td>2020-01-19</td>\n",
       "    </tr>\n",
       "    <tr>\n",
       "      <th>534094</th>\n",
       "      <td>534094</td>\n",
       "      <td>176630</td>\n",
       "      <td>128460</td>\n",
       "      <td>2020-01-06</td>\n",
       "    </tr>\n",
       "  </tbody>\n",
       "</table>\n",
       "<p>534095 rows × 4 columns</p>\n",
       "</div>"
      ],
      "text/plain": [
       "        watch_id  user_id  video_id        time\n",
       "0              0    15625    362900  2020-01-02\n",
       "1              1    14038    520914  2020-01-16\n",
       "2              2   152860    366736  2020-01-15\n",
       "3              3   107271    565628  2020-01-01\n",
       "4              4   119658    423330  2020-01-27\n",
       "...          ...      ...       ...         ...\n",
       "534090    534090   141584    197057  2020-01-31\n",
       "534091    534091    66117    955495  2020-01-21\n",
       "534092    534092   154244    223846  2020-01-12\n",
       "534093    534093   150694    803963  2020-01-19\n",
       "534094    534094   176630    128460  2020-01-06\n",
       "\n",
       "[534095 rows x 4 columns]"
      ]
     },
     "execution_count": 24,
     "metadata": {},
     "output_type": "execute_result"
    }
   ],
   "source": [
    "watches"
   ]
  },
  {
   "cell_type": "code",
   "execution_count": 23,
   "metadata": {},
   "outputs": [
    {
     "data": {
      "text/html": [
       "<div>\n",
       "<style scoped>\n",
       "    .dataframe tbody tr th:only-of-type {\n",
       "        vertical-align: middle;\n",
       "    }\n",
       "\n",
       "    .dataframe tbody tr th {\n",
       "        vertical-align: top;\n",
       "    }\n",
       "\n",
       "    .dataframe thead th {\n",
       "        text-align: right;\n",
       "    }\n",
       "</style>\n",
       "<table border=\"1\" class=\"dataframe\">\n",
       "  <thead>\n",
       "    <tr style=\"text-align: right;\">\n",
       "      <th></th>\n",
       "      <th>subject</th>\n",
       "      <th>object</th>\n",
       "    </tr>\n",
       "  </thead>\n",
       "  <tbody>\n",
       "    <tr>\n",
       "      <th>0</th>\n",
       "      <td>0</td>\n",
       "      <td>133554</td>\n",
       "    </tr>\n",
       "    <tr>\n",
       "      <th>1</th>\n",
       "      <td>133554</td>\n",
       "      <td>0</td>\n",
       "    </tr>\n",
       "    <tr>\n",
       "      <th>2</th>\n",
       "      <td>0</td>\n",
       "      <td>143517</td>\n",
       "    </tr>\n",
       "    <tr>\n",
       "      <th>3</th>\n",
       "      <td>143517</td>\n",
       "      <td>0</td>\n",
       "    </tr>\n",
       "    <tr>\n",
       "      <th>4</th>\n",
       "      <td>0</td>\n",
       "      <td>165074</td>\n",
       "    </tr>\n",
       "    <tr>\n",
       "      <th>...</th>\n",
       "      <td>...</td>\n",
       "      <td>...</td>\n",
       "    </tr>\n",
       "    <tr>\n",
       "      <th>2403487</th>\n",
       "      <td>97980</td>\n",
       "      <td>266396</td>\n",
       "    </tr>\n",
       "    <tr>\n",
       "      <th>2403488</th>\n",
       "      <td>266396</td>\n",
       "      <td>33903</td>\n",
       "    </tr>\n",
       "    <tr>\n",
       "      <th>2403489</th>\n",
       "      <td>33903</td>\n",
       "      <td>266396</td>\n",
       "    </tr>\n",
       "    <tr>\n",
       "      <th>2403490</th>\n",
       "      <td>266396</td>\n",
       "      <td>143271</td>\n",
       "    </tr>\n",
       "    <tr>\n",
       "      <th>2403491</th>\n",
       "      <td>143271</td>\n",
       "      <td>266396</td>\n",
       "    </tr>\n",
       "  </tbody>\n",
       "</table>\n",
       "<p>2403492 rows × 2 columns</p>\n",
       "</div>"
      ],
      "text/plain": [
       "         subject  object\n",
       "0              0  133554\n",
       "1         133554       0\n",
       "2              0  143517\n",
       "3         143517       0\n",
       "4              0  165074\n",
       "...          ...     ...\n",
       "2403487    97980  266396\n",
       "2403488   266396   33903\n",
       "2403489    33903  266396\n",
       "2403490   266396  143271\n",
       "2403491   143271  266396\n",
       "\n",
       "[2403492 rows x 2 columns]"
      ]
     },
     "execution_count": 23,
     "metadata": {},
     "output_type": "execute_result"
    }
   ],
   "source": [
    "friends"
   ]
  },
  {
   "cell_type": "code",
   "execution_count": 22,
   "metadata": {},
   "outputs": [
    {
     "data": {
      "text/html": [
       "<div>\n",
       "<style scoped>\n",
       "    .dataframe tbody tr th:only-of-type {\n",
       "        vertical-align: middle;\n",
       "    }\n",
       "\n",
       "    .dataframe tbody tr th {\n",
       "        vertical-align: top;\n",
       "    }\n",
       "\n",
       "    .dataframe thead th {\n",
       "        text-align: right;\n",
       "    }\n",
       "</style>\n",
       "<table border=\"1\" class=\"dataframe\">\n",
       "  <thead>\n",
       "    <tr style=\"text-align: right;\">\n",
       "      <th></th>\n",
       "      <th>suggest_id</th>\n",
       "      <th>login_id</th>\n",
       "      <th>video_id</th>\n",
       "    </tr>\n",
       "  </thead>\n",
       "  <tbody>\n",
       "    <tr>\n",
       "      <th>0</th>\n",
       "      <td>0</td>\n",
       "      <td>233384</td>\n",
       "      <td>784951</td>\n",
       "    </tr>\n",
       "    <tr>\n",
       "      <th>1</th>\n",
       "      <td>0</td>\n",
       "      <td>233384</td>\n",
       "      <td>455420</td>\n",
       "    </tr>\n",
       "    <tr>\n",
       "      <th>2</th>\n",
       "      <td>0</td>\n",
       "      <td>233384</td>\n",
       "      <td>924175</td>\n",
       "    </tr>\n",
       "    <tr>\n",
       "      <th>3</th>\n",
       "      <td>0</td>\n",
       "      <td>233384</td>\n",
       "      <td>894830</td>\n",
       "    </tr>\n",
       "    <tr>\n",
       "      <th>4</th>\n",
       "      <td>0</td>\n",
       "      <td>233384</td>\n",
       "      <td>235215</td>\n",
       "    </tr>\n",
       "    <tr>\n",
       "      <th>...</th>\n",
       "      <td>...</td>\n",
       "      <td>...</td>\n",
       "      <td>...</td>\n",
       "    </tr>\n",
       "    <tr>\n",
       "      <th>999995</th>\n",
       "      <td>99999</td>\n",
       "      <td>216301</td>\n",
       "      <td>773409</td>\n",
       "    </tr>\n",
       "    <tr>\n",
       "      <th>999996</th>\n",
       "      <td>99999</td>\n",
       "      <td>216301</td>\n",
       "      <td>267102</td>\n",
       "    </tr>\n",
       "    <tr>\n",
       "      <th>999997</th>\n",
       "      <td>99999</td>\n",
       "      <td>216301</td>\n",
       "      <td>689943</td>\n",
       "    </tr>\n",
       "    <tr>\n",
       "      <th>999998</th>\n",
       "      <td>99999</td>\n",
       "      <td>216301</td>\n",
       "      <td>361671</td>\n",
       "    </tr>\n",
       "    <tr>\n",
       "      <th>999999</th>\n",
       "      <td>99999</td>\n",
       "      <td>216301</td>\n",
       "      <td>892770</td>\n",
       "    </tr>\n",
       "  </tbody>\n",
       "</table>\n",
       "<p>1000000 rows × 3 columns</p>\n",
       "</div>"
      ],
      "text/plain": [
       "        suggest_id   login_id   video_id\n",
       "0                0     233384     784951\n",
       "1                0     233384     455420\n",
       "2                0     233384     924175\n",
       "3                0     233384     894830\n",
       "4                0     233384     235215\n",
       "...            ...        ...        ...\n",
       "999995       99999     216301     773409\n",
       "999996       99999     216301     267102\n",
       "999997       99999     216301     689943\n",
       "999998       99999     216301     361671\n",
       "999999       99999     216301     892770\n",
       "\n",
       "[1000000 rows x 3 columns]"
      ]
     },
     "execution_count": 22,
     "metadata": {},
     "output_type": "execute_result"
    }
   ],
   "source": [
    "suggestions"
   ]
  },
  {
   "cell_type": "markdown",
   "metadata": {},
   "source": [
    "# Query 1 no indexing"
   ]
  },
  {
   "cell_type": "code",
   "execution_count": 12,
   "metadata": {},
   "outputs": [],
   "source": [
    "#query 1\n",
    "query1 = \"\"\"SELECT video_id, COUNT(*) AS num_like \n",
    "            FROM cats.likes \n",
    "            GROUP BY video_id \n",
    "            ORDER BY num_like DESC \n",
    "            LIMIT 10\"\"\"\n",
    "result1 = query_to_df(conn, query1, [\"video_id\",\"likes_count\"])\n",
    "result1.to_csv(\"cats_query1_res.csv\", index=False)"
   ]
  },
  {
   "cell_type": "code",
   "execution_count": 13,
   "metadata": {},
   "outputs": [
    {
     "data": {
      "text/html": [
       "<div>\n",
       "<style scoped>\n",
       "    .dataframe tbody tr th:only-of-type {\n",
       "        vertical-align: middle;\n",
       "    }\n",
       "\n",
       "    .dataframe tbody tr th {\n",
       "        vertical-align: top;\n",
       "    }\n",
       "\n",
       "    .dataframe thead th {\n",
       "        text-align: right;\n",
       "    }\n",
       "</style>\n",
       "<table border=\"1\" class=\"dataframe\">\n",
       "  <thead>\n",
       "    <tr style=\"text-align: right;\">\n",
       "      <th></th>\n",
       "      <th>0</th>\n",
       "      <th>1</th>\n",
       "      <th>2</th>\n",
       "      <th>3</th>\n",
       "      <th>4</th>\n",
       "      <th>5</th>\n",
       "      <th>6</th>\n",
       "      <th>7</th>\n",
       "      <th>8</th>\n",
       "      <th>9</th>\n",
       "    </tr>\n",
       "  </thead>\n",
       "  <tbody>\n",
       "    <tr>\n",
       "      <th>video_id</th>\n",
       "      <td>227321</td>\n",
       "      <td>185103</td>\n",
       "      <td>712861</td>\n",
       "      <td>824787</td>\n",
       "      <td>922204</td>\n",
       "      <td>242091</td>\n",
       "      <td>134015</td>\n",
       "      <td>949241</td>\n",
       "      <td>255345</td>\n",
       "      <td>148742</td>\n",
       "    </tr>\n",
       "    <tr>\n",
       "      <th>likes_count</th>\n",
       "      <td>13</td>\n",
       "      <td>13</td>\n",
       "      <td>13</td>\n",
       "      <td>13</td>\n",
       "      <td>12</td>\n",
       "      <td>12</td>\n",
       "      <td>12</td>\n",
       "      <td>12</td>\n",
       "      <td>12</td>\n",
       "      <td>12</td>\n",
       "    </tr>\n",
       "  </tbody>\n",
       "</table>\n",
       "</div>"
      ],
      "text/plain": [
       "                  0       1       2       3       4       5       6       7  \\\n",
       "video_id     227321  185103  712861  824787  922204  242091  134015  949241   \n",
       "likes_count      13      13      13      13      12      12      12      12   \n",
       "\n",
       "                  8       9  \n",
       "video_id     255345  148742  \n",
       "likes_count      12      12  "
      ]
     },
     "execution_count": 13,
     "metadata": {},
     "output_type": "execute_result"
    }
   ],
   "source": [
    "res1 = pd.read_csv(\"cats_query1_res.csv\")\n",
    "res1.T"
   ]
  },
  {
   "cell_type": "markdown",
   "metadata": {},
   "source": [
    ">#### QUERY PLAN without index"
   ]
  },
  {
   "cell_type": "code",
   "execution_count": 5,
   "metadata": {
    "scrolled": false
   },
   "outputs": [
    {
     "name": "stdout",
     "output_type": "stream",
     "text": [
      " * postgresql://postgres:***@localhost/postgres\n",
      "14 rows affected.\n"
     ]
    },
    {
     "data": {
      "text/html": [
       "<table>\n",
       "    <thead>\n",
       "        <tr>\n",
       "            <th>QUERY PLAN</th>\n",
       "        </tr>\n",
       "    </thead>\n",
       "    <tbody>\n",
       "        <tr>\n",
       "            <td>Limit  (cost=227142.89..227142.92 rows=10 width=12) (actual time=44844.844..44845.036 rows=10 loops=1)</td>\n",
       "        </tr>\n",
       "        <tr>\n",
       "            <td>&nbsp;&nbsp;-&gt;  Sort  (cost=227142.89..229021.32 rows=751371 width=12) (actual time=44838.798..44838.876 rows=10 loops=1)</td>\n",
       "        </tr>\n",
       "        <tr>\n",
       "            <td>&nbsp;&nbsp;&nbsp;&nbsp;&nbsp;&nbsp;&nbsp;&nbsp;Sort Key: (count(*)) DESC</td>\n",
       "        </tr>\n",
       "        <tr>\n",
       "            <td>&nbsp;&nbsp;&nbsp;&nbsp;&nbsp;&nbsp;&nbsp;&nbsp;Sort Method: top-N heapsort  Memory: 25kB</td>\n",
       "        </tr>\n",
       "        <tr>\n",
       "            <td>&nbsp;&nbsp;&nbsp;&nbsp;&nbsp;&nbsp;&nbsp;&nbsp;-&gt;  HashAggregate  (cost=183636.49..210906.03 rows=751371 width=12) (actual time=32779.633..39068.382 rows=920324 loops=1)</td>\n",
       "        </tr>\n",
       "        <tr>\n",
       "            <td>&nbsp;&nbsp;&nbsp;&nbsp;&nbsp;&nbsp;&nbsp;&nbsp;&nbsp;&nbsp;&nbsp;&nbsp;&nbsp;&nbsp;Group Key: video_id</td>\n",
       "        </tr>\n",
       "        <tr>\n",
       "            <td>&nbsp;&nbsp;&nbsp;&nbsp;&nbsp;&nbsp;&nbsp;&nbsp;&nbsp;&nbsp;&nbsp;&nbsp;&nbsp;&nbsp;Planned Partitions: 32  Batches: 33  Memory Usage: 4113kB  Disk Usage: 63272kB</td>\n",
       "        </tr>\n",
       "        <tr>\n",
       "            <td>&nbsp;&nbsp;&nbsp;&nbsp;&nbsp;&nbsp;&nbsp;&nbsp;&nbsp;&nbsp;&nbsp;&nbsp;&nbsp;&nbsp;-&gt;  Seq Scan on likes  (cost=0.00..41394.47 rows=2528747 width=4) (actual time=0.047..15485.360 rows=2528747 loops=1)</td>\n",
       "        </tr>\n",
       "        <tr>\n",
       "            <td>Planning Time: 0.384 ms</td>\n",
       "        </tr>\n",
       "        <tr>\n",
       "            <td>JIT:</td>\n",
       "        </tr>\n",
       "        <tr>\n",
       "            <td>&nbsp;&nbsp;Functions: 9</td>\n",
       "        </tr>\n",
       "        <tr>\n",
       "            <td>&nbsp;&nbsp;Options: Inlining false, Optimization false, Expressions true, Deforming true</td>\n",
       "        </tr>\n",
       "        <tr>\n",
       "            <td>&nbsp;&nbsp;Timing: Generation 1.045 ms, Inlining 0.000 ms, Optimization 0.582 ms, Emission 7.094 ms, Total 8.722 ms</td>\n",
       "        </tr>\n",
       "        <tr>\n",
       "            <td>Execution Time: 44891.813 ms</td>\n",
       "        </tr>\n",
       "    </tbody>\n",
       "</table>"
      ],
      "text/plain": [
       "[('Limit  (cost=227142.89..227142.92 rows=10 width=12) (actual time=44844.844..44845.036 rows=10 loops=1)',),\n",
       " ('  ->  Sort  (cost=227142.89..229021.32 rows=751371 width=12) (actual time=44838.798..44838.876 rows=10 loops=1)',),\n",
       " ('        Sort Key: (count(*)) DESC',),\n",
       " ('        Sort Method: top-N heapsort  Memory: 25kB',),\n",
       " ('        ->  HashAggregate  (cost=183636.49..210906.03 rows=751371 width=12) (actual time=32779.633..39068.382 rows=920324 loops=1)',),\n",
       " ('              Group Key: video_id',),\n",
       " ('              Planned Partitions: 32  Batches: 33  Memory Usage: 4113kB  Disk Usage: 63272kB',),\n",
       " ('              ->  Seq Scan on likes  (cost=0.00..41394.47 rows=2528747 width=4) (actual time=0.047..15485.360 rows=2528747 loops=1)',),\n",
       " ('Planning Time: 0.384 ms',),\n",
       " ('JIT:',),\n",
       " ('  Functions: 9',),\n",
       " ('  Options: Inlining false, Optimization false, Expressions true, Deforming true',),\n",
       " ('  Timing: Generation 1.045 ms, Inlining 0.000 ms, Optimization 0.582 ms, Emission 7.094 ms, Total 8.722 ms',),\n",
       " ('Execution Time: 44891.813 ms',)]"
      ]
     },
     "execution_count": 5,
     "metadata": {},
     "output_type": "execute_result"
    }
   ],
   "source": [
    "%%sql\n",
    "EXPLAIN ANALYZE\n",
    "SELECT video_id, COUNT(*) AS num_like \n",
    "FROM cats.likes \n",
    "GROUP BY video_id \n",
    "ORDER BY num_like DESC \n",
    "LIMIT 10"
   ]
  },
  {
   "cell_type": "markdown",
   "metadata": {},
   "source": [
    "<br/><br/>"
   ]
  },
  {
   "cell_type": "markdown",
   "metadata": {},
   "source": [
    "# Query 2 indexing"
   ]
  },
  {
   "cell_type": "code",
   "execution_count": 15,
   "metadata": {},
   "outputs": [],
   "source": [
    "#query 2\n",
    "query2 = \"\"\"SELECT l.video_id, COUNT(*) AS num_like \n",
    "            FROM cats.friends f, cats.likes l\n",
    "            WHERE f.user_id=1 \n",
    "            AND f.friend_id=l.user_id \n",
    "            GROUP BY l.video_id \n",
    "            ORDER BY num_like DESC \n",
    "            LIMIT 10\"\"\"\n",
    "\n",
    "result2 = query_to_df(conn, query2, [\"video_id\",\"likes_count\"])\n",
    "result2.to_csv(\"cats_query2_res.csv\", index=False)"
   ]
  },
  {
   "cell_type": "code",
   "execution_count": 16,
   "metadata": {
    "scrolled": false
   },
   "outputs": [
    {
     "data": {
      "text/html": [
       "<div>\n",
       "<style scoped>\n",
       "    .dataframe tbody tr th:only-of-type {\n",
       "        vertical-align: middle;\n",
       "    }\n",
       "\n",
       "    .dataframe tbody tr th {\n",
       "        vertical-align: top;\n",
       "    }\n",
       "\n",
       "    .dataframe thead th {\n",
       "        text-align: right;\n",
       "    }\n",
       "</style>\n",
       "<table border=\"1\" class=\"dataframe\">\n",
       "  <thead>\n",
       "    <tr style=\"text-align: right;\">\n",
       "      <th></th>\n",
       "      <th>0</th>\n",
       "      <th>1</th>\n",
       "      <th>2</th>\n",
       "      <th>3</th>\n",
       "      <th>4</th>\n",
       "      <th>5</th>\n",
       "      <th>6</th>\n",
       "      <th>7</th>\n",
       "      <th>8</th>\n",
       "      <th>9</th>\n",
       "    </tr>\n",
       "  </thead>\n",
       "  <tbody>\n",
       "    <tr>\n",
       "      <th>video_id</th>\n",
       "      <td>26412</td>\n",
       "      <td>55489</td>\n",
       "      <td>59420</td>\n",
       "      <td>63405</td>\n",
       "      <td>72715</td>\n",
       "      <td>89512</td>\n",
       "      <td>118321</td>\n",
       "      <td>142269</td>\n",
       "      <td>145324</td>\n",
       "      <td>12407</td>\n",
       "    </tr>\n",
       "    <tr>\n",
       "      <th>likes_count</th>\n",
       "      <td>1</td>\n",
       "      <td>1</td>\n",
       "      <td>1</td>\n",
       "      <td>1</td>\n",
       "      <td>1</td>\n",
       "      <td>1</td>\n",
       "      <td>1</td>\n",
       "      <td>1</td>\n",
       "      <td>1</td>\n",
       "      <td>1</td>\n",
       "    </tr>\n",
       "  </tbody>\n",
       "</table>\n",
       "</div>"
      ],
      "text/plain": [
       "                 0      1      2      3      4      5       6       7       8  \\\n",
       "video_id     26412  55489  59420  63405  72715  89512  118321  142269  145324   \n",
       "likes_count      1      1      1      1      1      1       1       1       1   \n",
       "\n",
       "                 9  \n",
       "video_id     12407  \n",
       "likes_count      1  "
      ]
     },
     "execution_count": 16,
     "metadata": {},
     "output_type": "execute_result"
    }
   ],
   "source": [
    "res2 = pd.read_csv(\"cats_query2_res.csv\")\n",
    "res2.T"
   ]
  },
  {
   "cell_type": "markdown",
   "metadata": {},
   "source": [
    ">#### QUERY PLAN without index"
   ]
  },
  {
   "cell_type": "code",
   "execution_count": 6,
   "metadata": {},
   "outputs": [
    {
     "name": "stdout",
     "output_type": "stream",
     "text": [
      " * postgresql://postgres:***@localhost/postgres\n",
      "25 rows affected.\n"
     ]
    },
    {
     "data": {
      "text/html": [
       "<table>\n",
       "    <thead>\n",
       "        <tr>\n",
       "            <th>QUERY PLAN</th>\n",
       "        </tr>\n",
       "    </thead>\n",
       "    <tbody>\n",
       "        <tr>\n",
       "            <td>Limit  (cost=24191.02..24191.04 rows=10 width=12) (actual time=91.247..92.377 rows=10 loops=1)</td>\n",
       "        </tr>\n",
       "        <tr>\n",
       "            <td>&nbsp;&nbsp;-&gt;  Sort  (cost=24191.02..24191.30 rows=114 width=12) (actual time=91.229..92.170 rows=10 loops=1)</td>\n",
       "        </tr>\n",
       "        <tr>\n",
       "            <td>&nbsp;&nbsp;&nbsp;&nbsp;&nbsp;&nbsp;&nbsp;&nbsp;Sort Key: (count(*)) DESC</td>\n",
       "        </tr>\n",
       "        <tr>\n",
       "            <td>&nbsp;&nbsp;&nbsp;&nbsp;&nbsp;&nbsp;&nbsp;&nbsp;Sort Method: top-N heapsort  Memory: 25kB</td>\n",
       "        </tr>\n",
       "        <tr>\n",
       "            <td>&nbsp;&nbsp;&nbsp;&nbsp;&nbsp;&nbsp;&nbsp;&nbsp;-&gt;  Finalize GroupAggregate  (cost=24175.01..24188.55 rows=114 width=12) (actual time=87.564..91.430 rows=60 loops=1)</td>\n",
       "        </tr>\n",
       "        <tr>\n",
       "            <td>&nbsp;&nbsp;&nbsp;&nbsp;&nbsp;&nbsp;&nbsp;&nbsp;&nbsp;&nbsp;&nbsp;&nbsp;&nbsp;&nbsp;Group Key: l.video_id</td>\n",
       "        </tr>\n",
       "        <tr>\n",
       "            <td>&nbsp;&nbsp;&nbsp;&nbsp;&nbsp;&nbsp;&nbsp;&nbsp;&nbsp;&nbsp;&nbsp;&nbsp;&nbsp;&nbsp;-&gt;  Gather Merge  (cost=24175.01..24186.93 rows=96 width=12) (actual time=87.456..90.229 rows=60 loops=1)</td>\n",
       "        </tr>\n",
       "        <tr>\n",
       "            <td>&nbsp;&nbsp;&nbsp;&nbsp;&nbsp;&nbsp;&nbsp;&nbsp;&nbsp;&nbsp;&nbsp;&nbsp;&nbsp;&nbsp;&nbsp;&nbsp;&nbsp;&nbsp;&nbsp;&nbsp;Workers Planned: 2</td>\n",
       "        </tr>\n",
       "        <tr>\n",
       "            <td>&nbsp;&nbsp;&nbsp;&nbsp;&nbsp;&nbsp;&nbsp;&nbsp;&nbsp;&nbsp;&nbsp;&nbsp;&nbsp;&nbsp;&nbsp;&nbsp;&nbsp;&nbsp;&nbsp;&nbsp;Workers Launched: 2</td>\n",
       "        </tr>\n",
       "        <tr>\n",
       "            <td>&nbsp;&nbsp;&nbsp;&nbsp;&nbsp;&nbsp;&nbsp;&nbsp;&nbsp;&nbsp;&nbsp;&nbsp;&nbsp;&nbsp;&nbsp;&nbsp;&nbsp;&nbsp;&nbsp;&nbsp;-&gt;  Partial GroupAggregate  (cost=23174.99..23175.83 rows=48 width=12) (actual time=61.311..62.005 rows=20 loops=3)</td>\n",
       "        </tr>\n",
       "        <tr>\n",
       "            <td>&nbsp;&nbsp;&nbsp;&nbsp;&nbsp;&nbsp;&nbsp;&nbsp;&nbsp;&nbsp;&nbsp;&nbsp;&nbsp;&nbsp;&nbsp;&nbsp;&nbsp;&nbsp;&nbsp;&nbsp;&nbsp;&nbsp;&nbsp;&nbsp;&nbsp;&nbsp;Group Key: l.video_id</td>\n",
       "        </tr>\n",
       "        <tr>\n",
       "            <td>&nbsp;&nbsp;&nbsp;&nbsp;&nbsp;&nbsp;&nbsp;&nbsp;&nbsp;&nbsp;&nbsp;&nbsp;&nbsp;&nbsp;&nbsp;&nbsp;&nbsp;&nbsp;&nbsp;&nbsp;&nbsp;&nbsp;&nbsp;&nbsp;&nbsp;&nbsp;-&gt;  Sort  (cost=23174.99..23175.11 rows=48 width=4) (actual time=61.278..61.573 rows=20 loops=3)</td>\n",
       "        </tr>\n",
       "        <tr>\n",
       "            <td>&nbsp;&nbsp;&nbsp;&nbsp;&nbsp;&nbsp;&nbsp;&nbsp;&nbsp;&nbsp;&nbsp;&nbsp;&nbsp;&nbsp;&nbsp;&nbsp;&nbsp;&nbsp;&nbsp;&nbsp;&nbsp;&nbsp;&nbsp;&nbsp;&nbsp;&nbsp;&nbsp;&nbsp;&nbsp;&nbsp;&nbsp;&nbsp;Sort Key: l.video_id</td>\n",
       "        </tr>\n",
       "        <tr>\n",
       "            <td>&nbsp;&nbsp;&nbsp;&nbsp;&nbsp;&nbsp;&nbsp;&nbsp;&nbsp;&nbsp;&nbsp;&nbsp;&nbsp;&nbsp;&nbsp;&nbsp;&nbsp;&nbsp;&nbsp;&nbsp;&nbsp;&nbsp;&nbsp;&nbsp;&nbsp;&nbsp;&nbsp;&nbsp;&nbsp;&nbsp;&nbsp;&nbsp;Sort Method: quicksort  Memory: 26kB</td>\n",
       "        </tr>\n",
       "        <tr>\n",
       "            <td>&nbsp;&nbsp;&nbsp;&nbsp;&nbsp;&nbsp;&nbsp;&nbsp;&nbsp;&nbsp;&nbsp;&nbsp;&nbsp;&nbsp;&nbsp;&nbsp;&nbsp;&nbsp;&nbsp;&nbsp;&nbsp;&nbsp;&nbsp;&nbsp;&nbsp;&nbsp;&nbsp;&nbsp;&nbsp;&nbsp;&nbsp;&nbsp;Worker 0:  Sort Method: quicksort  Memory: 26kB</td>\n",
       "        </tr>\n",
       "        <tr>\n",
       "            <td>&nbsp;&nbsp;&nbsp;&nbsp;&nbsp;&nbsp;&nbsp;&nbsp;&nbsp;&nbsp;&nbsp;&nbsp;&nbsp;&nbsp;&nbsp;&nbsp;&nbsp;&nbsp;&nbsp;&nbsp;&nbsp;&nbsp;&nbsp;&nbsp;&nbsp;&nbsp;&nbsp;&nbsp;&nbsp;&nbsp;&nbsp;&nbsp;Worker 1:  Sort Method: quicksort  Memory: 25kB</td>\n",
       "        </tr>\n",
       "        <tr>\n",
       "            <td>&nbsp;&nbsp;&nbsp;&nbsp;&nbsp;&nbsp;&nbsp;&nbsp;&nbsp;&nbsp;&nbsp;&nbsp;&nbsp;&nbsp;&nbsp;&nbsp;&nbsp;&nbsp;&nbsp;&nbsp;&nbsp;&nbsp;&nbsp;&nbsp;&nbsp;&nbsp;&nbsp;&nbsp;&nbsp;&nbsp;&nbsp;&nbsp;-&gt;  Nested Loop  (cost=0.43..23173.65 rows=48 width=4) (actual time=20.296..61.075 rows=20 loops=3)</td>\n",
       "        </tr>\n",
       "        <tr>\n",
       "            <td>&nbsp;&nbsp;&nbsp;&nbsp;&nbsp;&nbsp;&nbsp;&nbsp;&nbsp;&nbsp;&nbsp;&nbsp;&nbsp;&nbsp;&nbsp;&nbsp;&nbsp;&nbsp;&nbsp;&nbsp;&nbsp;&nbsp;&nbsp;&nbsp;&nbsp;&nbsp;&nbsp;&nbsp;&nbsp;&nbsp;&nbsp;&nbsp;&nbsp;&nbsp;&nbsp;&nbsp;&nbsp;&nbsp;-&gt;  Parallel Seq Scan on friends f  (cost=0.00..23154.50 rows=4 width=4) (actual time=20.203..60.394 rows=2 loops=3)</td>\n",
       "        </tr>\n",
       "        <tr>\n",
       "            <td>&nbsp;&nbsp;&nbsp;&nbsp;&nbsp;&nbsp;&nbsp;&nbsp;&nbsp;&nbsp;&nbsp;&nbsp;&nbsp;&nbsp;&nbsp;&nbsp;&nbsp;&nbsp;&nbsp;&nbsp;&nbsp;&nbsp;&nbsp;&nbsp;&nbsp;&nbsp;&nbsp;&nbsp;&nbsp;&nbsp;&nbsp;&nbsp;&nbsp;&nbsp;&nbsp;&nbsp;&nbsp;&nbsp;&nbsp;&nbsp;&nbsp;&nbsp;&nbsp;&nbsp;Filter: (user_id = 1)</td>\n",
       "        </tr>\n",
       "        <tr>\n",
       "            <td>&nbsp;&nbsp;&nbsp;&nbsp;&nbsp;&nbsp;&nbsp;&nbsp;&nbsp;&nbsp;&nbsp;&nbsp;&nbsp;&nbsp;&nbsp;&nbsp;&nbsp;&nbsp;&nbsp;&nbsp;&nbsp;&nbsp;&nbsp;&nbsp;&nbsp;&nbsp;&nbsp;&nbsp;&nbsp;&nbsp;&nbsp;&nbsp;&nbsp;&nbsp;&nbsp;&nbsp;&nbsp;&nbsp;&nbsp;&nbsp;&nbsp;&nbsp;&nbsp;&nbsp;Rows Removed by Filter: 801182</td>\n",
       "        </tr>\n",
       "        <tr>\n",
       "            <td>&nbsp;&nbsp;&nbsp;&nbsp;&nbsp;&nbsp;&nbsp;&nbsp;&nbsp;&nbsp;&nbsp;&nbsp;&nbsp;&nbsp;&nbsp;&nbsp;&nbsp;&nbsp;&nbsp;&nbsp;&nbsp;&nbsp;&nbsp;&nbsp;&nbsp;&nbsp;&nbsp;&nbsp;&nbsp;&nbsp;&nbsp;&nbsp;&nbsp;&nbsp;&nbsp;&nbsp;&nbsp;&nbsp;-&gt;  Index Only Scan using like_const on likes l  (cost=0.43..4.66 rows=13 width=8) (actual time=0.067..0.147 rows=10 loops=6)</td>\n",
       "        </tr>\n",
       "        <tr>\n",
       "            <td>&nbsp;&nbsp;&nbsp;&nbsp;&nbsp;&nbsp;&nbsp;&nbsp;&nbsp;&nbsp;&nbsp;&nbsp;&nbsp;&nbsp;&nbsp;&nbsp;&nbsp;&nbsp;&nbsp;&nbsp;&nbsp;&nbsp;&nbsp;&nbsp;&nbsp;&nbsp;&nbsp;&nbsp;&nbsp;&nbsp;&nbsp;&nbsp;&nbsp;&nbsp;&nbsp;&nbsp;&nbsp;&nbsp;&nbsp;&nbsp;&nbsp;&nbsp;&nbsp;&nbsp;Index Cond: (user_id = f.friend_id)</td>\n",
       "        </tr>\n",
       "        <tr>\n",
       "            <td>&nbsp;&nbsp;&nbsp;&nbsp;&nbsp;&nbsp;&nbsp;&nbsp;&nbsp;&nbsp;&nbsp;&nbsp;&nbsp;&nbsp;&nbsp;&nbsp;&nbsp;&nbsp;&nbsp;&nbsp;&nbsp;&nbsp;&nbsp;&nbsp;&nbsp;&nbsp;&nbsp;&nbsp;&nbsp;&nbsp;&nbsp;&nbsp;&nbsp;&nbsp;&nbsp;&nbsp;&nbsp;&nbsp;&nbsp;&nbsp;&nbsp;&nbsp;&nbsp;&nbsp;Heap Fetches: 0</td>\n",
       "        </tr>\n",
       "        <tr>\n",
       "            <td>Planning Time: 0.443 ms</td>\n",
       "        </tr>\n",
       "        <tr>\n",
       "            <td>Execution Time: 92.694 ms</td>\n",
       "        </tr>\n",
       "    </tbody>\n",
       "</table>"
      ],
      "text/plain": [
       "[('Limit  (cost=24191.02..24191.04 rows=10 width=12) (actual time=91.247..92.377 rows=10 loops=1)',),\n",
       " ('  ->  Sort  (cost=24191.02..24191.30 rows=114 width=12) (actual time=91.229..92.170 rows=10 loops=1)',),\n",
       " ('        Sort Key: (count(*)) DESC',),\n",
       " ('        Sort Method: top-N heapsort  Memory: 25kB',),\n",
       " ('        ->  Finalize GroupAggregate  (cost=24175.01..24188.55 rows=114 width=12) (actual time=87.564..91.430 rows=60 loops=1)',),\n",
       " ('              Group Key: l.video_id',),\n",
       " ('              ->  Gather Merge  (cost=24175.01..24186.93 rows=96 width=12) (actual time=87.456..90.229 rows=60 loops=1)',),\n",
       " ('                    Workers Planned: 2',),\n",
       " ('                    Workers Launched: 2',),\n",
       " ('                    ->  Partial GroupAggregate  (cost=23174.99..23175.83 rows=48 width=12) (actual time=61.311..62.005 rows=20 loops=3)',),\n",
       " ('                          Group Key: l.video_id',),\n",
       " ('                          ->  Sort  (cost=23174.99..23175.11 rows=48 width=4) (actual time=61.278..61.573 rows=20 loops=3)',),\n",
       " ('                                Sort Key: l.video_id',),\n",
       " ('                                Sort Method: quicksort  Memory: 26kB',),\n",
       " ('                                Worker 0:  Sort Method: quicksort  Memory: 26kB',),\n",
       " ('                                Worker 1:  Sort Method: quicksort  Memory: 25kB',),\n",
       " ('                                ->  Nested Loop  (cost=0.43..23173.65 rows=48 width=4) (actual time=20.296..61.075 rows=20 loops=3)',),\n",
       " ('                                      ->  Parallel Seq Scan on friends f  (cost=0.00..23154.50 rows=4 width=4) (actual time=20.203..60.394 rows=2 loops=3)',),\n",
       " ('                                            Filter: (user_id = 1)',),\n",
       " ('                                            Rows Removed by Filter: 801182',),\n",
       " ('                                      ->  Index Only Scan using like_const on likes l  (cost=0.43..4.66 rows=13 width=8) (actual time=0.067..0.147 rows=10 loops=6)',),\n",
       " ('                                            Index Cond: (user_id = f.friend_id)',),\n",
       " ('                                            Heap Fetches: 0',),\n",
       " ('Planning Time: 0.443 ms',),\n",
       " ('Execution Time: 92.694 ms',)]"
      ]
     },
     "execution_count": 6,
     "metadata": {},
     "output_type": "execute_result"
    }
   ],
   "source": [
    "%%sql\n",
    "EXPLAIN ANALYZE\n",
    "SELECT l.video_id, COUNT(*) AS num_like \n",
    "FROM cats.friends f, cats.likes l\n",
    "WHERE f.user_id=1 \n",
    "AND f.friend_id=l.user_id \n",
    "GROUP BY l.video_id \n",
    "ORDER BY num_like DESC \n",
    "LIMIT 10"
   ]
  },
  {
   "cell_type": "markdown",
   "metadata": {},
   "source": [
    "## Create index on table friend column user_id"
   ]
  },
  {
   "cell_type": "code",
   "execution_count": 12,
   "metadata": {},
   "outputs": [
    {
     "name": "stdout",
     "output_type": "stream",
     "text": [
      " * postgresql://postgres:***@localhost/postgres\n",
      "Done.\n"
     ]
    },
    {
     "data": {
      "text/plain": [
       "[]"
      ]
     },
     "execution_count": 12,
     "metadata": {},
     "output_type": "execute_result"
    }
   ],
   "source": [
    "%%sql\n",
    "CREATE INDEX friend_user_id_idx ON cats.friends(user_id);"
   ]
  },
  {
   "cell_type": "markdown",
   "metadata": {},
   "source": [
    ">#### QUERY PLAN with index"
   ]
  },
  {
   "cell_type": "code",
   "execution_count": 13,
   "metadata": {
    "scrolled": false
   },
   "outputs": [
    {
     "name": "stdout",
     "output_type": "stream",
     "text": [
      " * postgresql://postgres:***@localhost/postgres\n",
      "15 rows affected.\n"
     ]
    },
    {
     "data": {
      "text/html": [
       "<table>\n",
       "    <thead>\n",
       "        <tr>\n",
       "            <th>QUERY PLAN</th>\n",
       "        </tr>\n",
       "    </thead>\n",
       "    <tbody>\n",
       "        <tr>\n",
       "            <td>Limit  (cost=87.83..87.86 rows=10 width=12) (actual time=3.796..4.181 rows=10 loops=1)</td>\n",
       "        </tr>\n",
       "        <tr>\n",
       "            <td>&nbsp;&nbsp;-&gt;  Sort  (cost=87.83..88.12 rows=114 width=12) (actual time=3.780..3.919 rows=10 loops=1)</td>\n",
       "        </tr>\n",
       "        <tr>\n",
       "            <td>&nbsp;&nbsp;&nbsp;&nbsp;&nbsp;&nbsp;&nbsp;&nbsp;Sort Key: (count(*)) DESC</td>\n",
       "        </tr>\n",
       "        <tr>\n",
       "            <td>&nbsp;&nbsp;&nbsp;&nbsp;&nbsp;&nbsp;&nbsp;&nbsp;Sort Method: top-N heapsort  Memory: 25kB</td>\n",
       "        </tr>\n",
       "        <tr>\n",
       "            <td>&nbsp;&nbsp;&nbsp;&nbsp;&nbsp;&nbsp;&nbsp;&nbsp;-&gt;  HashAggregate  (cost=84.23..85.37 rows=114 width=12) (actual time=2.514..3.137 rows=60 loops=1)</td>\n",
       "        </tr>\n",
       "        <tr>\n",
       "            <td>&nbsp;&nbsp;&nbsp;&nbsp;&nbsp;&nbsp;&nbsp;&nbsp;&nbsp;&nbsp;&nbsp;&nbsp;&nbsp;&nbsp;Group Key: l.video_id</td>\n",
       "        </tr>\n",
       "        <tr>\n",
       "            <td>&nbsp;&nbsp;&nbsp;&nbsp;&nbsp;&nbsp;&nbsp;&nbsp;&nbsp;&nbsp;&nbsp;&nbsp;&nbsp;&nbsp;Batches: 1  Memory Usage: 24kB</td>\n",
       "        </tr>\n",
       "        <tr>\n",
       "            <td>&nbsp;&nbsp;&nbsp;&nbsp;&nbsp;&nbsp;&nbsp;&nbsp;&nbsp;&nbsp;&nbsp;&nbsp;&nbsp;&nbsp;-&gt;  Nested Loop  (cost=0.86..83.66 rows=114 width=4) (actual time=0.120..2.004 rows=60 loops=1)</td>\n",
       "        </tr>\n",
       "        <tr>\n",
       "            <td>&nbsp;&nbsp;&nbsp;&nbsp;&nbsp;&nbsp;&nbsp;&nbsp;&nbsp;&nbsp;&nbsp;&nbsp;&nbsp;&nbsp;&nbsp;&nbsp;&nbsp;&nbsp;&nbsp;&nbsp;-&gt;  Index Scan using friend_user_id_idx on friends f  (cost=0.43..35.79 rows=10 width=4) (actual time=0.050..0.160 rows=6 loops=1)</td>\n",
       "        </tr>\n",
       "        <tr>\n",
       "            <td>&nbsp;&nbsp;&nbsp;&nbsp;&nbsp;&nbsp;&nbsp;&nbsp;&nbsp;&nbsp;&nbsp;&nbsp;&nbsp;&nbsp;&nbsp;&nbsp;&nbsp;&nbsp;&nbsp;&nbsp;&nbsp;&nbsp;&nbsp;&nbsp;&nbsp;&nbsp;Index Cond: (user_id = 1)</td>\n",
       "        </tr>\n",
       "        <tr>\n",
       "            <td>&nbsp;&nbsp;&nbsp;&nbsp;&nbsp;&nbsp;&nbsp;&nbsp;&nbsp;&nbsp;&nbsp;&nbsp;&nbsp;&nbsp;&nbsp;&nbsp;&nbsp;&nbsp;&nbsp;&nbsp;-&gt;  Index Only Scan using like_const on likes l  (cost=0.43..4.66 rows=13 width=8) (actual time=0.014..0.109 rows=10 loops=6)</td>\n",
       "        </tr>\n",
       "        <tr>\n",
       "            <td>&nbsp;&nbsp;&nbsp;&nbsp;&nbsp;&nbsp;&nbsp;&nbsp;&nbsp;&nbsp;&nbsp;&nbsp;&nbsp;&nbsp;&nbsp;&nbsp;&nbsp;&nbsp;&nbsp;&nbsp;&nbsp;&nbsp;&nbsp;&nbsp;&nbsp;&nbsp;Index Cond: (user_id = f.friend_id)</td>\n",
       "        </tr>\n",
       "        <tr>\n",
       "            <td>&nbsp;&nbsp;&nbsp;&nbsp;&nbsp;&nbsp;&nbsp;&nbsp;&nbsp;&nbsp;&nbsp;&nbsp;&nbsp;&nbsp;&nbsp;&nbsp;&nbsp;&nbsp;&nbsp;&nbsp;&nbsp;&nbsp;&nbsp;&nbsp;&nbsp;&nbsp;Heap Fetches: 0</td>\n",
       "        </tr>\n",
       "        <tr>\n",
       "            <td>Planning Time: 0.452 ms</td>\n",
       "        </tr>\n",
       "        <tr>\n",
       "            <td>Execution Time: 4.425 ms</td>\n",
       "        </tr>\n",
       "    </tbody>\n",
       "</table>"
      ],
      "text/plain": [
       "[('Limit  (cost=87.83..87.86 rows=10 width=12) (actual time=3.796..4.181 rows=10 loops=1)',),\n",
       " ('  ->  Sort  (cost=87.83..88.12 rows=114 width=12) (actual time=3.780..3.919 rows=10 loops=1)',),\n",
       " ('        Sort Key: (count(*)) DESC',),\n",
       " ('        Sort Method: top-N heapsort  Memory: 25kB',),\n",
       " ('        ->  HashAggregate  (cost=84.23..85.37 rows=114 width=12) (actual time=2.514..3.137 rows=60 loops=1)',),\n",
       " ('              Group Key: l.video_id',),\n",
       " ('              Batches: 1  Memory Usage: 24kB',),\n",
       " ('              ->  Nested Loop  (cost=0.86..83.66 rows=114 width=4) (actual time=0.120..2.004 rows=60 loops=1)',),\n",
       " ('                    ->  Index Scan using friend_user_id_idx on friends f  (cost=0.43..35.79 rows=10 width=4) (actual time=0.050..0.160 rows=6 loops=1)',),\n",
       " ('                          Index Cond: (user_id = 1)',),\n",
       " ('                    ->  Index Only Scan using like_const on likes l  (cost=0.43..4.66 rows=13 width=8) (actual time=0.014..0.109 rows=10 loops=6)',),\n",
       " ('                          Index Cond: (user_id = f.friend_id)',),\n",
       " ('                          Heap Fetches: 0',),\n",
       " ('Planning Time: 0.452 ms',),\n",
       " ('Execution Time: 4.425 ms',)]"
      ]
     },
     "execution_count": 13,
     "metadata": {},
     "output_type": "execute_result"
    }
   ],
   "source": [
    "%%sql\n",
    "EXPLAIN ANALYZE\n",
    "SELECT l.video_id, COUNT(*) AS num_like \n",
    "FROM cats.friends f, cats.likes l\n",
    "WHERE f.user_id=1 \n",
    "AND f.friend_id=l.user_id \n",
    "GROUP BY l.video_id \n",
    "ORDER BY num_like DESC \n",
    "LIMIT 10"
   ]
  },
  {
   "cell_type": "markdown",
   "metadata": {},
   "source": [
    ">### Analyze"
   ]
  },
  {
   "cell_type": "markdown",
   "metadata": {},
   "source": [
    "## Index \"friend_user_id_idx\" reduced the execution time from 92.69ms to 4.43ms. Seq Scan on friends table was replaced by Index Scan."
   ]
  },
  {
   "cell_type": "markdown",
   "metadata": {},
   "source": [
    "<br/><br/>"
   ]
  },
  {
   "cell_type": "markdown",
   "metadata": {},
   "source": [
    "# Query 3 indexing"
   ]
  },
  {
   "cell_type": "code",
   "execution_count": 21,
   "metadata": {},
   "outputs": [],
   "source": [
    "#query 3\n",
    "query3 = \"\"\"SELECT l.vl, COUNT(*)\n",
    "            FROM\n",
    "               \n",
    "                 (SELECT l.video_id AS vl, l.user_id AS ul \n",
    "                  FROM cats.friends f, cats.likes l \n",
    "                  WHERE f.user_id=1 AND f.friend_id=l.user_id \n",
    "                \n",
    "                  UNION\n",
    "                \n",
    "                  SELECT l.video_id AS vl, l.user_id AS ul \n",
    "                  FROM cats.friends f, cats.friends ff, cats.likes l \n",
    "                  WHERE f.user_id=1 AND f.friend_id=ff.user_id AND ff.user_id=l.user_id\n",
    "                 ) AS l\n",
    "\n",
    "            GROUP BY l.vl\n",
    "            ORDER BY COUNT(*) DESC \n",
    "            LIMIT 10\"\"\"\n",
    "\n",
    "result3 = query_to_df(conn, query3, [\"video_id\",\"likes_count\"])\n",
    "result3.to_csv(\"cats_query3_res.csv\", index=False)"
   ]
  },
  {
   "cell_type": "code",
   "execution_count": 22,
   "metadata": {},
   "outputs": [
    {
     "data": {
      "text/html": [
       "<div>\n",
       "<style scoped>\n",
       "    .dataframe tbody tr th:only-of-type {\n",
       "        vertical-align: middle;\n",
       "    }\n",
       "\n",
       "    .dataframe tbody tr th {\n",
       "        vertical-align: top;\n",
       "    }\n",
       "\n",
       "    .dataframe thead th {\n",
       "        text-align: right;\n",
       "    }\n",
       "</style>\n",
       "<table border=\"1\" class=\"dataframe\">\n",
       "  <thead>\n",
       "    <tr style=\"text-align: right;\">\n",
       "      <th></th>\n",
       "      <th>0</th>\n",
       "      <th>1</th>\n",
       "      <th>2</th>\n",
       "      <th>3</th>\n",
       "      <th>4</th>\n",
       "      <th>5</th>\n",
       "      <th>6</th>\n",
       "      <th>7</th>\n",
       "      <th>8</th>\n",
       "      <th>9</th>\n",
       "    </tr>\n",
       "  </thead>\n",
       "  <tbody>\n",
       "    <tr>\n",
       "      <th>video_id</th>\n",
       "      <td>55489</td>\n",
       "      <td>350995</td>\n",
       "      <td>758713</td>\n",
       "      <td>59420</td>\n",
       "      <td>145324</td>\n",
       "      <td>514488</td>\n",
       "      <td>663983</td>\n",
       "      <td>342480</td>\n",
       "      <td>634558</td>\n",
       "      <td>142269</td>\n",
       "    </tr>\n",
       "    <tr>\n",
       "      <th>likes_count</th>\n",
       "      <td>1</td>\n",
       "      <td>1</td>\n",
       "      <td>1</td>\n",
       "      <td>1</td>\n",
       "      <td>1</td>\n",
       "      <td>1</td>\n",
       "      <td>1</td>\n",
       "      <td>1</td>\n",
       "      <td>1</td>\n",
       "      <td>1</td>\n",
       "    </tr>\n",
       "  </tbody>\n",
       "</table>\n",
       "</div>"
      ],
      "text/plain": [
       "                 0       1       2      3       4       5       6       7  \\\n",
       "video_id     55489  350995  758713  59420  145324  514488  663983  342480   \n",
       "likes_count      1       1       1      1       1       1       1       1   \n",
       "\n",
       "                  8       9  \n",
       "video_id     634558  142269  \n",
       "likes_count       1       1  "
      ]
     },
     "execution_count": 22,
     "metadata": {},
     "output_type": "execute_result"
    }
   ],
   "source": [
    "res3 = pd.read_csv(\"cats_query3_res.csv\")\n",
    "res3.T"
   ]
  },
  {
   "cell_type": "markdown",
   "metadata": {},
   "source": [
    ">#### QUERY PLAN without index"
   ]
  },
  {
   "cell_type": "markdown",
   "metadata": {},
   "source": [
    "We have to delete previous created index(friend_user_id_idx) to compare the performance of this query"
   ]
  },
  {
   "cell_type": "code",
   "execution_count": 46,
   "metadata": {},
   "outputs": [
    {
     "name": "stdout",
     "output_type": "stream",
     "text": [
      " * postgresql://postgres:***@localhost/postgres\n",
      "Done.\n"
     ]
    },
    {
     "data": {
      "text/plain": [
       "[]"
      ]
     },
     "execution_count": 46,
     "metadata": {},
     "output_type": "execute_result"
    }
   ],
   "source": [
    "%%sql\n",
    "DROP INDEX cats.friend_user_id_idx"
   ]
  },
  {
   "cell_type": "code",
   "execution_count": 7,
   "metadata": {},
   "outputs": [
    {
     "name": "stdout",
     "output_type": "stream",
     "text": [
      " * postgresql://postgres:***@localhost/postgres\n",
      "39 rows affected.\n"
     ]
    },
    {
     "data": {
      "text/html": [
       "<table>\n",
       "    <thead>\n",
       "        <tr>\n",
       "            <th>QUERY PLAN</th>\n",
       "        </tr>\n",
       "    </thead>\n",
       "    <tbody>\n",
       "        <tr>\n",
       "            <td>Limit  (cost=75794.44..75794.46 rows=10 width=12) (actual time=9445.716..9446.284 rows=10 loops=1)</td>\n",
       "        </tr>\n",
       "        <tr>\n",
       "            <td>&nbsp;&nbsp;-&gt;  Sort  (cost=75794.44..75794.94 rows=200 width=12) (actual time=9445.701..9446.154 rows=10 loops=1)</td>\n",
       "        </tr>\n",
       "        <tr>\n",
       "            <td>&nbsp;&nbsp;&nbsp;&nbsp;&nbsp;&nbsp;&nbsp;&nbsp;Sort Key: (count(*)) DESC</td>\n",
       "        </tr>\n",
       "        <tr>\n",
       "            <td>&nbsp;&nbsp;&nbsp;&nbsp;&nbsp;&nbsp;&nbsp;&nbsp;Sort Method: top-N heapsort  Memory: 25kB</td>\n",
       "        </tr>\n",
       "        <tr>\n",
       "            <td>&nbsp;&nbsp;&nbsp;&nbsp;&nbsp;&nbsp;&nbsp;&nbsp;-&gt;  GroupAggregate  (cost=75778.28..75790.12 rows=200 width=12) (actual time=9444.167..9445.688 rows=60 loops=1)</td>\n",
       "        </tr>\n",
       "        <tr>\n",
       "            <td>&nbsp;&nbsp;&nbsp;&nbsp;&nbsp;&nbsp;&nbsp;&nbsp;&nbsp;&nbsp;&nbsp;&nbsp;&nbsp;&nbsp;Group Key: l.vl</td>\n",
       "        </tr>\n",
       "        <tr>\n",
       "            <td>&nbsp;&nbsp;&nbsp;&nbsp;&nbsp;&nbsp;&nbsp;&nbsp;&nbsp;&nbsp;&nbsp;&nbsp;&nbsp;&nbsp;-&gt;  Sort  (cost=75778.28..75781.56 rows=1311 width=4) (actual time=9444.137..9444.856 rows=60 loops=1)</td>\n",
       "        </tr>\n",
       "        <tr>\n",
       "            <td>&nbsp;&nbsp;&nbsp;&nbsp;&nbsp;&nbsp;&nbsp;&nbsp;&nbsp;&nbsp;&nbsp;&nbsp;&nbsp;&nbsp;&nbsp;&nbsp;&nbsp;&nbsp;&nbsp;&nbsp;Sort Key: l.vl</td>\n",
       "        </tr>\n",
       "        <tr>\n",
       "            <td>&nbsp;&nbsp;&nbsp;&nbsp;&nbsp;&nbsp;&nbsp;&nbsp;&nbsp;&nbsp;&nbsp;&nbsp;&nbsp;&nbsp;&nbsp;&nbsp;&nbsp;&nbsp;&nbsp;&nbsp;Sort Method: quicksort  Memory: 27kB</td>\n",
       "        </tr>\n",
       "        <tr>\n",
       "            <td>&nbsp;&nbsp;&nbsp;&nbsp;&nbsp;&nbsp;&nbsp;&nbsp;&nbsp;&nbsp;&nbsp;&nbsp;&nbsp;&nbsp;&nbsp;&nbsp;&nbsp;&nbsp;&nbsp;&nbsp;-&gt;  Subquery Scan on l  (cost=75684.18..75710.40 rows=1311 width=4) (actual time=9442.682..9444.113 rows=60 loops=1)</td>\n",
       "        </tr>\n",
       "        <tr>\n",
       "            <td>&nbsp;&nbsp;&nbsp;&nbsp;&nbsp;&nbsp;&nbsp;&nbsp;&nbsp;&nbsp;&nbsp;&nbsp;&nbsp;&nbsp;&nbsp;&nbsp;&nbsp;&nbsp;&nbsp;&nbsp;&nbsp;&nbsp;&nbsp;&nbsp;&nbsp;&nbsp;-&gt;  HashAggregate  (cost=75684.18..75697.29 rows=1311 width=8) (actual time=9442.668..9443.428 rows=60 loops=1)</td>\n",
       "        </tr>\n",
       "        <tr>\n",
       "            <td>&nbsp;&nbsp;&nbsp;&nbsp;&nbsp;&nbsp;&nbsp;&nbsp;&nbsp;&nbsp;&nbsp;&nbsp;&nbsp;&nbsp;&nbsp;&nbsp;&nbsp;&nbsp;&nbsp;&nbsp;&nbsp;&nbsp;&nbsp;&nbsp;&nbsp;&nbsp;&nbsp;&nbsp;&nbsp;&nbsp;&nbsp;&nbsp;Group Key: l_1.video_id, l_1.user_id</td>\n",
       "        </tr>\n",
       "        <tr>\n",
       "            <td>&nbsp;&nbsp;&nbsp;&nbsp;&nbsp;&nbsp;&nbsp;&nbsp;&nbsp;&nbsp;&nbsp;&nbsp;&nbsp;&nbsp;&nbsp;&nbsp;&nbsp;&nbsp;&nbsp;&nbsp;&nbsp;&nbsp;&nbsp;&nbsp;&nbsp;&nbsp;&nbsp;&nbsp;&nbsp;&nbsp;&nbsp;&nbsp;Batches: 1  Memory Usage: 73kB</td>\n",
       "        </tr>\n",
       "        <tr>\n",
       "            <td>&nbsp;&nbsp;&nbsp;&nbsp;&nbsp;&nbsp;&nbsp;&nbsp;&nbsp;&nbsp;&nbsp;&nbsp;&nbsp;&nbsp;&nbsp;&nbsp;&nbsp;&nbsp;&nbsp;&nbsp;&nbsp;&nbsp;&nbsp;&nbsp;&nbsp;&nbsp;&nbsp;&nbsp;&nbsp;&nbsp;&nbsp;&nbsp;-&gt;  Gather  (cost=1000.43..75677.62 rows=1311 width=8) (actual time=0.781..9439.256 rows=601 loops=1)</td>\n",
       "        </tr>\n",
       "        <tr>\n",
       "            <td>&nbsp;&nbsp;&nbsp;&nbsp;&nbsp;&nbsp;&nbsp;&nbsp;&nbsp;&nbsp;&nbsp;&nbsp;&nbsp;&nbsp;&nbsp;&nbsp;&nbsp;&nbsp;&nbsp;&nbsp;&nbsp;&nbsp;&nbsp;&nbsp;&nbsp;&nbsp;&nbsp;&nbsp;&nbsp;&nbsp;&nbsp;&nbsp;&nbsp;&nbsp;&nbsp;&nbsp;&nbsp;&nbsp;Workers Planned: 2</td>\n",
       "        </tr>\n",
       "        <tr>\n",
       "            <td>&nbsp;&nbsp;&nbsp;&nbsp;&nbsp;&nbsp;&nbsp;&nbsp;&nbsp;&nbsp;&nbsp;&nbsp;&nbsp;&nbsp;&nbsp;&nbsp;&nbsp;&nbsp;&nbsp;&nbsp;&nbsp;&nbsp;&nbsp;&nbsp;&nbsp;&nbsp;&nbsp;&nbsp;&nbsp;&nbsp;&nbsp;&nbsp;&nbsp;&nbsp;&nbsp;&nbsp;&nbsp;&nbsp;Workers Launched: 2</td>\n",
       "        </tr>\n",
       "        <tr>\n",
       "            <td>&nbsp;&nbsp;&nbsp;&nbsp;&nbsp;&nbsp;&nbsp;&nbsp;&nbsp;&nbsp;&nbsp;&nbsp;&nbsp;&nbsp;&nbsp;&nbsp;&nbsp;&nbsp;&nbsp;&nbsp;&nbsp;&nbsp;&nbsp;&nbsp;&nbsp;&nbsp;&nbsp;&nbsp;&nbsp;&nbsp;&nbsp;&nbsp;&nbsp;&nbsp;&nbsp;&nbsp;&nbsp;&nbsp;-&gt;  Parallel Append  (cost=0.43..74546.52 rows=1311 width=8) (actual time=293.521..9412.089 rows=200 loops=3)</td>\n",
       "        </tr>\n",
       "        <tr>\n",
       "            <td>&nbsp;&nbsp;&nbsp;&nbsp;&nbsp;&nbsp;&nbsp;&nbsp;&nbsp;&nbsp;&nbsp;&nbsp;&nbsp;&nbsp;&nbsp;&nbsp;&nbsp;&nbsp;&nbsp;&nbsp;&nbsp;&nbsp;&nbsp;&nbsp;&nbsp;&nbsp;&nbsp;&nbsp;&nbsp;&nbsp;&nbsp;&nbsp;&nbsp;&nbsp;&nbsp;&nbsp;&nbsp;&nbsp;&nbsp;&nbsp;&nbsp;&nbsp;&nbsp;&nbsp;-&gt;  Nested Loop  (cost=23154.98..51353.21 rows=499 width=8) (actual time=438.094..9351.133 rows=180 loops=3)</td>\n",
       "        </tr>\n",
       "        <tr>\n",
       "            <td>&nbsp;&nbsp;&nbsp;&nbsp;&nbsp;&nbsp;&nbsp;&nbsp;&nbsp;&nbsp;&nbsp;&nbsp;&nbsp;&nbsp;&nbsp;&nbsp;&nbsp;&nbsp;&nbsp;&nbsp;&nbsp;&nbsp;&nbsp;&nbsp;&nbsp;&nbsp;&nbsp;&nbsp;&nbsp;&nbsp;&nbsp;&nbsp;&nbsp;&nbsp;&nbsp;&nbsp;&nbsp;&nbsp;&nbsp;&nbsp;&nbsp;&nbsp;&nbsp;&nbsp;&nbsp;&nbsp;&nbsp;&nbsp;&nbsp;&nbsp;Join Filter: (f.friend_id = l_1.user_id)</td>\n",
       "        </tr>\n",
       "        <tr>\n",
       "            <td>&nbsp;&nbsp;&nbsp;&nbsp;&nbsp;&nbsp;&nbsp;&nbsp;&nbsp;&nbsp;&nbsp;&nbsp;&nbsp;&nbsp;&nbsp;&nbsp;&nbsp;&nbsp;&nbsp;&nbsp;&nbsp;&nbsp;&nbsp;&nbsp;&nbsp;&nbsp;&nbsp;&nbsp;&nbsp;&nbsp;&nbsp;&nbsp;&nbsp;&nbsp;&nbsp;&nbsp;&nbsp;&nbsp;&nbsp;&nbsp;&nbsp;&nbsp;&nbsp;&nbsp;&nbsp;&nbsp;&nbsp;&nbsp;&nbsp;&nbsp;-&gt;  Parallel Hash Join  (cost=23154.55..51316.62 rows=44 width=8) (actual time=438.047..9347.633 rows=20 loops=3)</td>\n",
       "        </tr>\n",
       "        <tr>\n",
       "            <td>&nbsp;&nbsp;&nbsp;&nbsp;&nbsp;&nbsp;&nbsp;&nbsp;&nbsp;&nbsp;&nbsp;&nbsp;&nbsp;&nbsp;&nbsp;&nbsp;&nbsp;&nbsp;&nbsp;&nbsp;&nbsp;&nbsp;&nbsp;&nbsp;&nbsp;&nbsp;&nbsp;&nbsp;&nbsp;&nbsp;&nbsp;&nbsp;&nbsp;&nbsp;&nbsp;&nbsp;&nbsp;&nbsp;&nbsp;&nbsp;&nbsp;&nbsp;&nbsp;&nbsp;&nbsp;&nbsp;&nbsp;&nbsp;&nbsp;&nbsp;&nbsp;&nbsp;&nbsp;&nbsp;&nbsp;&nbsp;Hash Cond: (ff.user_id = f.friend_id)</td>\n",
       "        </tr>\n",
       "        <tr>\n",
       "            <td>&nbsp;&nbsp;&nbsp;&nbsp;&nbsp;&nbsp;&nbsp;&nbsp;&nbsp;&nbsp;&nbsp;&nbsp;&nbsp;&nbsp;&nbsp;&nbsp;&nbsp;&nbsp;&nbsp;&nbsp;&nbsp;&nbsp;&nbsp;&nbsp;&nbsp;&nbsp;&nbsp;&nbsp;&nbsp;&nbsp;&nbsp;&nbsp;&nbsp;&nbsp;&nbsp;&nbsp;&nbsp;&nbsp;&nbsp;&nbsp;&nbsp;&nbsp;&nbsp;&nbsp;&nbsp;&nbsp;&nbsp;&nbsp;&nbsp;&nbsp;&nbsp;&nbsp;&nbsp;&nbsp;&nbsp;&nbsp;-&gt;  Parallel Seq Scan on friends ff  (cost=0.00..20650.80 rows=1001480 width=4) (actual time=0.027..4648.078 rows=801184 loops=3)</td>\n",
       "        </tr>\n",
       "        <tr>\n",
       "            <td>&nbsp;&nbsp;&nbsp;&nbsp;&nbsp;&nbsp;&nbsp;&nbsp;&nbsp;&nbsp;&nbsp;&nbsp;&nbsp;&nbsp;&nbsp;&nbsp;&nbsp;&nbsp;&nbsp;&nbsp;&nbsp;&nbsp;&nbsp;&nbsp;&nbsp;&nbsp;&nbsp;&nbsp;&nbsp;&nbsp;&nbsp;&nbsp;&nbsp;&nbsp;&nbsp;&nbsp;&nbsp;&nbsp;&nbsp;&nbsp;&nbsp;&nbsp;&nbsp;&nbsp;&nbsp;&nbsp;&nbsp;&nbsp;&nbsp;&nbsp;&nbsp;&nbsp;&nbsp;&nbsp;&nbsp;&nbsp;-&gt;  Parallel Hash  (cost=23154.50..23154.50 rows=4 width=4) (actual time=51.349..51.394 rows=2 loops=3)</td>\n",
       "        </tr>\n",
       "        <tr>\n",
       "            <td>&nbsp;&nbsp;&nbsp;&nbsp;&nbsp;&nbsp;&nbsp;&nbsp;&nbsp;&nbsp;&nbsp;&nbsp;&nbsp;&nbsp;&nbsp;&nbsp;&nbsp;&nbsp;&nbsp;&nbsp;&nbsp;&nbsp;&nbsp;&nbsp;&nbsp;&nbsp;&nbsp;&nbsp;&nbsp;&nbsp;&nbsp;&nbsp;&nbsp;&nbsp;&nbsp;&nbsp;&nbsp;&nbsp;&nbsp;&nbsp;&nbsp;&nbsp;&nbsp;&nbsp;&nbsp;&nbsp;&nbsp;&nbsp;&nbsp;&nbsp;&nbsp;&nbsp;&nbsp;&nbsp;&nbsp;&nbsp;&nbsp;&nbsp;&nbsp;&nbsp;&nbsp;&nbsp;Buckets: 1024  Batches: 1  Memory Usage: 104kB</td>\n",
       "        </tr>\n",
       "        <tr>\n",
       "            <td>&nbsp;&nbsp;&nbsp;&nbsp;&nbsp;&nbsp;&nbsp;&nbsp;&nbsp;&nbsp;&nbsp;&nbsp;&nbsp;&nbsp;&nbsp;&nbsp;&nbsp;&nbsp;&nbsp;&nbsp;&nbsp;&nbsp;&nbsp;&nbsp;&nbsp;&nbsp;&nbsp;&nbsp;&nbsp;&nbsp;&nbsp;&nbsp;&nbsp;&nbsp;&nbsp;&nbsp;&nbsp;&nbsp;&nbsp;&nbsp;&nbsp;&nbsp;&nbsp;&nbsp;&nbsp;&nbsp;&nbsp;&nbsp;&nbsp;&nbsp;&nbsp;&nbsp;&nbsp;&nbsp;&nbsp;&nbsp;&nbsp;&nbsp;&nbsp;&nbsp;&nbsp;&nbsp;-&gt;  Parallel Seq Scan on friends f  (cost=0.00..23154.50 rows=4 width=4) (actual time=31.194..51.291 rows=2 loops=3)</td>\n",
       "        </tr>\n",
       "        <tr>\n",
       "            <td>&nbsp;&nbsp;&nbsp;&nbsp;&nbsp;&nbsp;&nbsp;&nbsp;&nbsp;&nbsp;&nbsp;&nbsp;&nbsp;&nbsp;&nbsp;&nbsp;&nbsp;&nbsp;&nbsp;&nbsp;&nbsp;&nbsp;&nbsp;&nbsp;&nbsp;&nbsp;&nbsp;&nbsp;&nbsp;&nbsp;&nbsp;&nbsp;&nbsp;&nbsp;&nbsp;&nbsp;&nbsp;&nbsp;&nbsp;&nbsp;&nbsp;&nbsp;&nbsp;&nbsp;&nbsp;&nbsp;&nbsp;&nbsp;&nbsp;&nbsp;&nbsp;&nbsp;&nbsp;&nbsp;&nbsp;&nbsp;&nbsp;&nbsp;&nbsp;&nbsp;&nbsp;&nbsp;&nbsp;&nbsp;&nbsp;&nbsp;&nbsp;&nbsp;Filter: (user_id = 1)</td>\n",
       "        </tr>\n",
       "        <tr>\n",
       "            <td>&nbsp;&nbsp;&nbsp;&nbsp;&nbsp;&nbsp;&nbsp;&nbsp;&nbsp;&nbsp;&nbsp;&nbsp;&nbsp;&nbsp;&nbsp;&nbsp;&nbsp;&nbsp;&nbsp;&nbsp;&nbsp;&nbsp;&nbsp;&nbsp;&nbsp;&nbsp;&nbsp;&nbsp;&nbsp;&nbsp;&nbsp;&nbsp;&nbsp;&nbsp;&nbsp;&nbsp;&nbsp;&nbsp;&nbsp;&nbsp;&nbsp;&nbsp;&nbsp;&nbsp;&nbsp;&nbsp;&nbsp;&nbsp;&nbsp;&nbsp;&nbsp;&nbsp;&nbsp;&nbsp;&nbsp;&nbsp;&nbsp;&nbsp;&nbsp;&nbsp;&nbsp;&nbsp;&nbsp;&nbsp;&nbsp;&nbsp;&nbsp;&nbsp;Rows Removed by Filter: 801182</td>\n",
       "        </tr>\n",
       "        <tr>\n",
       "            <td>&nbsp;&nbsp;&nbsp;&nbsp;&nbsp;&nbsp;&nbsp;&nbsp;&nbsp;&nbsp;&nbsp;&nbsp;&nbsp;&nbsp;&nbsp;&nbsp;&nbsp;&nbsp;&nbsp;&nbsp;&nbsp;&nbsp;&nbsp;&nbsp;&nbsp;&nbsp;&nbsp;&nbsp;&nbsp;&nbsp;&nbsp;&nbsp;&nbsp;&nbsp;&nbsp;&nbsp;&nbsp;&nbsp;&nbsp;&nbsp;&nbsp;&nbsp;&nbsp;&nbsp;&nbsp;&nbsp;&nbsp;&nbsp;&nbsp;&nbsp;-&gt;  Index Only Scan using like_const on likes l_1  (cost=0.43..0.67 rows=13 width=8) (actual time=0.012..0.061 rows=9 loops=60)</td>\n",
       "        </tr>\n",
       "        <tr>\n",
       "            <td>&nbsp;&nbsp;&nbsp;&nbsp;&nbsp;&nbsp;&nbsp;&nbsp;&nbsp;&nbsp;&nbsp;&nbsp;&nbsp;&nbsp;&nbsp;&nbsp;&nbsp;&nbsp;&nbsp;&nbsp;&nbsp;&nbsp;&nbsp;&nbsp;&nbsp;&nbsp;&nbsp;&nbsp;&nbsp;&nbsp;&nbsp;&nbsp;&nbsp;&nbsp;&nbsp;&nbsp;&nbsp;&nbsp;&nbsp;&nbsp;&nbsp;&nbsp;&nbsp;&nbsp;&nbsp;&nbsp;&nbsp;&nbsp;&nbsp;&nbsp;&nbsp;&nbsp;&nbsp;&nbsp;&nbsp;&nbsp;Index Cond: (user_id = ff.user_id)</td>\n",
       "        </tr>\n",
       "        <tr>\n",
       "            <td>&nbsp;&nbsp;&nbsp;&nbsp;&nbsp;&nbsp;&nbsp;&nbsp;&nbsp;&nbsp;&nbsp;&nbsp;&nbsp;&nbsp;&nbsp;&nbsp;&nbsp;&nbsp;&nbsp;&nbsp;&nbsp;&nbsp;&nbsp;&nbsp;&nbsp;&nbsp;&nbsp;&nbsp;&nbsp;&nbsp;&nbsp;&nbsp;&nbsp;&nbsp;&nbsp;&nbsp;&nbsp;&nbsp;&nbsp;&nbsp;&nbsp;&nbsp;&nbsp;&nbsp;&nbsp;&nbsp;&nbsp;&nbsp;&nbsp;&nbsp;&nbsp;&nbsp;&nbsp;&nbsp;&nbsp;&nbsp;Heap Fetches: 0</td>\n",
       "        </tr>\n",
       "        <tr>\n",
       "            <td>&nbsp;&nbsp;&nbsp;&nbsp;&nbsp;&nbsp;&nbsp;&nbsp;&nbsp;&nbsp;&nbsp;&nbsp;&nbsp;&nbsp;&nbsp;&nbsp;&nbsp;&nbsp;&nbsp;&nbsp;&nbsp;&nbsp;&nbsp;&nbsp;&nbsp;&nbsp;&nbsp;&nbsp;&nbsp;&nbsp;&nbsp;&nbsp;&nbsp;&nbsp;&nbsp;&nbsp;&nbsp;&nbsp;&nbsp;&nbsp;&nbsp;&nbsp;&nbsp;&nbsp;-&gt;  Nested Loop  (cost=0.43..23173.65 rows=48 width=8) (actual time=25.709..87.690 rows=30 loops=2)</td>\n",
       "        </tr>\n",
       "        <tr>\n",
       "            <td>&nbsp;&nbsp;&nbsp;&nbsp;&nbsp;&nbsp;&nbsp;&nbsp;&nbsp;&nbsp;&nbsp;&nbsp;&nbsp;&nbsp;&nbsp;&nbsp;&nbsp;&nbsp;&nbsp;&nbsp;&nbsp;&nbsp;&nbsp;&nbsp;&nbsp;&nbsp;&nbsp;&nbsp;&nbsp;&nbsp;&nbsp;&nbsp;&nbsp;&nbsp;&nbsp;&nbsp;&nbsp;&nbsp;&nbsp;&nbsp;&nbsp;&nbsp;&nbsp;&nbsp;&nbsp;&nbsp;&nbsp;&nbsp;&nbsp;&nbsp;-&gt;  Parallel Seq Scan on friends f_1  (cost=0.00..23154.50 rows=4 width=4) (actual time=25.616..86.641 rows=3 loops=2)</td>\n",
       "        </tr>\n",
       "        <tr>\n",
       "            <td>&nbsp;&nbsp;&nbsp;&nbsp;&nbsp;&nbsp;&nbsp;&nbsp;&nbsp;&nbsp;&nbsp;&nbsp;&nbsp;&nbsp;&nbsp;&nbsp;&nbsp;&nbsp;&nbsp;&nbsp;&nbsp;&nbsp;&nbsp;&nbsp;&nbsp;&nbsp;&nbsp;&nbsp;&nbsp;&nbsp;&nbsp;&nbsp;&nbsp;&nbsp;&nbsp;&nbsp;&nbsp;&nbsp;&nbsp;&nbsp;&nbsp;&nbsp;&nbsp;&nbsp;&nbsp;&nbsp;&nbsp;&nbsp;&nbsp;&nbsp;&nbsp;&nbsp;&nbsp;&nbsp;&nbsp;&nbsp;Filter: (user_id = 1)</td>\n",
       "        </tr>\n",
       "        <tr>\n",
       "            <td>&nbsp;&nbsp;&nbsp;&nbsp;&nbsp;&nbsp;&nbsp;&nbsp;&nbsp;&nbsp;&nbsp;&nbsp;&nbsp;&nbsp;&nbsp;&nbsp;&nbsp;&nbsp;&nbsp;&nbsp;&nbsp;&nbsp;&nbsp;&nbsp;&nbsp;&nbsp;&nbsp;&nbsp;&nbsp;&nbsp;&nbsp;&nbsp;&nbsp;&nbsp;&nbsp;&nbsp;&nbsp;&nbsp;&nbsp;&nbsp;&nbsp;&nbsp;&nbsp;&nbsp;&nbsp;&nbsp;&nbsp;&nbsp;&nbsp;&nbsp;&nbsp;&nbsp;&nbsp;&nbsp;&nbsp;&nbsp;Rows Removed by Filter: 1201773</td>\n",
       "        </tr>\n",
       "        <tr>\n",
       "            <td>&nbsp;&nbsp;&nbsp;&nbsp;&nbsp;&nbsp;&nbsp;&nbsp;&nbsp;&nbsp;&nbsp;&nbsp;&nbsp;&nbsp;&nbsp;&nbsp;&nbsp;&nbsp;&nbsp;&nbsp;&nbsp;&nbsp;&nbsp;&nbsp;&nbsp;&nbsp;&nbsp;&nbsp;&nbsp;&nbsp;&nbsp;&nbsp;&nbsp;&nbsp;&nbsp;&nbsp;&nbsp;&nbsp;&nbsp;&nbsp;&nbsp;&nbsp;&nbsp;&nbsp;&nbsp;&nbsp;&nbsp;&nbsp;&nbsp;&nbsp;-&gt;  Index Only Scan using like_const on likes l_2  (cost=0.43..4.66 rows=13 width=8) (actual time=0.060..0.155 rows=10 loops=6)</td>\n",
       "        </tr>\n",
       "        <tr>\n",
       "            <td>&nbsp;&nbsp;&nbsp;&nbsp;&nbsp;&nbsp;&nbsp;&nbsp;&nbsp;&nbsp;&nbsp;&nbsp;&nbsp;&nbsp;&nbsp;&nbsp;&nbsp;&nbsp;&nbsp;&nbsp;&nbsp;&nbsp;&nbsp;&nbsp;&nbsp;&nbsp;&nbsp;&nbsp;&nbsp;&nbsp;&nbsp;&nbsp;&nbsp;&nbsp;&nbsp;&nbsp;&nbsp;&nbsp;&nbsp;&nbsp;&nbsp;&nbsp;&nbsp;&nbsp;&nbsp;&nbsp;&nbsp;&nbsp;&nbsp;&nbsp;&nbsp;&nbsp;&nbsp;&nbsp;&nbsp;&nbsp;Index Cond: (user_id = f_1.friend_id)</td>\n",
       "        </tr>\n",
       "        <tr>\n",
       "            <td>&nbsp;&nbsp;&nbsp;&nbsp;&nbsp;&nbsp;&nbsp;&nbsp;&nbsp;&nbsp;&nbsp;&nbsp;&nbsp;&nbsp;&nbsp;&nbsp;&nbsp;&nbsp;&nbsp;&nbsp;&nbsp;&nbsp;&nbsp;&nbsp;&nbsp;&nbsp;&nbsp;&nbsp;&nbsp;&nbsp;&nbsp;&nbsp;&nbsp;&nbsp;&nbsp;&nbsp;&nbsp;&nbsp;&nbsp;&nbsp;&nbsp;&nbsp;&nbsp;&nbsp;&nbsp;&nbsp;&nbsp;&nbsp;&nbsp;&nbsp;&nbsp;&nbsp;&nbsp;&nbsp;&nbsp;&nbsp;Heap Fetches: 0</td>\n",
       "        </tr>\n",
       "        <tr>\n",
       "            <td>Planning Time: 0.453 ms</td>\n",
       "        </tr>\n",
       "        <tr>\n",
       "            <td>Execution Time: 9446.432 ms</td>\n",
       "        </tr>\n",
       "    </tbody>\n",
       "</table>"
      ],
      "text/plain": [
       "[('Limit  (cost=75794.44..75794.46 rows=10 width=12) (actual time=9445.716..9446.284 rows=10 loops=1)',),\n",
       " ('  ->  Sort  (cost=75794.44..75794.94 rows=200 width=12) (actual time=9445.701..9446.154 rows=10 loops=1)',),\n",
       " ('        Sort Key: (count(*)) DESC',),\n",
       " ('        Sort Method: top-N heapsort  Memory: 25kB',),\n",
       " ('        ->  GroupAggregate  (cost=75778.28..75790.12 rows=200 width=12) (actual time=9444.167..9445.688 rows=60 loops=1)',),\n",
       " ('              Group Key: l.vl',),\n",
       " ('              ->  Sort  (cost=75778.28..75781.56 rows=1311 width=4) (actual time=9444.137..9444.856 rows=60 loops=1)',),\n",
       " ('                    Sort Key: l.vl',),\n",
       " ('                    Sort Method: quicksort  Memory: 27kB',),\n",
       " ('                    ->  Subquery Scan on l  (cost=75684.18..75710.40 rows=1311 width=4) (actual time=9442.682..9444.113 rows=60 loops=1)',),\n",
       " ('                          ->  HashAggregate  (cost=75684.18..75697.29 rows=1311 width=8) (actual time=9442.668..9443.428 rows=60 loops=1)',),\n",
       " ('                                Group Key: l_1.video_id, l_1.user_id',),\n",
       " ('                                Batches: 1  Memory Usage: 73kB',),\n",
       " ('                                ->  Gather  (cost=1000.43..75677.62 rows=1311 width=8) (actual time=0.781..9439.256 rows=601 loops=1)',),\n",
       " ('                                      Workers Planned: 2',),\n",
       " ('                                      Workers Launched: 2',),\n",
       " ('                                      ->  Parallel Append  (cost=0.43..74546.52 rows=1311 width=8) (actual time=293.521..9412.089 rows=200 loops=3)',),\n",
       " ('                                            ->  Nested Loop  (cost=23154.98..51353.21 rows=499 width=8) (actual time=438.094..9351.133 rows=180 loops=3)',),\n",
       " ('                                                  Join Filter: (f.friend_id = l_1.user_id)',),\n",
       " ('                                                  ->  Parallel Hash Join  (cost=23154.55..51316.62 rows=44 width=8) (actual time=438.047..9347.633 rows=20 loops=3)',),\n",
       " ('                                                        Hash Cond: (ff.user_id = f.friend_id)',),\n",
       " ('                                                        ->  Parallel Seq Scan on friends ff  (cost=0.00..20650.80 rows=1001480 width=4) (actual time=0.027..4648.078 rows=801184 loops=3)',),\n",
       " ('                                                        ->  Parallel Hash  (cost=23154.50..23154.50 rows=4 width=4) (actual time=51.349..51.394 rows=2 loops=3)',),\n",
       " ('                                                              Buckets: 1024  Batches: 1  Memory Usage: 104kB',),\n",
       " ('                                                              ->  Parallel Seq Scan on friends f  (cost=0.00..23154.50 rows=4 width=4) (actual time=31.194..51.291 rows=2 loops=3)',),\n",
       " ('                                                                    Filter: (user_id = 1)',),\n",
       " ('                                                                    Rows Removed by Filter: 801182',),\n",
       " ('                                                  ->  Index Only Scan using like_const on likes l_1  (cost=0.43..0.67 rows=13 width=8) (actual time=0.012..0.061 rows=9 loops=60)',),\n",
       " ('                                                        Index Cond: (user_id = ff.user_id)',),\n",
       " ('                                                        Heap Fetches: 0',),\n",
       " ('                                            ->  Nested Loop  (cost=0.43..23173.65 rows=48 width=8) (actual time=25.709..87.690 rows=30 loops=2)',),\n",
       " ('                                                  ->  Parallel Seq Scan on friends f_1  (cost=0.00..23154.50 rows=4 width=4) (actual time=25.616..86.641 rows=3 loops=2)',),\n",
       " ('                                                        Filter: (user_id = 1)',),\n",
       " ('                                                        Rows Removed by Filter: 1201773',),\n",
       " ('                                                  ->  Index Only Scan using like_const on likes l_2  (cost=0.43..4.66 rows=13 width=8) (actual time=0.060..0.155 rows=10 loops=6)',),\n",
       " ('                                                        Index Cond: (user_id = f_1.friend_id)',),\n",
       " ('                                                        Heap Fetches: 0',),\n",
       " ('Planning Time: 0.453 ms',),\n",
       " ('Execution Time: 9446.432 ms',)]"
      ]
     },
     "execution_count": 7,
     "metadata": {},
     "output_type": "execute_result"
    }
   ],
   "source": [
    "%%sql\n",
    "EXPLAIN ANALYZE\n",
    "SELECT l.vl, COUNT(*)\n",
    "FROM\n",
    "\n",
    "     (SELECT l.video_id AS vl, l.user_id AS ul \n",
    "      FROM cats.friends f, cats.likes l \n",
    "      WHERE f.user_id=1 AND f.friend_id=l.user_id \n",
    "\n",
    "      UNION\n",
    "\n",
    "      SELECT l.video_id AS vl, l.user_id AS ul \n",
    "      FROM cats.friends f, cats.friends ff, cats.likes l \n",
    "      WHERE f.user_id=1 AND f.friend_id=ff.user_id AND ff.user_id=l.user_id\n",
    "     ) AS l\n",
    "\n",
    "GROUP BY l.vl\n",
    "ORDER BY COUNT(*) DESC \n",
    "LIMIT 10"
   ]
  },
  {
   "cell_type": "markdown",
   "metadata": {},
   "source": [
    "## Create index on table friend column user_id"
   ]
  },
  {
   "cell_type": "code",
   "execution_count": 48,
   "metadata": {},
   "outputs": [
    {
     "name": "stdout",
     "output_type": "stream",
     "text": [
      " * postgresql://postgres:***@localhost/postgres\n",
      "Done.\n"
     ]
    },
    {
     "data": {
      "text/plain": [
       "[]"
      ]
     },
     "execution_count": 48,
     "metadata": {},
     "output_type": "execute_result"
    }
   ],
   "source": [
    "%%sql\n",
    "CREATE INDEX friend_user_id_idx ON cats.friends(user_id);"
   ]
  },
  {
   "cell_type": "markdown",
   "metadata": {},
   "source": [
    ">#### QUERY PLAN with index"
   ]
  },
  {
   "cell_type": "code",
   "execution_count": 14,
   "metadata": {
    "scrolled": false
   },
   "outputs": [
    {
     "name": "stdout",
     "output_type": "stream",
     "text": [
      " * postgresql://postgres:***@localhost/postgres\n",
      "30 rows affected.\n"
     ]
    },
    {
     "data": {
      "text/html": [
       "<table>\n",
       "    <thead>\n",
       "        <tr>\n",
       "            <th>QUERY PLAN</th>\n",
       "        </tr>\n",
       "    </thead>\n",
       "    <tbody>\n",
       "        <tr>\n",
       "            <td>Limit  (cost=316.37..316.39 rows=10 width=12) (actual time=35.682..36.215 rows=10 loops=1)</td>\n",
       "        </tr>\n",
       "        <tr>\n",
       "            <td>&nbsp;&nbsp;-&gt;  Sort  (cost=316.37..316.87 rows=200 width=12) (actual time=35.665..35.992 rows=10 loops=1)</td>\n",
       "        </tr>\n",
       "        <tr>\n",
       "            <td>&nbsp;&nbsp;&nbsp;&nbsp;&nbsp;&nbsp;&nbsp;&nbsp;Sort Key: (count(*)) DESC</td>\n",
       "        </tr>\n",
       "        <tr>\n",
       "            <td>&nbsp;&nbsp;&nbsp;&nbsp;&nbsp;&nbsp;&nbsp;&nbsp;Sort Method: top-N heapsort  Memory: 25kB</td>\n",
       "        </tr>\n",
       "        <tr>\n",
       "            <td>&nbsp;&nbsp;&nbsp;&nbsp;&nbsp;&nbsp;&nbsp;&nbsp;-&gt;  HashAggregate  (cost=310.04..312.04 rows=200 width=12) (actual time=34.596..35.315 rows=60 loops=1)</td>\n",
       "        </tr>\n",
       "        <tr>\n",
       "            <td>&nbsp;&nbsp;&nbsp;&nbsp;&nbsp;&nbsp;&nbsp;&nbsp;&nbsp;&nbsp;&nbsp;&nbsp;&nbsp;&nbsp;Group Key: l.video_id</td>\n",
       "        </tr>\n",
       "        <tr>\n",
       "            <td>&nbsp;&nbsp;&nbsp;&nbsp;&nbsp;&nbsp;&nbsp;&nbsp;&nbsp;&nbsp;&nbsp;&nbsp;&nbsp;&nbsp;Batches: 1  Memory Usage: 40kB</td>\n",
       "        </tr>\n",
       "        <tr>\n",
       "            <td>&nbsp;&nbsp;&nbsp;&nbsp;&nbsp;&nbsp;&nbsp;&nbsp;&nbsp;&nbsp;&nbsp;&nbsp;&nbsp;&nbsp;-&gt;  HashAggregate  (cost=277.27..290.38 rows=1311 width=8) (actual time=33.432..34.133 rows=60 loops=1)</td>\n",
       "        </tr>\n",
       "        <tr>\n",
       "            <td>&nbsp;&nbsp;&nbsp;&nbsp;&nbsp;&nbsp;&nbsp;&nbsp;&nbsp;&nbsp;&nbsp;&nbsp;&nbsp;&nbsp;&nbsp;&nbsp;&nbsp;&nbsp;&nbsp;&nbsp;Group Key: l.video_id, l.user_id</td>\n",
       "        </tr>\n",
       "        <tr>\n",
       "            <td>&nbsp;&nbsp;&nbsp;&nbsp;&nbsp;&nbsp;&nbsp;&nbsp;&nbsp;&nbsp;&nbsp;&nbsp;&nbsp;&nbsp;&nbsp;&nbsp;&nbsp;&nbsp;&nbsp;&nbsp;Batches: 1  Memory Usage: 73kB</td>\n",
       "        </tr>\n",
       "        <tr>\n",
       "            <td>&nbsp;&nbsp;&nbsp;&nbsp;&nbsp;&nbsp;&nbsp;&nbsp;&nbsp;&nbsp;&nbsp;&nbsp;&nbsp;&nbsp;&nbsp;&nbsp;&nbsp;&nbsp;&nbsp;&nbsp;-&gt;  Append  (cost=0.86..270.71 rows=1311 width=8) (actual time=0.085..28.005 rows=601 loops=1)</td>\n",
       "        </tr>\n",
       "        <tr>\n",
       "            <td>&nbsp;&nbsp;&nbsp;&nbsp;&nbsp;&nbsp;&nbsp;&nbsp;&nbsp;&nbsp;&nbsp;&nbsp;&nbsp;&nbsp;&nbsp;&nbsp;&nbsp;&nbsp;&nbsp;&nbsp;&nbsp;&nbsp;&nbsp;&nbsp;&nbsp;&nbsp;-&gt;  Nested Loop  (cost=0.86..83.66 rows=114 width=8) (actual time=0.068..1.847 rows=60 loops=1)</td>\n",
       "        </tr>\n",
       "        <tr>\n",
       "            <td>&nbsp;&nbsp;&nbsp;&nbsp;&nbsp;&nbsp;&nbsp;&nbsp;&nbsp;&nbsp;&nbsp;&nbsp;&nbsp;&nbsp;&nbsp;&nbsp;&nbsp;&nbsp;&nbsp;&nbsp;&nbsp;&nbsp;&nbsp;&nbsp;&nbsp;&nbsp;&nbsp;&nbsp;&nbsp;&nbsp;&nbsp;&nbsp;-&gt;  Index Scan using friend_user_id_idx on friends f  (cost=0.43..35.79 rows=10 width=4) (actual time=0.017..0.080 rows=6 loops=1)</td>\n",
       "        </tr>\n",
       "        <tr>\n",
       "            <td>&nbsp;&nbsp;&nbsp;&nbsp;&nbsp;&nbsp;&nbsp;&nbsp;&nbsp;&nbsp;&nbsp;&nbsp;&nbsp;&nbsp;&nbsp;&nbsp;&nbsp;&nbsp;&nbsp;&nbsp;&nbsp;&nbsp;&nbsp;&nbsp;&nbsp;&nbsp;&nbsp;&nbsp;&nbsp;&nbsp;&nbsp;&nbsp;&nbsp;&nbsp;&nbsp;&nbsp;&nbsp;&nbsp;Index Cond: (user_id = 1)</td>\n",
       "        </tr>\n",
       "        <tr>\n",
       "            <td>&nbsp;&nbsp;&nbsp;&nbsp;&nbsp;&nbsp;&nbsp;&nbsp;&nbsp;&nbsp;&nbsp;&nbsp;&nbsp;&nbsp;&nbsp;&nbsp;&nbsp;&nbsp;&nbsp;&nbsp;&nbsp;&nbsp;&nbsp;&nbsp;&nbsp;&nbsp;&nbsp;&nbsp;&nbsp;&nbsp;&nbsp;&nbsp;-&gt;  Index Only Scan using like_const on likes l  (cost=0.43..4.66 rows=13 width=8) (actual time=0.015..0.119 rows=10 loops=6)</td>\n",
       "        </tr>\n",
       "        <tr>\n",
       "            <td>&nbsp;&nbsp;&nbsp;&nbsp;&nbsp;&nbsp;&nbsp;&nbsp;&nbsp;&nbsp;&nbsp;&nbsp;&nbsp;&nbsp;&nbsp;&nbsp;&nbsp;&nbsp;&nbsp;&nbsp;&nbsp;&nbsp;&nbsp;&nbsp;&nbsp;&nbsp;&nbsp;&nbsp;&nbsp;&nbsp;&nbsp;&nbsp;&nbsp;&nbsp;&nbsp;&nbsp;&nbsp;&nbsp;Index Cond: (user_id = f.friend_id)</td>\n",
       "        </tr>\n",
       "        <tr>\n",
       "            <td>&nbsp;&nbsp;&nbsp;&nbsp;&nbsp;&nbsp;&nbsp;&nbsp;&nbsp;&nbsp;&nbsp;&nbsp;&nbsp;&nbsp;&nbsp;&nbsp;&nbsp;&nbsp;&nbsp;&nbsp;&nbsp;&nbsp;&nbsp;&nbsp;&nbsp;&nbsp;&nbsp;&nbsp;&nbsp;&nbsp;&nbsp;&nbsp;&nbsp;&nbsp;&nbsp;&nbsp;&nbsp;&nbsp;Heap Fetches: 0</td>\n",
       "        </tr>\n",
       "        <tr>\n",
       "            <td>&nbsp;&nbsp;&nbsp;&nbsp;&nbsp;&nbsp;&nbsp;&nbsp;&nbsp;&nbsp;&nbsp;&nbsp;&nbsp;&nbsp;&nbsp;&nbsp;&nbsp;&nbsp;&nbsp;&nbsp;&nbsp;&nbsp;&nbsp;&nbsp;&nbsp;&nbsp;-&gt;  Nested Loop  (cost=1.29..167.39 rows=1197 width=8) (actual time=0.124..16.651 rows=541 loops=1)</td>\n",
       "        </tr>\n",
       "        <tr>\n",
       "            <td>&nbsp;&nbsp;&nbsp;&nbsp;&nbsp;&nbsp;&nbsp;&nbsp;&nbsp;&nbsp;&nbsp;&nbsp;&nbsp;&nbsp;&nbsp;&nbsp;&nbsp;&nbsp;&nbsp;&nbsp;&nbsp;&nbsp;&nbsp;&nbsp;&nbsp;&nbsp;&nbsp;&nbsp;&nbsp;&nbsp;&nbsp;&nbsp;Join Filter: (f_1.friend_id = ff.user_id)</td>\n",
       "        </tr>\n",
       "        <tr>\n",
       "            <td>&nbsp;&nbsp;&nbsp;&nbsp;&nbsp;&nbsp;&nbsp;&nbsp;&nbsp;&nbsp;&nbsp;&nbsp;&nbsp;&nbsp;&nbsp;&nbsp;&nbsp;&nbsp;&nbsp;&nbsp;&nbsp;&nbsp;&nbsp;&nbsp;&nbsp;&nbsp;&nbsp;&nbsp;&nbsp;&nbsp;&nbsp;&nbsp;-&gt;  Nested Loop  (cost=0.86..83.66 rows=114 width=12) (actual time=0.054..1.728 rows=60 loops=1)</td>\n",
       "        </tr>\n",
       "        <tr>\n",
       "            <td>&nbsp;&nbsp;&nbsp;&nbsp;&nbsp;&nbsp;&nbsp;&nbsp;&nbsp;&nbsp;&nbsp;&nbsp;&nbsp;&nbsp;&nbsp;&nbsp;&nbsp;&nbsp;&nbsp;&nbsp;&nbsp;&nbsp;&nbsp;&nbsp;&nbsp;&nbsp;&nbsp;&nbsp;&nbsp;&nbsp;&nbsp;&nbsp;&nbsp;&nbsp;&nbsp;&nbsp;&nbsp;&nbsp;-&gt;  Index Scan using friend_user_id_idx on friends f_1  (cost=0.43..35.79 rows=10 width=4) (actual time=0.014..0.084 rows=6 loops=1)</td>\n",
       "        </tr>\n",
       "        <tr>\n",
       "            <td>&nbsp;&nbsp;&nbsp;&nbsp;&nbsp;&nbsp;&nbsp;&nbsp;&nbsp;&nbsp;&nbsp;&nbsp;&nbsp;&nbsp;&nbsp;&nbsp;&nbsp;&nbsp;&nbsp;&nbsp;&nbsp;&nbsp;&nbsp;&nbsp;&nbsp;&nbsp;&nbsp;&nbsp;&nbsp;&nbsp;&nbsp;&nbsp;&nbsp;&nbsp;&nbsp;&nbsp;&nbsp;&nbsp;&nbsp;&nbsp;&nbsp;&nbsp;&nbsp;&nbsp;Index Cond: (user_id = 1)</td>\n",
       "        </tr>\n",
       "        <tr>\n",
       "            <td>&nbsp;&nbsp;&nbsp;&nbsp;&nbsp;&nbsp;&nbsp;&nbsp;&nbsp;&nbsp;&nbsp;&nbsp;&nbsp;&nbsp;&nbsp;&nbsp;&nbsp;&nbsp;&nbsp;&nbsp;&nbsp;&nbsp;&nbsp;&nbsp;&nbsp;&nbsp;&nbsp;&nbsp;&nbsp;&nbsp;&nbsp;&nbsp;&nbsp;&nbsp;&nbsp;&nbsp;&nbsp;&nbsp;-&gt;  Index Only Scan using like_const on likes l_1  (cost=0.43..4.66 rows=13 width=8) (actual time=0.014..0.103 rows=10 loops=6)</td>\n",
       "        </tr>\n",
       "        <tr>\n",
       "            <td>&nbsp;&nbsp;&nbsp;&nbsp;&nbsp;&nbsp;&nbsp;&nbsp;&nbsp;&nbsp;&nbsp;&nbsp;&nbsp;&nbsp;&nbsp;&nbsp;&nbsp;&nbsp;&nbsp;&nbsp;&nbsp;&nbsp;&nbsp;&nbsp;&nbsp;&nbsp;&nbsp;&nbsp;&nbsp;&nbsp;&nbsp;&nbsp;&nbsp;&nbsp;&nbsp;&nbsp;&nbsp;&nbsp;&nbsp;&nbsp;&nbsp;&nbsp;&nbsp;&nbsp;Index Cond: (user_id = f_1.friend_id)</td>\n",
       "        </tr>\n",
       "        <tr>\n",
       "            <td>&nbsp;&nbsp;&nbsp;&nbsp;&nbsp;&nbsp;&nbsp;&nbsp;&nbsp;&nbsp;&nbsp;&nbsp;&nbsp;&nbsp;&nbsp;&nbsp;&nbsp;&nbsp;&nbsp;&nbsp;&nbsp;&nbsp;&nbsp;&nbsp;&nbsp;&nbsp;&nbsp;&nbsp;&nbsp;&nbsp;&nbsp;&nbsp;&nbsp;&nbsp;&nbsp;&nbsp;&nbsp;&nbsp;&nbsp;&nbsp;&nbsp;&nbsp;&nbsp;&nbsp;Heap Fetches: 0</td>\n",
       "        </tr>\n",
       "        <tr>\n",
       "            <td>&nbsp;&nbsp;&nbsp;&nbsp;&nbsp;&nbsp;&nbsp;&nbsp;&nbsp;&nbsp;&nbsp;&nbsp;&nbsp;&nbsp;&nbsp;&nbsp;&nbsp;&nbsp;&nbsp;&nbsp;&nbsp;&nbsp;&nbsp;&nbsp;&nbsp;&nbsp;&nbsp;&nbsp;&nbsp;&nbsp;&nbsp;&nbsp;-&gt;  Index Only Scan using friend_user_id_idx on friends ff  (cost=0.43..0.61 rows=10 width=4) (actual time=0.014..0.088 rows=9 loops=60)</td>\n",
       "        </tr>\n",
       "        <tr>\n",
       "            <td>&nbsp;&nbsp;&nbsp;&nbsp;&nbsp;&nbsp;&nbsp;&nbsp;&nbsp;&nbsp;&nbsp;&nbsp;&nbsp;&nbsp;&nbsp;&nbsp;&nbsp;&nbsp;&nbsp;&nbsp;&nbsp;&nbsp;&nbsp;&nbsp;&nbsp;&nbsp;&nbsp;&nbsp;&nbsp;&nbsp;&nbsp;&nbsp;&nbsp;&nbsp;&nbsp;&nbsp;&nbsp;&nbsp;Index Cond: (user_id = l_1.user_id)</td>\n",
       "        </tr>\n",
       "        <tr>\n",
       "            <td>&nbsp;&nbsp;&nbsp;&nbsp;&nbsp;&nbsp;&nbsp;&nbsp;&nbsp;&nbsp;&nbsp;&nbsp;&nbsp;&nbsp;&nbsp;&nbsp;&nbsp;&nbsp;&nbsp;&nbsp;&nbsp;&nbsp;&nbsp;&nbsp;&nbsp;&nbsp;&nbsp;&nbsp;&nbsp;&nbsp;&nbsp;&nbsp;&nbsp;&nbsp;&nbsp;&nbsp;&nbsp;&nbsp;Heap Fetches: 0</td>\n",
       "        </tr>\n",
       "        <tr>\n",
       "            <td>Planning Time: 0.644 ms</td>\n",
       "        </tr>\n",
       "        <tr>\n",
       "            <td>Execution Time: 36.385 ms</td>\n",
       "        </tr>\n",
       "    </tbody>\n",
       "</table>"
      ],
      "text/plain": [
       "[('Limit  (cost=316.37..316.39 rows=10 width=12) (actual time=35.682..36.215 rows=10 loops=1)',),\n",
       " ('  ->  Sort  (cost=316.37..316.87 rows=200 width=12) (actual time=35.665..35.992 rows=10 loops=1)',),\n",
       " ('        Sort Key: (count(*)) DESC',),\n",
       " ('        Sort Method: top-N heapsort  Memory: 25kB',),\n",
       " ('        ->  HashAggregate  (cost=310.04..312.04 rows=200 width=12) (actual time=34.596..35.315 rows=60 loops=1)',),\n",
       " ('              Group Key: l.video_id',),\n",
       " ('              Batches: 1  Memory Usage: 40kB',),\n",
       " ('              ->  HashAggregate  (cost=277.27..290.38 rows=1311 width=8) (actual time=33.432..34.133 rows=60 loops=1)',),\n",
       " ('                    Group Key: l.video_id, l.user_id',),\n",
       " ('                    Batches: 1  Memory Usage: 73kB',),\n",
       " ('                    ->  Append  (cost=0.86..270.71 rows=1311 width=8) (actual time=0.085..28.005 rows=601 loops=1)',),\n",
       " ('                          ->  Nested Loop  (cost=0.86..83.66 rows=114 width=8) (actual time=0.068..1.847 rows=60 loops=1)',),\n",
       " ('                                ->  Index Scan using friend_user_id_idx on friends f  (cost=0.43..35.79 rows=10 width=4) (actual time=0.017..0.080 rows=6 loops=1)',),\n",
       " ('                                      Index Cond: (user_id = 1)',),\n",
       " ('                                ->  Index Only Scan using like_const on likes l  (cost=0.43..4.66 rows=13 width=8) (actual time=0.015..0.119 rows=10 loops=6)',),\n",
       " ('                                      Index Cond: (user_id = f.friend_id)',),\n",
       " ('                                      Heap Fetches: 0',),\n",
       " ('                          ->  Nested Loop  (cost=1.29..167.39 rows=1197 width=8) (actual time=0.124..16.651 rows=541 loops=1)',),\n",
       " ('                                Join Filter: (f_1.friend_id = ff.user_id)',),\n",
       " ('                                ->  Nested Loop  (cost=0.86..83.66 rows=114 width=12) (actual time=0.054..1.728 rows=60 loops=1)',),\n",
       " ('                                      ->  Index Scan using friend_user_id_idx on friends f_1  (cost=0.43..35.79 rows=10 width=4) (actual time=0.014..0.084 rows=6 loops=1)',),\n",
       " ('                                            Index Cond: (user_id = 1)',),\n",
       " ('                                      ->  Index Only Scan using like_const on likes l_1  (cost=0.43..4.66 rows=13 width=8) (actual time=0.014..0.103 rows=10 loops=6)',),\n",
       " ('                                            Index Cond: (user_id = f_1.friend_id)',),\n",
       " ('                                            Heap Fetches: 0',),\n",
       " ('                                ->  Index Only Scan using friend_user_id_idx on friends ff  (cost=0.43..0.61 rows=10 width=4) (actual time=0.014..0.088 rows=9 loops=60)',),\n",
       " ('                                      Index Cond: (user_id = l_1.user_id)',),\n",
       " ('                                      Heap Fetches: 0',),\n",
       " ('Planning Time: 0.644 ms',),\n",
       " ('Execution Time: 36.385 ms',)]"
      ]
     },
     "execution_count": 14,
     "metadata": {},
     "output_type": "execute_result"
    }
   ],
   "source": [
    "%%sql\n",
    "EXPLAIN ANALYZE\n",
    "SELECT l.vl, COUNT(*)\n",
    "FROM\n",
    "\n",
    "     (SELECT l.video_id AS vl, l.user_id AS ul \n",
    "      FROM cats.friends f, cats.likes l \n",
    "      WHERE f.user_id=1 AND f.friend_id=l.user_id \n",
    "\n",
    "      UNION\n",
    "\n",
    "      SELECT l.video_id AS vl, l.user_id AS ul \n",
    "      FROM cats.friends f, cats.friends ff, cats.likes l \n",
    "      WHERE f.user_id=1 AND f.friend_id=ff.user_id AND ff.user_id=l.user_id\n",
    "     ) AS l\n",
    "\n",
    "GROUP BY l.vl\n",
    "ORDER BY COUNT(*) DESC \n",
    "LIMIT 10"
   ]
  },
  {
   "cell_type": "markdown",
   "metadata": {},
   "source": [
    ">#### Analyze"
   ]
  },
  {
   "cell_type": "markdown",
   "metadata": {},
   "source": [
    "## Index \"friend_user_id_idx\" reduced the execution time from 9446ms to 36.39ms. Seq Scan on friends table was replaced by Index Scan."
   ]
  },
  {
   "cell_type": "markdown",
   "metadata": {},
   "source": [
    "<br/><br/>"
   ]
  },
  {
   "cell_type": "markdown",
   "metadata": {},
   "source": [
    "# Query 4 indexing"
   ]
  },
  {
   "cell_type": "code",
   "execution_count": 49,
   "metadata": {},
   "outputs": [],
   "source": [
    "#query 4\n",
    "query4 = \"\"\"SELECT l.video_id, COUNT(*) \n",
    "            FROM cats.likes l\n",
    "            WHERE l.user_id \n",
    "            IN \n",
    "                (SELECT lb.user_id \n",
    "                 FROM cats.likes la, cats.likes lb \n",
    "                 WHERE la.user_id=1 AND la.video_id=lb.video_id\n",
    "                ) \n",
    "            GROUP BY l.video_id\n",
    "            ORDER BY COUNT(*) DESC \n",
    "            LIMIT 10\"\"\"\n",
    "\n",
    "result4 = query_to_df(conn, query4, [\"video_id\",\"likes_count\"])\n",
    "result4.to_csv(\"cats_query4_res.csv\", index=False)"
   ]
  },
  {
   "cell_type": "code",
   "execution_count": 50,
   "metadata": {
    "scrolled": true
   },
   "outputs": [
    {
     "data": {
      "text/html": [
       "<div>\n",
       "<style scoped>\n",
       "    .dataframe tbody tr th:only-of-type {\n",
       "        vertical-align: middle;\n",
       "    }\n",
       "\n",
       "    .dataframe tbody tr th {\n",
       "        vertical-align: top;\n",
       "    }\n",
       "\n",
       "    .dataframe thead th {\n",
       "        text-align: right;\n",
       "    }\n",
       "</style>\n",
       "<table border=\"1\" class=\"dataframe\">\n",
       "  <thead>\n",
       "    <tr style=\"text-align: right;\">\n",
       "      <th></th>\n",
       "      <th>0</th>\n",
       "      <th>1</th>\n",
       "      <th>2</th>\n",
       "      <th>3</th>\n",
       "      <th>4</th>\n",
       "      <th>5</th>\n",
       "      <th>6</th>\n",
       "      <th>7</th>\n",
       "      <th>8</th>\n",
       "      <th>9</th>\n",
       "    </tr>\n",
       "  </thead>\n",
       "  <tbody>\n",
       "    <tr>\n",
       "      <th>video_id</th>\n",
       "      <td>533261</td>\n",
       "      <td>242696</td>\n",
       "      <td>369447</td>\n",
       "      <td>286557</td>\n",
       "      <td>736628</td>\n",
       "      <td>232267</td>\n",
       "      <td>339117</td>\n",
       "      <td>243889</td>\n",
       "      <td>93818</td>\n",
       "      <td>279828</td>\n",
       "    </tr>\n",
       "    <tr>\n",
       "      <th>likes_count</th>\n",
       "      <td>7</td>\n",
       "      <td>6</td>\n",
       "      <td>6</td>\n",
       "      <td>5</td>\n",
       "      <td>5</td>\n",
       "      <td>5</td>\n",
       "      <td>4</td>\n",
       "      <td>4</td>\n",
       "      <td>4</td>\n",
       "      <td>4</td>\n",
       "    </tr>\n",
       "  </tbody>\n",
       "</table>\n",
       "</div>"
      ],
      "text/plain": [
       "                  0       1       2       3       4       5       6       7  \\\n",
       "video_id     533261  242696  369447  286557  736628  232267  339117  243889   \n",
       "likes_count       7       6       6       5       5       5       4       4   \n",
       "\n",
       "                 8       9  \n",
       "video_id     93818  279828  \n",
       "likes_count      4       4  "
      ]
     },
     "execution_count": 50,
     "metadata": {},
     "output_type": "execute_result"
    }
   ],
   "source": [
    "res4 = pd.read_csv(\"cats_query4_res.csv\")\n",
    "res4.T"
   ]
  },
  {
   "cell_type": "markdown",
   "metadata": {},
   "source": [
    ">#### QUERY PLAN without index"
   ]
  },
  {
   "cell_type": "code",
   "execution_count": 8,
   "metadata": {
    "scrolled": false
   },
   "outputs": [
    {
     "name": "stdout",
     "output_type": "stream",
     "text": [
      " * postgresql://postgres:***@localhost/postgres\n",
      "29 rows affected.\n"
     ]
    },
    {
     "data": {
      "text/html": [
       "<table>\n",
       "    <thead>\n",
       "        <tr>\n",
       "            <th>QUERY PLAN</th>\n",
       "        </tr>\n",
       "    </thead>\n",
       "    <tbody>\n",
       "        <tr>\n",
       "            <td>Limit  (cost=30510.81..30510.83 rows=10 width=12) (actual time=36.739..40.855 rows=0 loops=1)</td>\n",
       "        </tr>\n",
       "        <tr>\n",
       "            <td>&nbsp;&nbsp;-&gt;  Sort  (cost=30510.81..30512.29 rows=594 width=12) (actual time=36.723..40.821 rows=0 loops=1)</td>\n",
       "        </tr>\n",
       "        <tr>\n",
       "            <td>&nbsp;&nbsp;&nbsp;&nbsp;&nbsp;&nbsp;&nbsp;&nbsp;Sort Key: (count(*)) DESC</td>\n",
       "        </tr>\n",
       "        <tr>\n",
       "            <td>&nbsp;&nbsp;&nbsp;&nbsp;&nbsp;&nbsp;&nbsp;&nbsp;Sort Method: quicksort  Memory: 25kB</td>\n",
       "        </tr>\n",
       "        <tr>\n",
       "            <td>&nbsp;&nbsp;&nbsp;&nbsp;&nbsp;&nbsp;&nbsp;&nbsp;-&gt;  GroupAggregate  (cost=30487.58..30497.97 rows=594 width=12) (actual time=36.704..40.788 rows=0 loops=1)</td>\n",
       "        </tr>\n",
       "        <tr>\n",
       "            <td>&nbsp;&nbsp;&nbsp;&nbsp;&nbsp;&nbsp;&nbsp;&nbsp;&nbsp;&nbsp;&nbsp;&nbsp;&nbsp;&nbsp;Group Key: l.video_id</td>\n",
       "        </tr>\n",
       "        <tr>\n",
       "            <td>&nbsp;&nbsp;&nbsp;&nbsp;&nbsp;&nbsp;&nbsp;&nbsp;&nbsp;&nbsp;&nbsp;&nbsp;&nbsp;&nbsp;-&gt;  Sort  (cost=30487.58..30489.06 rows=594 width=4) (actual time=36.689..40.757 rows=0 loops=1)</td>\n",
       "        </tr>\n",
       "        <tr>\n",
       "            <td>&nbsp;&nbsp;&nbsp;&nbsp;&nbsp;&nbsp;&nbsp;&nbsp;&nbsp;&nbsp;&nbsp;&nbsp;&nbsp;&nbsp;&nbsp;&nbsp;&nbsp;&nbsp;&nbsp;&nbsp;Sort Key: l.video_id</td>\n",
       "        </tr>\n",
       "        <tr>\n",
       "            <td>&nbsp;&nbsp;&nbsp;&nbsp;&nbsp;&nbsp;&nbsp;&nbsp;&nbsp;&nbsp;&nbsp;&nbsp;&nbsp;&nbsp;&nbsp;&nbsp;&nbsp;&nbsp;&nbsp;&nbsp;Sort Method: quicksort  Memory: 25kB</td>\n",
       "        </tr>\n",
       "        <tr>\n",
       "            <td>&nbsp;&nbsp;&nbsp;&nbsp;&nbsp;&nbsp;&nbsp;&nbsp;&nbsp;&nbsp;&nbsp;&nbsp;&nbsp;&nbsp;&nbsp;&nbsp;&nbsp;&nbsp;&nbsp;&nbsp;-&gt;  Nested Loop  (cost=30419.04..30460.21 rows=594 width=4) (actual time=36.670..40.725 rows=0 loops=1)</td>\n",
       "        </tr>\n",
       "        <tr>\n",
       "            <td>&nbsp;&nbsp;&nbsp;&nbsp;&nbsp;&nbsp;&nbsp;&nbsp;&nbsp;&nbsp;&nbsp;&nbsp;&nbsp;&nbsp;&nbsp;&nbsp;&nbsp;&nbsp;&nbsp;&nbsp;&nbsp;&nbsp;&nbsp;&nbsp;&nbsp;&nbsp;-&gt;  HashAggregate  (cost=30418.61..30419.05 rows=44 width=4) (actual time=36.655..40.693 rows=0 loops=1)</td>\n",
       "        </tr>\n",
       "        <tr>\n",
       "            <td>&nbsp;&nbsp;&nbsp;&nbsp;&nbsp;&nbsp;&nbsp;&nbsp;&nbsp;&nbsp;&nbsp;&nbsp;&nbsp;&nbsp;&nbsp;&nbsp;&nbsp;&nbsp;&nbsp;&nbsp;&nbsp;&nbsp;&nbsp;&nbsp;&nbsp;&nbsp;&nbsp;&nbsp;&nbsp;&nbsp;&nbsp;&nbsp;Group Key: lb.user_id</td>\n",
       "        </tr>\n",
       "        <tr>\n",
       "            <td>&nbsp;&nbsp;&nbsp;&nbsp;&nbsp;&nbsp;&nbsp;&nbsp;&nbsp;&nbsp;&nbsp;&nbsp;&nbsp;&nbsp;&nbsp;&nbsp;&nbsp;&nbsp;&nbsp;&nbsp;&nbsp;&nbsp;&nbsp;&nbsp;&nbsp;&nbsp;&nbsp;&nbsp;&nbsp;&nbsp;&nbsp;&nbsp;Batches: 1  Memory Usage: 24kB</td>\n",
       "        </tr>\n",
       "        <tr>\n",
       "            <td>&nbsp;&nbsp;&nbsp;&nbsp;&nbsp;&nbsp;&nbsp;&nbsp;&nbsp;&nbsp;&nbsp;&nbsp;&nbsp;&nbsp;&nbsp;&nbsp;&nbsp;&nbsp;&nbsp;&nbsp;&nbsp;&nbsp;&nbsp;&nbsp;&nbsp;&nbsp;&nbsp;&nbsp;&nbsp;&nbsp;&nbsp;&nbsp;-&gt;  Gather  (cost=1004.82..30418.50 rows=44 width=4) (actual time=36.637..40.660 rows=0 loops=1)</td>\n",
       "        </tr>\n",
       "        <tr>\n",
       "            <td>&nbsp;&nbsp;&nbsp;&nbsp;&nbsp;&nbsp;&nbsp;&nbsp;&nbsp;&nbsp;&nbsp;&nbsp;&nbsp;&nbsp;&nbsp;&nbsp;&nbsp;&nbsp;&nbsp;&nbsp;&nbsp;&nbsp;&nbsp;&nbsp;&nbsp;&nbsp;&nbsp;&nbsp;&nbsp;&nbsp;&nbsp;&nbsp;&nbsp;&nbsp;&nbsp;&nbsp;&nbsp;&nbsp;Workers Planned: 2</td>\n",
       "        </tr>\n",
       "        <tr>\n",
       "            <td>&nbsp;&nbsp;&nbsp;&nbsp;&nbsp;&nbsp;&nbsp;&nbsp;&nbsp;&nbsp;&nbsp;&nbsp;&nbsp;&nbsp;&nbsp;&nbsp;&nbsp;&nbsp;&nbsp;&nbsp;&nbsp;&nbsp;&nbsp;&nbsp;&nbsp;&nbsp;&nbsp;&nbsp;&nbsp;&nbsp;&nbsp;&nbsp;&nbsp;&nbsp;&nbsp;&nbsp;&nbsp;&nbsp;Workers Launched: 2</td>\n",
       "        </tr>\n",
       "        <tr>\n",
       "            <td>&nbsp;&nbsp;&nbsp;&nbsp;&nbsp;&nbsp;&nbsp;&nbsp;&nbsp;&nbsp;&nbsp;&nbsp;&nbsp;&nbsp;&nbsp;&nbsp;&nbsp;&nbsp;&nbsp;&nbsp;&nbsp;&nbsp;&nbsp;&nbsp;&nbsp;&nbsp;&nbsp;&nbsp;&nbsp;&nbsp;&nbsp;&nbsp;&nbsp;&nbsp;&nbsp;&nbsp;&nbsp;&nbsp;-&gt;  Hash Join  (cost=4.82..29414.10 rows=18 width=4) (actual time=0.154..0.250 rows=0 loops=3)</td>\n",
       "        </tr>\n",
       "        <tr>\n",
       "            <td>&nbsp;&nbsp;&nbsp;&nbsp;&nbsp;&nbsp;&nbsp;&nbsp;&nbsp;&nbsp;&nbsp;&nbsp;&nbsp;&nbsp;&nbsp;&nbsp;&nbsp;&nbsp;&nbsp;&nbsp;&nbsp;&nbsp;&nbsp;&nbsp;&nbsp;&nbsp;&nbsp;&nbsp;&nbsp;&nbsp;&nbsp;&nbsp;&nbsp;&nbsp;&nbsp;&nbsp;&nbsp;&nbsp;&nbsp;&nbsp;&nbsp;&nbsp;&nbsp;&nbsp;Hash Cond: (lb.video_id = la.video_id)</td>\n",
       "        </tr>\n",
       "        <tr>\n",
       "            <td>&nbsp;&nbsp;&nbsp;&nbsp;&nbsp;&nbsp;&nbsp;&nbsp;&nbsp;&nbsp;&nbsp;&nbsp;&nbsp;&nbsp;&nbsp;&nbsp;&nbsp;&nbsp;&nbsp;&nbsp;&nbsp;&nbsp;&nbsp;&nbsp;&nbsp;&nbsp;&nbsp;&nbsp;&nbsp;&nbsp;&nbsp;&nbsp;&nbsp;&nbsp;&nbsp;&nbsp;&nbsp;&nbsp;&nbsp;&nbsp;&nbsp;&nbsp;&nbsp;&nbsp;-&gt;  Parallel Seq Scan on likes lb  (cost=0.00..26643.45 rows=1053645 width=8) (actual time=0.035..0.042 rows=1 loops=3)</td>\n",
       "        </tr>\n",
       "        <tr>\n",
       "            <td>&nbsp;&nbsp;&nbsp;&nbsp;&nbsp;&nbsp;&nbsp;&nbsp;&nbsp;&nbsp;&nbsp;&nbsp;&nbsp;&nbsp;&nbsp;&nbsp;&nbsp;&nbsp;&nbsp;&nbsp;&nbsp;&nbsp;&nbsp;&nbsp;&nbsp;&nbsp;&nbsp;&nbsp;&nbsp;&nbsp;&nbsp;&nbsp;&nbsp;&nbsp;&nbsp;&nbsp;&nbsp;&nbsp;&nbsp;&nbsp;&nbsp;&nbsp;&nbsp;&nbsp;-&gt;  Hash  (cost=4.66..4.66 rows=13 width=4) (actual time=0.036..0.102 rows=0 loops=3)</td>\n",
       "        </tr>\n",
       "        <tr>\n",
       "            <td>&nbsp;&nbsp;&nbsp;&nbsp;&nbsp;&nbsp;&nbsp;&nbsp;&nbsp;&nbsp;&nbsp;&nbsp;&nbsp;&nbsp;&nbsp;&nbsp;&nbsp;&nbsp;&nbsp;&nbsp;&nbsp;&nbsp;&nbsp;&nbsp;&nbsp;&nbsp;&nbsp;&nbsp;&nbsp;&nbsp;&nbsp;&nbsp;&nbsp;&nbsp;&nbsp;&nbsp;&nbsp;&nbsp;&nbsp;&nbsp;&nbsp;&nbsp;&nbsp;&nbsp;&nbsp;&nbsp;&nbsp;&nbsp;&nbsp;&nbsp;Buckets: 1024  Batches: 1  Memory Usage: 8kB</td>\n",
       "        </tr>\n",
       "        <tr>\n",
       "            <td>&nbsp;&nbsp;&nbsp;&nbsp;&nbsp;&nbsp;&nbsp;&nbsp;&nbsp;&nbsp;&nbsp;&nbsp;&nbsp;&nbsp;&nbsp;&nbsp;&nbsp;&nbsp;&nbsp;&nbsp;&nbsp;&nbsp;&nbsp;&nbsp;&nbsp;&nbsp;&nbsp;&nbsp;&nbsp;&nbsp;&nbsp;&nbsp;&nbsp;&nbsp;&nbsp;&nbsp;&nbsp;&nbsp;&nbsp;&nbsp;&nbsp;&nbsp;&nbsp;&nbsp;&nbsp;&nbsp;&nbsp;&nbsp;&nbsp;&nbsp;-&gt;  Index Only Scan using like_const on likes la  (cost=0.43..4.66 rows=13 width=4) (actual time=0.021..0.028 rows=0 loops=3)</td>\n",
       "        </tr>\n",
       "        <tr>\n",
       "            <td>&nbsp;&nbsp;&nbsp;&nbsp;&nbsp;&nbsp;&nbsp;&nbsp;&nbsp;&nbsp;&nbsp;&nbsp;&nbsp;&nbsp;&nbsp;&nbsp;&nbsp;&nbsp;&nbsp;&nbsp;&nbsp;&nbsp;&nbsp;&nbsp;&nbsp;&nbsp;&nbsp;&nbsp;&nbsp;&nbsp;&nbsp;&nbsp;&nbsp;&nbsp;&nbsp;&nbsp;&nbsp;&nbsp;&nbsp;&nbsp;&nbsp;&nbsp;&nbsp;&nbsp;&nbsp;&nbsp;&nbsp;&nbsp;&nbsp;&nbsp;&nbsp;&nbsp;&nbsp;&nbsp;&nbsp;&nbsp;Index Cond: (user_id = 500000)</td>\n",
       "        </tr>\n",
       "        <tr>\n",
       "            <td>&nbsp;&nbsp;&nbsp;&nbsp;&nbsp;&nbsp;&nbsp;&nbsp;&nbsp;&nbsp;&nbsp;&nbsp;&nbsp;&nbsp;&nbsp;&nbsp;&nbsp;&nbsp;&nbsp;&nbsp;&nbsp;&nbsp;&nbsp;&nbsp;&nbsp;&nbsp;&nbsp;&nbsp;&nbsp;&nbsp;&nbsp;&nbsp;&nbsp;&nbsp;&nbsp;&nbsp;&nbsp;&nbsp;&nbsp;&nbsp;&nbsp;&nbsp;&nbsp;&nbsp;&nbsp;&nbsp;&nbsp;&nbsp;&nbsp;&nbsp;&nbsp;&nbsp;&nbsp;&nbsp;&nbsp;&nbsp;Heap Fetches: 0</td>\n",
       "        </tr>\n",
       "        <tr>\n",
       "            <td>&nbsp;&nbsp;&nbsp;&nbsp;&nbsp;&nbsp;&nbsp;&nbsp;&nbsp;&nbsp;&nbsp;&nbsp;&nbsp;&nbsp;&nbsp;&nbsp;&nbsp;&nbsp;&nbsp;&nbsp;&nbsp;&nbsp;&nbsp;&nbsp;&nbsp;&nbsp;-&gt;  Index Only Scan using like_const on likes l  (cost=0.43..0.81 rows=13 width=8) (never executed)</td>\n",
       "        </tr>\n",
       "        <tr>\n",
       "            <td>&nbsp;&nbsp;&nbsp;&nbsp;&nbsp;&nbsp;&nbsp;&nbsp;&nbsp;&nbsp;&nbsp;&nbsp;&nbsp;&nbsp;&nbsp;&nbsp;&nbsp;&nbsp;&nbsp;&nbsp;&nbsp;&nbsp;&nbsp;&nbsp;&nbsp;&nbsp;&nbsp;&nbsp;&nbsp;&nbsp;&nbsp;&nbsp;Index Cond: (user_id = lb.user_id)</td>\n",
       "        </tr>\n",
       "        <tr>\n",
       "            <td>&nbsp;&nbsp;&nbsp;&nbsp;&nbsp;&nbsp;&nbsp;&nbsp;&nbsp;&nbsp;&nbsp;&nbsp;&nbsp;&nbsp;&nbsp;&nbsp;&nbsp;&nbsp;&nbsp;&nbsp;&nbsp;&nbsp;&nbsp;&nbsp;&nbsp;&nbsp;&nbsp;&nbsp;&nbsp;&nbsp;&nbsp;&nbsp;Heap Fetches: 0</td>\n",
       "        </tr>\n",
       "        <tr>\n",
       "            <td>Planning Time: 0.312 ms</td>\n",
       "        </tr>\n",
       "        <tr>\n",
       "            <td>Execution Time: 40.940 ms</td>\n",
       "        </tr>\n",
       "    </tbody>\n",
       "</table>"
      ],
      "text/plain": [
       "[('Limit  (cost=30510.81..30510.83 rows=10 width=12) (actual time=36.739..40.855 rows=0 loops=1)',),\n",
       " ('  ->  Sort  (cost=30510.81..30512.29 rows=594 width=12) (actual time=36.723..40.821 rows=0 loops=1)',),\n",
       " ('        Sort Key: (count(*)) DESC',),\n",
       " ('        Sort Method: quicksort  Memory: 25kB',),\n",
       " ('        ->  GroupAggregate  (cost=30487.58..30497.97 rows=594 width=12) (actual time=36.704..40.788 rows=0 loops=1)',),\n",
       " ('              Group Key: l.video_id',),\n",
       " ('              ->  Sort  (cost=30487.58..30489.06 rows=594 width=4) (actual time=36.689..40.757 rows=0 loops=1)',),\n",
       " ('                    Sort Key: l.video_id',),\n",
       " ('                    Sort Method: quicksort  Memory: 25kB',),\n",
       " ('                    ->  Nested Loop  (cost=30419.04..30460.21 rows=594 width=4) (actual time=36.670..40.725 rows=0 loops=1)',),\n",
       " ('                          ->  HashAggregate  (cost=30418.61..30419.05 rows=44 width=4) (actual time=36.655..40.693 rows=0 loops=1)',),\n",
       " ('                                Group Key: lb.user_id',),\n",
       " ('                                Batches: 1  Memory Usage: 24kB',),\n",
       " ('                                ->  Gather  (cost=1004.82..30418.50 rows=44 width=4) (actual time=36.637..40.660 rows=0 loops=1)',),\n",
       " ('                                      Workers Planned: 2',),\n",
       " ('                                      Workers Launched: 2',),\n",
       " ('                                      ->  Hash Join  (cost=4.82..29414.10 rows=18 width=4) (actual time=0.154..0.250 rows=0 loops=3)',),\n",
       " ('                                            Hash Cond: (lb.video_id = la.video_id)',),\n",
       " ('                                            ->  Parallel Seq Scan on likes lb  (cost=0.00..26643.45 rows=1053645 width=8) (actual time=0.035..0.042 rows=1 loops=3)',),\n",
       " ('                                            ->  Hash  (cost=4.66..4.66 rows=13 width=4) (actual time=0.036..0.102 rows=0 loops=3)',),\n",
       " ('                                                  Buckets: 1024  Batches: 1  Memory Usage: 8kB',),\n",
       " ('                                                  ->  Index Only Scan using like_const on likes la  (cost=0.43..4.66 rows=13 width=4) (actual time=0.021..0.028 rows=0 loops=3)',),\n",
       " ('                                                        Index Cond: (user_id = 500000)',),\n",
       " ('                                                        Heap Fetches: 0',),\n",
       " ('                          ->  Index Only Scan using like_const on likes l  (cost=0.43..0.81 rows=13 width=8) (never executed)',),\n",
       " ('                                Index Cond: (user_id = lb.user_id)',),\n",
       " ('                                Heap Fetches: 0',),\n",
       " ('Planning Time: 0.312 ms',),\n",
       " ('Execution Time: 40.940 ms',)]"
      ]
     },
     "execution_count": 8,
     "metadata": {},
     "output_type": "execute_result"
    }
   ],
   "source": [
    "%%sql\n",
    "EXPLAIN ANALYZE\n",
    "SELECT l.video_id, COUNT(*) \n",
    "FROM cats.likes l\n",
    "WHERE l.user_id \n",
    "IN \n",
    "    (SELECT lb.user_id \n",
    "     FROM cats.likes la, cats.likes lb \n",
    "     WHERE la.user_id=500000 AND la.video_id=lb.video_id\n",
    "    ) \n",
    "GROUP BY l.video_id\n",
    "ORDER BY COUNT(*) DESC \n",
    "LIMIT 10"
   ]
  },
  {
   "cell_type": "markdown",
   "metadata": {},
   "source": [
    "#### Seq scan exists on user_id in table likes."
   ]
  },
  {
   "cell_type": "markdown",
   "metadata": {},
   "source": [
    "## Create index on user_id in likes table"
   ]
  },
  {
   "cell_type": "code",
   "execution_count": 17,
   "metadata": {
    "scrolled": true
   },
   "outputs": [
    {
     "name": "stdout",
     "output_type": "stream",
     "text": [
      " * postgresql://postgres:***@localhost/postgres\n",
      "Done.\n"
     ]
    },
    {
     "data": {
      "text/plain": [
       "[]"
      ]
     },
     "execution_count": 17,
     "metadata": {},
     "output_type": "execute_result"
    }
   ],
   "source": [
    "%%sql\n",
    "CREATE INDEX like_user_id_idx ON cats.likes(user_id);"
   ]
  },
  {
   "cell_type": "markdown",
   "metadata": {},
   "source": [
    ">#### QUERY PLAN with index"
   ]
  },
  {
   "cell_type": "code",
   "execution_count": 18,
   "metadata": {
    "scrolled": false
   },
   "outputs": [
    {
     "name": "stdout",
     "output_type": "stream",
     "text": [
      " * postgresql://postgres:***@localhost/postgres\n",
      "29 rows affected.\n"
     ]
    },
    {
     "data": {
      "text/html": [
       "<table>\n",
       "    <thead>\n",
       "        <tr>\n",
       "            <th>QUERY PLAN</th>\n",
       "        </tr>\n",
       "    </thead>\n",
       "    <tbody>\n",
       "        <tr>\n",
       "            <td>Limit  (cost=30510.81..30510.83 rows=10 width=12) (actual time=36.026..40.666 rows=0 loops=1)</td>\n",
       "        </tr>\n",
       "        <tr>\n",
       "            <td>&nbsp;&nbsp;-&gt;  Sort  (cost=30510.81..30512.29 rows=594 width=12) (actual time=36.010..40.635 rows=0 loops=1)</td>\n",
       "        </tr>\n",
       "        <tr>\n",
       "            <td>&nbsp;&nbsp;&nbsp;&nbsp;&nbsp;&nbsp;&nbsp;&nbsp;Sort Key: (count(*)) DESC</td>\n",
       "        </tr>\n",
       "        <tr>\n",
       "            <td>&nbsp;&nbsp;&nbsp;&nbsp;&nbsp;&nbsp;&nbsp;&nbsp;Sort Method: quicksort  Memory: 25kB</td>\n",
       "        </tr>\n",
       "        <tr>\n",
       "            <td>&nbsp;&nbsp;&nbsp;&nbsp;&nbsp;&nbsp;&nbsp;&nbsp;-&gt;  GroupAggregate  (cost=30487.58..30497.97 rows=594 width=12) (actual time=35.991..40.582 rows=0 loops=1)</td>\n",
       "        </tr>\n",
       "        <tr>\n",
       "            <td>&nbsp;&nbsp;&nbsp;&nbsp;&nbsp;&nbsp;&nbsp;&nbsp;&nbsp;&nbsp;&nbsp;&nbsp;&nbsp;&nbsp;Group Key: l.video_id</td>\n",
       "        </tr>\n",
       "        <tr>\n",
       "            <td>&nbsp;&nbsp;&nbsp;&nbsp;&nbsp;&nbsp;&nbsp;&nbsp;&nbsp;&nbsp;&nbsp;&nbsp;&nbsp;&nbsp;-&gt;  Sort  (cost=30487.58..30489.06 rows=594 width=4) (actual time=35.975..40.546 rows=0 loops=1)</td>\n",
       "        </tr>\n",
       "        <tr>\n",
       "            <td>&nbsp;&nbsp;&nbsp;&nbsp;&nbsp;&nbsp;&nbsp;&nbsp;&nbsp;&nbsp;&nbsp;&nbsp;&nbsp;&nbsp;&nbsp;&nbsp;&nbsp;&nbsp;&nbsp;&nbsp;Sort Key: l.video_id</td>\n",
       "        </tr>\n",
       "        <tr>\n",
       "            <td>&nbsp;&nbsp;&nbsp;&nbsp;&nbsp;&nbsp;&nbsp;&nbsp;&nbsp;&nbsp;&nbsp;&nbsp;&nbsp;&nbsp;&nbsp;&nbsp;&nbsp;&nbsp;&nbsp;&nbsp;Sort Method: quicksort  Memory: 25kB</td>\n",
       "        </tr>\n",
       "        <tr>\n",
       "            <td>&nbsp;&nbsp;&nbsp;&nbsp;&nbsp;&nbsp;&nbsp;&nbsp;&nbsp;&nbsp;&nbsp;&nbsp;&nbsp;&nbsp;&nbsp;&nbsp;&nbsp;&nbsp;&nbsp;&nbsp;-&gt;  Nested Loop  (cost=30419.04..30460.21 rows=594 width=4) (actual time=35.957..40.500 rows=0 loops=1)</td>\n",
       "        </tr>\n",
       "        <tr>\n",
       "            <td>&nbsp;&nbsp;&nbsp;&nbsp;&nbsp;&nbsp;&nbsp;&nbsp;&nbsp;&nbsp;&nbsp;&nbsp;&nbsp;&nbsp;&nbsp;&nbsp;&nbsp;&nbsp;&nbsp;&nbsp;&nbsp;&nbsp;&nbsp;&nbsp;&nbsp;&nbsp;-&gt;  HashAggregate  (cost=30418.61..30419.05 rows=44 width=4) (actual time=35.942..40.470 rows=0 loops=1)</td>\n",
       "        </tr>\n",
       "        <tr>\n",
       "            <td>&nbsp;&nbsp;&nbsp;&nbsp;&nbsp;&nbsp;&nbsp;&nbsp;&nbsp;&nbsp;&nbsp;&nbsp;&nbsp;&nbsp;&nbsp;&nbsp;&nbsp;&nbsp;&nbsp;&nbsp;&nbsp;&nbsp;&nbsp;&nbsp;&nbsp;&nbsp;&nbsp;&nbsp;&nbsp;&nbsp;&nbsp;&nbsp;Group Key: lb.user_id</td>\n",
       "        </tr>\n",
       "        <tr>\n",
       "            <td>&nbsp;&nbsp;&nbsp;&nbsp;&nbsp;&nbsp;&nbsp;&nbsp;&nbsp;&nbsp;&nbsp;&nbsp;&nbsp;&nbsp;&nbsp;&nbsp;&nbsp;&nbsp;&nbsp;&nbsp;&nbsp;&nbsp;&nbsp;&nbsp;&nbsp;&nbsp;&nbsp;&nbsp;&nbsp;&nbsp;&nbsp;&nbsp;Batches: 1  Memory Usage: 24kB</td>\n",
       "        </tr>\n",
       "        <tr>\n",
       "            <td>&nbsp;&nbsp;&nbsp;&nbsp;&nbsp;&nbsp;&nbsp;&nbsp;&nbsp;&nbsp;&nbsp;&nbsp;&nbsp;&nbsp;&nbsp;&nbsp;&nbsp;&nbsp;&nbsp;&nbsp;&nbsp;&nbsp;&nbsp;&nbsp;&nbsp;&nbsp;&nbsp;&nbsp;&nbsp;&nbsp;&nbsp;&nbsp;-&gt;  Gather  (cost=1004.82..30418.50 rows=44 width=4) (actual time=35.927..40.438 rows=0 loops=1)</td>\n",
       "        </tr>\n",
       "        <tr>\n",
       "            <td>&nbsp;&nbsp;&nbsp;&nbsp;&nbsp;&nbsp;&nbsp;&nbsp;&nbsp;&nbsp;&nbsp;&nbsp;&nbsp;&nbsp;&nbsp;&nbsp;&nbsp;&nbsp;&nbsp;&nbsp;&nbsp;&nbsp;&nbsp;&nbsp;&nbsp;&nbsp;&nbsp;&nbsp;&nbsp;&nbsp;&nbsp;&nbsp;&nbsp;&nbsp;&nbsp;&nbsp;&nbsp;&nbsp;Workers Planned: 2</td>\n",
       "        </tr>\n",
       "        <tr>\n",
       "            <td>&nbsp;&nbsp;&nbsp;&nbsp;&nbsp;&nbsp;&nbsp;&nbsp;&nbsp;&nbsp;&nbsp;&nbsp;&nbsp;&nbsp;&nbsp;&nbsp;&nbsp;&nbsp;&nbsp;&nbsp;&nbsp;&nbsp;&nbsp;&nbsp;&nbsp;&nbsp;&nbsp;&nbsp;&nbsp;&nbsp;&nbsp;&nbsp;&nbsp;&nbsp;&nbsp;&nbsp;&nbsp;&nbsp;Workers Launched: 2</td>\n",
       "        </tr>\n",
       "        <tr>\n",
       "            <td>&nbsp;&nbsp;&nbsp;&nbsp;&nbsp;&nbsp;&nbsp;&nbsp;&nbsp;&nbsp;&nbsp;&nbsp;&nbsp;&nbsp;&nbsp;&nbsp;&nbsp;&nbsp;&nbsp;&nbsp;&nbsp;&nbsp;&nbsp;&nbsp;&nbsp;&nbsp;&nbsp;&nbsp;&nbsp;&nbsp;&nbsp;&nbsp;&nbsp;&nbsp;&nbsp;&nbsp;&nbsp;&nbsp;-&gt;  Hash Join  (cost=4.82..29414.10 rows=18 width=4) (actual time=0.159..0.276 rows=0 loops=3)</td>\n",
       "        </tr>\n",
       "        <tr>\n",
       "            <td>&nbsp;&nbsp;&nbsp;&nbsp;&nbsp;&nbsp;&nbsp;&nbsp;&nbsp;&nbsp;&nbsp;&nbsp;&nbsp;&nbsp;&nbsp;&nbsp;&nbsp;&nbsp;&nbsp;&nbsp;&nbsp;&nbsp;&nbsp;&nbsp;&nbsp;&nbsp;&nbsp;&nbsp;&nbsp;&nbsp;&nbsp;&nbsp;&nbsp;&nbsp;&nbsp;&nbsp;&nbsp;&nbsp;&nbsp;&nbsp;&nbsp;&nbsp;&nbsp;&nbsp;Hash Cond: (lb.video_id = la.video_id)</td>\n",
       "        </tr>\n",
       "        <tr>\n",
       "            <td>&nbsp;&nbsp;&nbsp;&nbsp;&nbsp;&nbsp;&nbsp;&nbsp;&nbsp;&nbsp;&nbsp;&nbsp;&nbsp;&nbsp;&nbsp;&nbsp;&nbsp;&nbsp;&nbsp;&nbsp;&nbsp;&nbsp;&nbsp;&nbsp;&nbsp;&nbsp;&nbsp;&nbsp;&nbsp;&nbsp;&nbsp;&nbsp;&nbsp;&nbsp;&nbsp;&nbsp;&nbsp;&nbsp;&nbsp;&nbsp;&nbsp;&nbsp;&nbsp;&nbsp;-&gt;  Parallel Seq Scan on likes lb  (cost=0.00..26643.45 rows=1053645 width=8) (actual time=0.018..0.025 rows=1 loops=3)</td>\n",
       "        </tr>\n",
       "        <tr>\n",
       "            <td>&nbsp;&nbsp;&nbsp;&nbsp;&nbsp;&nbsp;&nbsp;&nbsp;&nbsp;&nbsp;&nbsp;&nbsp;&nbsp;&nbsp;&nbsp;&nbsp;&nbsp;&nbsp;&nbsp;&nbsp;&nbsp;&nbsp;&nbsp;&nbsp;&nbsp;&nbsp;&nbsp;&nbsp;&nbsp;&nbsp;&nbsp;&nbsp;&nbsp;&nbsp;&nbsp;&nbsp;&nbsp;&nbsp;&nbsp;&nbsp;&nbsp;&nbsp;&nbsp;&nbsp;-&gt;  Hash  (cost=4.66..4.66 rows=13 width=4) (actual time=0.051..0.076 rows=0 loops=3)</td>\n",
       "        </tr>\n",
       "        <tr>\n",
       "            <td>&nbsp;&nbsp;&nbsp;&nbsp;&nbsp;&nbsp;&nbsp;&nbsp;&nbsp;&nbsp;&nbsp;&nbsp;&nbsp;&nbsp;&nbsp;&nbsp;&nbsp;&nbsp;&nbsp;&nbsp;&nbsp;&nbsp;&nbsp;&nbsp;&nbsp;&nbsp;&nbsp;&nbsp;&nbsp;&nbsp;&nbsp;&nbsp;&nbsp;&nbsp;&nbsp;&nbsp;&nbsp;&nbsp;&nbsp;&nbsp;&nbsp;&nbsp;&nbsp;&nbsp;&nbsp;&nbsp;&nbsp;&nbsp;&nbsp;&nbsp;Buckets: 1024  Batches: 1  Memory Usage: 8kB</td>\n",
       "        </tr>\n",
       "        <tr>\n",
       "            <td>&nbsp;&nbsp;&nbsp;&nbsp;&nbsp;&nbsp;&nbsp;&nbsp;&nbsp;&nbsp;&nbsp;&nbsp;&nbsp;&nbsp;&nbsp;&nbsp;&nbsp;&nbsp;&nbsp;&nbsp;&nbsp;&nbsp;&nbsp;&nbsp;&nbsp;&nbsp;&nbsp;&nbsp;&nbsp;&nbsp;&nbsp;&nbsp;&nbsp;&nbsp;&nbsp;&nbsp;&nbsp;&nbsp;&nbsp;&nbsp;&nbsp;&nbsp;&nbsp;&nbsp;&nbsp;&nbsp;&nbsp;&nbsp;&nbsp;&nbsp;-&gt;  Index Only Scan using like_const on likes la  (cost=0.43..4.66 rows=13 width=4) (actual time=0.035..0.045 rows=0 loops=3)</td>\n",
       "        </tr>\n",
       "        <tr>\n",
       "            <td>&nbsp;&nbsp;&nbsp;&nbsp;&nbsp;&nbsp;&nbsp;&nbsp;&nbsp;&nbsp;&nbsp;&nbsp;&nbsp;&nbsp;&nbsp;&nbsp;&nbsp;&nbsp;&nbsp;&nbsp;&nbsp;&nbsp;&nbsp;&nbsp;&nbsp;&nbsp;&nbsp;&nbsp;&nbsp;&nbsp;&nbsp;&nbsp;&nbsp;&nbsp;&nbsp;&nbsp;&nbsp;&nbsp;&nbsp;&nbsp;&nbsp;&nbsp;&nbsp;&nbsp;&nbsp;&nbsp;&nbsp;&nbsp;&nbsp;&nbsp;&nbsp;&nbsp;&nbsp;&nbsp;&nbsp;&nbsp;Index Cond: (user_id = 500000)</td>\n",
       "        </tr>\n",
       "        <tr>\n",
       "            <td>&nbsp;&nbsp;&nbsp;&nbsp;&nbsp;&nbsp;&nbsp;&nbsp;&nbsp;&nbsp;&nbsp;&nbsp;&nbsp;&nbsp;&nbsp;&nbsp;&nbsp;&nbsp;&nbsp;&nbsp;&nbsp;&nbsp;&nbsp;&nbsp;&nbsp;&nbsp;&nbsp;&nbsp;&nbsp;&nbsp;&nbsp;&nbsp;&nbsp;&nbsp;&nbsp;&nbsp;&nbsp;&nbsp;&nbsp;&nbsp;&nbsp;&nbsp;&nbsp;&nbsp;&nbsp;&nbsp;&nbsp;&nbsp;&nbsp;&nbsp;&nbsp;&nbsp;&nbsp;&nbsp;&nbsp;&nbsp;Heap Fetches: 0</td>\n",
       "        </tr>\n",
       "        <tr>\n",
       "            <td>&nbsp;&nbsp;&nbsp;&nbsp;&nbsp;&nbsp;&nbsp;&nbsp;&nbsp;&nbsp;&nbsp;&nbsp;&nbsp;&nbsp;&nbsp;&nbsp;&nbsp;&nbsp;&nbsp;&nbsp;&nbsp;&nbsp;&nbsp;&nbsp;&nbsp;&nbsp;-&gt;  Index Only Scan using like_const on likes l  (cost=0.43..0.81 rows=13 width=8) (never executed)</td>\n",
       "        </tr>\n",
       "        <tr>\n",
       "            <td>&nbsp;&nbsp;&nbsp;&nbsp;&nbsp;&nbsp;&nbsp;&nbsp;&nbsp;&nbsp;&nbsp;&nbsp;&nbsp;&nbsp;&nbsp;&nbsp;&nbsp;&nbsp;&nbsp;&nbsp;&nbsp;&nbsp;&nbsp;&nbsp;&nbsp;&nbsp;&nbsp;&nbsp;&nbsp;&nbsp;&nbsp;&nbsp;Index Cond: (user_id = lb.user_id)</td>\n",
       "        </tr>\n",
       "        <tr>\n",
       "            <td>&nbsp;&nbsp;&nbsp;&nbsp;&nbsp;&nbsp;&nbsp;&nbsp;&nbsp;&nbsp;&nbsp;&nbsp;&nbsp;&nbsp;&nbsp;&nbsp;&nbsp;&nbsp;&nbsp;&nbsp;&nbsp;&nbsp;&nbsp;&nbsp;&nbsp;&nbsp;&nbsp;&nbsp;&nbsp;&nbsp;&nbsp;&nbsp;Heap Fetches: 0</td>\n",
       "        </tr>\n",
       "        <tr>\n",
       "            <td>Planning Time: 0.599 ms</td>\n",
       "        </tr>\n",
       "        <tr>\n",
       "            <td>Execution Time: 40.751 ms</td>\n",
       "        </tr>\n",
       "    </tbody>\n",
       "</table>"
      ],
      "text/plain": [
       "[('Limit  (cost=30510.81..30510.83 rows=10 width=12) (actual time=36.026..40.666 rows=0 loops=1)',),\n",
       " ('  ->  Sort  (cost=30510.81..30512.29 rows=594 width=12) (actual time=36.010..40.635 rows=0 loops=1)',),\n",
       " ('        Sort Key: (count(*)) DESC',),\n",
       " ('        Sort Method: quicksort  Memory: 25kB',),\n",
       " ('        ->  GroupAggregate  (cost=30487.58..30497.97 rows=594 width=12) (actual time=35.991..40.582 rows=0 loops=1)',),\n",
       " ('              Group Key: l.video_id',),\n",
       " ('              ->  Sort  (cost=30487.58..30489.06 rows=594 width=4) (actual time=35.975..40.546 rows=0 loops=1)',),\n",
       " ('                    Sort Key: l.video_id',),\n",
       " ('                    Sort Method: quicksort  Memory: 25kB',),\n",
       " ('                    ->  Nested Loop  (cost=30419.04..30460.21 rows=594 width=4) (actual time=35.957..40.500 rows=0 loops=1)',),\n",
       " ('                          ->  HashAggregate  (cost=30418.61..30419.05 rows=44 width=4) (actual time=35.942..40.470 rows=0 loops=1)',),\n",
       " ('                                Group Key: lb.user_id',),\n",
       " ('                                Batches: 1  Memory Usage: 24kB',),\n",
       " ('                                ->  Gather  (cost=1004.82..30418.50 rows=44 width=4) (actual time=35.927..40.438 rows=0 loops=1)',),\n",
       " ('                                      Workers Planned: 2',),\n",
       " ('                                      Workers Launched: 2',),\n",
       " ('                                      ->  Hash Join  (cost=4.82..29414.10 rows=18 width=4) (actual time=0.159..0.276 rows=0 loops=3)',),\n",
       " ('                                            Hash Cond: (lb.video_id = la.video_id)',),\n",
       " ('                                            ->  Parallel Seq Scan on likes lb  (cost=0.00..26643.45 rows=1053645 width=8) (actual time=0.018..0.025 rows=1 loops=3)',),\n",
       " ('                                            ->  Hash  (cost=4.66..4.66 rows=13 width=4) (actual time=0.051..0.076 rows=0 loops=3)',),\n",
       " ('                                                  Buckets: 1024  Batches: 1  Memory Usage: 8kB',),\n",
       " ('                                                  ->  Index Only Scan using like_const on likes la  (cost=0.43..4.66 rows=13 width=4) (actual time=0.035..0.045 rows=0 loops=3)',),\n",
       " ('                                                        Index Cond: (user_id = 500000)',),\n",
       " ('                                                        Heap Fetches: 0',),\n",
       " ('                          ->  Index Only Scan using like_const on likes l  (cost=0.43..0.81 rows=13 width=8) (never executed)',),\n",
       " ('                                Index Cond: (user_id = lb.user_id)',),\n",
       " ('                                Heap Fetches: 0',),\n",
       " ('Planning Time: 0.599 ms',),\n",
       " ('Execution Time: 40.751 ms',)]"
      ]
     },
     "execution_count": 18,
     "metadata": {},
     "output_type": "execute_result"
    }
   ],
   "source": [
    "%%sql\n",
    "EXPLAIN ANALYZE\n",
    "SELECT l.video_id, COUNT(*) \n",
    "FROM cats.likes l\n",
    "WHERE l.user_id \n",
    "IN \n",
    "    (SELECT lb.user_id \n",
    "     FROM cats.likes la, cats.likes lb \n",
    "     WHERE la.user_id=500000 AND la.video_id=lb.video_id\n",
    "    ) \n",
    "GROUP BY l.video_id\n",
    "ORDER BY COUNT(*) DESC \n",
    "LIMIT 10"
   ]
  },
  {
   "cell_type": "markdown",
   "metadata": {},
   "source": [
    ">### Analyze"
   ]
  },
  {
   "cell_type": "markdown",
   "metadata": {},
   "source": [
    "## Performance doesn't change too much as the Seq Scan was selected as the optimal solution for the rendering data entries."
   ]
  },
  {
   "cell_type": "markdown",
   "metadata": {},
   "source": [
    "<br/><br/>"
   ]
  },
  {
   "cell_type": "markdown",
   "metadata": {},
   "source": [
    "# Query 5 indexing"
   ]
  },
  {
   "cell_type": "code",
   "execution_count": 55,
   "metadata": {},
   "outputs": [],
   "source": [
    "#query 5\n",
    "query5 = \"\"\"WITH UserWeight AS\n",
    "                (\n",
    "                 SELECT lb.user_id, LOG(1+COUNT(*)) AS weight \n",
    "                 FROM cats.likes la, cats.likes lb\n",
    "                 WHERE la.user_id=1 AND la.video_id=lb.video_id \n",
    "                 GROUP BY lb.user_id\n",
    "                 )\n",
    "            SELECT l.video_id, SUM(w.weight) AS sum_weight FROM cats.likes l,  UserWeight w\n",
    "            WHERE l.user_id=w.user_id \n",
    "            GROUP BY l.video_id\n",
    "            ORDER BY sum_weight DESC \n",
    "            LIMIT 10\"\"\"\n",
    "\n",
    "result5 = query_to_df(conn, query5, [\"video_id\",\"likes_count\"])\n",
    "result5.to_csv(\"cats_query5_res.csv\", index=False)"
   ]
  },
  {
   "cell_type": "code",
   "execution_count": 56,
   "metadata": {},
   "outputs": [
    {
     "data": {
      "text/html": [
       "<div>\n",
       "<style scoped>\n",
       "    .dataframe tbody tr th:only-of-type {\n",
       "        vertical-align: middle;\n",
       "    }\n",
       "\n",
       "    .dataframe tbody tr th {\n",
       "        vertical-align: top;\n",
       "    }\n",
       "\n",
       "    .dataframe thead th {\n",
       "        text-align: right;\n",
       "    }\n",
       "</style>\n",
       "<table border=\"1\" class=\"dataframe\">\n",
       "  <thead>\n",
       "    <tr style=\"text-align: right;\">\n",
       "      <th></th>\n",
       "      <th>0</th>\n",
       "      <th>1</th>\n",
       "      <th>2</th>\n",
       "      <th>3</th>\n",
       "      <th>4</th>\n",
       "      <th>5</th>\n",
       "      <th>6</th>\n",
       "      <th>7</th>\n",
       "      <th>8</th>\n",
       "      <th>9</th>\n",
       "    </tr>\n",
       "  </thead>\n",
       "  <tbody>\n",
       "    <tr>\n",
       "      <th>video_id</th>\n",
       "      <td>533261</td>\n",
       "      <td>242696</td>\n",
       "      <td>369447</td>\n",
       "      <td>286557</td>\n",
       "      <td>736628</td>\n",
       "      <td>232267</td>\n",
       "      <td>339117</td>\n",
       "      <td>243889</td>\n",
       "      <td>93818</td>\n",
       "      <td>279828</td>\n",
       "    </tr>\n",
       "    <tr>\n",
       "      <th>likes_count</th>\n",
       "      <td>7</td>\n",
       "      <td>6</td>\n",
       "      <td>6</td>\n",
       "      <td>5</td>\n",
       "      <td>5</td>\n",
       "      <td>5</td>\n",
       "      <td>4</td>\n",
       "      <td>4</td>\n",
       "      <td>4</td>\n",
       "      <td>4</td>\n",
       "    </tr>\n",
       "  </tbody>\n",
       "</table>\n",
       "</div>"
      ],
      "text/plain": [
       "                  0       1       2       3       4       5       6       7  \\\n",
       "video_id     533261  242696  369447  286557  736628  232267  339117  243889   \n",
       "likes_count       7       6       6       5       5       5       4       4   \n",
       "\n",
       "                 8       9  \n",
       "video_id     93818  279828  \n",
       "likes_count      4       4  "
      ]
     },
     "execution_count": 56,
     "metadata": {},
     "output_type": "execute_result"
    }
   ],
   "source": [
    "res5 = pd.read_csv(\"cats_query4_res.csv\")\n",
    "res5.T"
   ]
  },
  {
   "cell_type": "markdown",
   "metadata": {},
   "source": [
    ">#### QUERY PLAN without index"
   ]
  },
  {
   "cell_type": "markdown",
   "metadata": {},
   "source": [
    "Similarly, we drop the previous created like_user_id_idx first."
   ]
  },
  {
   "cell_type": "code",
   "execution_count": 29,
   "metadata": {},
   "outputs": [
    {
     "name": "stdout",
     "output_type": "stream",
     "text": [
      " * postgresql://postgres:***@localhost/postgres\n",
      "Done.\n"
     ]
    },
    {
     "data": {
      "text/plain": [
       "[]"
      ]
     },
     "execution_count": 29,
     "metadata": {},
     "output_type": "execute_result"
    }
   ],
   "source": [
    "%%sql\n",
    "DROP INDEX cats.like_user_id_idx;"
   ]
  },
  {
   "cell_type": "code",
   "execution_count": 9,
   "metadata": {
    "scrolled": false
   },
   "outputs": [
    {
     "name": "stdout",
     "output_type": "stream",
     "text": [
      " * postgresql://postgres:***@localhost/postgres\n",
      "35 rows affected.\n"
     ]
    },
    {
     "data": {
      "text/html": [
       "<table>\n",
       "    <thead>\n",
       "        <tr>\n",
       "            <th>QUERY PLAN</th>\n",
       "        </tr>\n",
       "    </thead>\n",
       "    <tbody>\n",
       "        <tr>\n",
       "            <td>Limit  (cost=30681.60..30681.63 rows=10 width=12) (actual time=9824.635..9825.006 rows=10 loops=1)</td>\n",
       "        </tr>\n",
       "        <tr>\n",
       "            <td>&nbsp;&nbsp;-&gt;  Sort  (cost=30681.60..30683.09 rows=594 width=12) (actual time=9824.619..9824.874 rows=10 loops=1)</td>\n",
       "        </tr>\n",
       "        <tr>\n",
       "            <td>&nbsp;&nbsp;&nbsp;&nbsp;&nbsp;&nbsp;&nbsp;&nbsp;Sort Key: (sum((log(((1 + count(*)))::double precision)))) DESC</td>\n",
       "        </tr>\n",
       "        <tr>\n",
       "            <td>&nbsp;&nbsp;&nbsp;&nbsp;&nbsp;&nbsp;&nbsp;&nbsp;Sort Method: top-N heapsort  Memory: 25kB</td>\n",
       "        </tr>\n",
       "        <tr>\n",
       "            <td>&nbsp;&nbsp;&nbsp;&nbsp;&nbsp;&nbsp;&nbsp;&nbsp;-&gt;  GroupAggregate  (cost=30658.37..30668.77 rows=594 width=12) (actual time=9809.714..9820.999 rows=575 loops=1)</td>\n",
       "        </tr>\n",
       "        <tr>\n",
       "            <td>&nbsp;&nbsp;&nbsp;&nbsp;&nbsp;&nbsp;&nbsp;&nbsp;&nbsp;&nbsp;&nbsp;&nbsp;&nbsp;&nbsp;Group Key: l.video_id</td>\n",
       "        </tr>\n",
       "        <tr>\n",
       "            <td>&nbsp;&nbsp;&nbsp;&nbsp;&nbsp;&nbsp;&nbsp;&nbsp;&nbsp;&nbsp;&nbsp;&nbsp;&nbsp;&nbsp;-&gt;  Sort  (cost=30658.37..30659.86 rows=594 width=12) (actual time=9809.685..9813.375 rows=618 loops=1)</td>\n",
       "        </tr>\n",
       "        <tr>\n",
       "            <td>&nbsp;&nbsp;&nbsp;&nbsp;&nbsp;&nbsp;&nbsp;&nbsp;&nbsp;&nbsp;&nbsp;&nbsp;&nbsp;&nbsp;&nbsp;&nbsp;&nbsp;&nbsp;&nbsp;&nbsp;Sort Key: l.video_id</td>\n",
       "        </tr>\n",
       "        <tr>\n",
       "            <td>&nbsp;&nbsp;&nbsp;&nbsp;&nbsp;&nbsp;&nbsp;&nbsp;&nbsp;&nbsp;&nbsp;&nbsp;&nbsp;&nbsp;&nbsp;&nbsp;&nbsp;&nbsp;&nbsp;&nbsp;Sort Method: quicksort  Memory: 53kB</td>\n",
       "        </tr>\n",
       "        <tr>\n",
       "            <td>&nbsp;&nbsp;&nbsp;&nbsp;&nbsp;&nbsp;&nbsp;&nbsp;&nbsp;&nbsp;&nbsp;&nbsp;&nbsp;&nbsp;&nbsp;&nbsp;&nbsp;&nbsp;&nbsp;&nbsp;-&gt;  Nested Loop  (cost=30414.92..30631.00 rows=594 width=12) (actual time=9791.890..9806.095 rows=618 loops=1)</td>\n",
       "        </tr>\n",
       "        <tr>\n",
       "            <td>&nbsp;&nbsp;&nbsp;&nbsp;&nbsp;&nbsp;&nbsp;&nbsp;&nbsp;&nbsp;&nbsp;&nbsp;&nbsp;&nbsp;&nbsp;&nbsp;&nbsp;&nbsp;&nbsp;&nbsp;&nbsp;&nbsp;&nbsp;&nbsp;&nbsp;&nbsp;-&gt;  Finalize GroupAggregate  (cost=30414.49..30419.91 rows=44 width=12) (actual time=9791.811..9793.150 rows=43 loops=1)</td>\n",
       "        </tr>\n",
       "        <tr>\n",
       "            <td>&nbsp;&nbsp;&nbsp;&nbsp;&nbsp;&nbsp;&nbsp;&nbsp;&nbsp;&nbsp;&nbsp;&nbsp;&nbsp;&nbsp;&nbsp;&nbsp;&nbsp;&nbsp;&nbsp;&nbsp;&nbsp;&nbsp;&nbsp;&nbsp;&nbsp;&nbsp;&nbsp;&nbsp;&nbsp;&nbsp;&nbsp;&nbsp;Group Key: lb.user_id</td>\n",
       "        </tr>\n",
       "        <tr>\n",
       "            <td>&nbsp;&nbsp;&nbsp;&nbsp;&nbsp;&nbsp;&nbsp;&nbsp;&nbsp;&nbsp;&nbsp;&nbsp;&nbsp;&nbsp;&nbsp;&nbsp;&nbsp;&nbsp;&nbsp;&nbsp;&nbsp;&nbsp;&nbsp;&nbsp;&nbsp;&nbsp;&nbsp;&nbsp;&nbsp;&nbsp;&nbsp;&nbsp;-&gt;  Gather Merge  (cost=30414.49..30418.96 rows=36 width=12) (actual time=9791.739..9792.560 rows=43 loops=1)</td>\n",
       "        </tr>\n",
       "        <tr>\n",
       "            <td>&nbsp;&nbsp;&nbsp;&nbsp;&nbsp;&nbsp;&nbsp;&nbsp;&nbsp;&nbsp;&nbsp;&nbsp;&nbsp;&nbsp;&nbsp;&nbsp;&nbsp;&nbsp;&nbsp;&nbsp;&nbsp;&nbsp;&nbsp;&nbsp;&nbsp;&nbsp;&nbsp;&nbsp;&nbsp;&nbsp;&nbsp;&nbsp;&nbsp;&nbsp;&nbsp;&nbsp;&nbsp;&nbsp;Workers Planned: 2</td>\n",
       "        </tr>\n",
       "        <tr>\n",
       "            <td>&nbsp;&nbsp;&nbsp;&nbsp;&nbsp;&nbsp;&nbsp;&nbsp;&nbsp;&nbsp;&nbsp;&nbsp;&nbsp;&nbsp;&nbsp;&nbsp;&nbsp;&nbsp;&nbsp;&nbsp;&nbsp;&nbsp;&nbsp;&nbsp;&nbsp;&nbsp;&nbsp;&nbsp;&nbsp;&nbsp;&nbsp;&nbsp;&nbsp;&nbsp;&nbsp;&nbsp;&nbsp;&nbsp;Workers Launched: 2</td>\n",
       "        </tr>\n",
       "        <tr>\n",
       "            <td>&nbsp;&nbsp;&nbsp;&nbsp;&nbsp;&nbsp;&nbsp;&nbsp;&nbsp;&nbsp;&nbsp;&nbsp;&nbsp;&nbsp;&nbsp;&nbsp;&nbsp;&nbsp;&nbsp;&nbsp;&nbsp;&nbsp;&nbsp;&nbsp;&nbsp;&nbsp;&nbsp;&nbsp;&nbsp;&nbsp;&nbsp;&nbsp;&nbsp;&nbsp;&nbsp;&nbsp;&nbsp;&nbsp;-&gt;  Partial GroupAggregate  (cost=29414.47..29414.79 rows=18 width=12) (actual time=9767.435..9767.731 rows=14 loops=3)</td>\n",
       "        </tr>\n",
       "        <tr>\n",
       "            <td>&nbsp;&nbsp;&nbsp;&nbsp;&nbsp;&nbsp;&nbsp;&nbsp;&nbsp;&nbsp;&nbsp;&nbsp;&nbsp;&nbsp;&nbsp;&nbsp;&nbsp;&nbsp;&nbsp;&nbsp;&nbsp;&nbsp;&nbsp;&nbsp;&nbsp;&nbsp;&nbsp;&nbsp;&nbsp;&nbsp;&nbsp;&nbsp;&nbsp;&nbsp;&nbsp;&nbsp;&nbsp;&nbsp;&nbsp;&nbsp;&nbsp;&nbsp;&nbsp;&nbsp;Group Key: lb.user_id</td>\n",
       "        </tr>\n",
       "        <tr>\n",
       "            <td>&nbsp;&nbsp;&nbsp;&nbsp;&nbsp;&nbsp;&nbsp;&nbsp;&nbsp;&nbsp;&nbsp;&nbsp;&nbsp;&nbsp;&nbsp;&nbsp;&nbsp;&nbsp;&nbsp;&nbsp;&nbsp;&nbsp;&nbsp;&nbsp;&nbsp;&nbsp;&nbsp;&nbsp;&nbsp;&nbsp;&nbsp;&nbsp;&nbsp;&nbsp;&nbsp;&nbsp;&nbsp;&nbsp;&nbsp;&nbsp;&nbsp;&nbsp;&nbsp;&nbsp;-&gt;  Sort  (cost=29414.47..29414.52 rows=18 width=4) (actual time=9767.330..9767.489 rows=20 loops=3)</td>\n",
       "        </tr>\n",
       "        <tr>\n",
       "            <td>&nbsp;&nbsp;&nbsp;&nbsp;&nbsp;&nbsp;&nbsp;&nbsp;&nbsp;&nbsp;&nbsp;&nbsp;&nbsp;&nbsp;&nbsp;&nbsp;&nbsp;&nbsp;&nbsp;&nbsp;&nbsp;&nbsp;&nbsp;&nbsp;&nbsp;&nbsp;&nbsp;&nbsp;&nbsp;&nbsp;&nbsp;&nbsp;&nbsp;&nbsp;&nbsp;&nbsp;&nbsp;&nbsp;&nbsp;&nbsp;&nbsp;&nbsp;&nbsp;&nbsp;&nbsp;&nbsp;&nbsp;&nbsp;&nbsp;&nbsp;Sort Key: lb.user_id</td>\n",
       "        </tr>\n",
       "        <tr>\n",
       "            <td>&nbsp;&nbsp;&nbsp;&nbsp;&nbsp;&nbsp;&nbsp;&nbsp;&nbsp;&nbsp;&nbsp;&nbsp;&nbsp;&nbsp;&nbsp;&nbsp;&nbsp;&nbsp;&nbsp;&nbsp;&nbsp;&nbsp;&nbsp;&nbsp;&nbsp;&nbsp;&nbsp;&nbsp;&nbsp;&nbsp;&nbsp;&nbsp;&nbsp;&nbsp;&nbsp;&nbsp;&nbsp;&nbsp;&nbsp;&nbsp;&nbsp;&nbsp;&nbsp;&nbsp;&nbsp;&nbsp;&nbsp;&nbsp;&nbsp;&nbsp;Sort Method: quicksort  Memory: 25kB</td>\n",
       "        </tr>\n",
       "        <tr>\n",
       "            <td>&nbsp;&nbsp;&nbsp;&nbsp;&nbsp;&nbsp;&nbsp;&nbsp;&nbsp;&nbsp;&nbsp;&nbsp;&nbsp;&nbsp;&nbsp;&nbsp;&nbsp;&nbsp;&nbsp;&nbsp;&nbsp;&nbsp;&nbsp;&nbsp;&nbsp;&nbsp;&nbsp;&nbsp;&nbsp;&nbsp;&nbsp;&nbsp;&nbsp;&nbsp;&nbsp;&nbsp;&nbsp;&nbsp;&nbsp;&nbsp;&nbsp;&nbsp;&nbsp;&nbsp;&nbsp;&nbsp;&nbsp;&nbsp;&nbsp;&nbsp;Worker 0:  Sort Method: quicksort  Memory: 26kB</td>\n",
       "        </tr>\n",
       "        <tr>\n",
       "            <td>&nbsp;&nbsp;&nbsp;&nbsp;&nbsp;&nbsp;&nbsp;&nbsp;&nbsp;&nbsp;&nbsp;&nbsp;&nbsp;&nbsp;&nbsp;&nbsp;&nbsp;&nbsp;&nbsp;&nbsp;&nbsp;&nbsp;&nbsp;&nbsp;&nbsp;&nbsp;&nbsp;&nbsp;&nbsp;&nbsp;&nbsp;&nbsp;&nbsp;&nbsp;&nbsp;&nbsp;&nbsp;&nbsp;&nbsp;&nbsp;&nbsp;&nbsp;&nbsp;&nbsp;&nbsp;&nbsp;&nbsp;&nbsp;&nbsp;&nbsp;Worker 1:  Sort Method: quicksort  Memory: 25kB</td>\n",
       "        </tr>\n",
       "        <tr>\n",
       "            <td>&nbsp;&nbsp;&nbsp;&nbsp;&nbsp;&nbsp;&nbsp;&nbsp;&nbsp;&nbsp;&nbsp;&nbsp;&nbsp;&nbsp;&nbsp;&nbsp;&nbsp;&nbsp;&nbsp;&nbsp;&nbsp;&nbsp;&nbsp;&nbsp;&nbsp;&nbsp;&nbsp;&nbsp;&nbsp;&nbsp;&nbsp;&nbsp;&nbsp;&nbsp;&nbsp;&nbsp;&nbsp;&nbsp;&nbsp;&nbsp;&nbsp;&nbsp;&nbsp;&nbsp;&nbsp;&nbsp;&nbsp;&nbsp;&nbsp;&nbsp;-&gt;  Hash Join  (cost=4.82..29414.10 rows=18 width=4) (actual time=562.370..9767.223 rows=20 loops=3)</td>\n",
       "        </tr>\n",
       "        <tr>\n",
       "            <td>&nbsp;&nbsp;&nbsp;&nbsp;&nbsp;&nbsp;&nbsp;&nbsp;&nbsp;&nbsp;&nbsp;&nbsp;&nbsp;&nbsp;&nbsp;&nbsp;&nbsp;&nbsp;&nbsp;&nbsp;&nbsp;&nbsp;&nbsp;&nbsp;&nbsp;&nbsp;&nbsp;&nbsp;&nbsp;&nbsp;&nbsp;&nbsp;&nbsp;&nbsp;&nbsp;&nbsp;&nbsp;&nbsp;&nbsp;&nbsp;&nbsp;&nbsp;&nbsp;&nbsp;&nbsp;&nbsp;&nbsp;&nbsp;&nbsp;&nbsp;&nbsp;&nbsp;&nbsp;&nbsp;&nbsp;&nbsp;Hash Cond: (lb.video_id = la.video_id)</td>\n",
       "        </tr>\n",
       "        <tr>\n",
       "            <td>&nbsp;&nbsp;&nbsp;&nbsp;&nbsp;&nbsp;&nbsp;&nbsp;&nbsp;&nbsp;&nbsp;&nbsp;&nbsp;&nbsp;&nbsp;&nbsp;&nbsp;&nbsp;&nbsp;&nbsp;&nbsp;&nbsp;&nbsp;&nbsp;&nbsp;&nbsp;&nbsp;&nbsp;&nbsp;&nbsp;&nbsp;&nbsp;&nbsp;&nbsp;&nbsp;&nbsp;&nbsp;&nbsp;&nbsp;&nbsp;&nbsp;&nbsp;&nbsp;&nbsp;&nbsp;&nbsp;&nbsp;&nbsp;&nbsp;&nbsp;&nbsp;&nbsp;&nbsp;&nbsp;&nbsp;&nbsp;-&gt;  Parallel Seq Scan on likes lb  (cost=0.00..26643.45 rows=1053645 width=8) (actual time=0.025..4882.784 rows=842916 loops=3)</td>\n",
       "        </tr>\n",
       "        <tr>\n",
       "            <td>&nbsp;&nbsp;&nbsp;&nbsp;&nbsp;&nbsp;&nbsp;&nbsp;&nbsp;&nbsp;&nbsp;&nbsp;&nbsp;&nbsp;&nbsp;&nbsp;&nbsp;&nbsp;&nbsp;&nbsp;&nbsp;&nbsp;&nbsp;&nbsp;&nbsp;&nbsp;&nbsp;&nbsp;&nbsp;&nbsp;&nbsp;&nbsp;&nbsp;&nbsp;&nbsp;&nbsp;&nbsp;&nbsp;&nbsp;&nbsp;&nbsp;&nbsp;&nbsp;&nbsp;&nbsp;&nbsp;&nbsp;&nbsp;&nbsp;&nbsp;&nbsp;&nbsp;&nbsp;&nbsp;&nbsp;&nbsp;-&gt;  Hash  (cost=4.66..4.66 rows=13 width=4) (actual time=0.301..0.317 rows=17 loops=3)</td>\n",
       "        </tr>\n",
       "        <tr>\n",
       "            <td>&nbsp;&nbsp;&nbsp;&nbsp;&nbsp;&nbsp;&nbsp;&nbsp;&nbsp;&nbsp;&nbsp;&nbsp;&nbsp;&nbsp;&nbsp;&nbsp;&nbsp;&nbsp;&nbsp;&nbsp;&nbsp;&nbsp;&nbsp;&nbsp;&nbsp;&nbsp;&nbsp;&nbsp;&nbsp;&nbsp;&nbsp;&nbsp;&nbsp;&nbsp;&nbsp;&nbsp;&nbsp;&nbsp;&nbsp;&nbsp;&nbsp;&nbsp;&nbsp;&nbsp;&nbsp;&nbsp;&nbsp;&nbsp;&nbsp;&nbsp;&nbsp;&nbsp;&nbsp;&nbsp;&nbsp;&nbsp;&nbsp;&nbsp;&nbsp;&nbsp;&nbsp;&nbsp;Buckets: 1024  Batches: 1  Memory Usage: 9kB</td>\n",
       "        </tr>\n",
       "        <tr>\n",
       "            <td>&nbsp;&nbsp;&nbsp;&nbsp;&nbsp;&nbsp;&nbsp;&nbsp;&nbsp;&nbsp;&nbsp;&nbsp;&nbsp;&nbsp;&nbsp;&nbsp;&nbsp;&nbsp;&nbsp;&nbsp;&nbsp;&nbsp;&nbsp;&nbsp;&nbsp;&nbsp;&nbsp;&nbsp;&nbsp;&nbsp;&nbsp;&nbsp;&nbsp;&nbsp;&nbsp;&nbsp;&nbsp;&nbsp;&nbsp;&nbsp;&nbsp;&nbsp;&nbsp;&nbsp;&nbsp;&nbsp;&nbsp;&nbsp;&nbsp;&nbsp;&nbsp;&nbsp;&nbsp;&nbsp;&nbsp;&nbsp;&nbsp;&nbsp;&nbsp;&nbsp;&nbsp;&nbsp;-&gt;  Index Only Scan using like_const on likes la  (cost=0.43..4.66 rows=13 width=4) (actual time=0.031..0.162 rows=17 loops=3)</td>\n",
       "        </tr>\n",
       "        <tr>\n",
       "            <td>&nbsp;&nbsp;&nbsp;&nbsp;&nbsp;&nbsp;&nbsp;&nbsp;&nbsp;&nbsp;&nbsp;&nbsp;&nbsp;&nbsp;&nbsp;&nbsp;&nbsp;&nbsp;&nbsp;&nbsp;&nbsp;&nbsp;&nbsp;&nbsp;&nbsp;&nbsp;&nbsp;&nbsp;&nbsp;&nbsp;&nbsp;&nbsp;&nbsp;&nbsp;&nbsp;&nbsp;&nbsp;&nbsp;&nbsp;&nbsp;&nbsp;&nbsp;&nbsp;&nbsp;&nbsp;&nbsp;&nbsp;&nbsp;&nbsp;&nbsp;&nbsp;&nbsp;&nbsp;&nbsp;&nbsp;&nbsp;&nbsp;&nbsp;&nbsp;&nbsp;&nbsp;&nbsp;&nbsp;&nbsp;&nbsp;&nbsp;&nbsp;&nbsp;Index Cond: (user_id = 9999)</td>\n",
       "        </tr>\n",
       "        <tr>\n",
       "            <td>&nbsp;&nbsp;&nbsp;&nbsp;&nbsp;&nbsp;&nbsp;&nbsp;&nbsp;&nbsp;&nbsp;&nbsp;&nbsp;&nbsp;&nbsp;&nbsp;&nbsp;&nbsp;&nbsp;&nbsp;&nbsp;&nbsp;&nbsp;&nbsp;&nbsp;&nbsp;&nbsp;&nbsp;&nbsp;&nbsp;&nbsp;&nbsp;&nbsp;&nbsp;&nbsp;&nbsp;&nbsp;&nbsp;&nbsp;&nbsp;&nbsp;&nbsp;&nbsp;&nbsp;&nbsp;&nbsp;&nbsp;&nbsp;&nbsp;&nbsp;&nbsp;&nbsp;&nbsp;&nbsp;&nbsp;&nbsp;&nbsp;&nbsp;&nbsp;&nbsp;&nbsp;&nbsp;&nbsp;&nbsp;&nbsp;&nbsp;&nbsp;&nbsp;Heap Fetches: 0</td>\n",
       "        </tr>\n",
       "        <tr>\n",
       "            <td>&nbsp;&nbsp;&nbsp;&nbsp;&nbsp;&nbsp;&nbsp;&nbsp;&nbsp;&nbsp;&nbsp;&nbsp;&nbsp;&nbsp;&nbsp;&nbsp;&nbsp;&nbsp;&nbsp;&nbsp;&nbsp;&nbsp;&nbsp;&nbsp;&nbsp;&nbsp;-&gt;  Index Only Scan using like_const on likes l  (cost=0.43..4.66 rows=13 width=8) (actual time=0.024..0.116 rows=14 loops=43)</td>\n",
       "        </tr>\n",
       "        <tr>\n",
       "            <td>&nbsp;&nbsp;&nbsp;&nbsp;&nbsp;&nbsp;&nbsp;&nbsp;&nbsp;&nbsp;&nbsp;&nbsp;&nbsp;&nbsp;&nbsp;&nbsp;&nbsp;&nbsp;&nbsp;&nbsp;&nbsp;&nbsp;&nbsp;&nbsp;&nbsp;&nbsp;&nbsp;&nbsp;&nbsp;&nbsp;&nbsp;&nbsp;Index Cond: (user_id = lb.user_id)</td>\n",
       "        </tr>\n",
       "        <tr>\n",
       "            <td>&nbsp;&nbsp;&nbsp;&nbsp;&nbsp;&nbsp;&nbsp;&nbsp;&nbsp;&nbsp;&nbsp;&nbsp;&nbsp;&nbsp;&nbsp;&nbsp;&nbsp;&nbsp;&nbsp;&nbsp;&nbsp;&nbsp;&nbsp;&nbsp;&nbsp;&nbsp;&nbsp;&nbsp;&nbsp;&nbsp;&nbsp;&nbsp;Heap Fetches: 0</td>\n",
       "        </tr>\n",
       "        <tr>\n",
       "            <td>Planning Time: 0.272 ms</td>\n",
       "        </tr>\n",
       "        <tr>\n",
       "            <td>Execution Time: 9825.151 ms</td>\n",
       "        </tr>\n",
       "    </tbody>\n",
       "</table>"
      ],
      "text/plain": [
       "[('Limit  (cost=30681.60..30681.63 rows=10 width=12) (actual time=9824.635..9825.006 rows=10 loops=1)',),\n",
       " ('  ->  Sort  (cost=30681.60..30683.09 rows=594 width=12) (actual time=9824.619..9824.874 rows=10 loops=1)',),\n",
       " ('        Sort Key: (sum((log(((1 + count(*)))::double precision)))) DESC',),\n",
       " ('        Sort Method: top-N heapsort  Memory: 25kB',),\n",
       " ('        ->  GroupAggregate  (cost=30658.37..30668.77 rows=594 width=12) (actual time=9809.714..9820.999 rows=575 loops=1)',),\n",
       " ('              Group Key: l.video_id',),\n",
       " ('              ->  Sort  (cost=30658.37..30659.86 rows=594 width=12) (actual time=9809.685..9813.375 rows=618 loops=1)',),\n",
       " ('                    Sort Key: l.video_id',),\n",
       " ('                    Sort Method: quicksort  Memory: 53kB',),\n",
       " ('                    ->  Nested Loop  (cost=30414.92..30631.00 rows=594 width=12) (actual time=9791.890..9806.095 rows=618 loops=1)',),\n",
       " ('                          ->  Finalize GroupAggregate  (cost=30414.49..30419.91 rows=44 width=12) (actual time=9791.811..9793.150 rows=43 loops=1)',),\n",
       " ('                                Group Key: lb.user_id',),\n",
       " ('                                ->  Gather Merge  (cost=30414.49..30418.96 rows=36 width=12) (actual time=9791.739..9792.560 rows=43 loops=1)',),\n",
       " ('                                      Workers Planned: 2',),\n",
       " ('                                      Workers Launched: 2',),\n",
       " ('                                      ->  Partial GroupAggregate  (cost=29414.47..29414.79 rows=18 width=12) (actual time=9767.435..9767.731 rows=14 loops=3)',),\n",
       " ('                                            Group Key: lb.user_id',),\n",
       " ('                                            ->  Sort  (cost=29414.47..29414.52 rows=18 width=4) (actual time=9767.330..9767.489 rows=20 loops=3)',),\n",
       " ('                                                  Sort Key: lb.user_id',),\n",
       " ('                                                  Sort Method: quicksort  Memory: 25kB',),\n",
       " ('                                                  Worker 0:  Sort Method: quicksort  Memory: 26kB',),\n",
       " ('                                                  Worker 1:  Sort Method: quicksort  Memory: 25kB',),\n",
       " ('                                                  ->  Hash Join  (cost=4.82..29414.10 rows=18 width=4) (actual time=562.370..9767.223 rows=20 loops=3)',),\n",
       " ('                                                        Hash Cond: (lb.video_id = la.video_id)',),\n",
       " ('                                                        ->  Parallel Seq Scan on likes lb  (cost=0.00..26643.45 rows=1053645 width=8) (actual time=0.025..4882.784 rows=842916 loops=3)',),\n",
       " ('                                                        ->  Hash  (cost=4.66..4.66 rows=13 width=4) (actual time=0.301..0.317 rows=17 loops=3)',),\n",
       " ('                                                              Buckets: 1024  Batches: 1  Memory Usage: 9kB',),\n",
       " ('                                                              ->  Index Only Scan using like_const on likes la  (cost=0.43..4.66 rows=13 width=4) (actual time=0.031..0.162 rows=17 loops=3)',),\n",
       " ('                                                                    Index Cond: (user_id = 9999)',),\n",
       " ('                                                                    Heap Fetches: 0',),\n",
       " ('                          ->  Index Only Scan using like_const on likes l  (cost=0.43..4.66 rows=13 width=8) (actual time=0.024..0.116 rows=14 loops=43)',),\n",
       " ('                                Index Cond: (user_id = lb.user_id)',),\n",
       " ('                                Heap Fetches: 0',),\n",
       " ('Planning Time: 0.272 ms',),\n",
       " ('Execution Time: 9825.151 ms',)]"
      ]
     },
     "execution_count": 9,
     "metadata": {},
     "output_type": "execute_result"
    }
   ],
   "source": [
    "%%sql\n",
    "EXPLAIN ANALYZE\n",
    "WITH UserWeight AS\n",
    "    (\n",
    "     SELECT lb.user_id, LOG(1+COUNT(*)) AS weight \n",
    "     FROM cats.likes la, cats.likes lb\n",
    "     WHERE la.user_id=9999 AND la.video_id=lb.video_id \n",
    "     GROUP BY lb.user_id\n",
    "     )\n",
    "SELECT l.video_id, SUM(w.weight) AS sum_weight FROM cats.likes l,  UserWeight w\n",
    "WHERE l.user_id=w.user_id \n",
    "GROUP BY l.video_id\n",
    "ORDER BY sum_weight DESC \n",
    "LIMIT 10"
   ]
  },
  {
   "cell_type": "markdown",
   "metadata": {},
   "source": [
    "## Create index on user_id in likes table"
   ]
  },
  {
   "cell_type": "code",
   "execution_count": 10,
   "metadata": {},
   "outputs": [
    {
     "name": "stdout",
     "output_type": "stream",
     "text": [
      " * postgresql://postgres:***@localhost/postgres\n",
      "Done.\n"
     ]
    },
    {
     "data": {
      "text/plain": [
       "[]"
      ]
     },
     "execution_count": 10,
     "metadata": {},
     "output_type": "execute_result"
    }
   ],
   "source": [
    "%%sql\n",
    "CREATE INDEX like_user_id_idx ON cats.likes(user_id);"
   ]
  },
  {
   "cell_type": "markdown",
   "metadata": {},
   "source": [
    ">#### QUERY PLAN with index"
   ]
  },
  {
   "cell_type": "code",
   "execution_count": 11,
   "metadata": {
    "scrolled": false
   },
   "outputs": [
    {
     "name": "stdout",
     "output_type": "stream",
     "text": [
      " * postgresql://postgres:***@localhost/postgres\n",
      "35 rows affected.\n"
     ]
    },
    {
     "data": {
      "text/html": [
       "<table>\n",
       "    <thead>\n",
       "        <tr>\n",
       "            <th>QUERY PLAN</th>\n",
       "        </tr>\n",
       "    </thead>\n",
       "    <tbody>\n",
       "        <tr>\n",
       "            <td>Limit  (cost=30681.60..30681.63 rows=10 width=12) (actual time=9764.907..9765.270 rows=10 loops=1)</td>\n",
       "        </tr>\n",
       "        <tr>\n",
       "            <td>&nbsp;&nbsp;-&gt;  Sort  (cost=30681.60..30683.09 rows=594 width=12) (actual time=9764.893..9765.140 rows=10 loops=1)</td>\n",
       "        </tr>\n",
       "        <tr>\n",
       "            <td>&nbsp;&nbsp;&nbsp;&nbsp;&nbsp;&nbsp;&nbsp;&nbsp;Sort Key: (sum((log(((1 + count(*)))::double precision)))) DESC</td>\n",
       "        </tr>\n",
       "        <tr>\n",
       "            <td>&nbsp;&nbsp;&nbsp;&nbsp;&nbsp;&nbsp;&nbsp;&nbsp;Sort Method: top-N heapsort  Memory: 25kB</td>\n",
       "        </tr>\n",
       "        <tr>\n",
       "            <td>&nbsp;&nbsp;&nbsp;&nbsp;&nbsp;&nbsp;&nbsp;&nbsp;-&gt;  GroupAggregate  (cost=30658.37..30668.77 rows=594 width=12) (actual time=9748.046..9761.234 rows=618 loops=1)</td>\n",
       "        </tr>\n",
       "        <tr>\n",
       "            <td>&nbsp;&nbsp;&nbsp;&nbsp;&nbsp;&nbsp;&nbsp;&nbsp;&nbsp;&nbsp;&nbsp;&nbsp;&nbsp;&nbsp;Group Key: l.video_id</td>\n",
       "        </tr>\n",
       "        <tr>\n",
       "            <td>&nbsp;&nbsp;&nbsp;&nbsp;&nbsp;&nbsp;&nbsp;&nbsp;&nbsp;&nbsp;&nbsp;&nbsp;&nbsp;&nbsp;-&gt;  Sort  (cost=30658.37..30659.86 rows=594 width=12) (actual time=9748.017..9752.235 rows=670 loops=1)</td>\n",
       "        </tr>\n",
       "        <tr>\n",
       "            <td>&nbsp;&nbsp;&nbsp;&nbsp;&nbsp;&nbsp;&nbsp;&nbsp;&nbsp;&nbsp;&nbsp;&nbsp;&nbsp;&nbsp;&nbsp;&nbsp;&nbsp;&nbsp;&nbsp;&nbsp;Sort Key: l.video_id</td>\n",
       "        </tr>\n",
       "        <tr>\n",
       "            <td>&nbsp;&nbsp;&nbsp;&nbsp;&nbsp;&nbsp;&nbsp;&nbsp;&nbsp;&nbsp;&nbsp;&nbsp;&nbsp;&nbsp;&nbsp;&nbsp;&nbsp;&nbsp;&nbsp;&nbsp;Sort Method: quicksort  Memory: 56kB</td>\n",
       "        </tr>\n",
       "        <tr>\n",
       "            <td>&nbsp;&nbsp;&nbsp;&nbsp;&nbsp;&nbsp;&nbsp;&nbsp;&nbsp;&nbsp;&nbsp;&nbsp;&nbsp;&nbsp;&nbsp;&nbsp;&nbsp;&nbsp;&nbsp;&nbsp;-&gt;  Nested Loop  (cost=30414.92..30631.00 rows=594 width=12) (actual time=9728.393..9743.921 rows=670 loops=1)</td>\n",
       "        </tr>\n",
       "        <tr>\n",
       "            <td>&nbsp;&nbsp;&nbsp;&nbsp;&nbsp;&nbsp;&nbsp;&nbsp;&nbsp;&nbsp;&nbsp;&nbsp;&nbsp;&nbsp;&nbsp;&nbsp;&nbsp;&nbsp;&nbsp;&nbsp;&nbsp;&nbsp;&nbsp;&nbsp;&nbsp;&nbsp;-&gt;  Finalize GroupAggregate  (cost=30414.49..30419.91 rows=44 width=12) (actual time=9728.357..9730.259 rows=53 loops=1)</td>\n",
       "        </tr>\n",
       "        <tr>\n",
       "            <td>&nbsp;&nbsp;&nbsp;&nbsp;&nbsp;&nbsp;&nbsp;&nbsp;&nbsp;&nbsp;&nbsp;&nbsp;&nbsp;&nbsp;&nbsp;&nbsp;&nbsp;&nbsp;&nbsp;&nbsp;&nbsp;&nbsp;&nbsp;&nbsp;&nbsp;&nbsp;&nbsp;&nbsp;&nbsp;&nbsp;&nbsp;&nbsp;Group Key: lb.user_id</td>\n",
       "        </tr>\n",
       "        <tr>\n",
       "            <td>&nbsp;&nbsp;&nbsp;&nbsp;&nbsp;&nbsp;&nbsp;&nbsp;&nbsp;&nbsp;&nbsp;&nbsp;&nbsp;&nbsp;&nbsp;&nbsp;&nbsp;&nbsp;&nbsp;&nbsp;&nbsp;&nbsp;&nbsp;&nbsp;&nbsp;&nbsp;&nbsp;&nbsp;&nbsp;&nbsp;&nbsp;&nbsp;-&gt;  Gather Merge  (cost=30414.49..30418.96 rows=36 width=12) (actual time=9728.283..9729.397 rows=53 loops=1)</td>\n",
       "        </tr>\n",
       "        <tr>\n",
       "            <td>&nbsp;&nbsp;&nbsp;&nbsp;&nbsp;&nbsp;&nbsp;&nbsp;&nbsp;&nbsp;&nbsp;&nbsp;&nbsp;&nbsp;&nbsp;&nbsp;&nbsp;&nbsp;&nbsp;&nbsp;&nbsp;&nbsp;&nbsp;&nbsp;&nbsp;&nbsp;&nbsp;&nbsp;&nbsp;&nbsp;&nbsp;&nbsp;&nbsp;&nbsp;&nbsp;&nbsp;&nbsp;&nbsp;Workers Planned: 2</td>\n",
       "        </tr>\n",
       "        <tr>\n",
       "            <td>&nbsp;&nbsp;&nbsp;&nbsp;&nbsp;&nbsp;&nbsp;&nbsp;&nbsp;&nbsp;&nbsp;&nbsp;&nbsp;&nbsp;&nbsp;&nbsp;&nbsp;&nbsp;&nbsp;&nbsp;&nbsp;&nbsp;&nbsp;&nbsp;&nbsp;&nbsp;&nbsp;&nbsp;&nbsp;&nbsp;&nbsp;&nbsp;&nbsp;&nbsp;&nbsp;&nbsp;&nbsp;&nbsp;Workers Launched: 2</td>\n",
       "        </tr>\n",
       "        <tr>\n",
       "            <td>&nbsp;&nbsp;&nbsp;&nbsp;&nbsp;&nbsp;&nbsp;&nbsp;&nbsp;&nbsp;&nbsp;&nbsp;&nbsp;&nbsp;&nbsp;&nbsp;&nbsp;&nbsp;&nbsp;&nbsp;&nbsp;&nbsp;&nbsp;&nbsp;&nbsp;&nbsp;&nbsp;&nbsp;&nbsp;&nbsp;&nbsp;&nbsp;&nbsp;&nbsp;&nbsp;&nbsp;&nbsp;&nbsp;-&gt;  Partial GroupAggregate  (cost=29414.47..29414.79 rows=18 width=12) (actual time=9702.984..9703.352 rows=18 loops=3)</td>\n",
       "        </tr>\n",
       "        <tr>\n",
       "            <td>&nbsp;&nbsp;&nbsp;&nbsp;&nbsp;&nbsp;&nbsp;&nbsp;&nbsp;&nbsp;&nbsp;&nbsp;&nbsp;&nbsp;&nbsp;&nbsp;&nbsp;&nbsp;&nbsp;&nbsp;&nbsp;&nbsp;&nbsp;&nbsp;&nbsp;&nbsp;&nbsp;&nbsp;&nbsp;&nbsp;&nbsp;&nbsp;&nbsp;&nbsp;&nbsp;&nbsp;&nbsp;&nbsp;&nbsp;&nbsp;&nbsp;&nbsp;&nbsp;&nbsp;Group Key: lb.user_id</td>\n",
       "        </tr>\n",
       "        <tr>\n",
       "            <td>&nbsp;&nbsp;&nbsp;&nbsp;&nbsp;&nbsp;&nbsp;&nbsp;&nbsp;&nbsp;&nbsp;&nbsp;&nbsp;&nbsp;&nbsp;&nbsp;&nbsp;&nbsp;&nbsp;&nbsp;&nbsp;&nbsp;&nbsp;&nbsp;&nbsp;&nbsp;&nbsp;&nbsp;&nbsp;&nbsp;&nbsp;&nbsp;&nbsp;&nbsp;&nbsp;&nbsp;&nbsp;&nbsp;&nbsp;&nbsp;&nbsp;&nbsp;&nbsp;&nbsp;-&gt;  Sort  (cost=29414.47..29414.52 rows=18 width=4) (actual time=9702.883..9703.064 rows=24 loops=3)</td>\n",
       "        </tr>\n",
       "        <tr>\n",
       "            <td>&nbsp;&nbsp;&nbsp;&nbsp;&nbsp;&nbsp;&nbsp;&nbsp;&nbsp;&nbsp;&nbsp;&nbsp;&nbsp;&nbsp;&nbsp;&nbsp;&nbsp;&nbsp;&nbsp;&nbsp;&nbsp;&nbsp;&nbsp;&nbsp;&nbsp;&nbsp;&nbsp;&nbsp;&nbsp;&nbsp;&nbsp;&nbsp;&nbsp;&nbsp;&nbsp;&nbsp;&nbsp;&nbsp;&nbsp;&nbsp;&nbsp;&nbsp;&nbsp;&nbsp;&nbsp;&nbsp;&nbsp;&nbsp;&nbsp;&nbsp;Sort Key: lb.user_id</td>\n",
       "        </tr>\n",
       "        <tr>\n",
       "            <td>&nbsp;&nbsp;&nbsp;&nbsp;&nbsp;&nbsp;&nbsp;&nbsp;&nbsp;&nbsp;&nbsp;&nbsp;&nbsp;&nbsp;&nbsp;&nbsp;&nbsp;&nbsp;&nbsp;&nbsp;&nbsp;&nbsp;&nbsp;&nbsp;&nbsp;&nbsp;&nbsp;&nbsp;&nbsp;&nbsp;&nbsp;&nbsp;&nbsp;&nbsp;&nbsp;&nbsp;&nbsp;&nbsp;&nbsp;&nbsp;&nbsp;&nbsp;&nbsp;&nbsp;&nbsp;&nbsp;&nbsp;&nbsp;&nbsp;&nbsp;Sort Method: quicksort  Memory: 27kB</td>\n",
       "        </tr>\n",
       "        <tr>\n",
       "            <td>&nbsp;&nbsp;&nbsp;&nbsp;&nbsp;&nbsp;&nbsp;&nbsp;&nbsp;&nbsp;&nbsp;&nbsp;&nbsp;&nbsp;&nbsp;&nbsp;&nbsp;&nbsp;&nbsp;&nbsp;&nbsp;&nbsp;&nbsp;&nbsp;&nbsp;&nbsp;&nbsp;&nbsp;&nbsp;&nbsp;&nbsp;&nbsp;&nbsp;&nbsp;&nbsp;&nbsp;&nbsp;&nbsp;&nbsp;&nbsp;&nbsp;&nbsp;&nbsp;&nbsp;&nbsp;&nbsp;&nbsp;&nbsp;&nbsp;&nbsp;Worker 0:  Sort Method: quicksort  Memory: 25kB</td>\n",
       "        </tr>\n",
       "        <tr>\n",
       "            <td>&nbsp;&nbsp;&nbsp;&nbsp;&nbsp;&nbsp;&nbsp;&nbsp;&nbsp;&nbsp;&nbsp;&nbsp;&nbsp;&nbsp;&nbsp;&nbsp;&nbsp;&nbsp;&nbsp;&nbsp;&nbsp;&nbsp;&nbsp;&nbsp;&nbsp;&nbsp;&nbsp;&nbsp;&nbsp;&nbsp;&nbsp;&nbsp;&nbsp;&nbsp;&nbsp;&nbsp;&nbsp;&nbsp;&nbsp;&nbsp;&nbsp;&nbsp;&nbsp;&nbsp;&nbsp;&nbsp;&nbsp;&nbsp;&nbsp;&nbsp;Worker 1:  Sort Method: quicksort  Memory: 25kB</td>\n",
       "        </tr>\n",
       "        <tr>\n",
       "            <td>&nbsp;&nbsp;&nbsp;&nbsp;&nbsp;&nbsp;&nbsp;&nbsp;&nbsp;&nbsp;&nbsp;&nbsp;&nbsp;&nbsp;&nbsp;&nbsp;&nbsp;&nbsp;&nbsp;&nbsp;&nbsp;&nbsp;&nbsp;&nbsp;&nbsp;&nbsp;&nbsp;&nbsp;&nbsp;&nbsp;&nbsp;&nbsp;&nbsp;&nbsp;&nbsp;&nbsp;&nbsp;&nbsp;&nbsp;&nbsp;&nbsp;&nbsp;&nbsp;&nbsp;&nbsp;&nbsp;&nbsp;&nbsp;&nbsp;&nbsp;-&gt;  Hash Join  (cost=4.82..29414.10 rows=18 width=4) (actual time=613.999..9702.721 rows=24 loops=3)</td>\n",
       "        </tr>\n",
       "        <tr>\n",
       "            <td>&nbsp;&nbsp;&nbsp;&nbsp;&nbsp;&nbsp;&nbsp;&nbsp;&nbsp;&nbsp;&nbsp;&nbsp;&nbsp;&nbsp;&nbsp;&nbsp;&nbsp;&nbsp;&nbsp;&nbsp;&nbsp;&nbsp;&nbsp;&nbsp;&nbsp;&nbsp;&nbsp;&nbsp;&nbsp;&nbsp;&nbsp;&nbsp;&nbsp;&nbsp;&nbsp;&nbsp;&nbsp;&nbsp;&nbsp;&nbsp;&nbsp;&nbsp;&nbsp;&nbsp;&nbsp;&nbsp;&nbsp;&nbsp;&nbsp;&nbsp;&nbsp;&nbsp;&nbsp;&nbsp;&nbsp;&nbsp;Hash Cond: (lb.video_id = la.video_id)</td>\n",
       "        </tr>\n",
       "        <tr>\n",
       "            <td>&nbsp;&nbsp;&nbsp;&nbsp;&nbsp;&nbsp;&nbsp;&nbsp;&nbsp;&nbsp;&nbsp;&nbsp;&nbsp;&nbsp;&nbsp;&nbsp;&nbsp;&nbsp;&nbsp;&nbsp;&nbsp;&nbsp;&nbsp;&nbsp;&nbsp;&nbsp;&nbsp;&nbsp;&nbsp;&nbsp;&nbsp;&nbsp;&nbsp;&nbsp;&nbsp;&nbsp;&nbsp;&nbsp;&nbsp;&nbsp;&nbsp;&nbsp;&nbsp;&nbsp;&nbsp;&nbsp;&nbsp;&nbsp;&nbsp;&nbsp;&nbsp;&nbsp;&nbsp;&nbsp;&nbsp;&nbsp;-&gt;  Parallel Seq Scan on likes lb  (cost=0.00..26643.45 rows=1053645 width=8) (actual time=0.030..4851.307 rows=842916 loops=3)</td>\n",
       "        </tr>\n",
       "        <tr>\n",
       "            <td>&nbsp;&nbsp;&nbsp;&nbsp;&nbsp;&nbsp;&nbsp;&nbsp;&nbsp;&nbsp;&nbsp;&nbsp;&nbsp;&nbsp;&nbsp;&nbsp;&nbsp;&nbsp;&nbsp;&nbsp;&nbsp;&nbsp;&nbsp;&nbsp;&nbsp;&nbsp;&nbsp;&nbsp;&nbsp;&nbsp;&nbsp;&nbsp;&nbsp;&nbsp;&nbsp;&nbsp;&nbsp;&nbsp;&nbsp;&nbsp;&nbsp;&nbsp;&nbsp;&nbsp;&nbsp;&nbsp;&nbsp;&nbsp;&nbsp;&nbsp;&nbsp;&nbsp;&nbsp;&nbsp;&nbsp;&nbsp;-&gt;  Hash  (cost=4.66..4.66 rows=13 width=4) (actual time=0.384..0.400 rows=19 loops=3)</td>\n",
       "        </tr>\n",
       "        <tr>\n",
       "            <td>&nbsp;&nbsp;&nbsp;&nbsp;&nbsp;&nbsp;&nbsp;&nbsp;&nbsp;&nbsp;&nbsp;&nbsp;&nbsp;&nbsp;&nbsp;&nbsp;&nbsp;&nbsp;&nbsp;&nbsp;&nbsp;&nbsp;&nbsp;&nbsp;&nbsp;&nbsp;&nbsp;&nbsp;&nbsp;&nbsp;&nbsp;&nbsp;&nbsp;&nbsp;&nbsp;&nbsp;&nbsp;&nbsp;&nbsp;&nbsp;&nbsp;&nbsp;&nbsp;&nbsp;&nbsp;&nbsp;&nbsp;&nbsp;&nbsp;&nbsp;&nbsp;&nbsp;&nbsp;&nbsp;&nbsp;&nbsp;&nbsp;&nbsp;&nbsp;&nbsp;&nbsp;&nbsp;Buckets: 1024  Batches: 1  Memory Usage: 9kB</td>\n",
       "        </tr>\n",
       "        <tr>\n",
       "            <td>&nbsp;&nbsp;&nbsp;&nbsp;&nbsp;&nbsp;&nbsp;&nbsp;&nbsp;&nbsp;&nbsp;&nbsp;&nbsp;&nbsp;&nbsp;&nbsp;&nbsp;&nbsp;&nbsp;&nbsp;&nbsp;&nbsp;&nbsp;&nbsp;&nbsp;&nbsp;&nbsp;&nbsp;&nbsp;&nbsp;&nbsp;&nbsp;&nbsp;&nbsp;&nbsp;&nbsp;&nbsp;&nbsp;&nbsp;&nbsp;&nbsp;&nbsp;&nbsp;&nbsp;&nbsp;&nbsp;&nbsp;&nbsp;&nbsp;&nbsp;&nbsp;&nbsp;&nbsp;&nbsp;&nbsp;&nbsp;&nbsp;&nbsp;&nbsp;&nbsp;&nbsp;&nbsp;-&gt;  Index Only Scan using like_const on likes la  (cost=0.43..4.66 rows=13 width=4) (actual time=0.039..0.199 rows=19 loops=3)</td>\n",
       "        </tr>\n",
       "        <tr>\n",
       "            <td>&nbsp;&nbsp;&nbsp;&nbsp;&nbsp;&nbsp;&nbsp;&nbsp;&nbsp;&nbsp;&nbsp;&nbsp;&nbsp;&nbsp;&nbsp;&nbsp;&nbsp;&nbsp;&nbsp;&nbsp;&nbsp;&nbsp;&nbsp;&nbsp;&nbsp;&nbsp;&nbsp;&nbsp;&nbsp;&nbsp;&nbsp;&nbsp;&nbsp;&nbsp;&nbsp;&nbsp;&nbsp;&nbsp;&nbsp;&nbsp;&nbsp;&nbsp;&nbsp;&nbsp;&nbsp;&nbsp;&nbsp;&nbsp;&nbsp;&nbsp;&nbsp;&nbsp;&nbsp;&nbsp;&nbsp;&nbsp;&nbsp;&nbsp;&nbsp;&nbsp;&nbsp;&nbsp;&nbsp;&nbsp;&nbsp;&nbsp;&nbsp;&nbsp;Index Cond: (user_id = 1)</td>\n",
       "        </tr>\n",
       "        <tr>\n",
       "            <td>&nbsp;&nbsp;&nbsp;&nbsp;&nbsp;&nbsp;&nbsp;&nbsp;&nbsp;&nbsp;&nbsp;&nbsp;&nbsp;&nbsp;&nbsp;&nbsp;&nbsp;&nbsp;&nbsp;&nbsp;&nbsp;&nbsp;&nbsp;&nbsp;&nbsp;&nbsp;&nbsp;&nbsp;&nbsp;&nbsp;&nbsp;&nbsp;&nbsp;&nbsp;&nbsp;&nbsp;&nbsp;&nbsp;&nbsp;&nbsp;&nbsp;&nbsp;&nbsp;&nbsp;&nbsp;&nbsp;&nbsp;&nbsp;&nbsp;&nbsp;&nbsp;&nbsp;&nbsp;&nbsp;&nbsp;&nbsp;&nbsp;&nbsp;&nbsp;&nbsp;&nbsp;&nbsp;&nbsp;&nbsp;&nbsp;&nbsp;&nbsp;&nbsp;Heap Fetches: 0</td>\n",
       "        </tr>\n",
       "        <tr>\n",
       "            <td>&nbsp;&nbsp;&nbsp;&nbsp;&nbsp;&nbsp;&nbsp;&nbsp;&nbsp;&nbsp;&nbsp;&nbsp;&nbsp;&nbsp;&nbsp;&nbsp;&nbsp;&nbsp;&nbsp;&nbsp;&nbsp;&nbsp;&nbsp;&nbsp;&nbsp;&nbsp;-&gt;  Index Only Scan using like_const on likes l  (cost=0.43..4.66 rows=13 width=8) (actual time=0.020..0.097 rows=13 loops=53)</td>\n",
       "        </tr>\n",
       "        <tr>\n",
       "            <td>&nbsp;&nbsp;&nbsp;&nbsp;&nbsp;&nbsp;&nbsp;&nbsp;&nbsp;&nbsp;&nbsp;&nbsp;&nbsp;&nbsp;&nbsp;&nbsp;&nbsp;&nbsp;&nbsp;&nbsp;&nbsp;&nbsp;&nbsp;&nbsp;&nbsp;&nbsp;&nbsp;&nbsp;&nbsp;&nbsp;&nbsp;&nbsp;Index Cond: (user_id = lb.user_id)</td>\n",
       "        </tr>\n",
       "        <tr>\n",
       "            <td>&nbsp;&nbsp;&nbsp;&nbsp;&nbsp;&nbsp;&nbsp;&nbsp;&nbsp;&nbsp;&nbsp;&nbsp;&nbsp;&nbsp;&nbsp;&nbsp;&nbsp;&nbsp;&nbsp;&nbsp;&nbsp;&nbsp;&nbsp;&nbsp;&nbsp;&nbsp;&nbsp;&nbsp;&nbsp;&nbsp;&nbsp;&nbsp;Heap Fetches: 0</td>\n",
       "        </tr>\n",
       "        <tr>\n",
       "            <td>Planning Time: 0.431 ms</td>\n",
       "        </tr>\n",
       "        <tr>\n",
       "            <td>Execution Time: 9765.399 ms</td>\n",
       "        </tr>\n",
       "    </tbody>\n",
       "</table>"
      ],
      "text/plain": [
       "[('Limit  (cost=30681.60..30681.63 rows=10 width=12) (actual time=9764.907..9765.270 rows=10 loops=1)',),\n",
       " ('  ->  Sort  (cost=30681.60..30683.09 rows=594 width=12) (actual time=9764.893..9765.140 rows=10 loops=1)',),\n",
       " ('        Sort Key: (sum((log(((1 + count(*)))::double precision)))) DESC',),\n",
       " ('        Sort Method: top-N heapsort  Memory: 25kB',),\n",
       " ('        ->  GroupAggregate  (cost=30658.37..30668.77 rows=594 width=12) (actual time=9748.046..9761.234 rows=618 loops=1)',),\n",
       " ('              Group Key: l.video_id',),\n",
       " ('              ->  Sort  (cost=30658.37..30659.86 rows=594 width=12) (actual time=9748.017..9752.235 rows=670 loops=1)',),\n",
       " ('                    Sort Key: l.video_id',),\n",
       " ('                    Sort Method: quicksort  Memory: 56kB',),\n",
       " ('                    ->  Nested Loop  (cost=30414.92..30631.00 rows=594 width=12) (actual time=9728.393..9743.921 rows=670 loops=1)',),\n",
       " ('                          ->  Finalize GroupAggregate  (cost=30414.49..30419.91 rows=44 width=12) (actual time=9728.357..9730.259 rows=53 loops=1)',),\n",
       " ('                                Group Key: lb.user_id',),\n",
       " ('                                ->  Gather Merge  (cost=30414.49..30418.96 rows=36 width=12) (actual time=9728.283..9729.397 rows=53 loops=1)',),\n",
       " ('                                      Workers Planned: 2',),\n",
       " ('                                      Workers Launched: 2',),\n",
       " ('                                      ->  Partial GroupAggregate  (cost=29414.47..29414.79 rows=18 width=12) (actual time=9702.984..9703.352 rows=18 loops=3)',),\n",
       " ('                                            Group Key: lb.user_id',),\n",
       " ('                                            ->  Sort  (cost=29414.47..29414.52 rows=18 width=4) (actual time=9702.883..9703.064 rows=24 loops=3)',),\n",
       " ('                                                  Sort Key: lb.user_id',),\n",
       " ('                                                  Sort Method: quicksort  Memory: 27kB',),\n",
       " ('                                                  Worker 0:  Sort Method: quicksort  Memory: 25kB',),\n",
       " ('                                                  Worker 1:  Sort Method: quicksort  Memory: 25kB',),\n",
       " ('                                                  ->  Hash Join  (cost=4.82..29414.10 rows=18 width=4) (actual time=613.999..9702.721 rows=24 loops=3)',),\n",
       " ('                                                        Hash Cond: (lb.video_id = la.video_id)',),\n",
       " ('                                                        ->  Parallel Seq Scan on likes lb  (cost=0.00..26643.45 rows=1053645 width=8) (actual time=0.030..4851.307 rows=842916 loops=3)',),\n",
       " ('                                                        ->  Hash  (cost=4.66..4.66 rows=13 width=4) (actual time=0.384..0.400 rows=19 loops=3)',),\n",
       " ('                                                              Buckets: 1024  Batches: 1  Memory Usage: 9kB',),\n",
       " ('                                                              ->  Index Only Scan using like_const on likes la  (cost=0.43..4.66 rows=13 width=4) (actual time=0.039..0.199 rows=19 loops=3)',),\n",
       " ('                                                                    Index Cond: (user_id = 1)',),\n",
       " ('                                                                    Heap Fetches: 0',),\n",
       " ('                          ->  Index Only Scan using like_const on likes l  (cost=0.43..4.66 rows=13 width=8) (actual time=0.020..0.097 rows=13 loops=53)',),\n",
       " ('                                Index Cond: (user_id = lb.user_id)',),\n",
       " ('                                Heap Fetches: 0',),\n",
       " ('Planning Time: 0.431 ms',),\n",
       " ('Execution Time: 9765.399 ms',)]"
      ]
     },
     "execution_count": 11,
     "metadata": {},
     "output_type": "execute_result"
    }
   ],
   "source": [
    "%%sql\n",
    "EXPLAIN ANALYZE\n",
    "WITH UserWeight AS\n",
    "    (\n",
    "     SELECT lb.user_id, LOG(1+COUNT(*)) AS weight \n",
    "     FROM cats.likes la, cats.likes lb\n",
    "     WHERE la.user_id=1 AND la.video_id=lb.video_id \n",
    "     GROUP BY lb.user_id\n",
    "     )\n",
    "SELECT l.video_id, SUM(w.weight) AS sum_weight \n",
    "FROM cats.likes l,  UserWeight w\n",
    "WHERE l.user_id=w.user_id \n",
    "GROUP BY l.video_id\n",
    "ORDER BY sum_weight DESC \n",
    "LIMIT 10"
   ]
  },
  {
   "cell_type": "markdown",
   "metadata": {},
   "source": [
    ">## Analyze"
   ]
  },
  {
   "cell_type": "markdown",
   "metadata": {},
   "source": [
    "## Performance doesn't change too much as the Seq Scan was still selected as the optimal solution for the rendering data entries."
   ]
  }
 ],
 "metadata": {
  "kernelspec": {
   "display_name": "Python 3",
   "language": "python",
   "name": "python3"
  },
  "language_info": {
   "codemirror_mode": {
    "name": "ipython",
    "version": 3
   },
   "file_extension": ".py",
   "mimetype": "text/x-python",
   "name": "python",
   "nbconvert_exporter": "python",
   "pygments_lexer": "ipython3",
   "version": "3.7.7"
  }
 },
 "nbformat": 4,
 "nbformat_minor": 4
}
