{
 "cells": [
  {
   "cell_type": "code",
   "execution_count": 1,
   "metadata": {},
   "outputs": [],
   "source": [
    "import numpy as np\n",
    "import pandas as pd\n",
    "import psycopg2\n",
    "import pgspecial"
   ]
  },
  {
   "cell_type": "code",
   "execution_count": 2,
   "metadata": {
    "scrolled": true
   },
   "outputs": [
    {
     "name": "stdout",
     "output_type": "stream",
     "text": [
      "CONTAINER ID   IMAGE      COMMAND                  CREATED       STATUS        PORTS                    NAMES\r\n",
      "3f9812e56ca3   postgres   \"docker-entrypoint.s…\"   2 weeks ago   Up 21 hours   0.0.0.0:5432->5432/tcp   sales\r\n"
     ]
    }
   ],
   "source": [
    "!docker ps"
   ]
  },
  {
   "cell_type": "code",
   "execution_count": 3,
   "metadata": {
    "scrolled": true
   },
   "outputs": [
    {
     "name": "stdout",
     "output_type": "stream",
     "text": [
      "found 0 associations\r\n",
      "found 1 connections:\r\n",
      "     1:\tflags=82<CONNECTED,PREFERRED>\r\n",
      "\toutif lo0\r\n",
      "\tsrc ::1 port 58341\r\n",
      "\tdst ::1 port 5432\r\n",
      "\trank info not available\r\n",
      "\tTCP aux info available\r\n",
      "\r\n",
      "Connection to localhost port 5432 [tcp/postgresql] succeeded!\r\n"
     ]
    }
   ],
   "source": [
    "# examine port connection\n",
    "!nc -zv localhost 5432"
   ]
  },
  {
   "cell_type": "code",
   "execution_count": 4,
   "metadata": {},
   "outputs": [],
   "source": [
    "# connect database located on docker with psycopg2\n",
    "try:\n",
    "    conn = psycopg2.connect(\"dbname='postgres' user='postgres' host='0.0.0.0' password='huyuan3' port='5432'\")\n",
    "except:\n",
    "    print(\"I am unable to connect to the database\")"
   ]
  },
  {
   "cell_type": "code",
   "execution_count": 5,
   "metadata": {},
   "outputs": [],
   "source": [
    "# Open a cursor to perform database operations\n",
    "cur = conn.cursor()"
   ]
  },
  {
   "cell_type": "code",
   "execution_count": 6,
   "metadata": {},
   "outputs": [],
   "source": [
    "%load_ext sql"
   ]
  },
  {
   "cell_type": "code",
   "execution_count": 7,
   "metadata": {
    "scrolled": true
   },
   "outputs": [
    {
     "data": {
      "text/plain": [
       "'Connected: postgres@postgres'"
      ]
     },
     "execution_count": 7,
     "metadata": {},
     "output_type": "execute_result"
    }
   ],
   "source": [
    "# # connect database located on docker with ipython-sql\n",
    "%sql postgresql://postgres:huyuan3@localhost/postgres"
   ]
  },
  {
   "cell_type": "code",
   "execution_count": 8,
   "metadata": {},
   "outputs": [],
   "source": [
    "def query_to_df(conn, query, column_names):\n",
    "    \"\"\"\n",
    "    Tranform a SELECT query into a pandas dataframe\n",
    "    \"\"\"\n",
    "    cur = conn.cursor()\n",
    "    try:\n",
    "        cur.execute(query)\n",
    "    except (Exception, psycopg2.DatabaseError) as error:\n",
    "        print(\"Error: %s\" % error)\n",
    "        cur.close()\n",
    "        return 1\n",
    "    \n",
    "    # Naturally we get a list of tuples\n",
    "    tuples = cur.fetchall()\n",
    "    cur.close()\n",
    "    \n",
    "    # We just need to turn it into a pandas dataframe\n",
    "    df = pd.DataFrame(tuples, columns=column_names)\n",
    "    return df"
   ]
  },
  {
   "cell_type": "markdown",
   "metadata": {},
   "source": [
    "## Table Statistics"
   ]
  },
  {
   "cell_type": "code",
   "execution_count": 41,
   "metadata": {},
   "outputs": [],
   "source": [
    "# load csv to pandas Dataframe\n",
    "states = pd.read_csv('states.csv')\n",
    "categories = pd.read_csv('categories.csv')\n",
    "customers = pd.read_csv('customers.csv')\n",
    "products = pd.read_csv('products.csv')\n",
    "sales = pd.read_csv('sales.csv')"
   ]
  },
  {
   "cell_type": "code",
   "execution_count": 46,
   "metadata": {
    "scrolled": false
   },
   "outputs": [
    {
     "data": {
      "text/html": [
       "<div>\n",
       "<style scoped>\n",
       "    .dataframe tbody tr th:only-of-type {\n",
       "        vertical-align: middle;\n",
       "    }\n",
       "\n",
       "    .dataframe tbody tr th {\n",
       "        vertical-align: top;\n",
       "    }\n",
       "\n",
       "    .dataframe thead th {\n",
       "        text-align: right;\n",
       "    }\n",
       "</style>\n",
       "<table border=\"1\" class=\"dataframe\">\n",
       "  <thead>\n",
       "    <tr style=\"text-align: right;\">\n",
       "      <th></th>\n",
       "      <th>id</th>\n",
       "      <th>state_name</th>\n",
       "    </tr>\n",
       "  </thead>\n",
       "  <tbody>\n",
       "    <tr>\n",
       "      <th>0</th>\n",
       "      <td>0</td>\n",
       "      <td>Alabama</td>\n",
       "    </tr>\n",
       "    <tr>\n",
       "      <th>1</th>\n",
       "      <td>1</td>\n",
       "      <td>Alaska</td>\n",
       "    </tr>\n",
       "    <tr>\n",
       "      <th>2</th>\n",
       "      <td>2</td>\n",
       "      <td>Arizona</td>\n",
       "    </tr>\n",
       "    <tr>\n",
       "      <th>3</th>\n",
       "      <td>3</td>\n",
       "      <td>Arkansas</td>\n",
       "    </tr>\n",
       "    <tr>\n",
       "      <th>4</th>\n",
       "      <td>4</td>\n",
       "      <td>California</td>\n",
       "    </tr>\n",
       "    <tr>\n",
       "      <th>5</th>\n",
       "      <td>5</td>\n",
       "      <td>Colorado</td>\n",
       "    </tr>\n",
       "    <tr>\n",
       "      <th>6</th>\n",
       "      <td>6</td>\n",
       "      <td>Connecticut</td>\n",
       "    </tr>\n",
       "    <tr>\n",
       "      <th>7</th>\n",
       "      <td>7</td>\n",
       "      <td>Delaware</td>\n",
       "    </tr>\n",
       "    <tr>\n",
       "      <th>8</th>\n",
       "      <td>8</td>\n",
       "      <td>Florida</td>\n",
       "    </tr>\n",
       "    <tr>\n",
       "      <th>9</th>\n",
       "      <td>9</td>\n",
       "      <td>Georgia</td>\n",
       "    </tr>\n",
       "    <tr>\n",
       "      <th>10</th>\n",
       "      <td>10</td>\n",
       "      <td>Hawaii</td>\n",
       "    </tr>\n",
       "    <tr>\n",
       "      <th>11</th>\n",
       "      <td>11</td>\n",
       "      <td>Idaho</td>\n",
       "    </tr>\n",
       "    <tr>\n",
       "      <th>12</th>\n",
       "      <td>12</td>\n",
       "      <td>Illinois</td>\n",
       "    </tr>\n",
       "    <tr>\n",
       "      <th>13</th>\n",
       "      <td>13</td>\n",
       "      <td>Indiana</td>\n",
       "    </tr>\n",
       "    <tr>\n",
       "      <th>14</th>\n",
       "      <td>14</td>\n",
       "      <td>Iowa</td>\n",
       "    </tr>\n",
       "    <tr>\n",
       "      <th>15</th>\n",
       "      <td>15</td>\n",
       "      <td>Kansas</td>\n",
       "    </tr>\n",
       "    <tr>\n",
       "      <th>16</th>\n",
       "      <td>16</td>\n",
       "      <td>Kentucky</td>\n",
       "    </tr>\n",
       "    <tr>\n",
       "      <th>17</th>\n",
       "      <td>17</td>\n",
       "      <td>Louisiana</td>\n",
       "    </tr>\n",
       "    <tr>\n",
       "      <th>18</th>\n",
       "      <td>18</td>\n",
       "      <td>Maine</td>\n",
       "    </tr>\n",
       "    <tr>\n",
       "      <th>19</th>\n",
       "      <td>19</td>\n",
       "      <td>Maryland</td>\n",
       "    </tr>\n",
       "    <tr>\n",
       "      <th>20</th>\n",
       "      <td>20</td>\n",
       "      <td>Massachusetts</td>\n",
       "    </tr>\n",
       "    <tr>\n",
       "      <th>21</th>\n",
       "      <td>21</td>\n",
       "      <td>Michigan</td>\n",
       "    </tr>\n",
       "    <tr>\n",
       "      <th>22</th>\n",
       "      <td>22</td>\n",
       "      <td>Minnesota</td>\n",
       "    </tr>\n",
       "    <tr>\n",
       "      <th>23</th>\n",
       "      <td>23</td>\n",
       "      <td>Mississippi</td>\n",
       "    </tr>\n",
       "    <tr>\n",
       "      <th>24</th>\n",
       "      <td>24</td>\n",
       "      <td>Missouri</td>\n",
       "    </tr>\n",
       "    <tr>\n",
       "      <th>25</th>\n",
       "      <td>25</td>\n",
       "      <td>Montana</td>\n",
       "    </tr>\n",
       "    <tr>\n",
       "      <th>26</th>\n",
       "      <td>26</td>\n",
       "      <td>Nebraska</td>\n",
       "    </tr>\n",
       "    <tr>\n",
       "      <th>27</th>\n",
       "      <td>27</td>\n",
       "      <td>Nevada</td>\n",
       "    </tr>\n",
       "    <tr>\n",
       "      <th>28</th>\n",
       "      <td>28</td>\n",
       "      <td>New Hampshire</td>\n",
       "    </tr>\n",
       "    <tr>\n",
       "      <th>29</th>\n",
       "      <td>29</td>\n",
       "      <td>New Jersey</td>\n",
       "    </tr>\n",
       "    <tr>\n",
       "      <th>30</th>\n",
       "      <td>30</td>\n",
       "      <td>New Mexico</td>\n",
       "    </tr>\n",
       "    <tr>\n",
       "      <th>31</th>\n",
       "      <td>31</td>\n",
       "      <td>New York</td>\n",
       "    </tr>\n",
       "    <tr>\n",
       "      <th>32</th>\n",
       "      <td>32</td>\n",
       "      <td>North Carolina</td>\n",
       "    </tr>\n",
       "    <tr>\n",
       "      <th>33</th>\n",
       "      <td>33</td>\n",
       "      <td>North Dakota</td>\n",
       "    </tr>\n",
       "    <tr>\n",
       "      <th>34</th>\n",
       "      <td>34</td>\n",
       "      <td>Ohio</td>\n",
       "    </tr>\n",
       "    <tr>\n",
       "      <th>35</th>\n",
       "      <td>35</td>\n",
       "      <td>Oklahoma</td>\n",
       "    </tr>\n",
       "    <tr>\n",
       "      <th>36</th>\n",
       "      <td>36</td>\n",
       "      <td>Oregon</td>\n",
       "    </tr>\n",
       "    <tr>\n",
       "      <th>37</th>\n",
       "      <td>37</td>\n",
       "      <td>Pennsylvania</td>\n",
       "    </tr>\n",
       "    <tr>\n",
       "      <th>38</th>\n",
       "      <td>38</td>\n",
       "      <td>Rhode Island</td>\n",
       "    </tr>\n",
       "    <tr>\n",
       "      <th>39</th>\n",
       "      <td>39</td>\n",
       "      <td>South Carolina</td>\n",
       "    </tr>\n",
       "    <tr>\n",
       "      <th>40</th>\n",
       "      <td>40</td>\n",
       "      <td>South Dakota</td>\n",
       "    </tr>\n",
       "    <tr>\n",
       "      <th>41</th>\n",
       "      <td>41</td>\n",
       "      <td>Tennessee</td>\n",
       "    </tr>\n",
       "    <tr>\n",
       "      <th>42</th>\n",
       "      <td>42</td>\n",
       "      <td>Texas</td>\n",
       "    </tr>\n",
       "    <tr>\n",
       "      <th>43</th>\n",
       "      <td>43</td>\n",
       "      <td>Utah</td>\n",
       "    </tr>\n",
       "    <tr>\n",
       "      <th>44</th>\n",
       "      <td>44</td>\n",
       "      <td>Vermont</td>\n",
       "    </tr>\n",
       "    <tr>\n",
       "      <th>45</th>\n",
       "      <td>45</td>\n",
       "      <td>Virginia</td>\n",
       "    </tr>\n",
       "    <tr>\n",
       "      <th>46</th>\n",
       "      <td>46</td>\n",
       "      <td>Washington</td>\n",
       "    </tr>\n",
       "    <tr>\n",
       "      <th>47</th>\n",
       "      <td>47</td>\n",
       "      <td>West Virginia</td>\n",
       "    </tr>\n",
       "    <tr>\n",
       "      <th>48</th>\n",
       "      <td>48</td>\n",
       "      <td>Wisconsin</td>\n",
       "    </tr>\n",
       "    <tr>\n",
       "      <th>49</th>\n",
       "      <td>49</td>\n",
       "      <td>Wyoming</td>\n",
       "    </tr>\n",
       "  </tbody>\n",
       "</table>\n",
       "</div>"
      ],
      "text/plain": [
       "    id      state_name\n",
       "0    0         Alabama\n",
       "1    1          Alaska\n",
       "2    2         Arizona\n",
       "3    3        Arkansas\n",
       "4    4      California\n",
       "5    5        Colorado\n",
       "6    6     Connecticut\n",
       "7    7        Delaware\n",
       "8    8         Florida\n",
       "9    9         Georgia\n",
       "10  10          Hawaii\n",
       "11  11           Idaho\n",
       "12  12        Illinois\n",
       "13  13         Indiana\n",
       "14  14            Iowa\n",
       "15  15          Kansas\n",
       "16  16        Kentucky\n",
       "17  17       Louisiana\n",
       "18  18           Maine\n",
       "19  19        Maryland\n",
       "20  20   Massachusetts\n",
       "21  21        Michigan\n",
       "22  22       Minnesota\n",
       "23  23     Mississippi\n",
       "24  24        Missouri\n",
       "25  25         Montana\n",
       "26  26        Nebraska\n",
       "27  27          Nevada\n",
       "28  28   New Hampshire\n",
       "29  29      New Jersey\n",
       "30  30      New Mexico\n",
       "31  31        New York\n",
       "32  32  North Carolina\n",
       "33  33    North Dakota\n",
       "34  34            Ohio\n",
       "35  35        Oklahoma\n",
       "36  36          Oregon\n",
       "37  37    Pennsylvania\n",
       "38  38    Rhode Island\n",
       "39  39  South Carolina\n",
       "40  40    South Dakota\n",
       "41  41       Tennessee\n",
       "42  42           Texas\n",
       "43  43            Utah\n",
       "44  44         Vermont\n",
       "45  45        Virginia\n",
       "46  46      Washington\n",
       "47  47   West Virginia\n",
       "48  48       Wisconsin\n",
       "49  49         Wyoming"
      ]
     },
     "execution_count": 46,
     "metadata": {},
     "output_type": "execute_result"
    }
   ],
   "source": [
    "states"
   ]
  },
  {
   "cell_type": "code",
   "execution_count": 45,
   "metadata": {},
   "outputs": [
    {
     "data": {
      "text/html": [
       "<div>\n",
       "<style scoped>\n",
       "    .dataframe tbody tr th:only-of-type {\n",
       "        vertical-align: middle;\n",
       "    }\n",
       "\n",
       "    .dataframe tbody tr th {\n",
       "        vertical-align: top;\n",
       "    }\n",
       "\n",
       "    .dataframe thead th {\n",
       "        text-align: right;\n",
       "    }\n",
       "</style>\n",
       "<table border=\"1\" class=\"dataframe\">\n",
       "  <thead>\n",
       "    <tr style=\"text-align: right;\">\n",
       "      <th></th>\n",
       "      <th>id</th>\n",
       "      <th>name</th>\n",
       "      <th>description</th>\n",
       "    </tr>\n",
       "  </thead>\n",
       "  <tbody>\n",
       "    <tr>\n",
       "      <th>0</th>\n",
       "      <td>0</td>\n",
       "      <td>C0</td>\n",
       "      <td>Products in this category have properties PSET0</td>\n",
       "    </tr>\n",
       "    <tr>\n",
       "      <th>1</th>\n",
       "      <td>1</td>\n",
       "      <td>C1</td>\n",
       "      <td>Products in this category have properties PSET1</td>\n",
       "    </tr>\n",
       "    <tr>\n",
       "      <th>2</th>\n",
       "      <td>2</td>\n",
       "      <td>C2</td>\n",
       "      <td>Products in this category have properties PSET2</td>\n",
       "    </tr>\n",
       "    <tr>\n",
       "      <th>3</th>\n",
       "      <td>3</td>\n",
       "      <td>C3</td>\n",
       "      <td>Products in this category have properties PSET3</td>\n",
       "    </tr>\n",
       "    <tr>\n",
       "      <th>4</th>\n",
       "      <td>4</td>\n",
       "      <td>C4</td>\n",
       "      <td>Products in this category have properties PSET4</td>\n",
       "    </tr>\n",
       "    <tr>\n",
       "      <th>5</th>\n",
       "      <td>5</td>\n",
       "      <td>C5</td>\n",
       "      <td>Products in this category have properties PSET5</td>\n",
       "    </tr>\n",
       "    <tr>\n",
       "      <th>6</th>\n",
       "      <td>6</td>\n",
       "      <td>C6</td>\n",
       "      <td>Products in this category have properties PSET6</td>\n",
       "    </tr>\n",
       "    <tr>\n",
       "      <th>7</th>\n",
       "      <td>7</td>\n",
       "      <td>C7</td>\n",
       "      <td>Products in this category have properties PSET7</td>\n",
       "    </tr>\n",
       "    <tr>\n",
       "      <th>8</th>\n",
       "      <td>8</td>\n",
       "      <td>C8</td>\n",
       "      <td>Products in this category have properties PSET8</td>\n",
       "    </tr>\n",
       "    <tr>\n",
       "      <th>9</th>\n",
       "      <td>9</td>\n",
       "      <td>C9</td>\n",
       "      <td>Products in this category have properties PSET9</td>\n",
       "    </tr>\n",
       "    <tr>\n",
       "      <th>10</th>\n",
       "      <td>10</td>\n",
       "      <td>C10</td>\n",
       "      <td>Products in this category have properties PSET10</td>\n",
       "    </tr>\n",
       "    <tr>\n",
       "      <th>11</th>\n",
       "      <td>11</td>\n",
       "      <td>C11</td>\n",
       "      <td>Products in this category have properties PSET11</td>\n",
       "    </tr>\n",
       "    <tr>\n",
       "      <th>12</th>\n",
       "      <td>12</td>\n",
       "      <td>C12</td>\n",
       "      <td>Products in this category have properties PSET12</td>\n",
       "    </tr>\n",
       "    <tr>\n",
       "      <th>13</th>\n",
       "      <td>13</td>\n",
       "      <td>C13</td>\n",
       "      <td>Products in this category have properties PSET13</td>\n",
       "    </tr>\n",
       "    <tr>\n",
       "      <th>14</th>\n",
       "      <td>14</td>\n",
       "      <td>C14</td>\n",
       "      <td>Products in this category have properties PSET14</td>\n",
       "    </tr>\n",
       "    <tr>\n",
       "      <th>15</th>\n",
       "      <td>15</td>\n",
       "      <td>C15</td>\n",
       "      <td>Products in this category have properties PSET15</td>\n",
       "    </tr>\n",
       "    <tr>\n",
       "      <th>16</th>\n",
       "      <td>16</td>\n",
       "      <td>C16</td>\n",
       "      <td>Products in this category have properties PSET16</td>\n",
       "    </tr>\n",
       "    <tr>\n",
       "      <th>17</th>\n",
       "      <td>17</td>\n",
       "      <td>C17</td>\n",
       "      <td>Products in this category have properties PSET17</td>\n",
       "    </tr>\n",
       "    <tr>\n",
       "      <th>18</th>\n",
       "      <td>18</td>\n",
       "      <td>C18</td>\n",
       "      <td>Products in this category have properties PSET18</td>\n",
       "    </tr>\n",
       "    <tr>\n",
       "      <th>19</th>\n",
       "      <td>19</td>\n",
       "      <td>C19</td>\n",
       "      <td>Products in this category have properties PSET19</td>\n",
       "    </tr>\n",
       "  </tbody>\n",
       "</table>\n",
       "</div>"
      ],
      "text/plain": [
       "    id name                                       description\n",
       "0    0   C0   Products in this category have properties PSET0\n",
       "1    1   C1   Products in this category have properties PSET1\n",
       "2    2   C2   Products in this category have properties PSET2\n",
       "3    3   C3   Products in this category have properties PSET3\n",
       "4    4   C4   Products in this category have properties PSET4\n",
       "5    5   C5   Products in this category have properties PSET5\n",
       "6    6   C6   Products in this category have properties PSET6\n",
       "7    7   C7   Products in this category have properties PSET7\n",
       "8    8   C8   Products in this category have properties PSET8\n",
       "9    9   C9   Products in this category have properties PSET9\n",
       "10  10  C10  Products in this category have properties PSET10\n",
       "11  11  C11  Products in this category have properties PSET11\n",
       "12  12  C12  Products in this category have properties PSET12\n",
       "13  13  C13  Products in this category have properties PSET13\n",
       "14  14  C14  Products in this category have properties PSET14\n",
       "15  15  C15  Products in this category have properties PSET15\n",
       "16  16  C16  Products in this category have properties PSET16\n",
       "17  17  C17  Products in this category have properties PSET17\n",
       "18  18  C18  Products in this category have properties PSET18\n",
       "19  19  C19  Products in this category have properties PSET19"
      ]
     },
     "execution_count": 45,
     "metadata": {},
     "output_type": "execute_result"
    }
   ],
   "source": [
    "categories"
   ]
  },
  {
   "cell_type": "code",
   "execution_count": 44,
   "metadata": {},
   "outputs": [
    {
     "data": {
      "text/html": [
       "<div>\n",
       "<style scoped>\n",
       "    .dataframe tbody tr th:only-of-type {\n",
       "        vertical-align: middle;\n",
       "    }\n",
       "\n",
       "    .dataframe tbody tr th {\n",
       "        vertical-align: top;\n",
       "    }\n",
       "\n",
       "    .dataframe thead th {\n",
       "        text-align: right;\n",
       "    }\n",
       "</style>\n",
       "<table border=\"1\" class=\"dataframe\">\n",
       "  <thead>\n",
       "    <tr style=\"text-align: right;\">\n",
       "      <th></th>\n",
       "      <th>id</th>\n",
       "      <th>f_name</th>\n",
       "      <th>l_name</th>\n",
       "      <th>state_id</th>\n",
       "    </tr>\n",
       "  </thead>\n",
       "  <tbody>\n",
       "    <tr>\n",
       "      <th>0</th>\n",
       "      <td>0</td>\n",
       "      <td>Jwan</td>\n",
       "      <td>SMITH</td>\n",
       "      <td>45</td>\n",
       "    </tr>\n",
       "    <tr>\n",
       "      <th>1</th>\n",
       "      <td>1</td>\n",
       "      <td>Sonnie</td>\n",
       "      <td>SMITH</td>\n",
       "      <td>11</td>\n",
       "    </tr>\n",
       "    <tr>\n",
       "      <th>2</th>\n",
       "      <td>2</td>\n",
       "      <td>Thary</td>\n",
       "      <td>SMITH</td>\n",
       "      <td>26</td>\n",
       "    </tr>\n",
       "    <tr>\n",
       "      <th>3</th>\n",
       "      <td>3</td>\n",
       "      <td>Kwana</td>\n",
       "      <td>SMITH</td>\n",
       "      <td>41</td>\n",
       "    </tr>\n",
       "    <tr>\n",
       "      <th>4</th>\n",
       "      <td>4</td>\n",
       "      <td>Javonte</td>\n",
       "      <td>SMITH</td>\n",
       "      <td>41</td>\n",
       "    </tr>\n",
       "    <tr>\n",
       "      <th>...</th>\n",
       "      <td>...</td>\n",
       "      <td>...</td>\n",
       "      <td>...</td>\n",
       "      <td>...</td>\n",
       "    </tr>\n",
       "    <tr>\n",
       "      <th>887985</th>\n",
       "      <td>887985</td>\n",
       "      <td>Quenton</td>\n",
       "      <td>AALDERINK</td>\n",
       "      <td>3</td>\n",
       "    </tr>\n",
       "    <tr>\n",
       "      <th>887986</th>\n",
       "      <td>887986</td>\n",
       "      <td>Almon</td>\n",
       "      <td>AALDERINK</td>\n",
       "      <td>26</td>\n",
       "    </tr>\n",
       "    <tr>\n",
       "      <th>887987</th>\n",
       "      <td>887987</td>\n",
       "      <td>Jalal</td>\n",
       "      <td>AALDERINK</td>\n",
       "      <td>12</td>\n",
       "    </tr>\n",
       "    <tr>\n",
       "      <th>887988</th>\n",
       "      <td>887988</td>\n",
       "      <td>Calista</td>\n",
       "      <td>AALDERINK</td>\n",
       "      <td>36</td>\n",
       "    </tr>\n",
       "    <tr>\n",
       "      <th>887989</th>\n",
       "      <td>887989</td>\n",
       "      <td>Judea</td>\n",
       "      <td>AALDERINK</td>\n",
       "      <td>27</td>\n",
       "    </tr>\n",
       "  </tbody>\n",
       "</table>\n",
       "<p>887990 rows × 4 columns</p>\n",
       "</div>"
      ],
      "text/plain": [
       "            id   f_name     l_name  state_id\n",
       "0            0     Jwan      SMITH        45\n",
       "1            1   Sonnie      SMITH        11\n",
       "2            2    Thary      SMITH        26\n",
       "3            3    Kwana      SMITH        41\n",
       "4            4  Javonte      SMITH        41\n",
       "...        ...      ...        ...       ...\n",
       "887985  887985  Quenton  AALDERINK         3\n",
       "887986  887986    Almon  AALDERINK        26\n",
       "887987  887987    Jalal  AALDERINK        12\n",
       "887988  887988  Calista  AALDERINK        36\n",
       "887989  887989    Judea  AALDERINK        27\n",
       "\n",
       "[887990 rows x 4 columns]"
      ]
     },
     "execution_count": 44,
     "metadata": {},
     "output_type": "execute_result"
    }
   ],
   "source": [
    "customers"
   ]
  },
  {
   "cell_type": "code",
   "execution_count": 43,
   "metadata": {},
   "outputs": [
    {
     "data": {
      "text/html": [
       "<div>\n",
       "<style scoped>\n",
       "    .dataframe tbody tr th:only-of-type {\n",
       "        vertical-align: middle;\n",
       "    }\n",
       "\n",
       "    .dataframe tbody tr th {\n",
       "        vertical-align: top;\n",
       "    }\n",
       "\n",
       "    .dataframe thead th {\n",
       "        text-align: right;\n",
       "    }\n",
       "</style>\n",
       "<table border=\"1\" class=\"dataframe\">\n",
       "  <thead>\n",
       "    <tr style=\"text-align: right;\">\n",
       "      <th></th>\n",
       "      <th>id</th>\n",
       "      <th>name</th>\n",
       "      <th>price</th>\n",
       "      <th>category_id</th>\n",
       "    </tr>\n",
       "  </thead>\n",
       "  <tbody>\n",
       "    <tr>\n",
       "      <th>0</th>\n",
       "      <td>0</td>\n",
       "      <td>P0</td>\n",
       "      <td>509.18</td>\n",
       "      <td>17</td>\n",
       "    </tr>\n",
       "    <tr>\n",
       "      <th>1</th>\n",
       "      <td>1</td>\n",
       "      <td>P1</td>\n",
       "      <td>846.74</td>\n",
       "      <td>19</td>\n",
       "    </tr>\n",
       "    <tr>\n",
       "      <th>2</th>\n",
       "      <td>2</td>\n",
       "      <td>P2</td>\n",
       "      <td>846.36</td>\n",
       "      <td>12</td>\n",
       "    </tr>\n",
       "    <tr>\n",
       "      <th>3</th>\n",
       "      <td>3</td>\n",
       "      <td>P3</td>\n",
       "      <td>66.93</td>\n",
       "      <td>12</td>\n",
       "    </tr>\n",
       "    <tr>\n",
       "      <th>4</th>\n",
       "      <td>4</td>\n",
       "      <td>P4</td>\n",
       "      <td>915.68</td>\n",
       "      <td>11</td>\n",
       "    </tr>\n",
       "    <tr>\n",
       "      <th>...</th>\n",
       "      <td>...</td>\n",
       "      <td>...</td>\n",
       "      <td>...</td>\n",
       "      <td>...</td>\n",
       "    </tr>\n",
       "    <tr>\n",
       "      <th>95</th>\n",
       "      <td>95</td>\n",
       "      <td>P95</td>\n",
       "      <td>578.25</td>\n",
       "      <td>3</td>\n",
       "    </tr>\n",
       "    <tr>\n",
       "      <th>96</th>\n",
       "      <td>96</td>\n",
       "      <td>P96</td>\n",
       "      <td>375.21</td>\n",
       "      <td>17</td>\n",
       "    </tr>\n",
       "    <tr>\n",
       "      <th>97</th>\n",
       "      <td>97</td>\n",
       "      <td>P97</td>\n",
       "      <td>862.62</td>\n",
       "      <td>15</td>\n",
       "    </tr>\n",
       "    <tr>\n",
       "      <th>98</th>\n",
       "      <td>98</td>\n",
       "      <td>P98</td>\n",
       "      <td>540.14</td>\n",
       "      <td>19</td>\n",
       "    </tr>\n",
       "    <tr>\n",
       "      <th>99</th>\n",
       "      <td>99</td>\n",
       "      <td>P99</td>\n",
       "      <td>499.00</td>\n",
       "      <td>1</td>\n",
       "    </tr>\n",
       "  </tbody>\n",
       "</table>\n",
       "<p>100 rows × 4 columns</p>\n",
       "</div>"
      ],
      "text/plain": [
       "    id name   price  category_id\n",
       "0    0   P0  509.18           17\n",
       "1    1   P1  846.74           19\n",
       "2    2   P2  846.36           12\n",
       "3    3   P3   66.93           12\n",
       "4    4   P4  915.68           11\n",
       "..  ..  ...     ...          ...\n",
       "95  95  P95  578.25            3\n",
       "96  96  P96  375.21           17\n",
       "97  97  P97  862.62           15\n",
       "98  98  P98  540.14           19\n",
       "99  99  P99  499.00            1\n",
       "\n",
       "[100 rows x 4 columns]"
      ]
     },
     "execution_count": 43,
     "metadata": {},
     "output_type": "execute_result"
    }
   ],
   "source": [
    "products"
   ]
  },
  {
   "cell_type": "code",
   "execution_count": 42,
   "metadata": {},
   "outputs": [
    {
     "data": {
      "text/html": [
       "<div>\n",
       "<style scoped>\n",
       "    .dataframe tbody tr th:only-of-type {\n",
       "        vertical-align: middle;\n",
       "    }\n",
       "\n",
       "    .dataframe tbody tr th {\n",
       "        vertical-align: top;\n",
       "    }\n",
       "\n",
       "    .dataframe thead th {\n",
       "        text-align: right;\n",
       "    }\n",
       "</style>\n",
       "<table border=\"1\" class=\"dataframe\">\n",
       "  <thead>\n",
       "    <tr style=\"text-align: right;\">\n",
       "      <th></th>\n",
       "      <th>id</th>\n",
       "      <th>product_id</th>\n",
       "      <th>customer_id</th>\n",
       "      <th>price</th>\n",
       "      <th>quantity</th>\n",
       "      <th>discount</th>\n",
       "    </tr>\n",
       "  </thead>\n",
       "  <tbody>\n",
       "    <tr>\n",
       "      <th>0</th>\n",
       "      <td>1</td>\n",
       "      <td>93</td>\n",
       "      <td>0</td>\n",
       "      <td>193.28</td>\n",
       "      <td>141</td>\n",
       "      <td>0.80</td>\n",
       "    </tr>\n",
       "    <tr>\n",
       "      <th>1</th>\n",
       "      <td>2</td>\n",
       "      <td>90</td>\n",
       "      <td>0</td>\n",
       "      <td>315.25</td>\n",
       "      <td>341</td>\n",
       "      <td>0.42</td>\n",
       "    </tr>\n",
       "    <tr>\n",
       "      <th>2</th>\n",
       "      <td>3</td>\n",
       "      <td>14</td>\n",
       "      <td>0</td>\n",
       "      <td>527.38</td>\n",
       "      <td>106</td>\n",
       "      <td>0.32</td>\n",
       "    </tr>\n",
       "    <tr>\n",
       "      <th>3</th>\n",
       "      <td>4</td>\n",
       "      <td>32</td>\n",
       "      <td>2</td>\n",
       "      <td>199.87</td>\n",
       "      <td>703</td>\n",
       "      <td>0.97</td>\n",
       "    </tr>\n",
       "    <tr>\n",
       "      <th>4</th>\n",
       "      <td>5</td>\n",
       "      <td>7</td>\n",
       "      <td>3</td>\n",
       "      <td>782.10</td>\n",
       "      <td>124</td>\n",
       "      <td>0.46</td>\n",
       "    </tr>\n",
       "    <tr>\n",
       "      <th>...</th>\n",
       "      <td>...</td>\n",
       "      <td>...</td>\n",
       "      <td>...</td>\n",
       "      <td>...</td>\n",
       "      <td>...</td>\n",
       "      <td>...</td>\n",
       "    </tr>\n",
       "    <tr>\n",
       "      <th>1776411</th>\n",
       "      <td>1776412</td>\n",
       "      <td>96</td>\n",
       "      <td>887988</td>\n",
       "      <td>878.98</td>\n",
       "      <td>224</td>\n",
       "      <td>0.46</td>\n",
       "    </tr>\n",
       "    <tr>\n",
       "      <th>1776412</th>\n",
       "      <td>1776413</td>\n",
       "      <td>10</td>\n",
       "      <td>887988</td>\n",
       "      <td>346.44</td>\n",
       "      <td>605</td>\n",
       "      <td>0.98</td>\n",
       "    </tr>\n",
       "    <tr>\n",
       "      <th>1776413</th>\n",
       "      <td>1776414</td>\n",
       "      <td>5</td>\n",
       "      <td>887989</td>\n",
       "      <td>970.33</td>\n",
       "      <td>496</td>\n",
       "      <td>0.48</td>\n",
       "    </tr>\n",
       "    <tr>\n",
       "      <th>1776414</th>\n",
       "      <td>1776415</td>\n",
       "      <td>27</td>\n",
       "      <td>887989</td>\n",
       "      <td>22.75</td>\n",
       "      <td>936</td>\n",
       "      <td>0.50</td>\n",
       "    </tr>\n",
       "    <tr>\n",
       "      <th>1776415</th>\n",
       "      <td>1776416</td>\n",
       "      <td>43</td>\n",
       "      <td>887989</td>\n",
       "      <td>81.31</td>\n",
       "      <td>585</td>\n",
       "      <td>0.66</td>\n",
       "    </tr>\n",
       "  </tbody>\n",
       "</table>\n",
       "<p>1776416 rows × 6 columns</p>\n",
       "</div>"
      ],
      "text/plain": [
       "              id  product_id  customer_id   price  quantity  discount\n",
       "0              1          93            0  193.28       141      0.80\n",
       "1              2          90            0  315.25       341      0.42\n",
       "2              3          14            0  527.38       106      0.32\n",
       "3              4          32            2  199.87       703      0.97\n",
       "4              5           7            3  782.10       124      0.46\n",
       "...          ...         ...          ...     ...       ...       ...\n",
       "1776411  1776412          96       887988  878.98       224      0.46\n",
       "1776412  1776413          10       887988  346.44       605      0.98\n",
       "1776413  1776414           5       887989  970.33       496      0.48\n",
       "1776414  1776415          27       887989   22.75       936      0.50\n",
       "1776415  1776416          43       887989   81.31       585      0.66\n",
       "\n",
       "[1776416 rows x 6 columns]"
      ]
     },
     "execution_count": 42,
     "metadata": {},
     "output_type": "execute_result"
    }
   ],
   "source": [
    "sales"
   ]
  },
  {
   "cell_type": "markdown",
   "metadata": {},
   "source": [
    " ##   QUERY 1 (No indexing)"
   ]
  },
  {
   "cell_type": "code",
   "execution_count": 9,
   "metadata": {},
   "outputs": [],
   "source": [
    "#query 1\n",
    "#1.1.Show the total sales (total quantity sold and total dollar value) for each customer.\n",
    "#(If customer C has made no purchases, still output C, with 0 quantity and dollars).\n",
    "\n",
    "query1 = \"\"\"\n",
    "         SELECT c.id, sum(quantity) AS total_quantity, sum(price) AS total_value\n",
    "         FROM sales.sales s \n",
    "         FULL JOIN sales.customers c \n",
    "         ON c.id = s.customer_id\n",
    "         GROUP BY c.id\n",
    "         \"\"\"\n",
    "result1 = query_to_df(conn, query1, [\"customer_id\",\"total_quantity\",\"total_value\"])\n",
    "result1.to_csv(\"sales_query1_res.csv\", index=False)"
   ]
  },
  {
   "cell_type": "code",
   "execution_count": 10,
   "metadata": {
    "scrolled": true
   },
   "outputs": [
    {
     "data": {
      "text/html": [
       "<div>\n",
       "<style scoped>\n",
       "    .dataframe tbody tr th:only-of-type {\n",
       "        vertical-align: middle;\n",
       "    }\n",
       "\n",
       "    .dataframe tbody tr th {\n",
       "        vertical-align: top;\n",
       "    }\n",
       "\n",
       "    .dataframe thead th {\n",
       "        text-align: right;\n",
       "    }\n",
       "</style>\n",
       "<table border=\"1\" class=\"dataframe\">\n",
       "  <thead>\n",
       "    <tr style=\"text-align: right;\">\n",
       "      <th></th>\n",
       "      <th>0</th>\n",
       "      <th>1</th>\n",
       "      <th>2</th>\n",
       "      <th>3</th>\n",
       "      <th>4</th>\n",
       "      <th>5</th>\n",
       "      <th>6</th>\n",
       "      <th>7</th>\n",
       "      <th>8</th>\n",
       "      <th>9</th>\n",
       "      <th>10</th>\n",
       "      <th>11</th>\n",
       "      <th>12</th>\n",
       "      <th>13</th>\n",
       "      <th>14</th>\n",
       "      <th>15</th>\n",
       "      <th>16</th>\n",
       "    </tr>\n",
       "  </thead>\n",
       "  <tbody>\n",
       "    <tr>\n",
       "      <th>customer_id</th>\n",
       "      <td>124906.0</td>\n",
       "      <td>82302.00</td>\n",
       "      <td>43164.00</td>\n",
       "      <td>160019.00</td>\n",
       "      <td>134938.0</td>\n",
       "      <td>123219.00</td>\n",
       "      <td>68341.00</td>\n",
       "      <td>133638.00</td>\n",
       "      <td>72501.00</td>\n",
       "      <td>35165.00</td>\n",
       "      <td>5642.00</td>\n",
       "      <td>101140.00</td>\n",
       "      <td>96868.00</td>\n",
       "      <td>72397.00</td>\n",
       "      <td>56202.0</td>\n",
       "      <td>30052.00</td>\n",
       "      <td>26264.00</td>\n",
       "    </tr>\n",
       "    <tr>\n",
       "      <th>total_quantity</th>\n",
       "      <td>1895.0</td>\n",
       "      <td>1172.00</td>\n",
       "      <td>946.00</td>\n",
       "      <td>1869.00</td>\n",
       "      <td>13.0</td>\n",
       "      <td>1292.00</td>\n",
       "      <td>1153.00</td>\n",
       "      <td>2479.00</td>\n",
       "      <td>2782.00</td>\n",
       "      <td>2166.00</td>\n",
       "      <td>370.00</td>\n",
       "      <td>1665.00</td>\n",
       "      <td>592.00</td>\n",
       "      <td>449.00</td>\n",
       "      <td>1968.0</td>\n",
       "      <td>283.00</td>\n",
       "      <td>1123.00</td>\n",
       "    </tr>\n",
       "    <tr>\n",
       "      <th>total_value</th>\n",
       "      <td>1919.3</td>\n",
       "      <td>616.95</td>\n",
       "      <td>2291.68</td>\n",
       "      <td>2356.21</td>\n",
       "      <td>852.0</td>\n",
       "      <td>1462.41</td>\n",
       "      <td>1594.69</td>\n",
       "      <td>2034.18</td>\n",
       "      <td>1351.87</td>\n",
       "      <td>2271.27</td>\n",
       "      <td>177.41</td>\n",
       "      <td>1963.91</td>\n",
       "      <td>831.86</td>\n",
       "      <td>375.55</td>\n",
       "      <td>3163.9</td>\n",
       "      <td>99.68</td>\n",
       "      <td>1073.96</td>\n",
       "    </tr>\n",
       "  </tbody>\n",
       "</table>\n",
       "</div>"
      ],
      "text/plain": [
       "                      0         1         2          3         4          5   \\\n",
       "customer_id     124906.0  82302.00  43164.00  160019.00  134938.0  123219.00   \n",
       "total_quantity    1895.0   1172.00    946.00    1869.00      13.0    1292.00   \n",
       "total_value       1919.3    616.95   2291.68    2356.21     852.0    1462.41   \n",
       "\n",
       "                      6          7         8         9        10         11  \\\n",
       "customer_id     68341.00  133638.00  72501.00  35165.00  5642.00  101140.00   \n",
       "total_quantity   1153.00    2479.00   2782.00   2166.00   370.00    1665.00   \n",
       "total_value      1594.69    2034.18   1351.87   2271.27   177.41    1963.91   \n",
       "\n",
       "                      12        13       14        15        16  \n",
       "customer_id     96868.00  72397.00  56202.0  30052.00  26264.00  \n",
       "total_quantity    592.00    449.00   1968.0    283.00   1123.00  \n",
       "total_value       831.86    375.55   3163.9     99.68   1073.96  "
      ]
     },
     "execution_count": 10,
     "metadata": {},
     "output_type": "execute_result"
    }
   ],
   "source": [
    "res1 = pd.read_csv(\"sales_query1_res.csv\")\n",
    "res1.head(17).T"
   ]
  },
  {
   "cell_type": "markdown",
   "metadata": {},
   "source": [
    ">#### QUERY PLAN without index"
   ]
  },
  {
   "cell_type": "code",
   "execution_count": 11,
   "metadata": {
    "scrolled": false
   },
   "outputs": [
    {
     "name": "stdout",
     "output_type": "stream",
     "text": [
      " * postgresql://postgres:***@localhost/postgres\n",
      "15 rows affected.\n"
     ]
    },
    {
     "data": {
      "text/html": [
       "<table>\n",
       "    <thead>\n",
       "        <tr>\n",
       "            <th>QUERY PLAN</th>\n",
       "        </tr>\n",
       "    </thead>\n",
       "    <tbody>\n",
       "        <tr>\n",
       "            <td>HashAggregate  (cost=203900.74..232348.43 rows=887990 width=44) (actual time=59265.537..66018.878 rows=887990 loops=1)</td>\n",
       "        </tr>\n",
       "        <tr>\n",
       "            <td>&nbsp;&nbsp;Group Key: c.id</td>\n",
       "        </tr>\n",
       "        <tr>\n",
       "            <td>&nbsp;&nbsp;Planned Partitions: 128  Batches: 129  Memory Usage: 4241kB  Disk Usage: 122408kB</td>\n",
       "        </tr>\n",
       "        <tr>\n",
       "            <td>&nbsp;&nbsp;-&gt;  Hash Full Join  (cost=29351.78..85658.05 rows=1776416 width=14) (actual time=10697.742..46135.539 rows=1953447 loops=1)</td>\n",
       "        </tr>\n",
       "        <tr>\n",
       "            <td>&nbsp;&nbsp;&nbsp;&nbsp;&nbsp;&nbsp;&nbsp;&nbsp;Hash Cond: (s.customer_id = c.id)</td>\n",
       "        </tr>\n",
       "        <tr>\n",
       "            <td>&nbsp;&nbsp;&nbsp;&nbsp;&nbsp;&nbsp;&nbsp;&nbsp;-&gt;  Seq Scan on sales s  (cost=0.00..30826.16 rows=1776416 width=14) (actual time=0.035..11003.621 rows=1776416 loops=1)</td>\n",
       "        </tr>\n",
       "        <tr>\n",
       "            <td>&nbsp;&nbsp;&nbsp;&nbsp;&nbsp;&nbsp;&nbsp;&nbsp;-&gt;  Hash  (cost=14782.90..14782.90 rows=887990 width=4) (actual time=10696.720..10696.738 rows=887990 loops=1)</td>\n",
       "        </tr>\n",
       "        <tr>\n",
       "            <td>&nbsp;&nbsp;&nbsp;&nbsp;&nbsp;&nbsp;&nbsp;&nbsp;&nbsp;&nbsp;&nbsp;&nbsp;&nbsp;&nbsp;Buckets: 131072  Batches: 16  Memory Usage: 2981kB</td>\n",
       "        </tr>\n",
       "        <tr>\n",
       "            <td>&nbsp;&nbsp;&nbsp;&nbsp;&nbsp;&nbsp;&nbsp;&nbsp;&nbsp;&nbsp;&nbsp;&nbsp;&nbsp;&nbsp;-&gt;  Seq Scan on customers c  (cost=0.00..14782.90 rows=887990 width=4) (actual time=7.174..5303.537 rows=887990 loops=1)</td>\n",
       "        </tr>\n",
       "        <tr>\n",
       "            <td>Planning Time: 0.264 ms</td>\n",
       "        </tr>\n",
       "        <tr>\n",
       "            <td>JIT:</td>\n",
       "        </tr>\n",
       "        <tr>\n",
       "            <td>&nbsp;&nbsp;Functions: 18</td>\n",
       "        </tr>\n",
       "        <tr>\n",
       "            <td>&nbsp;&nbsp;Options: Inlining false, Optimization false, Expressions true, Deforming true</td>\n",
       "        </tr>\n",
       "        <tr>\n",
       "            <td>&nbsp;&nbsp;Timing: Generation 1.621 ms, Inlining 0.000 ms, Optimization 0.680 ms, Emission 9.679 ms, Total 11.980 ms</td>\n",
       "        </tr>\n",
       "        <tr>\n",
       "            <td>Execution Time: 71523.050 ms</td>\n",
       "        </tr>\n",
       "    </tbody>\n",
       "</table>"
      ],
      "text/plain": [
       "[('HashAggregate  (cost=203900.74..232348.43 rows=887990 width=44) (actual time=59265.537..66018.878 rows=887990 loops=1)',),\n",
       " ('  Group Key: c.id',),\n",
       " ('  Planned Partitions: 128  Batches: 129  Memory Usage: 4241kB  Disk Usage: 122408kB',),\n",
       " ('  ->  Hash Full Join  (cost=29351.78..85658.05 rows=1776416 width=14) (actual time=10697.742..46135.539 rows=1953447 loops=1)',),\n",
       " ('        Hash Cond: (s.customer_id = c.id)',),\n",
       " ('        ->  Seq Scan on sales s  (cost=0.00..30826.16 rows=1776416 width=14) (actual time=0.035..11003.621 rows=1776416 loops=1)',),\n",
       " ('        ->  Hash  (cost=14782.90..14782.90 rows=887990 width=4) (actual time=10696.720..10696.738 rows=887990 loops=1)',),\n",
       " ('              Buckets: 131072  Batches: 16  Memory Usage: 2981kB',),\n",
       " ('              ->  Seq Scan on customers c  (cost=0.00..14782.90 rows=887990 width=4) (actual time=7.174..5303.537 rows=887990 loops=1)',),\n",
       " ('Planning Time: 0.264 ms',),\n",
       " ('JIT:',),\n",
       " ('  Functions: 18',),\n",
       " ('  Options: Inlining false, Optimization false, Expressions true, Deforming true',),\n",
       " ('  Timing: Generation 1.621 ms, Inlining 0.000 ms, Optimization 0.680 ms, Emission 9.679 ms, Total 11.980 ms',),\n",
       " ('Execution Time: 71523.050 ms',)]"
      ]
     },
     "execution_count": 11,
     "metadata": {},
     "output_type": "execute_result"
    }
   ],
   "source": [
    "%%sql\n",
    "EXPLAIN ANALYZE\n",
    "SELECT c.id, sum(quantity) AS total_quantity, sum(price) AS total_value\n",
    "FROM sales.sales s \n",
    "FULL JOIN sales.customers c \n",
    "ON c.id = s.customer_id\n",
    "GROUP BY c.id;"
   ]
  },
  {
   "cell_type": "markdown",
   "metadata": {},
   "source": [
    "<br/><br/>"
   ]
  },
  {
   "cell_type": "markdown",
   "metadata": {},
   "source": [
    "##    QUERY 2 (No indexing)"
   ]
  },
  {
   "cell_type": "code",
   "execution_count": 12,
   "metadata": {},
   "outputs": [],
   "source": [
    "#query 2\n",
    "#2.Show the total sales (total quantity sold and total dollar value) for each state.\n",
    "#(If a state has 0 sales,  list it explicitly as such in the output).\n",
    "query2 = \"\"\"\n",
    "         SELECT st.name, sum(quantity) AS total_quantity, sum(price) AS total_value\n",
    "         FROM sales.sales s \n",
    "         FULL JOIN sales.customers c \n",
    "         ON s.customer_id = c.id\n",
    "         FULL JOIN sales.states st \n",
    "         ON st.id = c.state_id\n",
    "         GROUP BY st.name\n",
    "         \"\"\"\n",
    "result2 = query_to_df(conn, query2, [\"state_name\",\"total_quantity\",\"total_value\"])\n",
    "result2.to_csv(\"sales_query2_res.csv\", index=False)"
   ]
  },
  {
   "cell_type": "code",
   "execution_count": 13,
   "metadata": {
    "scrolled": true
   },
   "outputs": [
    {
     "data": {
      "text/html": [
       "<div>\n",
       "<style scoped>\n",
       "    .dataframe tbody tr th:only-of-type {\n",
       "        vertical-align: middle;\n",
       "    }\n",
       "\n",
       "    .dataframe tbody tr th {\n",
       "        vertical-align: top;\n",
       "    }\n",
       "\n",
       "    .dataframe thead th {\n",
       "        text-align: right;\n",
       "    }\n",
       "</style>\n",
       "<table border=\"1\" class=\"dataframe\">\n",
       "  <thead>\n",
       "    <tr style=\"text-align: right;\">\n",
       "      <th></th>\n",
       "      <th>0</th>\n",
       "      <th>1</th>\n",
       "      <th>2</th>\n",
       "      <th>3</th>\n",
       "      <th>4</th>\n",
       "      <th>5</th>\n",
       "      <th>6</th>\n",
       "      <th>7</th>\n",
       "      <th>8</th>\n",
       "      <th>9</th>\n",
       "      <th>10</th>\n",
       "      <th>11</th>\n",
       "      <th>12</th>\n",
       "      <th>13</th>\n",
       "      <th>14</th>\n",
       "      <th>15</th>\n",
       "      <th>16</th>\n",
       "    </tr>\n",
       "  </thead>\n",
       "  <tbody>\n",
       "    <tr>\n",
       "      <th>state_name</th>\n",
       "      <td>Nevada</td>\n",
       "      <td>West Virginia</td>\n",
       "      <td>South Carolina</td>\n",
       "      <td>New Mexico</td>\n",
       "      <td>Arkansas</td>\n",
       "      <td>South Dakota</td>\n",
       "      <td>Washington</td>\n",
       "      <td>Kentucky</td>\n",
       "      <td>Nebraska</td>\n",
       "      <td>Tennessee</td>\n",
       "      <td>Oregon</td>\n",
       "      <td>Idaho</td>\n",
       "      <td>Alabama</td>\n",
       "      <td>Colorado</td>\n",
       "      <td>Mississippi</td>\n",
       "      <td>Louisiana</td>\n",
       "      <td>New Jersey</td>\n",
       "    </tr>\n",
       "    <tr>\n",
       "      <th>total_quantity</th>\n",
       "      <td>18004571</td>\n",
       "      <td>17836883</td>\n",
       "      <td>17598327</td>\n",
       "      <td>17760982</td>\n",
       "      <td>17655939</td>\n",
       "      <td>17709025</td>\n",
       "      <td>17779261</td>\n",
       "      <td>17968744</td>\n",
       "      <td>17684679</td>\n",
       "      <td>17764549</td>\n",
       "      <td>17540386</td>\n",
       "      <td>17791904</td>\n",
       "      <td>17793381</td>\n",
       "      <td>17615501</td>\n",
       "      <td>17804593</td>\n",
       "      <td>17952737</td>\n",
       "      <td>17602552</td>\n",
       "    </tr>\n",
       "    <tr>\n",
       "      <th>total_value</th>\n",
       "      <td>1.80456e+07</td>\n",
       "      <td>1.79368e+07</td>\n",
       "      <td>1.77322e+07</td>\n",
       "      <td>1.79111e+07</td>\n",
       "      <td>1.77309e+07</td>\n",
       "      <td>1.77539e+07</td>\n",
       "      <td>1.76517e+07</td>\n",
       "      <td>1.79613e+07</td>\n",
       "      <td>1.78147e+07</td>\n",
       "      <td>1.78656e+07</td>\n",
       "      <td>1.74635e+07</td>\n",
       "      <td>1.78418e+07</td>\n",
       "      <td>1.77424e+07</td>\n",
       "      <td>1.75642e+07</td>\n",
       "      <td>1.78986e+07</td>\n",
       "      <td>1.80019e+07</td>\n",
       "      <td>1.75871e+07</td>\n",
       "    </tr>\n",
       "  </tbody>\n",
       "</table>\n",
       "</div>"
      ],
      "text/plain": [
       "                         0              1               2            3   \\\n",
       "state_name           Nevada  West Virginia  South Carolina   New Mexico   \n",
       "total_quantity     18004571       17836883        17598327     17760982   \n",
       "total_value     1.80456e+07    1.79368e+07     1.77322e+07  1.79111e+07   \n",
       "\n",
       "                         4             5            6            7   \\\n",
       "state_name         Arkansas  South Dakota   Washington     Kentucky   \n",
       "total_quantity     17655939      17709025     17779261     17968744   \n",
       "total_value     1.77309e+07   1.77539e+07  1.76517e+07  1.79613e+07   \n",
       "\n",
       "                         8            9            10           11  \\\n",
       "state_name         Nebraska    Tennessee       Oregon        Idaho   \n",
       "total_quantity     17684679     17764549     17540386     17791904   \n",
       "total_value     1.78147e+07  1.78656e+07  1.74635e+07  1.78418e+07   \n",
       "\n",
       "                         12           13           14           15  \\\n",
       "state_name          Alabama     Colorado  Mississippi    Louisiana   \n",
       "total_quantity     17793381     17615501     17804593     17952737   \n",
       "total_value     1.77424e+07  1.75642e+07  1.78986e+07  1.80019e+07   \n",
       "\n",
       "                         16  \n",
       "state_name       New Jersey  \n",
       "total_quantity     17602552  \n",
       "total_value     1.75871e+07  "
      ]
     },
     "execution_count": 13,
     "metadata": {},
     "output_type": "execute_result"
    }
   ],
   "source": [
    "res2 = pd.read_csv(\"sales_query2_res.csv\")\n",
    "res2.head(17).T"
   ]
  },
  {
   "cell_type": "markdown",
   "metadata": {},
   "source": [
    ">#### QUERY PLAN without index"
   ]
  },
  {
   "cell_type": "code",
   "execution_count": 14,
   "metadata": {
    "scrolled": false
   },
   "outputs": [
    {
     "name": "stdout",
     "output_type": "stream",
     "text": [
      " * postgresql://postgres:***@localhost/postgres\n",
      "20 rows affected.\n"
     ]
    },
    {
     "data": {
      "text/html": [
       "<table>\n",
       "    <thead>\n",
       "        <tr>\n",
       "            <th>QUERY PLAN</th>\n",
       "        </tr>\n",
       "    </thead>\n",
       "    <tbody>\n",
       "        <tr>\n",
       "            <td>HashAggregate  (cost=103703.01..103705.51 rows=200 width=158) (actual time=84484.176..84484.580 rows=50 loops=1)</td>\n",
       "        </tr>\n",
       "        <tr>\n",
       "            <td>&nbsp;&nbsp;Group Key: st.name</td>\n",
       "        </tr>\n",
       "        <tr>\n",
       "            <td>&nbsp;&nbsp;Batches: 1  Memory Usage: 48kB</td>\n",
       "        </tr>\n",
       "        <tr>\n",
       "            <td>&nbsp;&nbsp;-&gt;  Hash Full Join  (cost=29373.93..90379.89 rows=1776416 width=128) (actual time=11448.221..71326.633 rows=1953447 loops=1)</td>\n",
       "        </tr>\n",
       "        <tr>\n",
       "            <td>&nbsp;&nbsp;&nbsp;&nbsp;&nbsp;&nbsp;&nbsp;&nbsp;Hash Cond: (c.state_id = st.id)</td>\n",
       "        </tr>\n",
       "        <tr>\n",
       "            <td>&nbsp;&nbsp;&nbsp;&nbsp;&nbsp;&nbsp;&nbsp;&nbsp;-&gt;  Hash Full Join  (cost=29351.78..85658.05 rows=1776416 width=14) (actual time=11436.234..47187.854 rows=1953447 loops=1)</td>\n",
       "        </tr>\n",
       "        <tr>\n",
       "            <td>&nbsp;&nbsp;&nbsp;&nbsp;&nbsp;&nbsp;&nbsp;&nbsp;&nbsp;&nbsp;&nbsp;&nbsp;&nbsp;&nbsp;Hash Cond: (s.customer_id = c.id)</td>\n",
       "        </tr>\n",
       "        <tr>\n",
       "            <td>&nbsp;&nbsp;&nbsp;&nbsp;&nbsp;&nbsp;&nbsp;&nbsp;&nbsp;&nbsp;&nbsp;&nbsp;&nbsp;&nbsp;-&gt;  Seq Scan on sales s  (cost=0.00..30826.16 rows=1776416 width=14) (actual time=0.119..11057.730 rows=1776416 loops=1)</td>\n",
       "        </tr>\n",
       "        <tr>\n",
       "            <td>&nbsp;&nbsp;&nbsp;&nbsp;&nbsp;&nbsp;&nbsp;&nbsp;&nbsp;&nbsp;&nbsp;&nbsp;&nbsp;&nbsp;-&gt;  Hash  (cost=14782.90..14782.90 rows=887990 width=8) (actual time=11435.287..11435.304 rows=887990 loops=1)</td>\n",
       "        </tr>\n",
       "        <tr>\n",
       "            <td>&nbsp;&nbsp;&nbsp;&nbsp;&nbsp;&nbsp;&nbsp;&nbsp;&nbsp;&nbsp;&nbsp;&nbsp;&nbsp;&nbsp;&nbsp;&nbsp;&nbsp;&nbsp;&nbsp;&nbsp;Buckets: 131072  Batches: 16  Memory Usage: 3199kB</td>\n",
       "        </tr>\n",
       "        <tr>\n",
       "            <td>&nbsp;&nbsp;&nbsp;&nbsp;&nbsp;&nbsp;&nbsp;&nbsp;&nbsp;&nbsp;&nbsp;&nbsp;&nbsp;&nbsp;&nbsp;&nbsp;&nbsp;&nbsp;&nbsp;&nbsp;-&gt;  Seq Scan on customers c  (cost=0.00..14782.90 rows=887990 width=8) (actual time=0.068..5632.895 rows=887990 loops=1)</td>\n",
       "        </tr>\n",
       "        <tr>\n",
       "            <td>&nbsp;&nbsp;&nbsp;&nbsp;&nbsp;&nbsp;&nbsp;&nbsp;-&gt;  Hash  (cost=15.40..15.40 rows=540 width=122) (actual time=11.958..11.975 rows=50 loops=1)</td>\n",
       "        </tr>\n",
       "        <tr>\n",
       "            <td>&nbsp;&nbsp;&nbsp;&nbsp;&nbsp;&nbsp;&nbsp;&nbsp;&nbsp;&nbsp;&nbsp;&nbsp;&nbsp;&nbsp;Buckets: 1024  Batches: 1  Memory Usage: 11kB</td>\n",
       "        </tr>\n",
       "        <tr>\n",
       "            <td>&nbsp;&nbsp;&nbsp;&nbsp;&nbsp;&nbsp;&nbsp;&nbsp;&nbsp;&nbsp;&nbsp;&nbsp;&nbsp;&nbsp;-&gt;  Seq Scan on states st  (cost=0.00..15.40 rows=540 width=122) (actual time=11.086..11.474 rows=50 loops=1)</td>\n",
       "        </tr>\n",
       "        <tr>\n",
       "            <td>Planning Time: 0.213 ms</td>\n",
       "        </tr>\n",
       "        <tr>\n",
       "            <td>JIT:</td>\n",
       "        </tr>\n",
       "        <tr>\n",
       "            <td>&nbsp;&nbsp;Functions: 23</td>\n",
       "        </tr>\n",
       "        <tr>\n",
       "            <td>&nbsp;&nbsp;Options: Inlining false, Optimization false, Expressions true, Deforming true</td>\n",
       "        </tr>\n",
       "        <tr>\n",
       "            <td>&nbsp;&nbsp;Timing: Generation 2.033 ms, Inlining 0.000 ms, Optimization 0.419 ms, Emission 10.419 ms, Total 12.871 ms</td>\n",
       "        </tr>\n",
       "        <tr>\n",
       "            <td>Execution Time: 84487.303 ms</td>\n",
       "        </tr>\n",
       "    </tbody>\n",
       "</table>"
      ],
      "text/plain": [
       "[('HashAggregate  (cost=103703.01..103705.51 rows=200 width=158) (actual time=84484.176..84484.580 rows=50 loops=1)',),\n",
       " ('  Group Key: st.name',),\n",
       " ('  Batches: 1  Memory Usage: 48kB',),\n",
       " ('  ->  Hash Full Join  (cost=29373.93..90379.89 rows=1776416 width=128) (actual time=11448.221..71326.633 rows=1953447 loops=1)',),\n",
       " ('        Hash Cond: (c.state_id = st.id)',),\n",
       " ('        ->  Hash Full Join  (cost=29351.78..85658.05 rows=1776416 width=14) (actual time=11436.234..47187.854 rows=1953447 loops=1)',),\n",
       " ('              Hash Cond: (s.customer_id = c.id)',),\n",
       " ('              ->  Seq Scan on sales s  (cost=0.00..30826.16 rows=1776416 width=14) (actual time=0.119..11057.730 rows=1776416 loops=1)',),\n",
       " ('              ->  Hash  (cost=14782.90..14782.90 rows=887990 width=8) (actual time=11435.287..11435.304 rows=887990 loops=1)',),\n",
       " ('                    Buckets: 131072  Batches: 16  Memory Usage: 3199kB',),\n",
       " ('                    ->  Seq Scan on customers c  (cost=0.00..14782.90 rows=887990 width=8) (actual time=0.068..5632.895 rows=887990 loops=1)',),\n",
       " ('        ->  Hash  (cost=15.40..15.40 rows=540 width=122) (actual time=11.958..11.975 rows=50 loops=1)',),\n",
       " ('              Buckets: 1024  Batches: 1  Memory Usage: 11kB',),\n",
       " ('              ->  Seq Scan on states st  (cost=0.00..15.40 rows=540 width=122) (actual time=11.086..11.474 rows=50 loops=1)',),\n",
       " ('Planning Time: 0.213 ms',),\n",
       " ('JIT:',),\n",
       " ('  Functions: 23',),\n",
       " ('  Options: Inlining false, Optimization false, Expressions true, Deforming true',),\n",
       " ('  Timing: Generation 2.033 ms, Inlining 0.000 ms, Optimization 0.419 ms, Emission 10.419 ms, Total 12.871 ms',),\n",
       " ('Execution Time: 84487.303 ms',)]"
      ]
     },
     "execution_count": 14,
     "metadata": {},
     "output_type": "execute_result"
    }
   ],
   "source": [
    "%%sql\n",
    "EXPLAIN ANALYZE\n",
    "SELECT st.name, sum(quantity) AS total_quantity, sum(price) AS total_value\n",
    "FROM sales.sales s \n",
    "FULL JOIN sales.customers c \n",
    "ON s.customer_id = c.id\n",
    "FULL JOIN sales.states st \n",
    "ON st.id = c.state_id\n",
    "GROUP BY st.name"
   ]
  },
  {
   "cell_type": "markdown",
   "metadata": {},
   "source": [
    "<br/><br/>"
   ]
  },
  {
   "cell_type": "markdown",
   "metadata": {},
   "source": [
    " ##   QUERY 3 (Indexing)"
   ]
  },
  {
   "cell_type": "code",
   "execution_count": 15,
   "metadata": {},
   "outputs": [],
   "source": [
    "#query 3\n",
    "#3.Show the total sales for each product, for a given customer. \n",
    "#Only products that were actually bought by the given customer are listed. \n",
    "#Order by dollar value. It is fine if your query hardcodes a specific customer id (full points). \n",
    "#Better would be to write a parameterized query (postgres function) that takes the customer id (cust_id) as argument. \n",
    "#Also great: list for EVERY customer.\n",
    "#The output schema should be (pid, cust_id, total).\n",
    "\n",
    "query3 = \"\"\"\n",
    "         SELECT product_id, sum(quantity) AS total_quantity, sum(price) AS total_value\n",
    "         FROM sales.sales s \n",
    "         WHERE customer_id = 999\n",
    "         GROUP BY product_id \n",
    "         ORDER BY total_value\n",
    "         \"\"\"\n",
    "result3 = query_to_df(conn, query3, [\"product_id\",\"total_quantity\",\"total_value\"])\n",
    "result3.to_csv(\"sales_query3_res.csv\", index=False)"
   ]
  },
  {
   "cell_type": "code",
   "execution_count": 16,
   "metadata": {
    "scrolled": true
   },
   "outputs": [
    {
     "data": {
      "text/html": [
       "<div>\n",
       "<style scoped>\n",
       "    .dataframe tbody tr th:only-of-type {\n",
       "        vertical-align: middle;\n",
       "    }\n",
       "\n",
       "    .dataframe tbody tr th {\n",
       "        vertical-align: top;\n",
       "    }\n",
       "\n",
       "    .dataframe thead th {\n",
       "        text-align: right;\n",
       "    }\n",
       "</style>\n",
       "<table border=\"1\" class=\"dataframe\">\n",
       "  <thead>\n",
       "    <tr style=\"text-align: right;\">\n",
       "      <th></th>\n",
       "      <th>product_id</th>\n",
       "      <th>total_quantity</th>\n",
       "      <th>total_value</th>\n",
       "    </tr>\n",
       "  </thead>\n",
       "  <tbody>\n",
       "    <tr>\n",
       "      <th>0</th>\n",
       "      <td>35</td>\n",
       "      <td>61</td>\n",
       "      <td>787.43</td>\n",
       "    </tr>\n",
       "    <tr>\n",
       "      <th>1</th>\n",
       "      <td>34</td>\n",
       "      <td>558</td>\n",
       "      <td>835.31</td>\n",
       "    </tr>\n",
       "    <tr>\n",
       "      <th>2</th>\n",
       "      <td>38</td>\n",
       "      <td>472</td>\n",
       "      <td>977.56</td>\n",
       "    </tr>\n",
       "  </tbody>\n",
       "</table>\n",
       "</div>"
      ],
      "text/plain": [
       "   product_id  total_quantity  total_value\n",
       "0          35              61       787.43\n",
       "1          34             558       835.31\n",
       "2          38             472       977.56"
      ]
     },
     "execution_count": 16,
     "metadata": {},
     "output_type": "execute_result"
    }
   ],
   "source": [
    "res3 = pd.read_csv(\"sales_query3_res.csv\")\n",
    "res3"
   ]
  },
  {
   "cell_type": "markdown",
   "metadata": {},
   "source": [
    ">#### QUERY PLAN without index"
   ]
  },
  {
   "cell_type": "code",
   "execution_count": 17,
   "metadata": {
    "scrolled": false
   },
   "outputs": [
    {
     "name": "stdout",
     "output_type": "stream",
     "text": [
      " * postgresql://postgres:***@localhost/postgres\n",
      "20 rows affected.\n"
     ]
    },
    {
     "data": {
      "text/html": [
       "<table>\n",
       "    <thead>\n",
       "        <tr>\n",
       "            <th>QUERY PLAN</th>\n",
       "        </tr>\n",
       "    </thead>\n",
       "    <tbody>\n",
       "        <tr>\n",
       "            <td>Sort  (cost=23314.54..23314.55 rows=3 width=44) (actual time=81.734..87.929 rows=3 loops=1)</td>\n",
       "        </tr>\n",
       "        <tr>\n",
       "            <td>&nbsp;&nbsp;Sort Key: (sum(price))</td>\n",
       "        </tr>\n",
       "        <tr>\n",
       "            <td>&nbsp;&nbsp;Sort Method: quicksort  Memory: 25kB</td>\n",
       "        </tr>\n",
       "        <tr>\n",
       "            <td>&nbsp;&nbsp;-&gt;  Finalize GroupAggregate  (cost=23314.20..23314.51 rows=3 width=44) (actual time=81.486..87.822 rows=3 loops=1)</td>\n",
       "        </tr>\n",
       "        <tr>\n",
       "            <td>&nbsp;&nbsp;&nbsp;&nbsp;&nbsp;&nbsp;&nbsp;&nbsp;Group Key: product_id</td>\n",
       "        </tr>\n",
       "        <tr>\n",
       "            <td>&nbsp;&nbsp;&nbsp;&nbsp;&nbsp;&nbsp;&nbsp;&nbsp;-&gt;  Gather Merge  (cost=23314.20..23314.46 rows=2 width=44) (actual time=81.294..87.725 rows=3 loops=1)</td>\n",
       "        </tr>\n",
       "        <tr>\n",
       "            <td>&nbsp;&nbsp;&nbsp;&nbsp;&nbsp;&nbsp;&nbsp;&nbsp;&nbsp;&nbsp;&nbsp;&nbsp;&nbsp;&nbsp;Workers Planned: 2</td>\n",
       "        </tr>\n",
       "        <tr>\n",
       "            <td>&nbsp;&nbsp;&nbsp;&nbsp;&nbsp;&nbsp;&nbsp;&nbsp;&nbsp;&nbsp;&nbsp;&nbsp;&nbsp;&nbsp;Workers Launched: 2</td>\n",
       "        </tr>\n",
       "        <tr>\n",
       "            <td>&nbsp;&nbsp;&nbsp;&nbsp;&nbsp;&nbsp;&nbsp;&nbsp;&nbsp;&nbsp;&nbsp;&nbsp;&nbsp;&nbsp;-&gt;  Partial GroupAggregate  (cost=22314.18..22314.20 rows=1 width=44) (actual time=55.327..55.445 rows=1 loops=3)</td>\n",
       "        </tr>\n",
       "        <tr>\n",
       "            <td>&nbsp;&nbsp;&nbsp;&nbsp;&nbsp;&nbsp;&nbsp;&nbsp;&nbsp;&nbsp;&nbsp;&nbsp;&nbsp;&nbsp;&nbsp;&nbsp;&nbsp;&nbsp;&nbsp;&nbsp;Group Key: product_id</td>\n",
       "        </tr>\n",
       "        <tr>\n",
       "            <td>&nbsp;&nbsp;&nbsp;&nbsp;&nbsp;&nbsp;&nbsp;&nbsp;&nbsp;&nbsp;&nbsp;&nbsp;&nbsp;&nbsp;&nbsp;&nbsp;&nbsp;&nbsp;&nbsp;&nbsp;-&gt;  Sort  (cost=22314.18..22314.18 rows=1 width=14) (actual time=55.302..55.356 rows=1 loops=3)</td>\n",
       "        </tr>\n",
       "        <tr>\n",
       "            <td>&nbsp;&nbsp;&nbsp;&nbsp;&nbsp;&nbsp;&nbsp;&nbsp;&nbsp;&nbsp;&nbsp;&nbsp;&nbsp;&nbsp;&nbsp;&nbsp;&nbsp;&nbsp;&nbsp;&nbsp;&nbsp;&nbsp;&nbsp;&nbsp;&nbsp;&nbsp;Sort Key: product_id</td>\n",
       "        </tr>\n",
       "        <tr>\n",
       "            <td>&nbsp;&nbsp;&nbsp;&nbsp;&nbsp;&nbsp;&nbsp;&nbsp;&nbsp;&nbsp;&nbsp;&nbsp;&nbsp;&nbsp;&nbsp;&nbsp;&nbsp;&nbsp;&nbsp;&nbsp;&nbsp;&nbsp;&nbsp;&nbsp;&nbsp;&nbsp;Sort Method: quicksort  Memory: 25kB</td>\n",
       "        </tr>\n",
       "        <tr>\n",
       "            <td>&nbsp;&nbsp;&nbsp;&nbsp;&nbsp;&nbsp;&nbsp;&nbsp;&nbsp;&nbsp;&nbsp;&nbsp;&nbsp;&nbsp;&nbsp;&nbsp;&nbsp;&nbsp;&nbsp;&nbsp;&nbsp;&nbsp;&nbsp;&nbsp;&nbsp;&nbsp;Worker 0:  Sort Method: quicksort  Memory: 25kB</td>\n",
       "        </tr>\n",
       "        <tr>\n",
       "            <td>&nbsp;&nbsp;&nbsp;&nbsp;&nbsp;&nbsp;&nbsp;&nbsp;&nbsp;&nbsp;&nbsp;&nbsp;&nbsp;&nbsp;&nbsp;&nbsp;&nbsp;&nbsp;&nbsp;&nbsp;&nbsp;&nbsp;&nbsp;&nbsp;&nbsp;&nbsp;Worker 1:  Sort Method: quicksort  Memory: 25kB</td>\n",
       "        </tr>\n",
       "        <tr>\n",
       "            <td>&nbsp;&nbsp;&nbsp;&nbsp;&nbsp;&nbsp;&nbsp;&nbsp;&nbsp;&nbsp;&nbsp;&nbsp;&nbsp;&nbsp;&nbsp;&nbsp;&nbsp;&nbsp;&nbsp;&nbsp;&nbsp;&nbsp;&nbsp;&nbsp;&nbsp;&nbsp;-&gt;  Parallel Seq Scan on sales s  (cost=0.00..22314.17 rows=1 width=14) (actual time=28.324..55.178 rows=1 loops=3)</td>\n",
       "        </tr>\n",
       "        <tr>\n",
       "            <td>&nbsp;&nbsp;&nbsp;&nbsp;&nbsp;&nbsp;&nbsp;&nbsp;&nbsp;&nbsp;&nbsp;&nbsp;&nbsp;&nbsp;&nbsp;&nbsp;&nbsp;&nbsp;&nbsp;&nbsp;&nbsp;&nbsp;&nbsp;&nbsp;&nbsp;&nbsp;&nbsp;&nbsp;&nbsp;&nbsp;&nbsp;&nbsp;Filter: (customer_id = 999)</td>\n",
       "        </tr>\n",
       "        <tr>\n",
       "            <td>&nbsp;&nbsp;&nbsp;&nbsp;&nbsp;&nbsp;&nbsp;&nbsp;&nbsp;&nbsp;&nbsp;&nbsp;&nbsp;&nbsp;&nbsp;&nbsp;&nbsp;&nbsp;&nbsp;&nbsp;&nbsp;&nbsp;&nbsp;&nbsp;&nbsp;&nbsp;&nbsp;&nbsp;&nbsp;&nbsp;&nbsp;&nbsp;Rows Removed by Filter: 592138</td>\n",
       "        </tr>\n",
       "        <tr>\n",
       "            <td>Planning Time: 0.197 ms</td>\n",
       "        </tr>\n",
       "        <tr>\n",
       "            <td>Execution Time: 88.063 ms</td>\n",
       "        </tr>\n",
       "    </tbody>\n",
       "</table>"
      ],
      "text/plain": [
       "[('Sort  (cost=23314.54..23314.55 rows=3 width=44) (actual time=81.734..87.929 rows=3 loops=1)',),\n",
       " ('  Sort Key: (sum(price))',),\n",
       " ('  Sort Method: quicksort  Memory: 25kB',),\n",
       " ('  ->  Finalize GroupAggregate  (cost=23314.20..23314.51 rows=3 width=44) (actual time=81.486..87.822 rows=3 loops=1)',),\n",
       " ('        Group Key: product_id',),\n",
       " ('        ->  Gather Merge  (cost=23314.20..23314.46 rows=2 width=44) (actual time=81.294..87.725 rows=3 loops=1)',),\n",
       " ('              Workers Planned: 2',),\n",
       " ('              Workers Launched: 2',),\n",
       " ('              ->  Partial GroupAggregate  (cost=22314.18..22314.20 rows=1 width=44) (actual time=55.327..55.445 rows=1 loops=3)',),\n",
       " ('                    Group Key: product_id',),\n",
       " ('                    ->  Sort  (cost=22314.18..22314.18 rows=1 width=14) (actual time=55.302..55.356 rows=1 loops=3)',),\n",
       " ('                          Sort Key: product_id',),\n",
       " ('                          Sort Method: quicksort  Memory: 25kB',),\n",
       " ('                          Worker 0:  Sort Method: quicksort  Memory: 25kB',),\n",
       " ('                          Worker 1:  Sort Method: quicksort  Memory: 25kB',),\n",
       " ('                          ->  Parallel Seq Scan on sales s  (cost=0.00..22314.17 rows=1 width=14) (actual time=28.324..55.178 rows=1 loops=3)',),\n",
       " ('                                Filter: (customer_id = 999)',),\n",
       " ('                                Rows Removed by Filter: 592138',),\n",
       " ('Planning Time: 0.197 ms',),\n",
       " ('Execution Time: 88.063 ms',)]"
      ]
     },
     "execution_count": 17,
     "metadata": {},
     "output_type": "execute_result"
    }
   ],
   "source": [
    "%%sql\n",
    "EXPLAIN ANALYZE\n",
    "SELECT product_id, sum(quantity) AS total_quantity, sum(price) AS total_value\n",
    "FROM sales.sales s \n",
    "WHERE customer_id = 999\n",
    "GROUP BY product_id \n",
    "ORDER BY total_value"
   ]
  },
  {
   "cell_type": "markdown",
   "metadata": {},
   "source": [
    ">#### Create index on customer_id"
   ]
  },
  {
   "cell_type": "code",
   "execution_count": 18,
   "metadata": {
    "scrolled": true
   },
   "outputs": [
    {
     "name": "stdout",
     "output_type": "stream",
     "text": [
      " * postgresql://postgres:***@localhost/postgres\n",
      "Done.\n"
     ]
    },
    {
     "data": {
      "text/plain": [
       "[]"
      ]
     },
     "execution_count": 18,
     "metadata": {},
     "output_type": "execute_result"
    }
   ],
   "source": [
    "%%sql\n",
    "CREATE INDEX customer_id_index ON sales.sales(customer_id)"
   ]
  },
  {
   "cell_type": "markdown",
   "metadata": {},
   "source": [
    ">#### QUERY PLAN with index"
   ]
  },
  {
   "cell_type": "code",
   "execution_count": 19,
   "metadata": {
    "scrolled": false
   },
   "outputs": [
    {
     "name": "stdout",
     "output_type": "stream",
     "text": [
      " * postgresql://postgres:***@localhost/postgres\n",
      "12 rows affected.\n"
     ]
    },
    {
     "data": {
      "text/html": [
       "<table>\n",
       "    <thead>\n",
       "        <tr>\n",
       "            <th>QUERY PLAN</th>\n",
       "        </tr>\n",
       "    </thead>\n",
       "    <tbody>\n",
       "        <tr>\n",
       "            <td>Sort  (cost=8.60..8.60 rows=3 width=44) (actual time=0.244..0.321 rows=3 loops=1)</td>\n",
       "        </tr>\n",
       "        <tr>\n",
       "            <td>&nbsp;&nbsp;Sort Key: (sum(price))</td>\n",
       "        </tr>\n",
       "        <tr>\n",
       "            <td>&nbsp;&nbsp;Sort Method: quicksort  Memory: 25kB</td>\n",
       "        </tr>\n",
       "        <tr>\n",
       "            <td>&nbsp;&nbsp;-&gt;  GroupAggregate  (cost=8.50..8.57 rows=3 width=44) (actual time=0.141..0.240 rows=3 loops=1)</td>\n",
       "        </tr>\n",
       "        <tr>\n",
       "            <td>&nbsp;&nbsp;&nbsp;&nbsp;&nbsp;&nbsp;&nbsp;&nbsp;Group Key: product_id</td>\n",
       "        </tr>\n",
       "        <tr>\n",
       "            <td>&nbsp;&nbsp;&nbsp;&nbsp;&nbsp;&nbsp;&nbsp;&nbsp;-&gt;  Sort  (cost=8.50..8.51 rows=3 width=14) (actual time=0.103..0.149 rows=3 loops=1)</td>\n",
       "        </tr>\n",
       "        <tr>\n",
       "            <td>&nbsp;&nbsp;&nbsp;&nbsp;&nbsp;&nbsp;&nbsp;&nbsp;&nbsp;&nbsp;&nbsp;&nbsp;&nbsp;&nbsp;Sort Key: product_id</td>\n",
       "        </tr>\n",
       "        <tr>\n",
       "            <td>&nbsp;&nbsp;&nbsp;&nbsp;&nbsp;&nbsp;&nbsp;&nbsp;&nbsp;&nbsp;&nbsp;&nbsp;&nbsp;&nbsp;Sort Method: quicksort  Memory: 25kB</td>\n",
       "        </tr>\n",
       "        <tr>\n",
       "            <td>&nbsp;&nbsp;&nbsp;&nbsp;&nbsp;&nbsp;&nbsp;&nbsp;&nbsp;&nbsp;&nbsp;&nbsp;&nbsp;&nbsp;-&gt;  Index Scan using customer_id_index on sales s  (cost=0.43..8.48 rows=3 width=14) (actual time=0.033..0.067 rows=3 loops=1)</td>\n",
       "        </tr>\n",
       "        <tr>\n",
       "            <td>&nbsp;&nbsp;&nbsp;&nbsp;&nbsp;&nbsp;&nbsp;&nbsp;&nbsp;&nbsp;&nbsp;&nbsp;&nbsp;&nbsp;&nbsp;&nbsp;&nbsp;&nbsp;&nbsp;&nbsp;Index Cond: (customer_id = 999)</td>\n",
       "        </tr>\n",
       "        <tr>\n",
       "            <td>Planning Time: 0.222 ms</td>\n",
       "        </tr>\n",
       "        <tr>\n",
       "            <td>Execution Time: 0.409 ms</td>\n",
       "        </tr>\n",
       "    </tbody>\n",
       "</table>"
      ],
      "text/plain": [
       "[('Sort  (cost=8.60..8.60 rows=3 width=44) (actual time=0.244..0.321 rows=3 loops=1)',),\n",
       " ('  Sort Key: (sum(price))',),\n",
       " ('  Sort Method: quicksort  Memory: 25kB',),\n",
       " ('  ->  GroupAggregate  (cost=8.50..8.57 rows=3 width=44) (actual time=0.141..0.240 rows=3 loops=1)',),\n",
       " ('        Group Key: product_id',),\n",
       " ('        ->  Sort  (cost=8.50..8.51 rows=3 width=14) (actual time=0.103..0.149 rows=3 loops=1)',),\n",
       " ('              Sort Key: product_id',),\n",
       " ('              Sort Method: quicksort  Memory: 25kB',),\n",
       " ('              ->  Index Scan using customer_id_index on sales s  (cost=0.43..8.48 rows=3 width=14) (actual time=0.033..0.067 rows=3 loops=1)',),\n",
       " ('                    Index Cond: (customer_id = 999)',),\n",
       " ('Planning Time: 0.222 ms',),\n",
       " ('Execution Time: 0.409 ms',)]"
      ]
     },
     "execution_count": 19,
     "metadata": {},
     "output_type": "execute_result"
    }
   ],
   "source": [
    "%%sql\n",
    "EXPLAIN ANALYZE\n",
    "SELECT product_id, sum(quantity) AS total_quantity, sum(price) AS total_value\n",
    "FROM sales.sales s \n",
    "WHERE customer_id = 999\n",
    "GROUP BY product_id \n",
    "ORDER BY total_value"
   ]
  },
  {
   "cell_type": "markdown",
   "metadata": {},
   "source": [
    ">## Analyze"
   ]
  },
  {
   "cell_type": "markdown",
   "metadata": {},
   "source": [
    "## Index on customer_id in sales table reduced execution time from 88.06ms to 0.41ms."
   ]
  },
  {
   "cell_type": "markdown",
   "metadata": {},
   "source": [
    "<br/><br/>"
   ]
  },
  {
   "cell_type": "markdown",
   "metadata": {},
   "source": [
    " ##   QUERY 4 (No indexing)"
   ]
  },
  {
   "cell_type": "code",
   "execution_count": 20,
   "metadata": {},
   "outputs": [],
   "source": [
    "#query 4\n",
    "#4.Show the total sales for each product and customer. Order by dollar value.\n",
    "#Compared to 3. you will return all tuples 3. returns, plus also show entries for customers C and \n",
    "#products P such that C did not buy P (list C, P with 0 total sales).\n",
    "\n",
    "query4 = \"\"\"\n",
    "         SELECT product_id, customer_id, sum(s.price) AS total_value \n",
    "         FROM sales.sales s\n",
    "         FULL JOIN sales.products p\n",
    "         ON s.product_id = p.id\n",
    "         GROUP BY product_id, customer_id \n",
    "         ORDER BY total_value DESC\n",
    "         \"\"\"\n",
    "result4 = query_to_df(conn, query4, [\"product_id\",\"customer_id\",\"total_value\"])\n",
    "result4.to_csv(\"sales_query4_res.csv\", index=False)"
   ]
  },
  {
   "cell_type": "code",
   "execution_count": 21,
   "metadata": {
    "scrolled": true
   },
   "outputs": [
    {
     "data": {
      "text/html": [
       "<div>\n",
       "<style scoped>\n",
       "    .dataframe tbody tr th:only-of-type {\n",
       "        vertical-align: middle;\n",
       "    }\n",
       "\n",
       "    .dataframe tbody tr th {\n",
       "        vertical-align: top;\n",
       "    }\n",
       "\n",
       "    .dataframe thead th {\n",
       "        text-align: right;\n",
       "    }\n",
       "</style>\n",
       "<table border=\"1\" class=\"dataframe\">\n",
       "  <thead>\n",
       "    <tr style=\"text-align: right;\">\n",
       "      <th></th>\n",
       "      <th>0</th>\n",
       "      <th>1</th>\n",
       "      <th>2</th>\n",
       "      <th>3</th>\n",
       "      <th>4</th>\n",
       "      <th>5</th>\n",
       "      <th>6</th>\n",
       "      <th>7</th>\n",
       "      <th>8</th>\n",
       "      <th>9</th>\n",
       "      <th>10</th>\n",
       "      <th>11</th>\n",
       "      <th>12</th>\n",
       "    </tr>\n",
       "  </thead>\n",
       "  <tbody>\n",
       "    <tr>\n",
       "      <th>product_id</th>\n",
       "      <td>NaN</td>\n",
       "      <td>87.0</td>\n",
       "      <td>96.00</td>\n",
       "      <td>49.00</td>\n",
       "      <td>25.0</td>\n",
       "      <td>70.0</td>\n",
       "      <td>75.00</td>\n",
       "      <td>2.00</td>\n",
       "      <td>74.00</td>\n",
       "      <td>19.00</td>\n",
       "      <td>54.00</td>\n",
       "      <td>52.00</td>\n",
       "      <td>45.00</td>\n",
       "    </tr>\n",
       "    <tr>\n",
       "      <th>customer_id</th>\n",
       "      <td>NaN</td>\n",
       "      <td>2737.0</td>\n",
       "      <td>404383.00</td>\n",
       "      <td>617244.00</td>\n",
       "      <td>295440.0</td>\n",
       "      <td>878086.0</td>\n",
       "      <td>98646.00</td>\n",
       "      <td>666381.00</td>\n",
       "      <td>24896.00</td>\n",
       "      <td>272325.00</td>\n",
       "      <td>595550.00</td>\n",
       "      <td>328142.00</td>\n",
       "      <td>499615.00</td>\n",
       "    </tr>\n",
       "    <tr>\n",
       "      <th>total_value</th>\n",
       "      <td>NaN</td>\n",
       "      <td>2856.6</td>\n",
       "      <td>2442.66</td>\n",
       "      <td>2402.27</td>\n",
       "      <td>2358.7</td>\n",
       "      <td>2340.6</td>\n",
       "      <td>2337.77</td>\n",
       "      <td>2234.86</td>\n",
       "      <td>2234.09</td>\n",
       "      <td>2230.66</td>\n",
       "      <td>2221.67</td>\n",
       "      <td>2149.06</td>\n",
       "      <td>2146.88</td>\n",
       "    </tr>\n",
       "  </tbody>\n",
       "</table>\n",
       "</div>"
      ],
      "text/plain": [
       "             0       1          2          3         4         5         6   \\\n",
       "product_id  NaN    87.0      96.00      49.00      25.0      70.0     75.00   \n",
       "customer_id NaN  2737.0  404383.00  617244.00  295440.0  878086.0  98646.00   \n",
       "total_value NaN  2856.6    2442.66    2402.27    2358.7    2340.6   2337.77   \n",
       "\n",
       "                    7         8          9          10         11         12  \n",
       "product_id        2.00     74.00      19.00      54.00      52.00      45.00  \n",
       "customer_id  666381.00  24896.00  272325.00  595550.00  328142.00  499615.00  \n",
       "total_value    2234.86   2234.09    2230.66    2221.67    2149.06    2146.88  "
      ]
     },
     "execution_count": 21,
     "metadata": {},
     "output_type": "execute_result"
    }
   ],
   "source": [
    "res4 = pd.read_csv(\"sales_query4_res.csv\")\n",
    "res4.head(13).T"
   ]
  },
  {
   "cell_type": "markdown",
   "metadata": {},
   "source": [
    ">#### QUERY PLAN without index"
   ]
  },
  {
   "cell_type": "code",
   "execution_count": 22,
   "metadata": {
    "scrolled": false
   },
   "outputs": [
    {
     "name": "stdout",
     "output_type": "stream",
     "text": [
      " * postgresql://postgres:***@localhost/postgres\n",
      "18 rows affected.\n"
     ]
    },
    {
     "data": {
      "text/html": [
       "<table>\n",
       "    <thead>\n",
       "        <tr>\n",
       "            <th>QUERY PLAN</th>\n",
       "        </tr>\n",
       "    </thead>\n",
       "    <tbody>\n",
       "        <tr>\n",
       "            <td>Sort  (cost=248811.49..250242.21 rows=572286 width=40) (actual time=69339.317..80705.026 rows=1758574 loops=1)</td>\n",
       "        </tr>\n",
       "        <tr>\n",
       "            <td>&nbsp;&nbsp;Sort Key: (sum(s.price)) DESC</td>\n",
       "        </tr>\n",
       "        <tr>\n",
       "            <td>&nbsp;&nbsp;Sort Method: external merge  Disk: 43056kB</td>\n",
       "        </tr>\n",
       "        <tr>\n",
       "            <td>&nbsp;&nbsp;-&gt;  HashAggregate  (cost=153932.82..178434.20 rows=572286 width=40) (actual time=44612.690..57335.453 rows=1758574 loops=1)</td>\n",
       "        </tr>\n",
       "        <tr>\n",
       "            <td>&nbsp;&nbsp;&nbsp;&nbsp;&nbsp;&nbsp;&nbsp;&nbsp;Group Key: s.product_id, s.customer_id</td>\n",
       "        </tr>\n",
       "        <tr>\n",
       "            <td>&nbsp;&nbsp;&nbsp;&nbsp;&nbsp;&nbsp;&nbsp;&nbsp;Planned Partitions: 64  Batches: 373  Memory Usage: 4281kB  Disk Usage: 61416kB</td>\n",
       "        </tr>\n",
       "        <tr>\n",
       "            <td>&nbsp;&nbsp;&nbsp;&nbsp;&nbsp;&nbsp;&nbsp;&nbsp;-&gt;  Hash Full Join  (cost=3.25..35690.13 rows=1776416 width=14) (actual time=11.306..32706.572 rows=1776417 loops=1)</td>\n",
       "        </tr>\n",
       "        <tr>\n",
       "            <td>&nbsp;&nbsp;&nbsp;&nbsp;&nbsp;&nbsp;&nbsp;&nbsp;&nbsp;&nbsp;&nbsp;&nbsp;&nbsp;&nbsp;Hash Cond: (s.product_id = p.id)</td>\n",
       "        </tr>\n",
       "        <tr>\n",
       "            <td>&nbsp;&nbsp;&nbsp;&nbsp;&nbsp;&nbsp;&nbsp;&nbsp;&nbsp;&nbsp;&nbsp;&nbsp;&nbsp;&nbsp;-&gt;  Seq Scan on sales s  (cost=0.00..30826.16 rows=1776416 width=14) (actual time=0.077..10831.063 rows=1776416 loops=1)</td>\n",
       "        </tr>\n",
       "        <tr>\n",
       "            <td>&nbsp;&nbsp;&nbsp;&nbsp;&nbsp;&nbsp;&nbsp;&nbsp;&nbsp;&nbsp;&nbsp;&nbsp;&nbsp;&nbsp;-&gt;  Hash  (cost=2.00..2.00 rows=100 width=4) (actual time=11.189..11.206 rows=100 loops=1)</td>\n",
       "        </tr>\n",
       "        <tr>\n",
       "            <td>&nbsp;&nbsp;&nbsp;&nbsp;&nbsp;&nbsp;&nbsp;&nbsp;&nbsp;&nbsp;&nbsp;&nbsp;&nbsp;&nbsp;&nbsp;&nbsp;&nbsp;&nbsp;&nbsp;&nbsp;Buckets: 1024  Batches: 1  Memory Usage: 12kB</td>\n",
       "        </tr>\n",
       "        <tr>\n",
       "            <td>&nbsp;&nbsp;&nbsp;&nbsp;&nbsp;&nbsp;&nbsp;&nbsp;&nbsp;&nbsp;&nbsp;&nbsp;&nbsp;&nbsp;&nbsp;&nbsp;&nbsp;&nbsp;&nbsp;&nbsp;-&gt;  Seq Scan on products p  (cost=0.00..2.00 rows=100 width=4) (actual time=9.434..10.215 rows=100 loops=1)</td>\n",
       "        </tr>\n",
       "        <tr>\n",
       "            <td>Planning Time: 0.221 ms</td>\n",
       "        </tr>\n",
       "        <tr>\n",
       "            <td>JIT:</td>\n",
       "        </tr>\n",
       "        <tr>\n",
       "            <td>&nbsp;&nbsp;Functions: 18</td>\n",
       "        </tr>\n",
       "        <tr>\n",
       "            <td>&nbsp;&nbsp;Options: Inlining false, Optimization false, Expressions true, Deforming true</td>\n",
       "        </tr>\n",
       "        <tr>\n",
       "            <td>&nbsp;&nbsp;Timing: Generation 1.905 ms, Inlining 0.000 ms, Optimization 0.643 ms, Emission 11.339 ms, Total 13.887 ms</td>\n",
       "        </tr>\n",
       "        <tr>\n",
       "            <td>Execution Time: 91137.638 ms</td>\n",
       "        </tr>\n",
       "    </tbody>\n",
       "</table>"
      ],
      "text/plain": [
       "[('Sort  (cost=248811.49..250242.21 rows=572286 width=40) (actual time=69339.317..80705.026 rows=1758574 loops=1)',),\n",
       " ('  Sort Key: (sum(s.price)) DESC',),\n",
       " ('  Sort Method: external merge  Disk: 43056kB',),\n",
       " ('  ->  HashAggregate  (cost=153932.82..178434.20 rows=572286 width=40) (actual time=44612.690..57335.453 rows=1758574 loops=1)',),\n",
       " ('        Group Key: s.product_id, s.customer_id',),\n",
       " ('        Planned Partitions: 64  Batches: 373  Memory Usage: 4281kB  Disk Usage: 61416kB',),\n",
       " ('        ->  Hash Full Join  (cost=3.25..35690.13 rows=1776416 width=14) (actual time=11.306..32706.572 rows=1776417 loops=1)',),\n",
       " ('              Hash Cond: (s.product_id = p.id)',),\n",
       " ('              ->  Seq Scan on sales s  (cost=0.00..30826.16 rows=1776416 width=14) (actual time=0.077..10831.063 rows=1776416 loops=1)',),\n",
       " ('              ->  Hash  (cost=2.00..2.00 rows=100 width=4) (actual time=11.189..11.206 rows=100 loops=1)',),\n",
       " ('                    Buckets: 1024  Batches: 1  Memory Usage: 12kB',),\n",
       " ('                    ->  Seq Scan on products p  (cost=0.00..2.00 rows=100 width=4) (actual time=9.434..10.215 rows=100 loops=1)',),\n",
       " ('Planning Time: 0.221 ms',),\n",
       " ('JIT:',),\n",
       " ('  Functions: 18',),\n",
       " ('  Options: Inlining false, Optimization false, Expressions true, Deforming true',),\n",
       " ('  Timing: Generation 1.905 ms, Inlining 0.000 ms, Optimization 0.643 ms, Emission 11.339 ms, Total 13.887 ms',),\n",
       " ('Execution Time: 91137.638 ms',)]"
      ]
     },
     "execution_count": 22,
     "metadata": {},
     "output_type": "execute_result"
    }
   ],
   "source": [
    "%%sql\n",
    "EXPLAIN ANALYZE\n",
    "SELECT product_id, customer_id, sum(s.price) AS total_value \n",
    "FROM sales.sales s\n",
    "FULL JOIN sales.products p\n",
    "ON s.product_id = p.id\n",
    "GROUP BY product_id, customer_id \n",
    "ORDER BY total_value DESC"
   ]
  },
  {
   "cell_type": "markdown",
   "metadata": {},
   "source": [
    "##   QUERY 5 (No indexing)"
   ]
  },
  {
   "cell_type": "code",
   "execution_count": 23,
   "metadata": {},
   "outputs": [],
   "source": [
    "#query 5\n",
    "#5.Show the total sales for each product category and state.\n",
    "#The output schema should be (category id, state).\n",
    "\n",
    "query5 = \"\"\"\n",
    "         SELECT ca.id, st.name, sum(s.price) AS total_value\n",
    "         FROM sales.sales s\n",
    "         NATURAL JOIN sales.customers cu\n",
    "         NATURAL JOIN sales.states st \n",
    "         JOIN sales.products pr\n",
    "             ON s.product_id = pr.id\n",
    "         JOIN sales.categories ca\n",
    "             ON ca.id = pr.category_id\n",
    "         GROUP BY ca.id, st.name\n",
    "         \"\"\"\n",
    "result5 = query_to_df(conn, query5, [\"category_id\",\"state_name\",\"total_value\"])\n",
    "result5.to_csv(\"sales_query5_res.csv\", index=False)"
   ]
  },
  {
   "cell_type": "code",
   "execution_count": 24,
   "metadata": {},
   "outputs": [
    {
     "data": {
      "text/html": [
       "<div>\n",
       "<style scoped>\n",
       "    .dataframe tbody tr th:only-of-type {\n",
       "        vertical-align: middle;\n",
       "    }\n",
       "\n",
       "    .dataframe tbody tr th {\n",
       "        vertical-align: top;\n",
       "    }\n",
       "\n",
       "    .dataframe thead th {\n",
       "        text-align: right;\n",
       "    }\n",
       "</style>\n",
       "<table border=\"1\" class=\"dataframe\">\n",
       "  <thead>\n",
       "    <tr style=\"text-align: right;\">\n",
       "      <th></th>\n",
       "      <th>0</th>\n",
       "      <th>1</th>\n",
       "      <th>2</th>\n",
       "      <th>3</th>\n",
       "      <th>4</th>\n",
       "      <th>5</th>\n",
       "      <th>6</th>\n",
       "      <th>7</th>\n",
       "      <th>8</th>\n",
       "      <th>9</th>\n",
       "      <th>10</th>\n",
       "      <th>11</th>\n",
       "      <th>12</th>\n",
       "      <th>13</th>\n",
       "      <th>14</th>\n",
       "    </tr>\n",
       "  </thead>\n",
       "  <tbody>\n",
       "    <tr>\n",
       "      <th>category_id</th>\n",
       "      <td>0</td>\n",
       "      <td>1</td>\n",
       "      <td>3</td>\n",
       "      <td>3</td>\n",
       "      <td>3</td>\n",
       "      <td>3</td>\n",
       "      <td>4</td>\n",
       "      <td>4</td>\n",
       "      <td>4</td>\n",
       "      <td>5</td>\n",
       "      <td>5</td>\n",
       "      <td>6</td>\n",
       "      <td>6</td>\n",
       "      <td>6</td>\n",
       "      <td>6</td>\n",
       "    </tr>\n",
       "    <tr>\n",
       "      <th>state_name</th>\n",
       "      <td>Delaware</td>\n",
       "      <td>Oklahoma</td>\n",
       "      <td>Iowa</td>\n",
       "      <td>Nevada</td>\n",
       "      <td>Pennsylvania</td>\n",
       "      <td>Wisconsin</td>\n",
       "      <td>Florida</td>\n",
       "      <td>Maryland</td>\n",
       "      <td>Massachusetts</td>\n",
       "      <td>New Hampshire</td>\n",
       "      <td>Virginia</td>\n",
       "      <td>Alaska</td>\n",
       "      <td>Colorado</td>\n",
       "      <td>Rhode Island</td>\n",
       "      <td>Utah</td>\n",
       "    </tr>\n",
       "    <tr>\n",
       "      <th>total_value</th>\n",
       "      <td>978.29</td>\n",
       "      <td>375.39</td>\n",
       "      <td>405.71</td>\n",
       "      <td>4.91</td>\n",
       "      <td>367.47</td>\n",
       "      <td>796</td>\n",
       "      <td>980.1</td>\n",
       "      <td>622.53</td>\n",
       "      <td>256.94</td>\n",
       "      <td>514.3</td>\n",
       "      <td>639.73</td>\n",
       "      <td>193.28</td>\n",
       "      <td>782.1</td>\n",
       "      <td>375.27</td>\n",
       "      <td>680.47</td>\n",
       "    </tr>\n",
       "  </tbody>\n",
       "</table>\n",
       "</div>"
      ],
      "text/plain": [
       "                   0         1       2       3             4          5   \\\n",
       "category_id         0         1       3       3             3          3   \n",
       "state_name   Delaware  Oklahoma    Iowa  Nevada  Pennsylvania  Wisconsin   \n",
       "total_value    978.29    375.39  405.71    4.91        367.47        796   \n",
       "\n",
       "                  6         7              8              9         10  \\\n",
       "category_id        4         4              4              5         5   \n",
       "state_name   Florida  Maryland  Massachusetts  New Hampshire  Virginia   \n",
       "total_value    980.1    622.53         256.94          514.3    639.73   \n",
       "\n",
       "                 11        12            13      14  \n",
       "category_id       6         6             6       6  \n",
       "state_name   Alaska  Colorado  Rhode Island    Utah  \n",
       "total_value  193.28     782.1        375.27  680.47  "
      ]
     },
     "execution_count": 24,
     "metadata": {},
     "output_type": "execute_result"
    }
   ],
   "source": [
    "res5 = pd.read_csv(\"sales_query5_res.csv\")\n",
    "res5.head(15).T"
   ]
  },
  {
   "cell_type": "markdown",
   "metadata": {},
   "source": [
    ">#### QUERY PLAN without index"
   ]
  },
  {
   "cell_type": "code",
   "execution_count": 25,
   "metadata": {
    "scrolled": false
   },
   "outputs": [
    {
     "name": "stdout",
     "output_type": "stream",
     "text": [
      " * postgresql://postgres:***@localhost/postgres\n",
      "25 rows affected.\n"
     ]
    },
    {
     "data": {
      "text/html": [
       "<table>\n",
       "    <thead>\n",
       "        <tr>\n",
       "            <th>QUERY PLAN</th>\n",
       "        </tr>\n",
       "    </thead>\n",
       "    <tbody>\n",
       "        <tr>\n",
       "            <td>GroupAggregate  (cost=2521.79..2527.87 rows=270 width=154) (actual time=8.705..10.358 rows=49 loops=1)</td>\n",
       "        </tr>\n",
       "        <tr>\n",
       "            <td>&nbsp;&nbsp;Group Key: ca.id, st.name</td>\n",
       "        </tr>\n",
       "        <tr>\n",
       "            <td>&nbsp;&nbsp;-&gt;  Sort  (cost=2521.79..2522.47 rows=270 width=128) (actual time=8.663..9.245 rows=49 loops=1)</td>\n",
       "        </tr>\n",
       "        <tr>\n",
       "            <td>&nbsp;&nbsp;&nbsp;&nbsp;&nbsp;&nbsp;&nbsp;&nbsp;Sort Key: ca.id, st.name</td>\n",
       "        </tr>\n",
       "        <tr>\n",
       "            <td>&nbsp;&nbsp;&nbsp;&nbsp;&nbsp;&nbsp;&nbsp;&nbsp;Sort Method: quicksort  Memory: 28kB</td>\n",
       "        </tr>\n",
       "        <tr>\n",
       "            <td>&nbsp;&nbsp;&nbsp;&nbsp;&nbsp;&nbsp;&nbsp;&nbsp;-&gt;  Hash Join  (cost=24.00..2510.89 rows=270 width=128) (actual time=2.474..8.252 rows=49 loops=1)</td>\n",
       "        </tr>\n",
       "        <tr>\n",
       "            <td>&nbsp;&nbsp;&nbsp;&nbsp;&nbsp;&nbsp;&nbsp;&nbsp;&nbsp;&nbsp;&nbsp;&nbsp;&nbsp;&nbsp;Hash Cond: (pr.category_id = ca.id)</td>\n",
       "        </tr>\n",
       "        <tr>\n",
       "            <td>&nbsp;&nbsp;&nbsp;&nbsp;&nbsp;&nbsp;&nbsp;&nbsp;&nbsp;&nbsp;&nbsp;&nbsp;&nbsp;&nbsp;-&gt;  Hash Join  (cost=4.10..2490.27 rows=270 width=128) (actual time=2.019..6.996 rows=49 loops=1)</td>\n",
       "        </tr>\n",
       "        <tr>\n",
       "            <td>&nbsp;&nbsp;&nbsp;&nbsp;&nbsp;&nbsp;&nbsp;&nbsp;&nbsp;&nbsp;&nbsp;&nbsp;&nbsp;&nbsp;&nbsp;&nbsp;&nbsp;&nbsp;&nbsp;&nbsp;Hash Cond: (s.product_id = pr.id)</td>\n",
       "        </tr>\n",
       "        <tr>\n",
       "            <td>&nbsp;&nbsp;&nbsp;&nbsp;&nbsp;&nbsp;&nbsp;&nbsp;&nbsp;&nbsp;&nbsp;&nbsp;&nbsp;&nbsp;&nbsp;&nbsp;&nbsp;&nbsp;&nbsp;&nbsp;-&gt;  Nested Loop  (cost=0.85..2486.28 rows=270 width=128) (actual time=0.249..4.275 rows=49 loops=1)</td>\n",
       "        </tr>\n",
       "        <tr>\n",
       "            <td>&nbsp;&nbsp;&nbsp;&nbsp;&nbsp;&nbsp;&nbsp;&nbsp;&nbsp;&nbsp;&nbsp;&nbsp;&nbsp;&nbsp;&nbsp;&nbsp;&nbsp;&nbsp;&nbsp;&nbsp;&nbsp;&nbsp;&nbsp;&nbsp;&nbsp;&nbsp;-&gt;  Nested Loop  (cost=0.42..2202.35 rows=540 width=126) (actual time=0.055..2.251 rows=50 loops=1)</td>\n",
       "        </tr>\n",
       "        <tr>\n",
       "            <td>&nbsp;&nbsp;&nbsp;&nbsp;&nbsp;&nbsp;&nbsp;&nbsp;&nbsp;&nbsp;&nbsp;&nbsp;&nbsp;&nbsp;&nbsp;&nbsp;&nbsp;&nbsp;&nbsp;&nbsp;&nbsp;&nbsp;&nbsp;&nbsp;&nbsp;&nbsp;&nbsp;&nbsp;&nbsp;&nbsp;&nbsp;&nbsp;-&gt;  Seq Scan on states st  (cost=0.00..15.40 rows=540 width=122) (actual time=0.014..0.405 rows=50 loops=1)</td>\n",
       "        </tr>\n",
       "        <tr>\n",
       "            <td>&nbsp;&nbsp;&nbsp;&nbsp;&nbsp;&nbsp;&nbsp;&nbsp;&nbsp;&nbsp;&nbsp;&nbsp;&nbsp;&nbsp;&nbsp;&nbsp;&nbsp;&nbsp;&nbsp;&nbsp;&nbsp;&nbsp;&nbsp;&nbsp;&nbsp;&nbsp;&nbsp;&nbsp;&nbsp;&nbsp;&nbsp;&nbsp;-&gt;  Index Only Scan using customers_pkey on customers cu  (cost=0.42..4.05 rows=1 width=4) (actual time=0.011..0.011 rows=1 loops=50)</td>\n",
       "        </tr>\n",
       "        <tr>\n",
       "            <td>&nbsp;&nbsp;&nbsp;&nbsp;&nbsp;&nbsp;&nbsp;&nbsp;&nbsp;&nbsp;&nbsp;&nbsp;&nbsp;&nbsp;&nbsp;&nbsp;&nbsp;&nbsp;&nbsp;&nbsp;&nbsp;&nbsp;&nbsp;&nbsp;&nbsp;&nbsp;&nbsp;&nbsp;&nbsp;&nbsp;&nbsp;&nbsp;&nbsp;&nbsp;&nbsp;&nbsp;&nbsp;&nbsp;Index Cond: (id = st.id)</td>\n",
       "        </tr>\n",
       "        <tr>\n",
       "            <td>&nbsp;&nbsp;&nbsp;&nbsp;&nbsp;&nbsp;&nbsp;&nbsp;&nbsp;&nbsp;&nbsp;&nbsp;&nbsp;&nbsp;&nbsp;&nbsp;&nbsp;&nbsp;&nbsp;&nbsp;&nbsp;&nbsp;&nbsp;&nbsp;&nbsp;&nbsp;&nbsp;&nbsp;&nbsp;&nbsp;&nbsp;&nbsp;&nbsp;&nbsp;&nbsp;&nbsp;&nbsp;&nbsp;Heap Fetches: 0</td>\n",
       "        </tr>\n",
       "        <tr>\n",
       "            <td>&nbsp;&nbsp;&nbsp;&nbsp;&nbsp;&nbsp;&nbsp;&nbsp;&nbsp;&nbsp;&nbsp;&nbsp;&nbsp;&nbsp;&nbsp;&nbsp;&nbsp;&nbsp;&nbsp;&nbsp;&nbsp;&nbsp;&nbsp;&nbsp;&nbsp;&nbsp;-&gt;  Index Scan using sales_pkey on sales s  (cost=0.43..0.53 rows=1 width=14) (actual time=0.013..0.013 rows=1 loops=50)</td>\n",
       "        </tr>\n",
       "        <tr>\n",
       "            <td>&nbsp;&nbsp;&nbsp;&nbsp;&nbsp;&nbsp;&nbsp;&nbsp;&nbsp;&nbsp;&nbsp;&nbsp;&nbsp;&nbsp;&nbsp;&nbsp;&nbsp;&nbsp;&nbsp;&nbsp;&nbsp;&nbsp;&nbsp;&nbsp;&nbsp;&nbsp;&nbsp;&nbsp;&nbsp;&nbsp;&nbsp;&nbsp;Index Cond: (id = cu.id)</td>\n",
       "        </tr>\n",
       "        <tr>\n",
       "            <td>&nbsp;&nbsp;&nbsp;&nbsp;&nbsp;&nbsp;&nbsp;&nbsp;&nbsp;&nbsp;&nbsp;&nbsp;&nbsp;&nbsp;&nbsp;&nbsp;&nbsp;&nbsp;&nbsp;&nbsp;-&gt;  Hash  (cost=2.00..2.00 rows=100 width=8) (actual time=1.740..1.762 rows=100 loops=1)</td>\n",
       "        </tr>\n",
       "        <tr>\n",
       "            <td>&nbsp;&nbsp;&nbsp;&nbsp;&nbsp;&nbsp;&nbsp;&nbsp;&nbsp;&nbsp;&nbsp;&nbsp;&nbsp;&nbsp;&nbsp;&nbsp;&nbsp;&nbsp;&nbsp;&nbsp;&nbsp;&nbsp;&nbsp;&nbsp;&nbsp;&nbsp;Buckets: 1024  Batches: 1  Memory Usage: 12kB</td>\n",
       "        </tr>\n",
       "        <tr>\n",
       "            <td>&nbsp;&nbsp;&nbsp;&nbsp;&nbsp;&nbsp;&nbsp;&nbsp;&nbsp;&nbsp;&nbsp;&nbsp;&nbsp;&nbsp;&nbsp;&nbsp;&nbsp;&nbsp;&nbsp;&nbsp;&nbsp;&nbsp;&nbsp;&nbsp;&nbsp;&nbsp;-&gt;  Seq Scan on products pr  (cost=0.00..2.00 rows=100 width=8) (actual time=0.014..0.906 rows=100 loops=1)</td>\n",
       "        </tr>\n",
       "        <tr>\n",
       "            <td>&nbsp;&nbsp;&nbsp;&nbsp;&nbsp;&nbsp;&nbsp;&nbsp;&nbsp;&nbsp;&nbsp;&nbsp;&nbsp;&nbsp;-&gt;  Hash  (cost=14.40..14.40 rows=440 width=4) (actual time=0.425..0.448 rows=20 loops=1)</td>\n",
       "        </tr>\n",
       "        <tr>\n",
       "            <td>&nbsp;&nbsp;&nbsp;&nbsp;&nbsp;&nbsp;&nbsp;&nbsp;&nbsp;&nbsp;&nbsp;&nbsp;&nbsp;&nbsp;&nbsp;&nbsp;&nbsp;&nbsp;&nbsp;&nbsp;Buckets: 1024  Batches: 1  Memory Usage: 9kB</td>\n",
       "        </tr>\n",
       "        <tr>\n",
       "            <td>&nbsp;&nbsp;&nbsp;&nbsp;&nbsp;&nbsp;&nbsp;&nbsp;&nbsp;&nbsp;&nbsp;&nbsp;&nbsp;&nbsp;&nbsp;&nbsp;&nbsp;&nbsp;&nbsp;&nbsp;-&gt;  Seq Scan on categories ca  (cost=0.00..14.40 rows=440 width=4) (actual time=0.013..0.252 rows=20 loops=1)</td>\n",
       "        </tr>\n",
       "        <tr>\n",
       "            <td>Planning Time: 0.722 ms</td>\n",
       "        </tr>\n",
       "        <tr>\n",
       "            <td>Execution Time: 10.822 ms</td>\n",
       "        </tr>\n",
       "    </tbody>\n",
       "</table>"
      ],
      "text/plain": [
       "[('GroupAggregate  (cost=2521.79..2527.87 rows=270 width=154) (actual time=8.705..10.358 rows=49 loops=1)',),\n",
       " ('  Group Key: ca.id, st.name',),\n",
       " ('  ->  Sort  (cost=2521.79..2522.47 rows=270 width=128) (actual time=8.663..9.245 rows=49 loops=1)',),\n",
       " ('        Sort Key: ca.id, st.name',),\n",
       " ('        Sort Method: quicksort  Memory: 28kB',),\n",
       " ('        ->  Hash Join  (cost=24.00..2510.89 rows=270 width=128) (actual time=2.474..8.252 rows=49 loops=1)',),\n",
       " ('              Hash Cond: (pr.category_id = ca.id)',),\n",
       " ('              ->  Hash Join  (cost=4.10..2490.27 rows=270 width=128) (actual time=2.019..6.996 rows=49 loops=1)',),\n",
       " ('                    Hash Cond: (s.product_id = pr.id)',),\n",
       " ('                    ->  Nested Loop  (cost=0.85..2486.28 rows=270 width=128) (actual time=0.249..4.275 rows=49 loops=1)',),\n",
       " ('                          ->  Nested Loop  (cost=0.42..2202.35 rows=540 width=126) (actual time=0.055..2.251 rows=50 loops=1)',),\n",
       " ('                                ->  Seq Scan on states st  (cost=0.00..15.40 rows=540 width=122) (actual time=0.014..0.405 rows=50 loops=1)',),\n",
       " ('                                ->  Index Only Scan using customers_pkey on customers cu  (cost=0.42..4.05 rows=1 width=4) (actual time=0.011..0.011 rows=1 loops=50)',),\n",
       " ('                                      Index Cond: (id = st.id)',),\n",
       " ('                                      Heap Fetches: 0',),\n",
       " ('                          ->  Index Scan using sales_pkey on sales s  (cost=0.43..0.53 rows=1 width=14) (actual time=0.013..0.013 rows=1 loops=50)',),\n",
       " ('                                Index Cond: (id = cu.id)',),\n",
       " ('                    ->  Hash  (cost=2.00..2.00 rows=100 width=8) (actual time=1.740..1.762 rows=100 loops=1)',),\n",
       " ('                          Buckets: 1024  Batches: 1  Memory Usage: 12kB',),\n",
       " ('                          ->  Seq Scan on products pr  (cost=0.00..2.00 rows=100 width=8) (actual time=0.014..0.906 rows=100 loops=1)',),\n",
       " ('              ->  Hash  (cost=14.40..14.40 rows=440 width=4) (actual time=0.425..0.448 rows=20 loops=1)',),\n",
       " ('                    Buckets: 1024  Batches: 1  Memory Usage: 9kB',),\n",
       " ('                    ->  Seq Scan on categories ca  (cost=0.00..14.40 rows=440 width=4) (actual time=0.013..0.252 rows=20 loops=1)',),\n",
       " ('Planning Time: 0.722 ms',),\n",
       " ('Execution Time: 10.822 ms',)]"
      ]
     },
     "execution_count": 25,
     "metadata": {},
     "output_type": "execute_result"
    }
   ],
   "source": [
    "%%sql\n",
    "EXPLAIN ANALYZE\n",
    "SELECT ca.id, st.name, sum(s.price) AS total_value\n",
    "FROM sales.sales s\n",
    "NATURAL JOIN sales.customers cu\n",
    "NATURAL JOIN sales.states st \n",
    "JOIN sales.products pr\n",
    "    ON s.product_id = pr.id\n",
    "JOIN sales.categories ca\n",
    "    ON ca.id = pr.category_id\n",
    "GROUP BY ca.id, st.name"
   ]
  },
  {
   "cell_type": "markdown",
   "metadata": {},
   "source": [
    " ##   QUERY 6 (Indexing)"
   ]
  },
  {
   "cell_type": "code",
   "execution_count": 26,
   "metadata": {},
   "outputs": [],
   "source": [
    "#query 6\n",
    "#6.6.For each one of the top 20 product categories (by total revenue) and top 20 customers \n",
    "#(by total purchase revenue), return a tuple (top product category ID, top customer ID, quantity sold, dollar value). \n",
    "#It is possible that a top-20 customer spent $0 on a top-20 category. List this fact explicitly in the output: \n",
    "#(id of “comic books”, id of “jane”, 0, 0) is possible. \n",
    "#Extra credit if you can list the rank of the customer and of the category: \n",
    "#(cat_id, cat_rank, cust_id, cust_rank, quantity, dollar value). \n",
    "\n",
    "query6 = \"\"\"\n",
    "         SELECT top_ca.id, top_cu.customer_id, sum(s.quantity), sum(s.price) \n",
    "         FROM \n",
    "                    (SELECT ca.id AS id, sum(s.price) AS total_value \n",
    "                     FROM sales.categories ca\n",
    "                     JOIN sales.products pr \n",
    "                        ON ca.id = pr.category_id\n",
    "                     JOIN sales.sales s\n",
    "                        ON pr.id = s.product_id\n",
    "                     GROUP BY ca.id \n",
    "                     ORDER BY total_value DESC limit 20) AS top_ca, \n",
    "              \n",
    "                    (SELECT customer_id, sum(price) AS dollar_value \n",
    "                     FROM sales.sales\n",
    "                     GROUP BY customer_id \n",
    "                     ORDER BY dollar_value DESC limit 20) AS top_cu, \n",
    "              \n",
    "                    sales.sales s,\n",
    "                    sales.products pr\n",
    "                    \n",
    "         WHERE pr.category_id = top_ca.id \n",
    "                   and s.customer_id = top_cu.customer_id \n",
    "                   and s.product_id = pr.id\n",
    "         GROUP BY top_ca.id, top_cu.customer_id \n",
    "         ORDER BY top_ca.id\n",
    "    \"\"\"\n",
    "result6 = query_to_df(conn, query6, [\"category_id\",\"customer_id\",\"total_quantity\", \"total_value\"])\n",
    "result6.to_csv(\"sales_query6_res.csv\", index=False)"
   ]
  },
  {
   "cell_type": "code",
   "execution_count": 27,
   "metadata": {
    "scrolled": false
   },
   "outputs": [
    {
     "data": {
      "text/html": [
       "<div>\n",
       "<style scoped>\n",
       "    .dataframe tbody tr th:only-of-type {\n",
       "        vertical-align: middle;\n",
       "    }\n",
       "\n",
       "    .dataframe tbody tr th {\n",
       "        vertical-align: top;\n",
       "    }\n",
       "\n",
       "    .dataframe thead th {\n",
       "        text-align: right;\n",
       "    }\n",
       "</style>\n",
       "<table border=\"1\" class=\"dataframe\">\n",
       "  <thead>\n",
       "    <tr style=\"text-align: right;\">\n",
       "      <th></th>\n",
       "      <th>category_id</th>\n",
       "      <th>customer_id</th>\n",
       "      <th>total_quantity</th>\n",
       "      <th>total_value</th>\n",
       "    </tr>\n",
       "  </thead>\n",
       "  <tbody>\n",
       "    <tr>\n",
       "      <th>0</th>\n",
       "      <td>0</td>\n",
       "      <td>369359</td>\n",
       "      <td>923</td>\n",
       "      <td>970.89</td>\n",
       "    </tr>\n",
       "    <tr>\n",
       "      <th>1</th>\n",
       "      <td>0</td>\n",
       "      <td>606859</td>\n",
       "      <td>397</td>\n",
       "      <td>980.88</td>\n",
       "    </tr>\n",
       "    <tr>\n",
       "      <th>2</th>\n",
       "      <td>1</td>\n",
       "      <td>56939</td>\n",
       "      <td>745</td>\n",
       "      <td>989.69</td>\n",
       "    </tr>\n",
       "    <tr>\n",
       "      <th>3</th>\n",
       "      <td>1</td>\n",
       "      <td>293832</td>\n",
       "      <td>871</td>\n",
       "      <td>985.59</td>\n",
       "    </tr>\n",
       "    <tr>\n",
       "      <th>4</th>\n",
       "      <td>1</td>\n",
       "      <td>359264</td>\n",
       "      <td>812</td>\n",
       "      <td>988.35</td>\n",
       "    </tr>\n",
       "    <tr>\n",
       "      <th>...</th>\n",
       "      <td>...</td>\n",
       "      <td>...</td>\n",
       "      <td>...</td>\n",
       "      <td>...</td>\n",
       "    </tr>\n",
       "    <tr>\n",
       "      <th>69</th>\n",
       "      <td>18</td>\n",
       "      <td>856166</td>\n",
       "      <td>449</td>\n",
       "      <td>992.63</td>\n",
       "    </tr>\n",
       "    <tr>\n",
       "      <th>70</th>\n",
       "      <td>18</td>\n",
       "      <td>859589</td>\n",
       "      <td>38</td>\n",
       "      <td>884.75</td>\n",
       "    </tr>\n",
       "    <tr>\n",
       "      <th>71</th>\n",
       "      <td>19</td>\n",
       "      <td>15293</td>\n",
       "      <td>651</td>\n",
       "      <td>926.91</td>\n",
       "    </tr>\n",
       "    <tr>\n",
       "      <th>72</th>\n",
       "      <td>19</td>\n",
       "      <td>389832</td>\n",
       "      <td>602</td>\n",
       "      <td>989.52</td>\n",
       "    </tr>\n",
       "    <tr>\n",
       "      <th>73</th>\n",
       "      <td>19</td>\n",
       "      <td>859589</td>\n",
       "      <td>2</td>\n",
       "      <td>962.53</td>\n",
       "    </tr>\n",
       "  </tbody>\n",
       "</table>\n",
       "<p>74 rows × 4 columns</p>\n",
       "</div>"
      ],
      "text/plain": [
       "    category_id  customer_id  total_quantity  total_value\n",
       "0             0       369359             923       970.89\n",
       "1             0       606859             397       980.88\n",
       "2             1        56939             745       989.69\n",
       "3             1       293832             871       985.59\n",
       "4             1       359264             812       988.35\n",
       "..          ...          ...             ...          ...\n",
       "69           18       856166             449       992.63\n",
       "70           18       859589              38       884.75\n",
       "71           19        15293             651       926.91\n",
       "72           19       389832             602       989.52\n",
       "73           19       859589               2       962.53\n",
       "\n",
       "[74 rows x 4 columns]"
      ]
     },
     "execution_count": 27,
     "metadata": {},
     "output_type": "execute_result"
    }
   ],
   "source": [
    "res6 = pd.read_csv(\"sales_query6_res.csv\")\n",
    "res6"
   ]
  },
  {
   "cell_type": "markdown",
   "metadata": {},
   "source": [
    ">#### Query plan without index"
   ]
  },
  {
   "cell_type": "code",
   "execution_count": 28,
   "metadata": {
    "scrolled": false
   },
   "outputs": [
    {
     "name": "stdout",
     "output_type": "stream",
     "text": [
      " * postgresql://postgres:***@localhost/postgres\n",
      "65 rows affected.\n"
     ]
    },
    {
     "data": {
      "text/html": [
       "<table>\n",
       "    <thead>\n",
       "        <tr>\n",
       "            <th>QUERY PLAN</th>\n",
       "        </tr>\n",
       "    </thead>\n",
       "    <tbody>\n",
       "        <tr>\n",
       "            <td>GroupAggregate  (cost=114512.97..114514.52 rows=62 width=48) (actual time=55973.979..55975.995 rows=74 loops=1)</td>\n",
       "        </tr>\n",
       "        <tr>\n",
       "            <td>&nbsp;&nbsp;Group Key: top_ca.id, sales.customer_id</td>\n",
       "        </tr>\n",
       "        <tr>\n",
       "            <td>&nbsp;&nbsp;-&gt;  Sort  (cost=114512.97..114513.12 rows=62 width=18) (actual time=55973.938..55974.749 rows=80 loops=1)</td>\n",
       "        </tr>\n",
       "        <tr>\n",
       "            <td>&nbsp;&nbsp;&nbsp;&nbsp;&nbsp;&nbsp;&nbsp;&nbsp;Sort Key: top_ca.id, sales.customer_id</td>\n",
       "        </tr>\n",
       "        <tr>\n",
       "            <td>&nbsp;&nbsp;&nbsp;&nbsp;&nbsp;&nbsp;&nbsp;&nbsp;Sort Method: quicksort  Memory: 31kB</td>\n",
       "        </tr>\n",
       "        <tr>\n",
       "            <td>&nbsp;&nbsp;&nbsp;&nbsp;&nbsp;&nbsp;&nbsp;&nbsp;-&gt;  Merge Join  (cost=114510.09..114511.12 rows=62 width=18) (actual time=55971.771..55973.747 rows=80 loops=1)</td>\n",
       "        </tr>\n",
       "        <tr>\n",
       "            <td>&nbsp;&nbsp;&nbsp;&nbsp;&nbsp;&nbsp;&nbsp;&nbsp;&nbsp;&nbsp;&nbsp;&nbsp;&nbsp;&nbsp;Merge Cond: (pr.category_id = top_ca.id)</td>\n",
       "        </tr>\n",
       "        <tr>\n",
       "            <td>&nbsp;&nbsp;&nbsp;&nbsp;&nbsp;&nbsp;&nbsp;&nbsp;&nbsp;&nbsp;&nbsp;&nbsp;&nbsp;&nbsp;-&gt;  Sort  (cost=85183.37..85183.52 rows=62 width=18) (actual time=35709.277..35709.879 rows=80 loops=1)</td>\n",
       "        </tr>\n",
       "        <tr>\n",
       "            <td>&nbsp;&nbsp;&nbsp;&nbsp;&nbsp;&nbsp;&nbsp;&nbsp;&nbsp;&nbsp;&nbsp;&nbsp;&nbsp;&nbsp;&nbsp;&nbsp;&nbsp;&nbsp;&nbsp;&nbsp;Sort Key: pr.category_id</td>\n",
       "        </tr>\n",
       "        <tr>\n",
       "            <td>&nbsp;&nbsp;&nbsp;&nbsp;&nbsp;&nbsp;&nbsp;&nbsp;&nbsp;&nbsp;&nbsp;&nbsp;&nbsp;&nbsp;&nbsp;&nbsp;&nbsp;&nbsp;&nbsp;&nbsp;Sort Method: quicksort  Memory: 31kB</td>\n",
       "        </tr>\n",
       "        <tr>\n",
       "            <td>&nbsp;&nbsp;&nbsp;&nbsp;&nbsp;&nbsp;&nbsp;&nbsp;&nbsp;&nbsp;&nbsp;&nbsp;&nbsp;&nbsp;&nbsp;&nbsp;&nbsp;&nbsp;&nbsp;&nbsp;-&gt;  Hash Join  (cost=85011.32..85181.52 rows=62 width=18) (actual time=35705.430..35708.820 rows=80 loops=1)</td>\n",
       "        </tr>\n",
       "        <tr>\n",
       "            <td>&nbsp;&nbsp;&nbsp;&nbsp;&nbsp;&nbsp;&nbsp;&nbsp;&nbsp;&nbsp;&nbsp;&nbsp;&nbsp;&nbsp;&nbsp;&nbsp;&nbsp;&nbsp;&nbsp;&nbsp;&nbsp;&nbsp;&nbsp;&nbsp;&nbsp;&nbsp;Hash Cond: (s.product_id = pr.id)</td>\n",
       "        </tr>\n",
       "        <tr>\n",
       "            <td>&nbsp;&nbsp;&nbsp;&nbsp;&nbsp;&nbsp;&nbsp;&nbsp;&nbsp;&nbsp;&nbsp;&nbsp;&nbsp;&nbsp;&nbsp;&nbsp;&nbsp;&nbsp;&nbsp;&nbsp;&nbsp;&nbsp;&nbsp;&nbsp;&nbsp;&nbsp;-&gt;  Nested Loop  (cost=85008.07..85178.10 rows=62 width=18) (actual time=35670.842..35673.294 rows=80 loops=1)</td>\n",
       "        </tr>\n",
       "        <tr>\n",
       "            <td>&nbsp;&nbsp;&nbsp;&nbsp;&nbsp;&nbsp;&nbsp;&nbsp;&nbsp;&nbsp;&nbsp;&nbsp;&nbsp;&nbsp;&nbsp;&nbsp;&nbsp;&nbsp;&nbsp;&nbsp;&nbsp;&nbsp;&nbsp;&nbsp;&nbsp;&nbsp;&nbsp;&nbsp;&nbsp;&nbsp;&nbsp;&nbsp;-&gt;  Limit  (cost=85007.65..85007.70 rows=20 width=36) (actual time=35670.789..35671.247 rows=20 loops=1)</td>\n",
       "        </tr>\n",
       "        <tr>\n",
       "            <td>&nbsp;&nbsp;&nbsp;&nbsp;&nbsp;&nbsp;&nbsp;&nbsp;&nbsp;&nbsp;&nbsp;&nbsp;&nbsp;&nbsp;&nbsp;&nbsp;&nbsp;&nbsp;&nbsp;&nbsp;&nbsp;&nbsp;&nbsp;&nbsp;&nbsp;&nbsp;&nbsp;&nbsp;&nbsp;&nbsp;&nbsp;&nbsp;&nbsp;&nbsp;&nbsp;&nbsp;&nbsp;&nbsp;-&gt;  Sort  (cost=85007.65..86438.36 rows=572286 width=36) (actual time=35670.769..35670.904 rows=20 loops=1)</td>\n",
       "        </tr>\n",
       "        <tr>\n",
       "            <td>&nbsp;&nbsp;&nbsp;&nbsp;&nbsp;&nbsp;&nbsp;&nbsp;&nbsp;&nbsp;&nbsp;&nbsp;&nbsp;&nbsp;&nbsp;&nbsp;&nbsp;&nbsp;&nbsp;&nbsp;&nbsp;&nbsp;&nbsp;&nbsp;&nbsp;&nbsp;&nbsp;&nbsp;&nbsp;&nbsp;&nbsp;&nbsp;&nbsp;&nbsp;&nbsp;&nbsp;&nbsp;&nbsp;&nbsp;&nbsp;&nbsp;&nbsp;&nbsp;&nbsp;Sort Key: (sum(sales.price)) DESC</td>\n",
       "        </tr>\n",
       "        <tr>\n",
       "            <td>&nbsp;&nbsp;&nbsp;&nbsp;&nbsp;&nbsp;&nbsp;&nbsp;&nbsp;&nbsp;&nbsp;&nbsp;&nbsp;&nbsp;&nbsp;&nbsp;&nbsp;&nbsp;&nbsp;&nbsp;&nbsp;&nbsp;&nbsp;&nbsp;&nbsp;&nbsp;&nbsp;&nbsp;&nbsp;&nbsp;&nbsp;&nbsp;&nbsp;&nbsp;&nbsp;&nbsp;&nbsp;&nbsp;&nbsp;&nbsp;&nbsp;&nbsp;&nbsp;&nbsp;Sort Method: top-N heapsort  Memory: 26kB</td>\n",
       "        </tr>\n",
       "        <tr>\n",
       "            <td>&nbsp;&nbsp;&nbsp;&nbsp;&nbsp;&nbsp;&nbsp;&nbsp;&nbsp;&nbsp;&nbsp;&nbsp;&nbsp;&nbsp;&nbsp;&nbsp;&nbsp;&nbsp;&nbsp;&nbsp;&nbsp;&nbsp;&nbsp;&nbsp;&nbsp;&nbsp;&nbsp;&nbsp;&nbsp;&nbsp;&nbsp;&nbsp;&nbsp;&nbsp;&nbsp;&nbsp;&nbsp;&nbsp;&nbsp;&nbsp;&nbsp;&nbsp;&nbsp;&nbsp;-&gt;  GroupAggregate  (cost=0.43..69779.32 rows=572286 width=36) (actual time=0.271..30570.890 rows=710959 loops=1)</td>\n",
       "        </tr>\n",
       "        <tr>\n",
       "            <td>&nbsp;&nbsp;&nbsp;&nbsp;&nbsp;&nbsp;&nbsp;&nbsp;&nbsp;&nbsp;&nbsp;&nbsp;&nbsp;&nbsp;&nbsp;&nbsp;&nbsp;&nbsp;&nbsp;&nbsp;&nbsp;&nbsp;&nbsp;&nbsp;&nbsp;&nbsp;&nbsp;&nbsp;&nbsp;&nbsp;&nbsp;&nbsp;&nbsp;&nbsp;&nbsp;&nbsp;&nbsp;&nbsp;&nbsp;&nbsp;&nbsp;&nbsp;&nbsp;&nbsp;&nbsp;&nbsp;&nbsp;&nbsp;&nbsp;&nbsp;Group Key: sales.customer_id</td>\n",
       "        </tr>\n",
       "        <tr>\n",
       "            <td>&nbsp;&nbsp;&nbsp;&nbsp;&nbsp;&nbsp;&nbsp;&nbsp;&nbsp;&nbsp;&nbsp;&nbsp;&nbsp;&nbsp;&nbsp;&nbsp;&nbsp;&nbsp;&nbsp;&nbsp;&nbsp;&nbsp;&nbsp;&nbsp;&nbsp;&nbsp;&nbsp;&nbsp;&nbsp;&nbsp;&nbsp;&nbsp;&nbsp;&nbsp;&nbsp;&nbsp;&nbsp;&nbsp;&nbsp;&nbsp;&nbsp;&nbsp;&nbsp;&nbsp;&nbsp;&nbsp;&nbsp;&nbsp;&nbsp;&nbsp;-&gt;  Index Scan using customer_id_index on sales  (cost=0.43..53743.67 rows=1776416 width=10) (actual time=0.041..12571.945 rows=1776416 loops=1)</td>\n",
       "        </tr>\n",
       "        <tr>\n",
       "            <td>&nbsp;&nbsp;&nbsp;&nbsp;&nbsp;&nbsp;&nbsp;&nbsp;&nbsp;&nbsp;&nbsp;&nbsp;&nbsp;&nbsp;&nbsp;&nbsp;&nbsp;&nbsp;&nbsp;&nbsp;&nbsp;&nbsp;&nbsp;&nbsp;&nbsp;&nbsp;&nbsp;&nbsp;&nbsp;&nbsp;&nbsp;&nbsp;-&gt;  Index Scan using customer_id_index on sales s  (cost=0.43..8.48 rows=3 width=18) (actual time=0.011..0.038 rows=4 loops=20)</td>\n",
       "        </tr>\n",
       "        <tr>\n",
       "            <td>&nbsp;&nbsp;&nbsp;&nbsp;&nbsp;&nbsp;&nbsp;&nbsp;&nbsp;&nbsp;&nbsp;&nbsp;&nbsp;&nbsp;&nbsp;&nbsp;&nbsp;&nbsp;&nbsp;&nbsp;&nbsp;&nbsp;&nbsp;&nbsp;&nbsp;&nbsp;&nbsp;&nbsp;&nbsp;&nbsp;&nbsp;&nbsp;&nbsp;&nbsp;&nbsp;&nbsp;&nbsp;&nbsp;Index Cond: (customer_id = sales.customer_id)</td>\n",
       "        </tr>\n",
       "        <tr>\n",
       "            <td>&nbsp;&nbsp;&nbsp;&nbsp;&nbsp;&nbsp;&nbsp;&nbsp;&nbsp;&nbsp;&nbsp;&nbsp;&nbsp;&nbsp;&nbsp;&nbsp;&nbsp;&nbsp;&nbsp;&nbsp;&nbsp;&nbsp;&nbsp;&nbsp;&nbsp;&nbsp;-&gt;  Hash  (cost=2.00..2.00 rows=100 width=8) (actual time=34.558..34.575 rows=100 loops=1)</td>\n",
       "        </tr>\n",
       "        <tr>\n",
       "            <td>&nbsp;&nbsp;&nbsp;&nbsp;&nbsp;&nbsp;&nbsp;&nbsp;&nbsp;&nbsp;&nbsp;&nbsp;&nbsp;&nbsp;&nbsp;&nbsp;&nbsp;&nbsp;&nbsp;&nbsp;&nbsp;&nbsp;&nbsp;&nbsp;&nbsp;&nbsp;&nbsp;&nbsp;&nbsp;&nbsp;&nbsp;&nbsp;Buckets: 1024  Batches: 1  Memory Usage: 12kB</td>\n",
       "        </tr>\n",
       "        <tr>\n",
       "            <td>&nbsp;&nbsp;&nbsp;&nbsp;&nbsp;&nbsp;&nbsp;&nbsp;&nbsp;&nbsp;&nbsp;&nbsp;&nbsp;&nbsp;&nbsp;&nbsp;&nbsp;&nbsp;&nbsp;&nbsp;&nbsp;&nbsp;&nbsp;&nbsp;&nbsp;&nbsp;&nbsp;&nbsp;&nbsp;&nbsp;&nbsp;&nbsp;-&gt;  Seq Scan on products pr  (cost=0.00..2.00 rows=100 width=8) (actual time=32.607..33.522 rows=100 loops=1)</td>\n",
       "        </tr>\n",
       "        <tr>\n",
       "            <td>&nbsp;&nbsp;&nbsp;&nbsp;&nbsp;&nbsp;&nbsp;&nbsp;&nbsp;&nbsp;&nbsp;&nbsp;&nbsp;&nbsp;-&gt;  Sort  (cost=29326.72..29326.77 rows=20 width=4) (actual time=20262.461..20262.796 rows=20 loops=1)</td>\n",
       "        </tr>\n",
       "        <tr>\n",
       "            <td>&nbsp;&nbsp;&nbsp;&nbsp;&nbsp;&nbsp;&nbsp;&nbsp;&nbsp;&nbsp;&nbsp;&nbsp;&nbsp;&nbsp;&nbsp;&nbsp;&nbsp;&nbsp;&nbsp;&nbsp;Sort Key: top_ca.id</td>\n",
       "        </tr>\n",
       "        <tr>\n",
       "            <td>&nbsp;&nbsp;&nbsp;&nbsp;&nbsp;&nbsp;&nbsp;&nbsp;&nbsp;&nbsp;&nbsp;&nbsp;&nbsp;&nbsp;&nbsp;&nbsp;&nbsp;&nbsp;&nbsp;&nbsp;Sort Method: quicksort  Memory: 25kB</td>\n",
       "        </tr>\n",
       "        <tr>\n",
       "            <td>&nbsp;&nbsp;&nbsp;&nbsp;&nbsp;&nbsp;&nbsp;&nbsp;&nbsp;&nbsp;&nbsp;&nbsp;&nbsp;&nbsp;&nbsp;&nbsp;&nbsp;&nbsp;&nbsp;&nbsp;-&gt;  Subquery Scan on top_ca  (cost=29326.04..29326.29 rows=20 width=4) (actual time=20261.677..20262.532 rows=20 loops=1)</td>\n",
       "        </tr>\n",
       "        <tr>\n",
       "            <td>&nbsp;&nbsp;&nbsp;&nbsp;&nbsp;&nbsp;&nbsp;&nbsp;&nbsp;&nbsp;&nbsp;&nbsp;&nbsp;&nbsp;&nbsp;&nbsp;&nbsp;&nbsp;&nbsp;&nbsp;&nbsp;&nbsp;&nbsp;&nbsp;&nbsp;&nbsp;-&gt;  Limit  (cost=29326.04..29326.09 rows=20 width=36) (actual time=20261.663..20262.263 rows=20 loops=1)</td>\n",
       "        </tr>\n",
       "        <tr>\n",
       "            <td>&nbsp;&nbsp;&nbsp;&nbsp;&nbsp;&nbsp;&nbsp;&nbsp;&nbsp;&nbsp;&nbsp;&nbsp;&nbsp;&nbsp;&nbsp;&nbsp;&nbsp;&nbsp;&nbsp;&nbsp;&nbsp;&nbsp;&nbsp;&nbsp;&nbsp;&nbsp;&nbsp;&nbsp;&nbsp;&nbsp;&nbsp;&nbsp;-&gt;  Sort  (cost=29326.04..29327.14 rows=440 width=36) (actual time=20261.649..20261.956 rows=20 loops=1)</td>\n",
       "        </tr>\n",
       "        <tr>\n",
       "            <td>&nbsp;&nbsp;&nbsp;&nbsp;&nbsp;&nbsp;&nbsp;&nbsp;&nbsp;&nbsp;&nbsp;&nbsp;&nbsp;&nbsp;&nbsp;&nbsp;&nbsp;&nbsp;&nbsp;&nbsp;&nbsp;&nbsp;&nbsp;&nbsp;&nbsp;&nbsp;&nbsp;&nbsp;&nbsp;&nbsp;&nbsp;&nbsp;&nbsp;&nbsp;&nbsp;&nbsp;&nbsp;&nbsp;Sort Key: (sum(s_1.price)) DESC</td>\n",
       "        </tr>\n",
       "        <tr>\n",
       "            <td>&nbsp;&nbsp;&nbsp;&nbsp;&nbsp;&nbsp;&nbsp;&nbsp;&nbsp;&nbsp;&nbsp;&nbsp;&nbsp;&nbsp;&nbsp;&nbsp;&nbsp;&nbsp;&nbsp;&nbsp;&nbsp;&nbsp;&nbsp;&nbsp;&nbsp;&nbsp;&nbsp;&nbsp;&nbsp;&nbsp;&nbsp;&nbsp;&nbsp;&nbsp;&nbsp;&nbsp;&nbsp;&nbsp;Sort Method: quicksort  Memory: 25kB</td>\n",
       "        </tr>\n",
       "        <tr>\n",
       "            <td>&nbsp;&nbsp;&nbsp;&nbsp;&nbsp;&nbsp;&nbsp;&nbsp;&nbsp;&nbsp;&nbsp;&nbsp;&nbsp;&nbsp;&nbsp;&nbsp;&nbsp;&nbsp;&nbsp;&nbsp;&nbsp;&nbsp;&nbsp;&nbsp;&nbsp;&nbsp;&nbsp;&nbsp;&nbsp;&nbsp;&nbsp;&nbsp;&nbsp;&nbsp;&nbsp;&nbsp;&nbsp;&nbsp;-&gt;  Finalize GroupAggregate  (cost=29199.56..29314.33 rows=440 width=36) (actual time=20260.337..20261.644 rows=20 loops=1)</td>\n",
       "        </tr>\n",
       "        <tr>\n",
       "            <td>&nbsp;&nbsp;&nbsp;&nbsp;&nbsp;&nbsp;&nbsp;&nbsp;&nbsp;&nbsp;&nbsp;&nbsp;&nbsp;&nbsp;&nbsp;&nbsp;&nbsp;&nbsp;&nbsp;&nbsp;&nbsp;&nbsp;&nbsp;&nbsp;&nbsp;&nbsp;&nbsp;&nbsp;&nbsp;&nbsp;&nbsp;&nbsp;&nbsp;&nbsp;&nbsp;&nbsp;&nbsp;&nbsp;&nbsp;&nbsp;&nbsp;&nbsp;&nbsp;&nbsp;Group Key: ca.id</td>\n",
       "        </tr>\n",
       "        <tr>\n",
       "            <td>&nbsp;&nbsp;&nbsp;&nbsp;&nbsp;&nbsp;&nbsp;&nbsp;&nbsp;&nbsp;&nbsp;&nbsp;&nbsp;&nbsp;&nbsp;&nbsp;&nbsp;&nbsp;&nbsp;&nbsp;&nbsp;&nbsp;&nbsp;&nbsp;&nbsp;&nbsp;&nbsp;&nbsp;&nbsp;&nbsp;&nbsp;&nbsp;&nbsp;&nbsp;&nbsp;&nbsp;&nbsp;&nbsp;&nbsp;&nbsp;&nbsp;&nbsp;&nbsp;&nbsp;-&gt;  Gather Merge  (cost=29199.56..29302.23 rows=880 width=36) (actual time=20260.268..20261.048 rows=60 loops=1)</td>\n",
       "        </tr>\n",
       "        <tr>\n",
       "            <td>&nbsp;&nbsp;&nbsp;&nbsp;&nbsp;&nbsp;&nbsp;&nbsp;&nbsp;&nbsp;&nbsp;&nbsp;&nbsp;&nbsp;&nbsp;&nbsp;&nbsp;&nbsp;&nbsp;&nbsp;&nbsp;&nbsp;&nbsp;&nbsp;&nbsp;&nbsp;&nbsp;&nbsp;&nbsp;&nbsp;&nbsp;&nbsp;&nbsp;&nbsp;&nbsp;&nbsp;&nbsp;&nbsp;&nbsp;&nbsp;&nbsp;&nbsp;&nbsp;&nbsp;&nbsp;&nbsp;&nbsp;&nbsp;&nbsp;&nbsp;Workers Planned: 2</td>\n",
       "        </tr>\n",
       "        <tr>\n",
       "            <td>&nbsp;&nbsp;&nbsp;&nbsp;&nbsp;&nbsp;&nbsp;&nbsp;&nbsp;&nbsp;&nbsp;&nbsp;&nbsp;&nbsp;&nbsp;&nbsp;&nbsp;&nbsp;&nbsp;&nbsp;&nbsp;&nbsp;&nbsp;&nbsp;&nbsp;&nbsp;&nbsp;&nbsp;&nbsp;&nbsp;&nbsp;&nbsp;&nbsp;&nbsp;&nbsp;&nbsp;&nbsp;&nbsp;&nbsp;&nbsp;&nbsp;&nbsp;&nbsp;&nbsp;&nbsp;&nbsp;&nbsp;&nbsp;&nbsp;&nbsp;Workers Launched: 2</td>\n",
       "        </tr>\n",
       "        <tr>\n",
       "            <td>&nbsp;&nbsp;&nbsp;&nbsp;&nbsp;&nbsp;&nbsp;&nbsp;&nbsp;&nbsp;&nbsp;&nbsp;&nbsp;&nbsp;&nbsp;&nbsp;&nbsp;&nbsp;&nbsp;&nbsp;&nbsp;&nbsp;&nbsp;&nbsp;&nbsp;&nbsp;&nbsp;&nbsp;&nbsp;&nbsp;&nbsp;&nbsp;&nbsp;&nbsp;&nbsp;&nbsp;&nbsp;&nbsp;&nbsp;&nbsp;&nbsp;&nbsp;&nbsp;&nbsp;&nbsp;&nbsp;&nbsp;&nbsp;&nbsp;&nbsp;-&gt;  Sort  (cost=28199.54..28200.64 rows=440 width=36) (actual time=20237.697..20237.904 rows=20 loops=3)</td>\n",
       "        </tr>\n",
       "        <tr>\n",
       "            <td>&nbsp;&nbsp;&nbsp;&nbsp;&nbsp;&nbsp;&nbsp;&nbsp;&nbsp;&nbsp;&nbsp;&nbsp;&nbsp;&nbsp;&nbsp;&nbsp;&nbsp;&nbsp;&nbsp;&nbsp;&nbsp;&nbsp;&nbsp;&nbsp;&nbsp;&nbsp;&nbsp;&nbsp;&nbsp;&nbsp;&nbsp;&nbsp;&nbsp;&nbsp;&nbsp;&nbsp;&nbsp;&nbsp;&nbsp;&nbsp;&nbsp;&nbsp;&nbsp;&nbsp;&nbsp;&nbsp;&nbsp;&nbsp;&nbsp;&nbsp;&nbsp;&nbsp;&nbsp;&nbsp;&nbsp;&nbsp;Sort Key: ca.id</td>\n",
       "        </tr>\n",
       "        <tr>\n",
       "            <td>&nbsp;&nbsp;&nbsp;&nbsp;&nbsp;&nbsp;&nbsp;&nbsp;&nbsp;&nbsp;&nbsp;&nbsp;&nbsp;&nbsp;&nbsp;&nbsp;&nbsp;&nbsp;&nbsp;&nbsp;&nbsp;&nbsp;&nbsp;&nbsp;&nbsp;&nbsp;&nbsp;&nbsp;&nbsp;&nbsp;&nbsp;&nbsp;&nbsp;&nbsp;&nbsp;&nbsp;&nbsp;&nbsp;&nbsp;&nbsp;&nbsp;&nbsp;&nbsp;&nbsp;&nbsp;&nbsp;&nbsp;&nbsp;&nbsp;&nbsp;&nbsp;&nbsp;&nbsp;&nbsp;&nbsp;&nbsp;Sort Method: quicksort  Memory: 26kB</td>\n",
       "        </tr>\n",
       "        <tr>\n",
       "            <td>&nbsp;&nbsp;&nbsp;&nbsp;&nbsp;&nbsp;&nbsp;&nbsp;&nbsp;&nbsp;&nbsp;&nbsp;&nbsp;&nbsp;&nbsp;&nbsp;&nbsp;&nbsp;&nbsp;&nbsp;&nbsp;&nbsp;&nbsp;&nbsp;&nbsp;&nbsp;&nbsp;&nbsp;&nbsp;&nbsp;&nbsp;&nbsp;&nbsp;&nbsp;&nbsp;&nbsp;&nbsp;&nbsp;&nbsp;&nbsp;&nbsp;&nbsp;&nbsp;&nbsp;&nbsp;&nbsp;&nbsp;&nbsp;&nbsp;&nbsp;&nbsp;&nbsp;&nbsp;&nbsp;&nbsp;&nbsp;Worker 0:  Sort Method: quicksort  Memory: 26kB</td>\n",
       "        </tr>\n",
       "        <tr>\n",
       "            <td>&nbsp;&nbsp;&nbsp;&nbsp;&nbsp;&nbsp;&nbsp;&nbsp;&nbsp;&nbsp;&nbsp;&nbsp;&nbsp;&nbsp;&nbsp;&nbsp;&nbsp;&nbsp;&nbsp;&nbsp;&nbsp;&nbsp;&nbsp;&nbsp;&nbsp;&nbsp;&nbsp;&nbsp;&nbsp;&nbsp;&nbsp;&nbsp;&nbsp;&nbsp;&nbsp;&nbsp;&nbsp;&nbsp;&nbsp;&nbsp;&nbsp;&nbsp;&nbsp;&nbsp;&nbsp;&nbsp;&nbsp;&nbsp;&nbsp;&nbsp;&nbsp;&nbsp;&nbsp;&nbsp;&nbsp;&nbsp;Worker 1:  Sort Method: quicksort  Memory: 26kB</td>\n",
       "        </tr>\n",
       "        <tr>\n",
       "            <td>&nbsp;&nbsp;&nbsp;&nbsp;&nbsp;&nbsp;&nbsp;&nbsp;&nbsp;&nbsp;&nbsp;&nbsp;&nbsp;&nbsp;&nbsp;&nbsp;&nbsp;&nbsp;&nbsp;&nbsp;&nbsp;&nbsp;&nbsp;&nbsp;&nbsp;&nbsp;&nbsp;&nbsp;&nbsp;&nbsp;&nbsp;&nbsp;&nbsp;&nbsp;&nbsp;&nbsp;&nbsp;&nbsp;&nbsp;&nbsp;&nbsp;&nbsp;&nbsp;&nbsp;&nbsp;&nbsp;&nbsp;&nbsp;&nbsp;&nbsp;&nbsp;&nbsp;&nbsp;&nbsp;&nbsp;&nbsp;-&gt;  Partial HashAggregate  (cost=28174.72..28180.22 rows=440 width=36) (actual time=20237.441..20237.642 rows=20 loops=3)</td>\n",
       "        </tr>\n",
       "        <tr>\n",
       "            <td>&nbsp;&nbsp;&nbsp;&nbsp;&nbsp;&nbsp;&nbsp;&nbsp;&nbsp;&nbsp;&nbsp;&nbsp;&nbsp;&nbsp;&nbsp;&nbsp;&nbsp;&nbsp;&nbsp;&nbsp;&nbsp;&nbsp;&nbsp;&nbsp;&nbsp;&nbsp;&nbsp;&nbsp;&nbsp;&nbsp;&nbsp;&nbsp;&nbsp;&nbsp;&nbsp;&nbsp;&nbsp;&nbsp;&nbsp;&nbsp;&nbsp;&nbsp;&nbsp;&nbsp;&nbsp;&nbsp;&nbsp;&nbsp;&nbsp;&nbsp;&nbsp;&nbsp;&nbsp;&nbsp;&nbsp;&nbsp;&nbsp;&nbsp;&nbsp;&nbsp;&nbsp;&nbsp;Group Key: ca.id</td>\n",
       "        </tr>\n",
       "        <tr>\n",
       "            <td>&nbsp;&nbsp;&nbsp;&nbsp;&nbsp;&nbsp;&nbsp;&nbsp;&nbsp;&nbsp;&nbsp;&nbsp;&nbsp;&nbsp;&nbsp;&nbsp;&nbsp;&nbsp;&nbsp;&nbsp;&nbsp;&nbsp;&nbsp;&nbsp;&nbsp;&nbsp;&nbsp;&nbsp;&nbsp;&nbsp;&nbsp;&nbsp;&nbsp;&nbsp;&nbsp;&nbsp;&nbsp;&nbsp;&nbsp;&nbsp;&nbsp;&nbsp;&nbsp;&nbsp;&nbsp;&nbsp;&nbsp;&nbsp;&nbsp;&nbsp;&nbsp;&nbsp;&nbsp;&nbsp;&nbsp;&nbsp;&nbsp;&nbsp;&nbsp;&nbsp;&nbsp;&nbsp;Batches: 1  Memory Usage: 37kB</td>\n",
       "        </tr>\n",
       "        <tr>\n",
       "            <td>&nbsp;&nbsp;&nbsp;&nbsp;&nbsp;&nbsp;&nbsp;&nbsp;&nbsp;&nbsp;&nbsp;&nbsp;&nbsp;&nbsp;&nbsp;&nbsp;&nbsp;&nbsp;&nbsp;&nbsp;&nbsp;&nbsp;&nbsp;&nbsp;&nbsp;&nbsp;&nbsp;&nbsp;&nbsp;&nbsp;&nbsp;&nbsp;&nbsp;&nbsp;&nbsp;&nbsp;&nbsp;&nbsp;&nbsp;&nbsp;&nbsp;&nbsp;&nbsp;&nbsp;&nbsp;&nbsp;&nbsp;&nbsp;&nbsp;&nbsp;&nbsp;&nbsp;&nbsp;&nbsp;&nbsp;&nbsp;&nbsp;&nbsp;&nbsp;&nbsp;&nbsp;&nbsp;Worker 0:  Batches: 1  Memory Usage: 37kB</td>\n",
       "        </tr>\n",
       "        <tr>\n",
       "            <td>&nbsp;&nbsp;&nbsp;&nbsp;&nbsp;&nbsp;&nbsp;&nbsp;&nbsp;&nbsp;&nbsp;&nbsp;&nbsp;&nbsp;&nbsp;&nbsp;&nbsp;&nbsp;&nbsp;&nbsp;&nbsp;&nbsp;&nbsp;&nbsp;&nbsp;&nbsp;&nbsp;&nbsp;&nbsp;&nbsp;&nbsp;&nbsp;&nbsp;&nbsp;&nbsp;&nbsp;&nbsp;&nbsp;&nbsp;&nbsp;&nbsp;&nbsp;&nbsp;&nbsp;&nbsp;&nbsp;&nbsp;&nbsp;&nbsp;&nbsp;&nbsp;&nbsp;&nbsp;&nbsp;&nbsp;&nbsp;&nbsp;&nbsp;&nbsp;&nbsp;&nbsp;&nbsp;Worker 1:  Batches: 1  Memory Usage: 37kB</td>\n",
       "        </tr>\n",
       "        <tr>\n",
       "            <td>&nbsp;&nbsp;&nbsp;&nbsp;&nbsp;&nbsp;&nbsp;&nbsp;&nbsp;&nbsp;&nbsp;&nbsp;&nbsp;&nbsp;&nbsp;&nbsp;&nbsp;&nbsp;&nbsp;&nbsp;&nbsp;&nbsp;&nbsp;&nbsp;&nbsp;&nbsp;&nbsp;&nbsp;&nbsp;&nbsp;&nbsp;&nbsp;&nbsp;&nbsp;&nbsp;&nbsp;&nbsp;&nbsp;&nbsp;&nbsp;&nbsp;&nbsp;&nbsp;&nbsp;&nbsp;&nbsp;&nbsp;&nbsp;&nbsp;&nbsp;&nbsp;&nbsp;&nbsp;&nbsp;&nbsp;&nbsp;&nbsp;&nbsp;&nbsp;&nbsp;&nbsp;&nbsp;-&gt;  Hash Join  (cost=23.15..24473.85 rows=740173 width=10) (actual time=8.331..16826.589 rows=592139 loops=3)</td>\n",
       "        </tr>\n",
       "        <tr>\n",
       "            <td>&nbsp;&nbsp;&nbsp;&nbsp;&nbsp;&nbsp;&nbsp;&nbsp;&nbsp;&nbsp;&nbsp;&nbsp;&nbsp;&nbsp;&nbsp;&nbsp;&nbsp;&nbsp;&nbsp;&nbsp;&nbsp;&nbsp;&nbsp;&nbsp;&nbsp;&nbsp;&nbsp;&nbsp;&nbsp;&nbsp;&nbsp;&nbsp;&nbsp;&nbsp;&nbsp;&nbsp;&nbsp;&nbsp;&nbsp;&nbsp;&nbsp;&nbsp;&nbsp;&nbsp;&nbsp;&nbsp;&nbsp;&nbsp;&nbsp;&nbsp;&nbsp;&nbsp;&nbsp;&nbsp;&nbsp;&nbsp;&nbsp;&nbsp;&nbsp;&nbsp;&nbsp;&nbsp;&nbsp;&nbsp;&nbsp;&nbsp;&nbsp;&nbsp;Hash Cond: (pr_1.category_id = ca.id)</td>\n",
       "        </tr>\n",
       "        <tr>\n",
       "            <td>&nbsp;&nbsp;&nbsp;&nbsp;&nbsp;&nbsp;&nbsp;&nbsp;&nbsp;&nbsp;&nbsp;&nbsp;&nbsp;&nbsp;&nbsp;&nbsp;&nbsp;&nbsp;&nbsp;&nbsp;&nbsp;&nbsp;&nbsp;&nbsp;&nbsp;&nbsp;&nbsp;&nbsp;&nbsp;&nbsp;&nbsp;&nbsp;&nbsp;&nbsp;&nbsp;&nbsp;&nbsp;&nbsp;&nbsp;&nbsp;&nbsp;&nbsp;&nbsp;&nbsp;&nbsp;&nbsp;&nbsp;&nbsp;&nbsp;&nbsp;&nbsp;&nbsp;&nbsp;&nbsp;&nbsp;&nbsp;&nbsp;&nbsp;&nbsp;&nbsp;&nbsp;&nbsp;&nbsp;&nbsp;&nbsp;&nbsp;&nbsp;&nbsp;-&gt;  Hash Join  (cost=3.25..22492.28 rows=740173 width=10) (actual time=8.040..10154.969 rows=592139 loops=3)</td>\n",
       "        </tr>\n",
       "        <tr>\n",
       "            <td>&nbsp;&nbsp;&nbsp;&nbsp;&nbsp;&nbsp;&nbsp;&nbsp;&nbsp;&nbsp;&nbsp;&nbsp;&nbsp;&nbsp;&nbsp;&nbsp;&nbsp;&nbsp;&nbsp;&nbsp;&nbsp;&nbsp;&nbsp;&nbsp;&nbsp;&nbsp;&nbsp;&nbsp;&nbsp;&nbsp;&nbsp;&nbsp;&nbsp;&nbsp;&nbsp;&nbsp;&nbsp;&nbsp;&nbsp;&nbsp;&nbsp;&nbsp;&nbsp;&nbsp;&nbsp;&nbsp;&nbsp;&nbsp;&nbsp;&nbsp;&nbsp;&nbsp;&nbsp;&nbsp;&nbsp;&nbsp;&nbsp;&nbsp;&nbsp;&nbsp;&nbsp;&nbsp;&nbsp;&nbsp;&nbsp;&nbsp;&nbsp;&nbsp;&nbsp;&nbsp;&nbsp;&nbsp;&nbsp;&nbsp;Hash Cond: (s_1.product_id = pr_1.id)</td>\n",
       "        </tr>\n",
       "        <tr>\n",
       "            <td>&nbsp;&nbsp;&nbsp;&nbsp;&nbsp;&nbsp;&nbsp;&nbsp;&nbsp;&nbsp;&nbsp;&nbsp;&nbsp;&nbsp;&nbsp;&nbsp;&nbsp;&nbsp;&nbsp;&nbsp;&nbsp;&nbsp;&nbsp;&nbsp;&nbsp;&nbsp;&nbsp;&nbsp;&nbsp;&nbsp;&nbsp;&nbsp;&nbsp;&nbsp;&nbsp;&nbsp;&nbsp;&nbsp;&nbsp;&nbsp;&nbsp;&nbsp;&nbsp;&nbsp;&nbsp;&nbsp;&nbsp;&nbsp;&nbsp;&nbsp;&nbsp;&nbsp;&nbsp;&nbsp;&nbsp;&nbsp;&nbsp;&nbsp;&nbsp;&nbsp;&nbsp;&nbsp;&nbsp;&nbsp;&nbsp;&nbsp;&nbsp;&nbsp;&nbsp;&nbsp;&nbsp;&nbsp;&nbsp;&nbsp;-&gt;  Parallel Seq Scan on sales s_1  (cost=0.00..20463.73 rows=740173 width=10) (actual time=0.013..3376.901 rows=592139 loops=3)</td>\n",
       "        </tr>\n",
       "        <tr>\n",
       "            <td>&nbsp;&nbsp;&nbsp;&nbsp;&nbsp;&nbsp;&nbsp;&nbsp;&nbsp;&nbsp;&nbsp;&nbsp;&nbsp;&nbsp;&nbsp;&nbsp;&nbsp;&nbsp;&nbsp;&nbsp;&nbsp;&nbsp;&nbsp;&nbsp;&nbsp;&nbsp;&nbsp;&nbsp;&nbsp;&nbsp;&nbsp;&nbsp;&nbsp;&nbsp;&nbsp;&nbsp;&nbsp;&nbsp;&nbsp;&nbsp;&nbsp;&nbsp;&nbsp;&nbsp;&nbsp;&nbsp;&nbsp;&nbsp;&nbsp;&nbsp;&nbsp;&nbsp;&nbsp;&nbsp;&nbsp;&nbsp;&nbsp;&nbsp;&nbsp;&nbsp;&nbsp;&nbsp;&nbsp;&nbsp;&nbsp;&nbsp;&nbsp;&nbsp;&nbsp;&nbsp;&nbsp;&nbsp;&nbsp;&nbsp;-&gt;  Hash  (cost=2.00..2.00 rows=100 width=8) (actual time=8.003..8.019 rows=100 loops=3)</td>\n",
       "        </tr>\n",
       "        <tr>\n",
       "            <td>&nbsp;&nbsp;&nbsp;&nbsp;&nbsp;&nbsp;&nbsp;&nbsp;&nbsp;&nbsp;&nbsp;&nbsp;&nbsp;&nbsp;&nbsp;&nbsp;&nbsp;&nbsp;&nbsp;&nbsp;&nbsp;&nbsp;&nbsp;&nbsp;&nbsp;&nbsp;&nbsp;&nbsp;&nbsp;&nbsp;&nbsp;&nbsp;&nbsp;&nbsp;&nbsp;&nbsp;&nbsp;&nbsp;&nbsp;&nbsp;&nbsp;&nbsp;&nbsp;&nbsp;&nbsp;&nbsp;&nbsp;&nbsp;&nbsp;&nbsp;&nbsp;&nbsp;&nbsp;&nbsp;&nbsp;&nbsp;&nbsp;&nbsp;&nbsp;&nbsp;&nbsp;&nbsp;&nbsp;&nbsp;&nbsp;&nbsp;&nbsp;&nbsp;&nbsp;&nbsp;&nbsp;&nbsp;&nbsp;&nbsp;&nbsp;&nbsp;&nbsp;&nbsp;&nbsp;&nbsp;Buckets: 1024  Batches: 1  Memory Usage: 12kB</td>\n",
       "        </tr>\n",
       "        <tr>\n",
       "            <td>&nbsp;&nbsp;&nbsp;&nbsp;&nbsp;&nbsp;&nbsp;&nbsp;&nbsp;&nbsp;&nbsp;&nbsp;&nbsp;&nbsp;&nbsp;&nbsp;&nbsp;&nbsp;&nbsp;&nbsp;&nbsp;&nbsp;&nbsp;&nbsp;&nbsp;&nbsp;&nbsp;&nbsp;&nbsp;&nbsp;&nbsp;&nbsp;&nbsp;&nbsp;&nbsp;&nbsp;&nbsp;&nbsp;&nbsp;&nbsp;&nbsp;&nbsp;&nbsp;&nbsp;&nbsp;&nbsp;&nbsp;&nbsp;&nbsp;&nbsp;&nbsp;&nbsp;&nbsp;&nbsp;&nbsp;&nbsp;&nbsp;&nbsp;&nbsp;&nbsp;&nbsp;&nbsp;&nbsp;&nbsp;&nbsp;&nbsp;&nbsp;&nbsp;&nbsp;&nbsp;&nbsp;&nbsp;&nbsp;&nbsp;&nbsp;&nbsp;&nbsp;&nbsp;&nbsp;&nbsp;-&gt;  Seq Scan on products pr_1  (cost=0.00..2.00 rows=100 width=8) (actual time=6.777..7.407 rows=100 loops=3)</td>\n",
       "        </tr>\n",
       "        <tr>\n",
       "            <td>&nbsp;&nbsp;&nbsp;&nbsp;&nbsp;&nbsp;&nbsp;&nbsp;&nbsp;&nbsp;&nbsp;&nbsp;&nbsp;&nbsp;&nbsp;&nbsp;&nbsp;&nbsp;&nbsp;&nbsp;&nbsp;&nbsp;&nbsp;&nbsp;&nbsp;&nbsp;&nbsp;&nbsp;&nbsp;&nbsp;&nbsp;&nbsp;&nbsp;&nbsp;&nbsp;&nbsp;&nbsp;&nbsp;&nbsp;&nbsp;&nbsp;&nbsp;&nbsp;&nbsp;&nbsp;&nbsp;&nbsp;&nbsp;&nbsp;&nbsp;&nbsp;&nbsp;&nbsp;&nbsp;&nbsp;&nbsp;&nbsp;&nbsp;&nbsp;&nbsp;&nbsp;&nbsp;&nbsp;&nbsp;&nbsp;&nbsp;&nbsp;&nbsp;-&gt;  Hash  (cost=14.40..14.40 rows=440 width=4) (actual time=0.270..0.287 rows=20 loops=3)</td>\n",
       "        </tr>\n",
       "        <tr>\n",
       "            <td>&nbsp;&nbsp;&nbsp;&nbsp;&nbsp;&nbsp;&nbsp;&nbsp;&nbsp;&nbsp;&nbsp;&nbsp;&nbsp;&nbsp;&nbsp;&nbsp;&nbsp;&nbsp;&nbsp;&nbsp;&nbsp;&nbsp;&nbsp;&nbsp;&nbsp;&nbsp;&nbsp;&nbsp;&nbsp;&nbsp;&nbsp;&nbsp;&nbsp;&nbsp;&nbsp;&nbsp;&nbsp;&nbsp;&nbsp;&nbsp;&nbsp;&nbsp;&nbsp;&nbsp;&nbsp;&nbsp;&nbsp;&nbsp;&nbsp;&nbsp;&nbsp;&nbsp;&nbsp;&nbsp;&nbsp;&nbsp;&nbsp;&nbsp;&nbsp;&nbsp;&nbsp;&nbsp;&nbsp;&nbsp;&nbsp;&nbsp;&nbsp;&nbsp;&nbsp;&nbsp;&nbsp;&nbsp;&nbsp;&nbsp;Buckets: 1024  Batches: 1  Memory Usage: 9kB</td>\n",
       "        </tr>\n",
       "        <tr>\n",
       "            <td>&nbsp;&nbsp;&nbsp;&nbsp;&nbsp;&nbsp;&nbsp;&nbsp;&nbsp;&nbsp;&nbsp;&nbsp;&nbsp;&nbsp;&nbsp;&nbsp;&nbsp;&nbsp;&nbsp;&nbsp;&nbsp;&nbsp;&nbsp;&nbsp;&nbsp;&nbsp;&nbsp;&nbsp;&nbsp;&nbsp;&nbsp;&nbsp;&nbsp;&nbsp;&nbsp;&nbsp;&nbsp;&nbsp;&nbsp;&nbsp;&nbsp;&nbsp;&nbsp;&nbsp;&nbsp;&nbsp;&nbsp;&nbsp;&nbsp;&nbsp;&nbsp;&nbsp;&nbsp;&nbsp;&nbsp;&nbsp;&nbsp;&nbsp;&nbsp;&nbsp;&nbsp;&nbsp;&nbsp;&nbsp;&nbsp;&nbsp;&nbsp;&nbsp;&nbsp;&nbsp;&nbsp;&nbsp;&nbsp;&nbsp;-&gt;  Seq Scan on categories ca  (cost=0.00..14.40 rows=440 width=4) (actual time=0.024..0.153 rows=20 loops=3)</td>\n",
       "        </tr>\n",
       "        <tr>\n",
       "            <td>Planning Time: 0.466 ms</td>\n",
       "        </tr>\n",
       "        <tr>\n",
       "            <td>JIT:</td>\n",
       "        </tr>\n",
       "        <tr>\n",
       "            <td>&nbsp;&nbsp;Functions: 110</td>\n",
       "        </tr>\n",
       "        <tr>\n",
       "            <td>&nbsp;&nbsp;Options: Inlining false, Optimization false, Expressions true, Deforming true</td>\n",
       "        </tr>\n",
       "        <tr>\n",
       "            <td>&nbsp;&nbsp;Timing: Generation 8.315 ms, Inlining 0.000 ms, Optimization 2.057 ms, Emission 49.918 ms, Total 60.290 ms</td>\n",
       "        </tr>\n",
       "        <tr>\n",
       "            <td>Execution Time: 55982.377 ms</td>\n",
       "        </tr>\n",
       "    </tbody>\n",
       "</table>"
      ],
      "text/plain": [
       "[('GroupAggregate  (cost=114512.97..114514.52 rows=62 width=48) (actual time=55973.979..55975.995 rows=74 loops=1)',),\n",
       " ('  Group Key: top_ca.id, sales.customer_id',),\n",
       " ('  ->  Sort  (cost=114512.97..114513.12 rows=62 width=18) (actual time=55973.938..55974.749 rows=80 loops=1)',),\n",
       " ('        Sort Key: top_ca.id, sales.customer_id',),\n",
       " ('        Sort Method: quicksort  Memory: 31kB',),\n",
       " ('        ->  Merge Join  (cost=114510.09..114511.12 rows=62 width=18) (actual time=55971.771..55973.747 rows=80 loops=1)',),\n",
       " ('              Merge Cond: (pr.category_id = top_ca.id)',),\n",
       " ('              ->  Sort  (cost=85183.37..85183.52 rows=62 width=18) (actual time=35709.277..35709.879 rows=80 loops=1)',),\n",
       " ('                    Sort Key: pr.category_id',),\n",
       " ('                    Sort Method: quicksort  Memory: 31kB',),\n",
       " ('                    ->  Hash Join  (cost=85011.32..85181.52 rows=62 width=18) (actual time=35705.430..35708.820 rows=80 loops=1)',),\n",
       " ('                          Hash Cond: (s.product_id = pr.id)',),\n",
       " ('                          ->  Nested Loop  (cost=85008.07..85178.10 rows=62 width=18) (actual time=35670.842..35673.294 rows=80 loops=1)',),\n",
       " ('                                ->  Limit  (cost=85007.65..85007.70 rows=20 width=36) (actual time=35670.789..35671.247 rows=20 loops=1)',),\n",
       " ('                                      ->  Sort  (cost=85007.65..86438.36 rows=572286 width=36) (actual time=35670.769..35670.904 rows=20 loops=1)',),\n",
       " ('                                            Sort Key: (sum(sales.price)) DESC',),\n",
       " ('                                            Sort Method: top-N heapsort  Memory: 26kB',),\n",
       " ('                                            ->  GroupAggregate  (cost=0.43..69779.32 rows=572286 width=36) (actual time=0.271..30570.890 rows=710959 loops=1)',),\n",
       " ('                                                  Group Key: sales.customer_id',),\n",
       " ('                                                  ->  Index Scan using customer_id_index on sales  (cost=0.43..53743.67 rows=1776416 width=10) (actual time=0.041..12571.945 rows=1776416 loops=1)',),\n",
       " ('                                ->  Index Scan using customer_id_index on sales s  (cost=0.43..8.48 rows=3 width=18) (actual time=0.011..0.038 rows=4 loops=20)',),\n",
       " ('                                      Index Cond: (customer_id = sales.customer_id)',),\n",
       " ('                          ->  Hash  (cost=2.00..2.00 rows=100 width=8) (actual time=34.558..34.575 rows=100 loops=1)',),\n",
       " ('                                Buckets: 1024  Batches: 1  Memory Usage: 12kB',),\n",
       " ('                                ->  Seq Scan on products pr  (cost=0.00..2.00 rows=100 width=8) (actual time=32.607..33.522 rows=100 loops=1)',),\n",
       " ('              ->  Sort  (cost=29326.72..29326.77 rows=20 width=4) (actual time=20262.461..20262.796 rows=20 loops=1)',),\n",
       " ('                    Sort Key: top_ca.id',),\n",
       " ('                    Sort Method: quicksort  Memory: 25kB',),\n",
       " ('                    ->  Subquery Scan on top_ca  (cost=29326.04..29326.29 rows=20 width=4) (actual time=20261.677..20262.532 rows=20 loops=1)',),\n",
       " ('                          ->  Limit  (cost=29326.04..29326.09 rows=20 width=36) (actual time=20261.663..20262.263 rows=20 loops=1)',),\n",
       " ('                                ->  Sort  (cost=29326.04..29327.14 rows=440 width=36) (actual time=20261.649..20261.956 rows=20 loops=1)',),\n",
       " ('                                      Sort Key: (sum(s_1.price)) DESC',),\n",
       " ('                                      Sort Method: quicksort  Memory: 25kB',),\n",
       " ('                                      ->  Finalize GroupAggregate  (cost=29199.56..29314.33 rows=440 width=36) (actual time=20260.337..20261.644 rows=20 loops=1)',),\n",
       " ('                                            Group Key: ca.id',),\n",
       " ('                                            ->  Gather Merge  (cost=29199.56..29302.23 rows=880 width=36) (actual time=20260.268..20261.048 rows=60 loops=1)',),\n",
       " ('                                                  Workers Planned: 2',),\n",
       " ('                                                  Workers Launched: 2',),\n",
       " ('                                                  ->  Sort  (cost=28199.54..28200.64 rows=440 width=36) (actual time=20237.697..20237.904 rows=20 loops=3)',),\n",
       " ('                                                        Sort Key: ca.id',),\n",
       " ('                                                        Sort Method: quicksort  Memory: 26kB',),\n",
       " ('                                                        Worker 0:  Sort Method: quicksort  Memory: 26kB',),\n",
       " ('                                                        Worker 1:  Sort Method: quicksort  Memory: 26kB',),\n",
       " ('                                                        ->  Partial HashAggregate  (cost=28174.72..28180.22 rows=440 width=36) (actual time=20237.441..20237.642 rows=20 loops=3)',),\n",
       " ('                                                              Group Key: ca.id',),\n",
       " ('                                                              Batches: 1  Memory Usage: 37kB',),\n",
       " ('                                                              Worker 0:  Batches: 1  Memory Usage: 37kB',),\n",
       " ('                                                              Worker 1:  Batches: 1  Memory Usage: 37kB',),\n",
       " ('                                                              ->  Hash Join  (cost=23.15..24473.85 rows=740173 width=10) (actual time=8.331..16826.589 rows=592139 loops=3)',),\n",
       " ('                                                                    Hash Cond: (pr_1.category_id = ca.id)',),\n",
       " ('                                                                    ->  Hash Join  (cost=3.25..22492.28 rows=740173 width=10) (actual time=8.040..10154.969 rows=592139 loops=3)',),\n",
       " ('                                                                          Hash Cond: (s_1.product_id = pr_1.id)',),\n",
       " ('                                                                          ->  Parallel Seq Scan on sales s_1  (cost=0.00..20463.73 rows=740173 width=10) (actual time=0.013..3376.901 rows=592139 loops=3)',),\n",
       " ('                                                                          ->  Hash  (cost=2.00..2.00 rows=100 width=8) (actual time=8.003..8.019 rows=100 loops=3)',),\n",
       " ('                                                                                Buckets: 1024  Batches: 1  Memory Usage: 12kB',),\n",
       " ('                                                                                ->  Seq Scan on products pr_1  (cost=0.00..2.00 rows=100 width=8) (actual time=6.777..7.407 rows=100 loops=3)',),\n",
       " ('                                                                    ->  Hash  (cost=14.40..14.40 rows=440 width=4) (actual time=0.270..0.287 rows=20 loops=3)',),\n",
       " ('                                                                          Buckets: 1024  Batches: 1  Memory Usage: 9kB',),\n",
       " ('                                                                          ->  Seq Scan on categories ca  (cost=0.00..14.40 rows=440 width=4) (actual time=0.024..0.153 rows=20 loops=3)',),\n",
       " ('Planning Time: 0.466 ms',),\n",
       " ('JIT:',),\n",
       " ('  Functions: 110',),\n",
       " ('  Options: Inlining false, Optimization false, Expressions true, Deforming true',),\n",
       " ('  Timing: Generation 8.315 ms, Inlining 0.000 ms, Optimization 2.057 ms, Emission 49.918 ms, Total 60.290 ms',),\n",
       " ('Execution Time: 55982.377 ms',)]"
      ]
     },
     "execution_count": 28,
     "metadata": {},
     "output_type": "execute_result"
    }
   ],
   "source": [
    "%%sql\n",
    "EXPLAIN ANALYZE\n",
    "SELECT top_ca.id, top_cu.customer_id, sum(s.quantity), sum(s.price) \n",
    "FROM \n",
    "        (SELECT ca.id AS id, sum(s.price) AS total_value \n",
    "         FROM sales.categories ca\n",
    "         JOIN sales.products pr \n",
    "            ON ca.id = pr.category_id\n",
    "         JOIN sales.sales s\n",
    "            ON pr.id = s.product_id\n",
    "         GROUP BY ca.id \n",
    "         ORDER BY total_value DESC limit 20) AS top_ca, \n",
    "\n",
    "        (SELECT customer_id, sum(price) AS dollar_value \n",
    "         FROM sales.sales\n",
    "         GROUP BY customer_id \n",
    "         ORDER BY dollar_value DESC limit 20) AS top_cu, \n",
    "\n",
    "        sales.sales s,\n",
    "        sales.products pr\n",
    "\n",
    "WHERE pr.category_id = top_ca.id \n",
    "           and s.customer_id = top_cu.customer_id \n",
    "           and s.product_id = pr.id\n",
    "GROUP BY top_ca.id, top_cu.customer_id \n",
    "ORDER BY top_ca.id"
   ]
  },
  {
   "cell_type": "markdown",
   "metadata": {},
   "source": [
    "### Creat index on porduct_id and category_id"
   ]
  },
  {
   "cell_type": "code",
   "execution_count": 29,
   "metadata": {
    "scrolled": true
   },
   "outputs": [
    {
     "name": "stdout",
     "output_type": "stream",
     "text": [
      " * postgresql://postgres:***@localhost/postgres\n",
      "Done.\n",
      "Done.\n"
     ]
    },
    {
     "data": {
      "text/plain": [
       "[]"
      ]
     },
     "execution_count": 29,
     "metadata": {},
     "output_type": "execute_result"
    }
   ],
   "source": [
    "%%sql\n",
    "CREATE INDEX product_index ON sales.sales(product_id); \n",
    "CREATE INDEX category_index ON sales.products(category_id);"
   ]
  },
  {
   "cell_type": "markdown",
   "metadata": {},
   "source": [
    ">#### Query plan with index"
   ]
  },
  {
   "cell_type": "code",
   "execution_count": 30,
   "metadata": {},
   "outputs": [
    {
     "name": "stdout",
     "output_type": "stream",
     "text": [
      " * postgresql://postgres:***@localhost/postgres\n",
      "65 rows affected.\n"
     ]
    },
    {
     "data": {
      "text/html": [
       "<table>\n",
       "    <thead>\n",
       "        <tr>\n",
       "            <th>QUERY PLAN</th>\n",
       "        </tr>\n",
       "    </thead>\n",
       "    <tbody>\n",
       "        <tr>\n",
       "            <td>GroupAggregate  (cost=114606.74..114608.29 rows=62 width=48) (actual time=54249.005..54250.949 rows=74 loops=1)</td>\n",
       "        </tr>\n",
       "        <tr>\n",
       "            <td>&nbsp;&nbsp;Group Key: top_ca.id, sales.customer_id</td>\n",
       "        </tr>\n",
       "        <tr>\n",
       "            <td>&nbsp;&nbsp;-&gt;  Sort  (cost=114606.74..114606.90 rows=62 width=18) (actual time=54248.960..54249.803 rows=80 loops=1)</td>\n",
       "        </tr>\n",
       "        <tr>\n",
       "            <td>&nbsp;&nbsp;&nbsp;&nbsp;&nbsp;&nbsp;&nbsp;&nbsp;Sort Key: top_ca.id, sales.customer_id</td>\n",
       "        </tr>\n",
       "        <tr>\n",
       "            <td>&nbsp;&nbsp;&nbsp;&nbsp;&nbsp;&nbsp;&nbsp;&nbsp;Sort Method: quicksort  Memory: 31kB</td>\n",
       "        </tr>\n",
       "        <tr>\n",
       "            <td>&nbsp;&nbsp;&nbsp;&nbsp;&nbsp;&nbsp;&nbsp;&nbsp;-&gt;  Nested Loop  (cost=114340.12..114604.90 rows=62 width=18) (actual time=54148.095..54248.762 rows=80 loops=1)</td>\n",
       "        </tr>\n",
       "        <tr>\n",
       "            <td>&nbsp;&nbsp;&nbsp;&nbsp;&nbsp;&nbsp;&nbsp;&nbsp;&nbsp;&nbsp;&nbsp;&nbsp;&nbsp;&nbsp;Join Filter: (pr.id = s.product_id)</td>\n",
       "        </tr>\n",
       "        <tr>\n",
       "            <td>&nbsp;&nbsp;&nbsp;&nbsp;&nbsp;&nbsp;&nbsp;&nbsp;&nbsp;&nbsp;&nbsp;&nbsp;&nbsp;&nbsp;Rows Removed by Join Filter: 7920</td>\n",
       "        </tr>\n",
       "        <tr>\n",
       "            <td>&nbsp;&nbsp;&nbsp;&nbsp;&nbsp;&nbsp;&nbsp;&nbsp;&nbsp;&nbsp;&nbsp;&nbsp;&nbsp;&nbsp;-&gt;  Merge Join  (cost=29332.05..29333.65 rows=100 width=8) (actual time=20912.381..20914.612 rows=100 loops=1)</td>\n",
       "        </tr>\n",
       "        <tr>\n",
       "            <td>&nbsp;&nbsp;&nbsp;&nbsp;&nbsp;&nbsp;&nbsp;&nbsp;&nbsp;&nbsp;&nbsp;&nbsp;&nbsp;&nbsp;&nbsp;&nbsp;&nbsp;&nbsp;&nbsp;&nbsp;Merge Cond: (top_ca.id = pr.category_id)</td>\n",
       "        </tr>\n",
       "        <tr>\n",
       "            <td>&nbsp;&nbsp;&nbsp;&nbsp;&nbsp;&nbsp;&nbsp;&nbsp;&nbsp;&nbsp;&nbsp;&nbsp;&nbsp;&nbsp;&nbsp;&nbsp;&nbsp;&nbsp;&nbsp;&nbsp;-&gt;  Sort  (cost=29326.72..29326.77 rows=20 width=4) (actual time=20911.006..20911.381 rows=20 loops=1)</td>\n",
       "        </tr>\n",
       "        <tr>\n",
       "            <td>&nbsp;&nbsp;&nbsp;&nbsp;&nbsp;&nbsp;&nbsp;&nbsp;&nbsp;&nbsp;&nbsp;&nbsp;&nbsp;&nbsp;&nbsp;&nbsp;&nbsp;&nbsp;&nbsp;&nbsp;&nbsp;&nbsp;&nbsp;&nbsp;&nbsp;&nbsp;Sort Key: top_ca.id</td>\n",
       "        </tr>\n",
       "        <tr>\n",
       "            <td>&nbsp;&nbsp;&nbsp;&nbsp;&nbsp;&nbsp;&nbsp;&nbsp;&nbsp;&nbsp;&nbsp;&nbsp;&nbsp;&nbsp;&nbsp;&nbsp;&nbsp;&nbsp;&nbsp;&nbsp;&nbsp;&nbsp;&nbsp;&nbsp;&nbsp;&nbsp;Sort Method: quicksort  Memory: 25kB</td>\n",
       "        </tr>\n",
       "        <tr>\n",
       "            <td>&nbsp;&nbsp;&nbsp;&nbsp;&nbsp;&nbsp;&nbsp;&nbsp;&nbsp;&nbsp;&nbsp;&nbsp;&nbsp;&nbsp;&nbsp;&nbsp;&nbsp;&nbsp;&nbsp;&nbsp;&nbsp;&nbsp;&nbsp;&nbsp;&nbsp;&nbsp;-&gt;  Subquery Scan on top_ca  (cost=29326.04..29326.29 rows=20 width=4) (actual time=20910.289..20911.126 rows=20 loops=1)</td>\n",
       "        </tr>\n",
       "        <tr>\n",
       "            <td>&nbsp;&nbsp;&nbsp;&nbsp;&nbsp;&nbsp;&nbsp;&nbsp;&nbsp;&nbsp;&nbsp;&nbsp;&nbsp;&nbsp;&nbsp;&nbsp;&nbsp;&nbsp;&nbsp;&nbsp;&nbsp;&nbsp;&nbsp;&nbsp;&nbsp;&nbsp;&nbsp;&nbsp;&nbsp;&nbsp;&nbsp;&nbsp;-&gt;  Limit  (cost=29326.04..29326.09 rows=20 width=36) (actual time=20910.273..20910.877 rows=20 loops=1)</td>\n",
       "        </tr>\n",
       "        <tr>\n",
       "            <td>&nbsp;&nbsp;&nbsp;&nbsp;&nbsp;&nbsp;&nbsp;&nbsp;&nbsp;&nbsp;&nbsp;&nbsp;&nbsp;&nbsp;&nbsp;&nbsp;&nbsp;&nbsp;&nbsp;&nbsp;&nbsp;&nbsp;&nbsp;&nbsp;&nbsp;&nbsp;&nbsp;&nbsp;&nbsp;&nbsp;&nbsp;&nbsp;&nbsp;&nbsp;&nbsp;&nbsp;&nbsp;&nbsp;-&gt;  Sort  (cost=29326.04..29327.14 rows=440 width=36) (actual time=20877.199..20877.532 rows=20 loops=1)</td>\n",
       "        </tr>\n",
       "        <tr>\n",
       "            <td>&nbsp;&nbsp;&nbsp;&nbsp;&nbsp;&nbsp;&nbsp;&nbsp;&nbsp;&nbsp;&nbsp;&nbsp;&nbsp;&nbsp;&nbsp;&nbsp;&nbsp;&nbsp;&nbsp;&nbsp;&nbsp;&nbsp;&nbsp;&nbsp;&nbsp;&nbsp;&nbsp;&nbsp;&nbsp;&nbsp;&nbsp;&nbsp;&nbsp;&nbsp;&nbsp;&nbsp;&nbsp;&nbsp;&nbsp;&nbsp;&nbsp;&nbsp;&nbsp;&nbsp;Sort Key: (sum(s_1.price)) DESC</td>\n",
       "        </tr>\n",
       "        <tr>\n",
       "            <td>&nbsp;&nbsp;&nbsp;&nbsp;&nbsp;&nbsp;&nbsp;&nbsp;&nbsp;&nbsp;&nbsp;&nbsp;&nbsp;&nbsp;&nbsp;&nbsp;&nbsp;&nbsp;&nbsp;&nbsp;&nbsp;&nbsp;&nbsp;&nbsp;&nbsp;&nbsp;&nbsp;&nbsp;&nbsp;&nbsp;&nbsp;&nbsp;&nbsp;&nbsp;&nbsp;&nbsp;&nbsp;&nbsp;&nbsp;&nbsp;&nbsp;&nbsp;&nbsp;&nbsp;Sort Method: quicksort  Memory: 25kB</td>\n",
       "        </tr>\n",
       "        <tr>\n",
       "            <td>&nbsp;&nbsp;&nbsp;&nbsp;&nbsp;&nbsp;&nbsp;&nbsp;&nbsp;&nbsp;&nbsp;&nbsp;&nbsp;&nbsp;&nbsp;&nbsp;&nbsp;&nbsp;&nbsp;&nbsp;&nbsp;&nbsp;&nbsp;&nbsp;&nbsp;&nbsp;&nbsp;&nbsp;&nbsp;&nbsp;&nbsp;&nbsp;&nbsp;&nbsp;&nbsp;&nbsp;&nbsp;&nbsp;&nbsp;&nbsp;&nbsp;&nbsp;&nbsp;&nbsp;-&gt;  Finalize GroupAggregate  (cost=29199.56..29314.33 rows=440 width=36) (actual time=20875.873..20877.243 rows=20 loops=1)</td>\n",
       "        </tr>\n",
       "        <tr>\n",
       "            <td>&nbsp;&nbsp;&nbsp;&nbsp;&nbsp;&nbsp;&nbsp;&nbsp;&nbsp;&nbsp;&nbsp;&nbsp;&nbsp;&nbsp;&nbsp;&nbsp;&nbsp;&nbsp;&nbsp;&nbsp;&nbsp;&nbsp;&nbsp;&nbsp;&nbsp;&nbsp;&nbsp;&nbsp;&nbsp;&nbsp;&nbsp;&nbsp;&nbsp;&nbsp;&nbsp;&nbsp;&nbsp;&nbsp;&nbsp;&nbsp;&nbsp;&nbsp;&nbsp;&nbsp;&nbsp;&nbsp;&nbsp;&nbsp;&nbsp;&nbsp;Group Key: ca.id</td>\n",
       "        </tr>\n",
       "        <tr>\n",
       "            <td>&nbsp;&nbsp;&nbsp;&nbsp;&nbsp;&nbsp;&nbsp;&nbsp;&nbsp;&nbsp;&nbsp;&nbsp;&nbsp;&nbsp;&nbsp;&nbsp;&nbsp;&nbsp;&nbsp;&nbsp;&nbsp;&nbsp;&nbsp;&nbsp;&nbsp;&nbsp;&nbsp;&nbsp;&nbsp;&nbsp;&nbsp;&nbsp;&nbsp;&nbsp;&nbsp;&nbsp;&nbsp;&nbsp;&nbsp;&nbsp;&nbsp;&nbsp;&nbsp;&nbsp;&nbsp;&nbsp;&nbsp;&nbsp;&nbsp;&nbsp;-&gt;  Gather Merge  (cost=29199.56..29302.23 rows=880 width=36) (actual time=20875.775..20876.630 rows=60 loops=1)</td>\n",
       "        </tr>\n",
       "        <tr>\n",
       "            <td>&nbsp;&nbsp;&nbsp;&nbsp;&nbsp;&nbsp;&nbsp;&nbsp;&nbsp;&nbsp;&nbsp;&nbsp;&nbsp;&nbsp;&nbsp;&nbsp;&nbsp;&nbsp;&nbsp;&nbsp;&nbsp;&nbsp;&nbsp;&nbsp;&nbsp;&nbsp;&nbsp;&nbsp;&nbsp;&nbsp;&nbsp;&nbsp;&nbsp;&nbsp;&nbsp;&nbsp;&nbsp;&nbsp;&nbsp;&nbsp;&nbsp;&nbsp;&nbsp;&nbsp;&nbsp;&nbsp;&nbsp;&nbsp;&nbsp;&nbsp;&nbsp;&nbsp;&nbsp;&nbsp;&nbsp;&nbsp;Workers Planned: 2</td>\n",
       "        </tr>\n",
       "        <tr>\n",
       "            <td>&nbsp;&nbsp;&nbsp;&nbsp;&nbsp;&nbsp;&nbsp;&nbsp;&nbsp;&nbsp;&nbsp;&nbsp;&nbsp;&nbsp;&nbsp;&nbsp;&nbsp;&nbsp;&nbsp;&nbsp;&nbsp;&nbsp;&nbsp;&nbsp;&nbsp;&nbsp;&nbsp;&nbsp;&nbsp;&nbsp;&nbsp;&nbsp;&nbsp;&nbsp;&nbsp;&nbsp;&nbsp;&nbsp;&nbsp;&nbsp;&nbsp;&nbsp;&nbsp;&nbsp;&nbsp;&nbsp;&nbsp;&nbsp;&nbsp;&nbsp;&nbsp;&nbsp;&nbsp;&nbsp;&nbsp;&nbsp;Workers Launched: 2</td>\n",
       "        </tr>\n",
       "        <tr>\n",
       "            <td>&nbsp;&nbsp;&nbsp;&nbsp;&nbsp;&nbsp;&nbsp;&nbsp;&nbsp;&nbsp;&nbsp;&nbsp;&nbsp;&nbsp;&nbsp;&nbsp;&nbsp;&nbsp;&nbsp;&nbsp;&nbsp;&nbsp;&nbsp;&nbsp;&nbsp;&nbsp;&nbsp;&nbsp;&nbsp;&nbsp;&nbsp;&nbsp;&nbsp;&nbsp;&nbsp;&nbsp;&nbsp;&nbsp;&nbsp;&nbsp;&nbsp;&nbsp;&nbsp;&nbsp;&nbsp;&nbsp;&nbsp;&nbsp;&nbsp;&nbsp;&nbsp;&nbsp;&nbsp;&nbsp;&nbsp;&nbsp;-&gt;  Sort  (cost=28199.54..28200.64 rows=440 width=36) (actual time=20843.226..20843.440 rows=20 loops=3)</td>\n",
       "        </tr>\n",
       "        <tr>\n",
       "            <td>&nbsp;&nbsp;&nbsp;&nbsp;&nbsp;&nbsp;&nbsp;&nbsp;&nbsp;&nbsp;&nbsp;&nbsp;&nbsp;&nbsp;&nbsp;&nbsp;&nbsp;&nbsp;&nbsp;&nbsp;&nbsp;&nbsp;&nbsp;&nbsp;&nbsp;&nbsp;&nbsp;&nbsp;&nbsp;&nbsp;&nbsp;&nbsp;&nbsp;&nbsp;&nbsp;&nbsp;&nbsp;&nbsp;&nbsp;&nbsp;&nbsp;&nbsp;&nbsp;&nbsp;&nbsp;&nbsp;&nbsp;&nbsp;&nbsp;&nbsp;&nbsp;&nbsp;&nbsp;&nbsp;&nbsp;&nbsp;&nbsp;&nbsp;&nbsp;&nbsp;&nbsp;&nbsp;Sort Key: ca.id</td>\n",
       "        </tr>\n",
       "        <tr>\n",
       "            <td>&nbsp;&nbsp;&nbsp;&nbsp;&nbsp;&nbsp;&nbsp;&nbsp;&nbsp;&nbsp;&nbsp;&nbsp;&nbsp;&nbsp;&nbsp;&nbsp;&nbsp;&nbsp;&nbsp;&nbsp;&nbsp;&nbsp;&nbsp;&nbsp;&nbsp;&nbsp;&nbsp;&nbsp;&nbsp;&nbsp;&nbsp;&nbsp;&nbsp;&nbsp;&nbsp;&nbsp;&nbsp;&nbsp;&nbsp;&nbsp;&nbsp;&nbsp;&nbsp;&nbsp;&nbsp;&nbsp;&nbsp;&nbsp;&nbsp;&nbsp;&nbsp;&nbsp;&nbsp;&nbsp;&nbsp;&nbsp;&nbsp;&nbsp;&nbsp;&nbsp;&nbsp;&nbsp;Sort Method: quicksort  Memory: 26kB</td>\n",
       "        </tr>\n",
       "        <tr>\n",
       "            <td>&nbsp;&nbsp;&nbsp;&nbsp;&nbsp;&nbsp;&nbsp;&nbsp;&nbsp;&nbsp;&nbsp;&nbsp;&nbsp;&nbsp;&nbsp;&nbsp;&nbsp;&nbsp;&nbsp;&nbsp;&nbsp;&nbsp;&nbsp;&nbsp;&nbsp;&nbsp;&nbsp;&nbsp;&nbsp;&nbsp;&nbsp;&nbsp;&nbsp;&nbsp;&nbsp;&nbsp;&nbsp;&nbsp;&nbsp;&nbsp;&nbsp;&nbsp;&nbsp;&nbsp;&nbsp;&nbsp;&nbsp;&nbsp;&nbsp;&nbsp;&nbsp;&nbsp;&nbsp;&nbsp;&nbsp;&nbsp;&nbsp;&nbsp;&nbsp;&nbsp;&nbsp;&nbsp;Worker 0:  Sort Method: quicksort  Memory: 26kB</td>\n",
       "        </tr>\n",
       "        <tr>\n",
       "            <td>&nbsp;&nbsp;&nbsp;&nbsp;&nbsp;&nbsp;&nbsp;&nbsp;&nbsp;&nbsp;&nbsp;&nbsp;&nbsp;&nbsp;&nbsp;&nbsp;&nbsp;&nbsp;&nbsp;&nbsp;&nbsp;&nbsp;&nbsp;&nbsp;&nbsp;&nbsp;&nbsp;&nbsp;&nbsp;&nbsp;&nbsp;&nbsp;&nbsp;&nbsp;&nbsp;&nbsp;&nbsp;&nbsp;&nbsp;&nbsp;&nbsp;&nbsp;&nbsp;&nbsp;&nbsp;&nbsp;&nbsp;&nbsp;&nbsp;&nbsp;&nbsp;&nbsp;&nbsp;&nbsp;&nbsp;&nbsp;&nbsp;&nbsp;&nbsp;&nbsp;&nbsp;&nbsp;Worker 1:  Sort Method: quicksort  Memory: 26kB</td>\n",
       "        </tr>\n",
       "        <tr>\n",
       "            <td>&nbsp;&nbsp;&nbsp;&nbsp;&nbsp;&nbsp;&nbsp;&nbsp;&nbsp;&nbsp;&nbsp;&nbsp;&nbsp;&nbsp;&nbsp;&nbsp;&nbsp;&nbsp;&nbsp;&nbsp;&nbsp;&nbsp;&nbsp;&nbsp;&nbsp;&nbsp;&nbsp;&nbsp;&nbsp;&nbsp;&nbsp;&nbsp;&nbsp;&nbsp;&nbsp;&nbsp;&nbsp;&nbsp;&nbsp;&nbsp;&nbsp;&nbsp;&nbsp;&nbsp;&nbsp;&nbsp;&nbsp;&nbsp;&nbsp;&nbsp;&nbsp;&nbsp;&nbsp;&nbsp;&nbsp;&nbsp;&nbsp;&nbsp;&nbsp;&nbsp;&nbsp;&nbsp;-&gt;  Partial HashAggregate  (cost=28174.72..28180.22 rows=440 width=36) (actual time=20842.958..20843.162 rows=20 loops=3)</td>\n",
       "        </tr>\n",
       "        <tr>\n",
       "            <td>&nbsp;&nbsp;&nbsp;&nbsp;&nbsp;&nbsp;&nbsp;&nbsp;&nbsp;&nbsp;&nbsp;&nbsp;&nbsp;&nbsp;&nbsp;&nbsp;&nbsp;&nbsp;&nbsp;&nbsp;&nbsp;&nbsp;&nbsp;&nbsp;&nbsp;&nbsp;&nbsp;&nbsp;&nbsp;&nbsp;&nbsp;&nbsp;&nbsp;&nbsp;&nbsp;&nbsp;&nbsp;&nbsp;&nbsp;&nbsp;&nbsp;&nbsp;&nbsp;&nbsp;&nbsp;&nbsp;&nbsp;&nbsp;&nbsp;&nbsp;&nbsp;&nbsp;&nbsp;&nbsp;&nbsp;&nbsp;&nbsp;&nbsp;&nbsp;&nbsp;&nbsp;&nbsp;&nbsp;&nbsp;&nbsp;&nbsp;&nbsp;&nbsp;Group Key: ca.id</td>\n",
       "        </tr>\n",
       "        <tr>\n",
       "            <td>&nbsp;&nbsp;&nbsp;&nbsp;&nbsp;&nbsp;&nbsp;&nbsp;&nbsp;&nbsp;&nbsp;&nbsp;&nbsp;&nbsp;&nbsp;&nbsp;&nbsp;&nbsp;&nbsp;&nbsp;&nbsp;&nbsp;&nbsp;&nbsp;&nbsp;&nbsp;&nbsp;&nbsp;&nbsp;&nbsp;&nbsp;&nbsp;&nbsp;&nbsp;&nbsp;&nbsp;&nbsp;&nbsp;&nbsp;&nbsp;&nbsp;&nbsp;&nbsp;&nbsp;&nbsp;&nbsp;&nbsp;&nbsp;&nbsp;&nbsp;&nbsp;&nbsp;&nbsp;&nbsp;&nbsp;&nbsp;&nbsp;&nbsp;&nbsp;&nbsp;&nbsp;&nbsp;&nbsp;&nbsp;&nbsp;&nbsp;&nbsp;&nbsp;Batches: 1  Memory Usage: 37kB</td>\n",
       "        </tr>\n",
       "        <tr>\n",
       "            <td>&nbsp;&nbsp;&nbsp;&nbsp;&nbsp;&nbsp;&nbsp;&nbsp;&nbsp;&nbsp;&nbsp;&nbsp;&nbsp;&nbsp;&nbsp;&nbsp;&nbsp;&nbsp;&nbsp;&nbsp;&nbsp;&nbsp;&nbsp;&nbsp;&nbsp;&nbsp;&nbsp;&nbsp;&nbsp;&nbsp;&nbsp;&nbsp;&nbsp;&nbsp;&nbsp;&nbsp;&nbsp;&nbsp;&nbsp;&nbsp;&nbsp;&nbsp;&nbsp;&nbsp;&nbsp;&nbsp;&nbsp;&nbsp;&nbsp;&nbsp;&nbsp;&nbsp;&nbsp;&nbsp;&nbsp;&nbsp;&nbsp;&nbsp;&nbsp;&nbsp;&nbsp;&nbsp;&nbsp;&nbsp;&nbsp;&nbsp;&nbsp;&nbsp;Worker 0:  Batches: 1  Memory Usage: 37kB</td>\n",
       "        </tr>\n",
       "        <tr>\n",
       "            <td>&nbsp;&nbsp;&nbsp;&nbsp;&nbsp;&nbsp;&nbsp;&nbsp;&nbsp;&nbsp;&nbsp;&nbsp;&nbsp;&nbsp;&nbsp;&nbsp;&nbsp;&nbsp;&nbsp;&nbsp;&nbsp;&nbsp;&nbsp;&nbsp;&nbsp;&nbsp;&nbsp;&nbsp;&nbsp;&nbsp;&nbsp;&nbsp;&nbsp;&nbsp;&nbsp;&nbsp;&nbsp;&nbsp;&nbsp;&nbsp;&nbsp;&nbsp;&nbsp;&nbsp;&nbsp;&nbsp;&nbsp;&nbsp;&nbsp;&nbsp;&nbsp;&nbsp;&nbsp;&nbsp;&nbsp;&nbsp;&nbsp;&nbsp;&nbsp;&nbsp;&nbsp;&nbsp;&nbsp;&nbsp;&nbsp;&nbsp;&nbsp;&nbsp;Worker 1:  Batches: 1  Memory Usage: 37kB</td>\n",
       "        </tr>\n",
       "        <tr>\n",
       "            <td>&nbsp;&nbsp;&nbsp;&nbsp;&nbsp;&nbsp;&nbsp;&nbsp;&nbsp;&nbsp;&nbsp;&nbsp;&nbsp;&nbsp;&nbsp;&nbsp;&nbsp;&nbsp;&nbsp;&nbsp;&nbsp;&nbsp;&nbsp;&nbsp;&nbsp;&nbsp;&nbsp;&nbsp;&nbsp;&nbsp;&nbsp;&nbsp;&nbsp;&nbsp;&nbsp;&nbsp;&nbsp;&nbsp;&nbsp;&nbsp;&nbsp;&nbsp;&nbsp;&nbsp;&nbsp;&nbsp;&nbsp;&nbsp;&nbsp;&nbsp;&nbsp;&nbsp;&nbsp;&nbsp;&nbsp;&nbsp;&nbsp;&nbsp;&nbsp;&nbsp;&nbsp;&nbsp;&nbsp;&nbsp;&nbsp;&nbsp;&nbsp;&nbsp;-&gt;  Hash Join  (cost=23.15..24473.85 rows=740173 width=10) (actual time=10.915..17328.330 rows=592139 loops=3)</td>\n",
       "        </tr>\n",
       "        <tr>\n",
       "            <td>&nbsp;&nbsp;&nbsp;&nbsp;&nbsp;&nbsp;&nbsp;&nbsp;&nbsp;&nbsp;&nbsp;&nbsp;&nbsp;&nbsp;&nbsp;&nbsp;&nbsp;&nbsp;&nbsp;&nbsp;&nbsp;&nbsp;&nbsp;&nbsp;&nbsp;&nbsp;&nbsp;&nbsp;&nbsp;&nbsp;&nbsp;&nbsp;&nbsp;&nbsp;&nbsp;&nbsp;&nbsp;&nbsp;&nbsp;&nbsp;&nbsp;&nbsp;&nbsp;&nbsp;&nbsp;&nbsp;&nbsp;&nbsp;&nbsp;&nbsp;&nbsp;&nbsp;&nbsp;&nbsp;&nbsp;&nbsp;&nbsp;&nbsp;&nbsp;&nbsp;&nbsp;&nbsp;&nbsp;&nbsp;&nbsp;&nbsp;&nbsp;&nbsp;&nbsp;&nbsp;&nbsp;&nbsp;&nbsp;&nbsp;Hash Cond: (pr_1.category_id = ca.id)</td>\n",
       "        </tr>\n",
       "        <tr>\n",
       "            <td>&nbsp;&nbsp;&nbsp;&nbsp;&nbsp;&nbsp;&nbsp;&nbsp;&nbsp;&nbsp;&nbsp;&nbsp;&nbsp;&nbsp;&nbsp;&nbsp;&nbsp;&nbsp;&nbsp;&nbsp;&nbsp;&nbsp;&nbsp;&nbsp;&nbsp;&nbsp;&nbsp;&nbsp;&nbsp;&nbsp;&nbsp;&nbsp;&nbsp;&nbsp;&nbsp;&nbsp;&nbsp;&nbsp;&nbsp;&nbsp;&nbsp;&nbsp;&nbsp;&nbsp;&nbsp;&nbsp;&nbsp;&nbsp;&nbsp;&nbsp;&nbsp;&nbsp;&nbsp;&nbsp;&nbsp;&nbsp;&nbsp;&nbsp;&nbsp;&nbsp;&nbsp;&nbsp;&nbsp;&nbsp;&nbsp;&nbsp;&nbsp;&nbsp;&nbsp;&nbsp;&nbsp;&nbsp;&nbsp;&nbsp;-&gt;  Hash Join  (cost=3.25..22492.28 rows=740173 width=10) (actual time=10.534..10454.931 rows=592139 loops=3)</td>\n",
       "        </tr>\n",
       "        <tr>\n",
       "            <td>&nbsp;&nbsp;&nbsp;&nbsp;&nbsp;&nbsp;&nbsp;&nbsp;&nbsp;&nbsp;&nbsp;&nbsp;&nbsp;&nbsp;&nbsp;&nbsp;&nbsp;&nbsp;&nbsp;&nbsp;&nbsp;&nbsp;&nbsp;&nbsp;&nbsp;&nbsp;&nbsp;&nbsp;&nbsp;&nbsp;&nbsp;&nbsp;&nbsp;&nbsp;&nbsp;&nbsp;&nbsp;&nbsp;&nbsp;&nbsp;&nbsp;&nbsp;&nbsp;&nbsp;&nbsp;&nbsp;&nbsp;&nbsp;&nbsp;&nbsp;&nbsp;&nbsp;&nbsp;&nbsp;&nbsp;&nbsp;&nbsp;&nbsp;&nbsp;&nbsp;&nbsp;&nbsp;&nbsp;&nbsp;&nbsp;&nbsp;&nbsp;&nbsp;&nbsp;&nbsp;&nbsp;&nbsp;&nbsp;&nbsp;&nbsp;&nbsp;&nbsp;&nbsp;&nbsp;&nbsp;Hash Cond: (s_1.product_id = pr_1.id)</td>\n",
       "        </tr>\n",
       "        <tr>\n",
       "            <td>&nbsp;&nbsp;&nbsp;&nbsp;&nbsp;&nbsp;&nbsp;&nbsp;&nbsp;&nbsp;&nbsp;&nbsp;&nbsp;&nbsp;&nbsp;&nbsp;&nbsp;&nbsp;&nbsp;&nbsp;&nbsp;&nbsp;&nbsp;&nbsp;&nbsp;&nbsp;&nbsp;&nbsp;&nbsp;&nbsp;&nbsp;&nbsp;&nbsp;&nbsp;&nbsp;&nbsp;&nbsp;&nbsp;&nbsp;&nbsp;&nbsp;&nbsp;&nbsp;&nbsp;&nbsp;&nbsp;&nbsp;&nbsp;&nbsp;&nbsp;&nbsp;&nbsp;&nbsp;&nbsp;&nbsp;&nbsp;&nbsp;&nbsp;&nbsp;&nbsp;&nbsp;&nbsp;&nbsp;&nbsp;&nbsp;&nbsp;&nbsp;&nbsp;&nbsp;&nbsp;&nbsp;&nbsp;&nbsp;&nbsp;&nbsp;&nbsp;&nbsp;&nbsp;&nbsp;&nbsp;-&gt;  Parallel Seq Scan on sales s_1  (cost=0.00..20463.73 rows=740173 width=10) (actual time=0.019..3473.527 rows=592139 loops=3)</td>\n",
       "        </tr>\n",
       "        <tr>\n",
       "            <td>&nbsp;&nbsp;&nbsp;&nbsp;&nbsp;&nbsp;&nbsp;&nbsp;&nbsp;&nbsp;&nbsp;&nbsp;&nbsp;&nbsp;&nbsp;&nbsp;&nbsp;&nbsp;&nbsp;&nbsp;&nbsp;&nbsp;&nbsp;&nbsp;&nbsp;&nbsp;&nbsp;&nbsp;&nbsp;&nbsp;&nbsp;&nbsp;&nbsp;&nbsp;&nbsp;&nbsp;&nbsp;&nbsp;&nbsp;&nbsp;&nbsp;&nbsp;&nbsp;&nbsp;&nbsp;&nbsp;&nbsp;&nbsp;&nbsp;&nbsp;&nbsp;&nbsp;&nbsp;&nbsp;&nbsp;&nbsp;&nbsp;&nbsp;&nbsp;&nbsp;&nbsp;&nbsp;&nbsp;&nbsp;&nbsp;&nbsp;&nbsp;&nbsp;&nbsp;&nbsp;&nbsp;&nbsp;&nbsp;&nbsp;&nbsp;&nbsp;&nbsp;&nbsp;&nbsp;&nbsp;-&gt;  Hash  (cost=2.00..2.00 rows=100 width=8) (actual time=10.482..10.499 rows=100 loops=3)</td>\n",
       "        </tr>\n",
       "        <tr>\n",
       "            <td>&nbsp;&nbsp;&nbsp;&nbsp;&nbsp;&nbsp;&nbsp;&nbsp;&nbsp;&nbsp;&nbsp;&nbsp;&nbsp;&nbsp;&nbsp;&nbsp;&nbsp;&nbsp;&nbsp;&nbsp;&nbsp;&nbsp;&nbsp;&nbsp;&nbsp;&nbsp;&nbsp;&nbsp;&nbsp;&nbsp;&nbsp;&nbsp;&nbsp;&nbsp;&nbsp;&nbsp;&nbsp;&nbsp;&nbsp;&nbsp;&nbsp;&nbsp;&nbsp;&nbsp;&nbsp;&nbsp;&nbsp;&nbsp;&nbsp;&nbsp;&nbsp;&nbsp;&nbsp;&nbsp;&nbsp;&nbsp;&nbsp;&nbsp;&nbsp;&nbsp;&nbsp;&nbsp;&nbsp;&nbsp;&nbsp;&nbsp;&nbsp;&nbsp;&nbsp;&nbsp;&nbsp;&nbsp;&nbsp;&nbsp;&nbsp;&nbsp;&nbsp;&nbsp;&nbsp;&nbsp;&nbsp;&nbsp;&nbsp;&nbsp;&nbsp;&nbsp;Buckets: 1024  Batches: 1  Memory Usage: 12kB</td>\n",
       "        </tr>\n",
       "        <tr>\n",
       "            <td>&nbsp;&nbsp;&nbsp;&nbsp;&nbsp;&nbsp;&nbsp;&nbsp;&nbsp;&nbsp;&nbsp;&nbsp;&nbsp;&nbsp;&nbsp;&nbsp;&nbsp;&nbsp;&nbsp;&nbsp;&nbsp;&nbsp;&nbsp;&nbsp;&nbsp;&nbsp;&nbsp;&nbsp;&nbsp;&nbsp;&nbsp;&nbsp;&nbsp;&nbsp;&nbsp;&nbsp;&nbsp;&nbsp;&nbsp;&nbsp;&nbsp;&nbsp;&nbsp;&nbsp;&nbsp;&nbsp;&nbsp;&nbsp;&nbsp;&nbsp;&nbsp;&nbsp;&nbsp;&nbsp;&nbsp;&nbsp;&nbsp;&nbsp;&nbsp;&nbsp;&nbsp;&nbsp;&nbsp;&nbsp;&nbsp;&nbsp;&nbsp;&nbsp;&nbsp;&nbsp;&nbsp;&nbsp;&nbsp;&nbsp;&nbsp;&nbsp;&nbsp;&nbsp;&nbsp;&nbsp;&nbsp;&nbsp;&nbsp;&nbsp;&nbsp;&nbsp;-&gt;  Seq Scan on products pr_1  (cost=0.00..2.00 rows=100 width=8) (actual time=8.851..9.634 rows=100 loops=3)</td>\n",
       "        </tr>\n",
       "        <tr>\n",
       "            <td>&nbsp;&nbsp;&nbsp;&nbsp;&nbsp;&nbsp;&nbsp;&nbsp;&nbsp;&nbsp;&nbsp;&nbsp;&nbsp;&nbsp;&nbsp;&nbsp;&nbsp;&nbsp;&nbsp;&nbsp;&nbsp;&nbsp;&nbsp;&nbsp;&nbsp;&nbsp;&nbsp;&nbsp;&nbsp;&nbsp;&nbsp;&nbsp;&nbsp;&nbsp;&nbsp;&nbsp;&nbsp;&nbsp;&nbsp;&nbsp;&nbsp;&nbsp;&nbsp;&nbsp;&nbsp;&nbsp;&nbsp;&nbsp;&nbsp;&nbsp;&nbsp;&nbsp;&nbsp;&nbsp;&nbsp;&nbsp;&nbsp;&nbsp;&nbsp;&nbsp;&nbsp;&nbsp;&nbsp;&nbsp;&nbsp;&nbsp;&nbsp;&nbsp;&nbsp;&nbsp;&nbsp;&nbsp;&nbsp;&nbsp;-&gt;  Hash  (cost=14.40..14.40 rows=440 width=4) (actual time=0.356..0.373 rows=20 loops=3)</td>\n",
       "        </tr>\n",
       "        <tr>\n",
       "            <td>&nbsp;&nbsp;&nbsp;&nbsp;&nbsp;&nbsp;&nbsp;&nbsp;&nbsp;&nbsp;&nbsp;&nbsp;&nbsp;&nbsp;&nbsp;&nbsp;&nbsp;&nbsp;&nbsp;&nbsp;&nbsp;&nbsp;&nbsp;&nbsp;&nbsp;&nbsp;&nbsp;&nbsp;&nbsp;&nbsp;&nbsp;&nbsp;&nbsp;&nbsp;&nbsp;&nbsp;&nbsp;&nbsp;&nbsp;&nbsp;&nbsp;&nbsp;&nbsp;&nbsp;&nbsp;&nbsp;&nbsp;&nbsp;&nbsp;&nbsp;&nbsp;&nbsp;&nbsp;&nbsp;&nbsp;&nbsp;&nbsp;&nbsp;&nbsp;&nbsp;&nbsp;&nbsp;&nbsp;&nbsp;&nbsp;&nbsp;&nbsp;&nbsp;&nbsp;&nbsp;&nbsp;&nbsp;&nbsp;&nbsp;&nbsp;&nbsp;&nbsp;&nbsp;&nbsp;&nbsp;Buckets: 1024  Batches: 1  Memory Usage: 9kB</td>\n",
       "        </tr>\n",
       "        <tr>\n",
       "            <td>&nbsp;&nbsp;&nbsp;&nbsp;&nbsp;&nbsp;&nbsp;&nbsp;&nbsp;&nbsp;&nbsp;&nbsp;&nbsp;&nbsp;&nbsp;&nbsp;&nbsp;&nbsp;&nbsp;&nbsp;&nbsp;&nbsp;&nbsp;&nbsp;&nbsp;&nbsp;&nbsp;&nbsp;&nbsp;&nbsp;&nbsp;&nbsp;&nbsp;&nbsp;&nbsp;&nbsp;&nbsp;&nbsp;&nbsp;&nbsp;&nbsp;&nbsp;&nbsp;&nbsp;&nbsp;&nbsp;&nbsp;&nbsp;&nbsp;&nbsp;&nbsp;&nbsp;&nbsp;&nbsp;&nbsp;&nbsp;&nbsp;&nbsp;&nbsp;&nbsp;&nbsp;&nbsp;&nbsp;&nbsp;&nbsp;&nbsp;&nbsp;&nbsp;&nbsp;&nbsp;&nbsp;&nbsp;&nbsp;&nbsp;&nbsp;&nbsp;&nbsp;&nbsp;&nbsp;&nbsp;-&gt;  Seq Scan on categories ca  (cost=0.00..14.40 rows=440 width=4) (actual time=0.031..0.175 rows=20 loops=3)</td>\n",
       "        </tr>\n",
       "        <tr>\n",
       "            <td>&nbsp;&nbsp;&nbsp;&nbsp;&nbsp;&nbsp;&nbsp;&nbsp;&nbsp;&nbsp;&nbsp;&nbsp;&nbsp;&nbsp;&nbsp;&nbsp;&nbsp;&nbsp;&nbsp;&nbsp;-&gt;  Sort  (cost=5.32..5.57 rows=100 width=8) (actual time=1.346..1.925 rows=100 loops=1)</td>\n",
       "        </tr>\n",
       "        <tr>\n",
       "            <td>&nbsp;&nbsp;&nbsp;&nbsp;&nbsp;&nbsp;&nbsp;&nbsp;&nbsp;&nbsp;&nbsp;&nbsp;&nbsp;&nbsp;&nbsp;&nbsp;&nbsp;&nbsp;&nbsp;&nbsp;&nbsp;&nbsp;&nbsp;&nbsp;&nbsp;&nbsp;Sort Key: pr.category_id</td>\n",
       "        </tr>\n",
       "        <tr>\n",
       "            <td>&nbsp;&nbsp;&nbsp;&nbsp;&nbsp;&nbsp;&nbsp;&nbsp;&nbsp;&nbsp;&nbsp;&nbsp;&nbsp;&nbsp;&nbsp;&nbsp;&nbsp;&nbsp;&nbsp;&nbsp;&nbsp;&nbsp;&nbsp;&nbsp;&nbsp;&nbsp;Sort Method: quicksort  Memory: 29kB</td>\n",
       "        </tr>\n",
       "        <tr>\n",
       "            <td>&nbsp;&nbsp;&nbsp;&nbsp;&nbsp;&nbsp;&nbsp;&nbsp;&nbsp;&nbsp;&nbsp;&nbsp;&nbsp;&nbsp;&nbsp;&nbsp;&nbsp;&nbsp;&nbsp;&nbsp;&nbsp;&nbsp;&nbsp;&nbsp;&nbsp;&nbsp;-&gt;  Seq Scan on products pr  (cost=0.00..2.00 rows=100 width=8) (actual time=0.021..0.616 rows=100 loops=1)</td>\n",
       "        </tr>\n",
       "        <tr>\n",
       "            <td>&nbsp;&nbsp;&nbsp;&nbsp;&nbsp;&nbsp;&nbsp;&nbsp;&nbsp;&nbsp;&nbsp;&nbsp;&nbsp;&nbsp;-&gt;  Materialize  (cost=85008.07..85178.41 rows=62 width=18) (actual time=332.339..332.842 rows=80 loops=100)</td>\n",
       "        </tr>\n",
       "        <tr>\n",
       "            <td>&nbsp;&nbsp;&nbsp;&nbsp;&nbsp;&nbsp;&nbsp;&nbsp;&nbsp;&nbsp;&nbsp;&nbsp;&nbsp;&nbsp;&nbsp;&nbsp;&nbsp;&nbsp;&nbsp;&nbsp;-&gt;  Nested Loop  (cost=85008.07..85178.10 rows=62 width=18) (actual time=33233.321..33235.671 rows=80 loops=1)</td>\n",
       "        </tr>\n",
       "        <tr>\n",
       "            <td>&nbsp;&nbsp;&nbsp;&nbsp;&nbsp;&nbsp;&nbsp;&nbsp;&nbsp;&nbsp;&nbsp;&nbsp;&nbsp;&nbsp;&nbsp;&nbsp;&nbsp;&nbsp;&nbsp;&nbsp;&nbsp;&nbsp;&nbsp;&nbsp;&nbsp;&nbsp;-&gt;  Limit  (cost=85007.65..85007.70 rows=20 width=36) (actual time=33233.273..33233.683 rows=20 loops=1)</td>\n",
       "        </tr>\n",
       "        <tr>\n",
       "            <td>&nbsp;&nbsp;&nbsp;&nbsp;&nbsp;&nbsp;&nbsp;&nbsp;&nbsp;&nbsp;&nbsp;&nbsp;&nbsp;&nbsp;&nbsp;&nbsp;&nbsp;&nbsp;&nbsp;&nbsp;&nbsp;&nbsp;&nbsp;&nbsp;&nbsp;&nbsp;&nbsp;&nbsp;&nbsp;&nbsp;&nbsp;&nbsp;-&gt;  Sort  (cost=85007.65..86438.36 rows=572286 width=36) (actual time=33233.258..33233.392 rows=20 loops=1)</td>\n",
       "        </tr>\n",
       "        <tr>\n",
       "            <td>&nbsp;&nbsp;&nbsp;&nbsp;&nbsp;&nbsp;&nbsp;&nbsp;&nbsp;&nbsp;&nbsp;&nbsp;&nbsp;&nbsp;&nbsp;&nbsp;&nbsp;&nbsp;&nbsp;&nbsp;&nbsp;&nbsp;&nbsp;&nbsp;&nbsp;&nbsp;&nbsp;&nbsp;&nbsp;&nbsp;&nbsp;&nbsp;&nbsp;&nbsp;&nbsp;&nbsp;&nbsp;&nbsp;Sort Key: (sum(sales.price)) DESC</td>\n",
       "        </tr>\n",
       "        <tr>\n",
       "            <td>&nbsp;&nbsp;&nbsp;&nbsp;&nbsp;&nbsp;&nbsp;&nbsp;&nbsp;&nbsp;&nbsp;&nbsp;&nbsp;&nbsp;&nbsp;&nbsp;&nbsp;&nbsp;&nbsp;&nbsp;&nbsp;&nbsp;&nbsp;&nbsp;&nbsp;&nbsp;&nbsp;&nbsp;&nbsp;&nbsp;&nbsp;&nbsp;&nbsp;&nbsp;&nbsp;&nbsp;&nbsp;&nbsp;Sort Method: top-N heapsort  Memory: 26kB</td>\n",
       "        </tr>\n",
       "        <tr>\n",
       "            <td>&nbsp;&nbsp;&nbsp;&nbsp;&nbsp;&nbsp;&nbsp;&nbsp;&nbsp;&nbsp;&nbsp;&nbsp;&nbsp;&nbsp;&nbsp;&nbsp;&nbsp;&nbsp;&nbsp;&nbsp;&nbsp;&nbsp;&nbsp;&nbsp;&nbsp;&nbsp;&nbsp;&nbsp;&nbsp;&nbsp;&nbsp;&nbsp;&nbsp;&nbsp;&nbsp;&nbsp;&nbsp;&nbsp;-&gt;  GroupAggregate  (cost=0.43..69779.32 rows=572286 width=36) (actual time=0.077..28484.885 rows=710959 loops=1)</td>\n",
       "        </tr>\n",
       "        <tr>\n",
       "            <td>&nbsp;&nbsp;&nbsp;&nbsp;&nbsp;&nbsp;&nbsp;&nbsp;&nbsp;&nbsp;&nbsp;&nbsp;&nbsp;&nbsp;&nbsp;&nbsp;&nbsp;&nbsp;&nbsp;&nbsp;&nbsp;&nbsp;&nbsp;&nbsp;&nbsp;&nbsp;&nbsp;&nbsp;&nbsp;&nbsp;&nbsp;&nbsp;&nbsp;&nbsp;&nbsp;&nbsp;&nbsp;&nbsp;&nbsp;&nbsp;&nbsp;&nbsp;&nbsp;&nbsp;Group Key: sales.customer_id</td>\n",
       "        </tr>\n",
       "        <tr>\n",
       "            <td>&nbsp;&nbsp;&nbsp;&nbsp;&nbsp;&nbsp;&nbsp;&nbsp;&nbsp;&nbsp;&nbsp;&nbsp;&nbsp;&nbsp;&nbsp;&nbsp;&nbsp;&nbsp;&nbsp;&nbsp;&nbsp;&nbsp;&nbsp;&nbsp;&nbsp;&nbsp;&nbsp;&nbsp;&nbsp;&nbsp;&nbsp;&nbsp;&nbsp;&nbsp;&nbsp;&nbsp;&nbsp;&nbsp;&nbsp;&nbsp;&nbsp;&nbsp;&nbsp;&nbsp;-&gt;  Index Scan using customer_id_index on sales  (cost=0.43..53743.67 rows=1776416 width=10) (actual time=0.023..11670.400 rows=1776416 loops=1)</td>\n",
       "        </tr>\n",
       "        <tr>\n",
       "            <td>&nbsp;&nbsp;&nbsp;&nbsp;&nbsp;&nbsp;&nbsp;&nbsp;&nbsp;&nbsp;&nbsp;&nbsp;&nbsp;&nbsp;&nbsp;&nbsp;&nbsp;&nbsp;&nbsp;&nbsp;&nbsp;&nbsp;&nbsp;&nbsp;&nbsp;&nbsp;-&gt;  Index Scan using customer_id_index on sales s  (cost=0.43..8.48 rows=3 width=18) (actual time=0.011..0.035 rows=4 loops=20)</td>\n",
       "        </tr>\n",
       "        <tr>\n",
       "            <td>&nbsp;&nbsp;&nbsp;&nbsp;&nbsp;&nbsp;&nbsp;&nbsp;&nbsp;&nbsp;&nbsp;&nbsp;&nbsp;&nbsp;&nbsp;&nbsp;&nbsp;&nbsp;&nbsp;&nbsp;&nbsp;&nbsp;&nbsp;&nbsp;&nbsp;&nbsp;&nbsp;&nbsp;&nbsp;&nbsp;&nbsp;&nbsp;Index Cond: (customer_id = sales.customer_id)</td>\n",
       "        </tr>\n",
       "        <tr>\n",
       "            <td>Planning Time: 0.940 ms</td>\n",
       "        </tr>\n",
       "        <tr>\n",
       "            <td>JIT:</td>\n",
       "        </tr>\n",
       "        <tr>\n",
       "            <td>&nbsp;&nbsp;Functions: 108</td>\n",
       "        </tr>\n",
       "        <tr>\n",
       "            <td>&nbsp;&nbsp;Options: Inlining false, Optimization false, Expressions true, Deforming true</td>\n",
       "        </tr>\n",
       "        <tr>\n",
       "            <td>&nbsp;&nbsp;Timing: Generation 10.696 ms, Inlining 0.000 ms, Optimization 2.416 ms, Emission 56.181 ms, Total 69.294 ms</td>\n",
       "        </tr>\n",
       "        <tr>\n",
       "            <td>Execution Time: 54256.870 ms</td>\n",
       "        </tr>\n",
       "    </tbody>\n",
       "</table>"
      ],
      "text/plain": [
       "[('GroupAggregate  (cost=114606.74..114608.29 rows=62 width=48) (actual time=54249.005..54250.949 rows=74 loops=1)',),\n",
       " ('  Group Key: top_ca.id, sales.customer_id',),\n",
       " ('  ->  Sort  (cost=114606.74..114606.90 rows=62 width=18) (actual time=54248.960..54249.803 rows=80 loops=1)',),\n",
       " ('        Sort Key: top_ca.id, sales.customer_id',),\n",
       " ('        Sort Method: quicksort  Memory: 31kB',),\n",
       " ('        ->  Nested Loop  (cost=114340.12..114604.90 rows=62 width=18) (actual time=54148.095..54248.762 rows=80 loops=1)',),\n",
       " ('              Join Filter: (pr.id = s.product_id)',),\n",
       " ('              Rows Removed by Join Filter: 7920',),\n",
       " ('              ->  Merge Join  (cost=29332.05..29333.65 rows=100 width=8) (actual time=20912.381..20914.612 rows=100 loops=1)',),\n",
       " ('                    Merge Cond: (top_ca.id = pr.category_id)',),\n",
       " ('                    ->  Sort  (cost=29326.72..29326.77 rows=20 width=4) (actual time=20911.006..20911.381 rows=20 loops=1)',),\n",
       " ('                          Sort Key: top_ca.id',),\n",
       " ('                          Sort Method: quicksort  Memory: 25kB',),\n",
       " ('                          ->  Subquery Scan on top_ca  (cost=29326.04..29326.29 rows=20 width=4) (actual time=20910.289..20911.126 rows=20 loops=1)',),\n",
       " ('                                ->  Limit  (cost=29326.04..29326.09 rows=20 width=36) (actual time=20910.273..20910.877 rows=20 loops=1)',),\n",
       " ('                                      ->  Sort  (cost=29326.04..29327.14 rows=440 width=36) (actual time=20877.199..20877.532 rows=20 loops=1)',),\n",
       " ('                                            Sort Key: (sum(s_1.price)) DESC',),\n",
       " ('                                            Sort Method: quicksort  Memory: 25kB',),\n",
       " ('                                            ->  Finalize GroupAggregate  (cost=29199.56..29314.33 rows=440 width=36) (actual time=20875.873..20877.243 rows=20 loops=1)',),\n",
       " ('                                                  Group Key: ca.id',),\n",
       " ('                                                  ->  Gather Merge  (cost=29199.56..29302.23 rows=880 width=36) (actual time=20875.775..20876.630 rows=60 loops=1)',),\n",
       " ('                                                        Workers Planned: 2',),\n",
       " ('                                                        Workers Launched: 2',),\n",
       " ('                                                        ->  Sort  (cost=28199.54..28200.64 rows=440 width=36) (actual time=20843.226..20843.440 rows=20 loops=3)',),\n",
       " ('                                                              Sort Key: ca.id',),\n",
       " ('                                                              Sort Method: quicksort  Memory: 26kB',),\n",
       " ('                                                              Worker 0:  Sort Method: quicksort  Memory: 26kB',),\n",
       " ('                                                              Worker 1:  Sort Method: quicksort  Memory: 26kB',),\n",
       " ('                                                              ->  Partial HashAggregate  (cost=28174.72..28180.22 rows=440 width=36) (actual time=20842.958..20843.162 rows=20 loops=3)',),\n",
       " ('                                                                    Group Key: ca.id',),\n",
       " ('                                                                    Batches: 1  Memory Usage: 37kB',),\n",
       " ('                                                                    Worker 0:  Batches: 1  Memory Usage: 37kB',),\n",
       " ('                                                                    Worker 1:  Batches: 1  Memory Usage: 37kB',),\n",
       " ('                                                                    ->  Hash Join  (cost=23.15..24473.85 rows=740173 width=10) (actual time=10.915..17328.330 rows=592139 loops=3)',),\n",
       " ('                                                                          Hash Cond: (pr_1.category_id = ca.id)',),\n",
       " ('                                                                          ->  Hash Join  (cost=3.25..22492.28 rows=740173 width=10) (actual time=10.534..10454.931 rows=592139 loops=3)',),\n",
       " ('                                                                                Hash Cond: (s_1.product_id = pr_1.id)',),\n",
       " ('                                                                                ->  Parallel Seq Scan on sales s_1  (cost=0.00..20463.73 rows=740173 width=10) (actual time=0.019..3473.527 rows=592139 loops=3)',),\n",
       " ('                                                                                ->  Hash  (cost=2.00..2.00 rows=100 width=8) (actual time=10.482..10.499 rows=100 loops=3)',),\n",
       " ('                                                                                      Buckets: 1024  Batches: 1  Memory Usage: 12kB',),\n",
       " ('                                                                                      ->  Seq Scan on products pr_1  (cost=0.00..2.00 rows=100 width=8) (actual time=8.851..9.634 rows=100 loops=3)',),\n",
       " ('                                                                          ->  Hash  (cost=14.40..14.40 rows=440 width=4) (actual time=0.356..0.373 rows=20 loops=3)',),\n",
       " ('                                                                                Buckets: 1024  Batches: 1  Memory Usage: 9kB',),\n",
       " ('                                                                                ->  Seq Scan on categories ca  (cost=0.00..14.40 rows=440 width=4) (actual time=0.031..0.175 rows=20 loops=3)',),\n",
       " ('                    ->  Sort  (cost=5.32..5.57 rows=100 width=8) (actual time=1.346..1.925 rows=100 loops=1)',),\n",
       " ('                          Sort Key: pr.category_id',),\n",
       " ('                          Sort Method: quicksort  Memory: 29kB',),\n",
       " ('                          ->  Seq Scan on products pr  (cost=0.00..2.00 rows=100 width=8) (actual time=0.021..0.616 rows=100 loops=1)',),\n",
       " ('              ->  Materialize  (cost=85008.07..85178.41 rows=62 width=18) (actual time=332.339..332.842 rows=80 loops=100)',),\n",
       " ('                    ->  Nested Loop  (cost=85008.07..85178.10 rows=62 width=18) (actual time=33233.321..33235.671 rows=80 loops=1)',),\n",
       " ('                          ->  Limit  (cost=85007.65..85007.70 rows=20 width=36) (actual time=33233.273..33233.683 rows=20 loops=1)',),\n",
       " ('                                ->  Sort  (cost=85007.65..86438.36 rows=572286 width=36) (actual time=33233.258..33233.392 rows=20 loops=1)',),\n",
       " ('                                      Sort Key: (sum(sales.price)) DESC',),\n",
       " ('                                      Sort Method: top-N heapsort  Memory: 26kB',),\n",
       " ('                                      ->  GroupAggregate  (cost=0.43..69779.32 rows=572286 width=36) (actual time=0.077..28484.885 rows=710959 loops=1)',),\n",
       " ('                                            Group Key: sales.customer_id',),\n",
       " ('                                            ->  Index Scan using customer_id_index on sales  (cost=0.43..53743.67 rows=1776416 width=10) (actual time=0.023..11670.400 rows=1776416 loops=1)',),\n",
       " ('                          ->  Index Scan using customer_id_index on sales s  (cost=0.43..8.48 rows=3 width=18) (actual time=0.011..0.035 rows=4 loops=20)',),\n",
       " ('                                Index Cond: (customer_id = sales.customer_id)',),\n",
       " ('Planning Time: 0.940 ms',),\n",
       " ('JIT:',),\n",
       " ('  Functions: 108',),\n",
       " ('  Options: Inlining false, Optimization false, Expressions true, Deforming true',),\n",
       " ('  Timing: Generation 10.696 ms, Inlining 0.000 ms, Optimization 2.416 ms, Emission 56.181 ms, Total 69.294 ms',),\n",
       " ('Execution Time: 54256.870 ms',)]"
      ]
     },
     "execution_count": 30,
     "metadata": {},
     "output_type": "execute_result"
    }
   ],
   "source": [
    "%%sql\n",
    "EXPLAIN ANALYZE\n",
    "SELECT top_ca.id, top_cu.customer_id, sum(s.quantity), sum(s.price) \n",
    "FROM \n",
    "        (SELECT ca.id AS id, sum(s.price) AS total_value \n",
    "         FROM sales.categories ca\n",
    "         JOIN sales.products pr \n",
    "            ON ca.id = pr.category_id\n",
    "         JOIN sales.sales s\n",
    "            ON pr.id = s.product_id\n",
    "         GROUP BY ca.id \n",
    "         ORDER BY total_value DESC limit 20) AS top_ca, \n",
    "\n",
    "        (SELECT customer_id, sum(price) AS dollar_value \n",
    "         FROM sales.sales\n",
    "         GROUP BY customer_id \n",
    "         ORDER BY dollar_value DESC limit 20) AS top_cu, \n",
    "\n",
    "        sales.sales s,\n",
    "        sales.products pr\n",
    "\n",
    "WHERE pr.category_id = top_ca.id \n",
    "           and s.customer_id = top_cu.customer_id \n",
    "           and s.product_id = pr.id\n",
    "GROUP BY top_ca.id, top_cu.customer_id \n",
    "ORDER BY top_ca.id"
   ]
  },
  {
   "cell_type": "code",
   "execution_count": 22,
   "metadata": {},
   "outputs": [],
   "source": [
    "#conn.rollback()"
   ]
  }
 ],
 "metadata": {
  "kernelspec": {
   "display_name": "Python 3",
   "language": "python",
   "name": "python3"
  },
  "language_info": {
   "codemirror_mode": {
    "name": "ipython",
    "version": 3
   },
   "file_extension": ".py",
   "mimetype": "text/x-python",
   "name": "python",
   "nbconvert_exporter": "python",
   "pygments_lexer": "ipython3",
   "version": "3.7.7"
  }
 },
 "nbformat": 4,
 "nbformat_minor": 4
}
