{
 "cells": [
  {
   "cell_type": "code",
   "execution_count": 1,
   "metadata": {},
   "outputs": [],
   "source": [
    "import numpy as np\n",
    "import pandas as pd"
   ]
  },
  {
   "cell_type": "markdown",
   "metadata": {},
   "source": [
    "# Generate random data "
   ]
  },
  {
   "cell_type": "markdown",
   "metadata": {},
   "source": [
    "    1. Read data from given txt files\n",
    "    2. Generate random data\n",
    "    3. Load data to csv files"
   ]
  },
  {
   "cell_type": "code",
   "execution_count": 4,
   "metadata": {},
   "outputs": [],
   "source": [
    "import random\n",
    "\n",
    "nrOfCategs = 20 #reduced from 100\n",
    "nrOfProds = 100 #reduced from 100000\n",
    "\n",
    "# add states csv\n",
    "with open('sales_data/state_names.txt', 'r') as f:\n",
    "    state_names = f.read().splitlines()\n",
    "    \n",
    "with open('states.csv', 'w') as f:\n",
    "    f.write(\"id,state_name\\n\")\n",
    "    for state_id in range(len(state_names)):\n",
    "        f.write(\"{},{}\\n\".format(state_id,state_names[state_id]))\n",
    "         \n",
    "# customers\n",
    "with open('sales_data/last_names.txt', 'r') as f:\n",
    "    last_names = f.read().splitlines()\n",
    "\n",
    "with open('sales_data/first_names.txt', 'r') as f:\n",
    "    first_names = f.read().splitlines()\n",
    "\n",
    "custCount = 0\n",
    "maxIndex = len(first_names) - 1;\n",
    "with open('customers.csv', 'w') as f:\n",
    "    f.write(\"id,f_name,l_name,state_id\\n\")\n",
    "    for ln in last_names:\n",
    "        for k in range(10):\n",
    "            fn = first_names[random.randrange(maxIndex)]\n",
    "            sn = random.randrange(50) # add state_id\n",
    "            f.write(\"{},{},{},{}\\n\".format(custCount, fn, ln, sn))\n",
    "            custCount = custCount + 1\n",
    "            \n",
    "# categories\n",
    "with open('categories.csv', 'w') as f:\n",
    "    f.write(\"id,name,description\\n\")\n",
    "    for cid in range(nrOfCategs):\n",
    "        f.write(\"{},C{},Products in this category have properties PSET{}\\n\".format(cid,cid,cid))\n",
    "\n",
    "# products\n",
    "with open('products.csv', 'w') as f:\n",
    "    f.write(\"id,name,price,category_id\\n\")\n",
    "    for pid in range(nrOfProds):\n",
    "        dollars = random.randrange(1000)\n",
    "        cents = random.randrange(100)\n",
    "        if dollars == 0 and cents == 0:\n",
    "            cents = 13\n",
    "        cid = random.randrange(nrOfCategs)\n",
    "        f.write(\"{},P{},{}.{},{}\\n\".format(pid,pid,dollars,cents,cid))\n",
    "\n",
    "# sales\n",
    "with open('sales.csv', 'w') as f:\n",
    "    f.write(\"id,product_id,customer_id,price,quantity,discount\\n\")\n",
    "    sid = 1\n",
    "    for cid in range(custCount):\n",
    "        boughtCnt = random.randrange(5) #reduced from 100\n",
    "        for k in range(boughtCnt):\n",
    "            quantity = random.randrange(1000)\n",
    "            discount = random.randrange(100)/100.0\n",
    "            pid = random.randrange(nrOfProds-1)\n",
    "            dollars = random.randrange(1000) # add price\n",
    "            cents = random.randrange(100)\n",
    "            if dollars == 0 and cents == 0:\n",
    "                cents = 13\n",
    "            f.write(\"{},{},{},{}.{},{},{}\\n\".format(sid,pid,cid,dollars,cents,quantity,discount))\n",
    "            sid = sid + 1"
   ]
  },
  {
   "cell_type": "markdown",
   "metadata": {},
   "source": [
    "# Load csv data to pandas Dataframe"
   ]
  },
  {
   "cell_type": "code",
   "execution_count": 5,
   "metadata": {},
   "outputs": [],
   "source": [
    "# load csv to pandas Dataframe\n",
    "states = pd.read_csv('states.csv')\n",
    "categories = pd.read_csv('categories.csv')\n",
    "customers = pd.read_csv('customers.csv')\n",
    "products = pd.read_csv('products.csv')\n",
    "sales = pd.read_csv('sales.csv')"
   ]
  },
  {
   "cell_type": "code",
   "execution_count": 6,
   "metadata": {},
   "outputs": [
    {
     "data": {
      "text/plain": [
       "(1776416, 6)"
      ]
     },
     "execution_count": 6,
     "metadata": {},
     "output_type": "execute_result"
    }
   ],
   "source": [
    "sales.shape"
   ]
  },
  {
   "cell_type": "markdown",
   "metadata": {},
   "source": [
    "    install ipython-sql\n",
    "    install psycopg2\n",
    "    install pgspecial"
   ]
  },
  {
   "cell_type": "markdown",
   "metadata": {},
   "source": [
    "# Create postgresql instance on docker"
   ]
  },
  {
   "cell_type": "code",
   "execution_count": 7,
   "metadata": {},
   "outputs": [],
   "source": [
    "import psycopg2\n",
    "import pgspecial"
   ]
  },
  {
   "cell_type": "code",
   "execution_count": 43,
   "metadata": {
    "scrolled": false
   },
   "outputs": [
    {
     "name": "stdout",
     "output_type": "stream",
     "text": [
      "docker: Error response from daemon: Conflict. The container name \"/sales\" is already in use by container \"3f9812e56ca3ce032b9f0b17e7042ea98eb2a7efed786e6ce7e0079d365f3e7e\". You have to remove (or rename) that container to be able to reuse that name.\r\n",
      "See 'docker run --help'.\r\n"
     ]
    }
   ],
   "source": [
    "#create postgresql container on docker\n",
    "!docker run --name sales -e POSTGRES_PASSWORD=huyuan3 -d -p 5432:5432 postgres"
   ]
  },
  {
   "cell_type": "code",
   "execution_count": 8,
   "metadata": {},
   "outputs": [
    {
     "name": "stdout",
     "output_type": "stream",
     "text": [
      "CONTAINER ID   IMAGE      COMMAND                  CREATED       STATUS          PORTS                    NAMES\r\n",
      "3f9812e56ca3   postgres   \"docker-entrypoint.s…\"   2 weeks ago   Up 17 minutes   0.0.0.0:5432->5432/tcp   sales\r\n"
     ]
    }
   ],
   "source": [
    "!docker ps"
   ]
  },
  {
   "cell_type": "code",
   "execution_count": 2,
   "metadata": {
    "scrolled": false
   },
   "outputs": [
    {
     "name": "stdout",
     "output_type": "stream",
     "text": [
      "found 0 associations\r\n",
      "found 1 connections:\r\n",
      "     1:\tflags=82<CONNECTED,PREFERRED>\r\n",
      "\toutif lo0\r\n",
      "\tsrc ::1 port 62464\r\n",
      "\tdst ::1 port 5432\r\n",
      "\trank info not available\r\n",
      "\tTCP aux info available\r\n",
      "\r\n",
      "Connection to localhost port 5432 [tcp/postgresql] succeeded!\r\n"
     ]
    }
   ],
   "source": [
    "# examine port connection\n",
    "!nc -zv localhost 5432"
   ]
  },
  {
   "cell_type": "code",
   "execution_count": 11,
   "metadata": {
    "scrolled": true
   },
   "outputs": [],
   "source": [
    "# connect database located on docker with psycopg2\n",
    "try:\n",
    "    conn = psycopg2.connect(\"dbname='postgres' user='postgres' host='0.0.0.0' password='huyuan3' port='5432'\")\n",
    "except:\n",
    "    print(\"I am unable to connect to the database\")"
   ]
  },
  {
   "cell_type": "code",
   "execution_count": 12,
   "metadata": {},
   "outputs": [],
   "source": [
    "# Open a cursor to perform database operations\n",
    "cur = conn.cursor()"
   ]
  },
  {
   "cell_type": "markdown",
   "metadata": {},
   "source": [
    "# Create Schema and Tables"
   ]
  },
  {
   "cell_type": "code",
   "execution_count": 14,
   "metadata": {},
   "outputs": [],
   "source": [
    "def create_tables():\n",
    "    #create tables in the PostgreSQL database\n",
    "    commands = (\n",
    "                \"\"\"\n",
    "                CREATE SCHEMA sales\n",
    "                \"\"\",\n",
    "        \n",
    "                \"\"\"\n",
    "                CREATE TABLE sales.states(\n",
    "                    id serial primary key NOT NULL,\n",
    "                    name varchar(50) NOT NULL\n",
    "                )\"\"\",\n",
    "\n",
    "                \"\"\"\n",
    "                CREATE TABLE sales.categories(\n",
    "                    id serial primary key NOT NULL,\n",
    "                    name varchar(50) NOT NULL,\n",
    "                    description text\n",
    "                )\"\"\",\n",
    "\n",
    "                \"\"\"\n",
    "                CREATE TABLE sales.customers(\n",
    "                    id serial primary key NOT NULL,\n",
    "                    f_name varchar(50) NOT NULL,\n",
    "                    l_name varchar(50) NOT NULL,\n",
    "                    state_id integer references sales.states(id) NOT NULL\n",
    "                )\"\"\",\n",
    "\n",
    "                \"\"\"\n",
    "                CREATE TABLE sales.products(\n",
    "                    id serial primary key NOT NULL,\n",
    "                    name varchar(50) NOT NULL,\n",
    "                    price numeric NOT NULL,\n",
    "                    category_id integer references sales.categories(id)\n",
    "                )\"\"\",\n",
    "\n",
    "                \"\"\"\n",
    "                CREATE TABLE sales.sales(\n",
    "                    id serial primary key NOT NULL,\n",
    "                    price numeric NOT NULL,\n",
    "                    quantity integer NOT NULL,\n",
    "                    customer_id integer references sales.customers(id) NOT NULL,\n",
    "                    product_id integer references sales.products(id) NOT NULL,\n",
    "                    discount numeric NOT NULL\n",
    "                )\"\"\"\n",
    "               )\n",
    "    \n",
    "    try:\n",
    "        for command in commands:\n",
    "            cur.execute(command)\n",
    "        \n",
    "        # close communication with the PostgreSQL database server\n",
    "        cur.close()\n",
    "        \n",
    "        # commit the changes\n",
    "        conn.commit()\n",
    "    \n",
    "    except (Exception, psycopg2.DatabaseError) as error:\n",
    "        print(error)"
   ]
  },
  {
   "cell_type": "code",
   "execution_count": 17,
   "metadata": {},
   "outputs": [],
   "source": [
    "# create tables\n",
    "cur.execute(\"DROP SCHEMA sales CASCADE;\")\n",
    "create_tables()"
   ]
  },
  {
   "cell_type": "code",
   "execution_count": 16,
   "metadata": {},
   "outputs": [],
   "source": [
    "conn.rollback()"
   ]
  },
  {
   "cell_type": "markdown",
   "metadata": {},
   "source": [
    "# Copy local csv data to docker container"
   ]
  },
  {
   "cell_type": "code",
   "execution_count": 49,
   "metadata": {
    "scrolled": true
   },
   "outputs": [
    {
     "name": "stdout",
     "output_type": "stream",
     "text": [
      "CONTAINER ID   IMAGE      COMMAND                  CREATED       STATUS          PORTS                    NAMES\r\n",
      "3f9812e56ca3   postgres   \"docker-entrypoint.s…\"   13 days ago   Up 37 seconds   0.0.0.0:5432->5432/tcp   sales\r\n"
     ]
    }
   ],
   "source": [
    "!docker ps"
   ]
  },
  {
   "cell_type": "code",
   "execution_count": 9,
   "metadata": {},
   "outputs": [],
   "source": [
    "# copy local csv to docker container\n",
    "!docker cp /Users/galaxie500/study/DSE/2020-yuh053/DSE201/states.csv 3f9812e56ca3:/\n",
    "!docker cp /Users/galaxie500/study/DSE/2020-yuh053/DSE201/products.csv 3f9812e56ca3:/\n",
    "!docker cp /Users/galaxie500/study/DSE/2020-yuh053/DSE201/categories.csv 3f9812e56ca3:/\n",
    "!docker cp /Users/galaxie500/study/DSE/2020-yuh053/DSE201/customers.csv 3f9812e56ca3:/\n",
    "!docker cp /Users/galaxie500/study/DSE/2020-yuh053/DSE201/sales.csv 3f9812e56ca3:/"
   ]
  },
  {
   "cell_type": "markdown",
   "metadata": {},
   "source": [
    "# Load csv to sales schema"
   ]
  },
  {
   "cell_type": "code",
   "execution_count": 18,
   "metadata": {
    "scrolled": true
   },
   "outputs": [],
   "source": [
    "%load_ext sql"
   ]
  },
  {
   "cell_type": "code",
   "execution_count": 19,
   "metadata": {
    "scrolled": true
   },
   "outputs": [
    {
     "data": {
      "text/plain": [
       "'Connected: postgres@postgres'"
      ]
     },
     "execution_count": 19,
     "metadata": {},
     "output_type": "execute_result"
    }
   ],
   "source": [
    "# # connect database located on docker with ipython-sql\n",
    "%sql postgresql://postgres:huyuan3@localhost/postgres"
   ]
  },
  {
   "cell_type": "code",
   "execution_count": 20,
   "metadata": {
    "scrolled": false
   },
   "outputs": [
    {
     "name": "stdout",
     "output_type": "stream",
     "text": [
      " * postgresql://postgres:***@localhost/postgres\n",
      "50 rows affected.\n"
     ]
    },
    {
     "data": {
      "text/plain": [
       "[]"
      ]
     },
     "execution_count": 20,
     "metadata": {},
     "output_type": "execute_result"
    }
   ],
   "source": [
    "%%sql\n",
    "COPY sales.states(id, name)\n",
    "FROM '/states.csv'\n",
    "DELIMITER ','\n",
    "CSV HEADER;"
   ]
  },
  {
   "cell_type": "code",
   "execution_count": 21,
   "metadata": {
    "scrolled": true
   },
   "outputs": [
    {
     "name": "stdout",
     "output_type": "stream",
     "text": [
      " * postgresql://postgres:***@localhost/postgres\n",
      "887990 rows affected.\n"
     ]
    },
    {
     "data": {
      "text/plain": [
       "[]"
      ]
     },
     "execution_count": 21,
     "metadata": {},
     "output_type": "execute_result"
    }
   ],
   "source": [
    "%%sql\n",
    "COPY sales.customers(id, f_name, l_name, state_id)\n",
    "FROM '/customers.csv'\n",
    "DELIMITER ','\n",
    "CSV HEADER;"
   ]
  },
  {
   "cell_type": "code",
   "execution_count": 22,
   "metadata": {},
   "outputs": [
    {
     "name": "stdout",
     "output_type": "stream",
     "text": [
      " * postgresql://postgres:***@localhost/postgres\n",
      "20 rows affected.\n"
     ]
    },
    {
     "data": {
      "text/plain": [
       "[]"
      ]
     },
     "execution_count": 22,
     "metadata": {},
     "output_type": "execute_result"
    }
   ],
   "source": [
    "%%sql\n",
    "COPY sales.categories(id, name, description)\n",
    "FROM '/categories.csv'\n",
    "DELIMITER ','\n",
    "CSV HEADER;"
   ]
  },
  {
   "cell_type": "code",
   "execution_count": 23,
   "metadata": {
    "scrolled": true
   },
   "outputs": [
    {
     "name": "stdout",
     "output_type": "stream",
     "text": [
      " * postgresql://postgres:***@localhost/postgres\n",
      "100 rows affected.\n"
     ]
    },
    {
     "data": {
      "text/plain": [
       "[]"
      ]
     },
     "execution_count": 23,
     "metadata": {},
     "output_type": "execute_result"
    }
   ],
   "source": [
    "%%sql\n",
    "COPY sales.products(id, name, price, category_id)\n",
    "FROM '/products.csv'\n",
    "DELIMITER ','\n",
    "CSV HEADER;"
   ]
  },
  {
   "cell_type": "code",
   "execution_count": 24,
   "metadata": {},
   "outputs": [
    {
     "name": "stdout",
     "output_type": "stream",
     "text": [
      " * postgresql://postgres:***@localhost/postgres\n",
      "1776416 rows affected.\n"
     ]
    },
    {
     "data": {
      "text/plain": [
       "[]"
      ]
     },
     "execution_count": 24,
     "metadata": {},
     "output_type": "execute_result"
    }
   ],
   "source": [
    "%%sql\n",
    "COPY sales.sales(id, product_id, customer_id, price, quantity, discount)\n",
    "FROM '/sales.csv'\n",
    "DELIMITER ','\n",
    "CSV HEADER;"
   ]
  },
  {
   "cell_type": "code",
   "execution_count": 368,
   "metadata": {
    "scrolled": false
   },
   "outputs": [
    {
     "data": {
      "text/plain": [
       "(8432258, 6)"
      ]
     },
     "execution_count": 368,
     "metadata": {},
     "output_type": "execute_result"
    }
   ],
   "source": [
    "sales.shape"
   ]
  },
  {
   "cell_type": "markdown",
   "metadata": {},
   "source": [
    "# Writing Queries"
   ]
  },
  {
   "cell_type": "markdown",
   "metadata": {},
   "source": [
    "    helper function: save query result into Dataframe"
   ]
  },
  {
   "cell_type": "code",
   "execution_count": 25,
   "metadata": {},
   "outputs": [],
   "source": [
    "def query_to_df(conn, query, column_names):\n",
    "    \"\"\"\n",
    "    Tranform a SELECT query into a pandas dataframe\n",
    "    \"\"\"\n",
    "    cur = conn.cursor()\n",
    "    try:\n",
    "        cur.execute(query)\n",
    "    except (Exception, psycopg2.DatabaseError) as error:\n",
    "        print(\"Error: %s\" % error)\n",
    "        cur.close()\n",
    "        return 1\n",
    "    \n",
    "    # Naturally we get a list of tuples\n",
    "    tuples = cur.fetchall()\n",
    "    cur.close()\n",
    "    \n",
    "    # We just need to turn it into a pandas dataframe\n",
    "    df = pd.DataFrame(tuples, columns=column_names)\n",
    "    return df"
   ]
  },
  {
   "cell_type": "markdown",
   "metadata": {},
   "source": [
    " ##   QUERY 1"
   ]
  },
  {
   "cell_type": "code",
   "execution_count": 31,
   "metadata": {
    "scrolled": true
   },
   "outputs": [],
   "source": [
    "#query 1\n",
    "#1.1.Show the total sales (total quantity sold and total dollar value) for each customer.\n",
    "#(If customer C has made no purchases, still output C, with 0 quantity and dollars).\n",
    "\n",
    "query1 = \"\"\"\n",
    "         SELECT c.id, sum(quantity) AS total_quantity, sum(price) AS total_value\n",
    "         FROM sales.sales s \n",
    "         FULL JOIN sales.customers c \n",
    "         ON c.id = s.customer_id\n",
    "         GROUP BY c.id\n",
    "         \"\"\"\n",
    "result1 = query_to_df(conn, query1, [\"customer_id\",\"total_quantity\",\"total_value\"])\n",
    "result1.to_csv(\"sales_query1_res.csv\", index=False)"
   ]
  },
  {
   "cell_type": "code",
   "execution_count": 95,
   "metadata": {
    "scrolled": false
   },
   "outputs": [
    {
     "data": {
      "text/html": [
       "<div>\n",
       "<style scoped>\n",
       "    .dataframe tbody tr th:only-of-type {\n",
       "        vertical-align: middle;\n",
       "    }\n",
       "\n",
       "    .dataframe tbody tr th {\n",
       "        vertical-align: top;\n",
       "    }\n",
       "\n",
       "    .dataframe thead th {\n",
       "        text-align: right;\n",
       "    }\n",
       "</style>\n",
       "<table border=\"1\" class=\"dataframe\">\n",
       "  <thead>\n",
       "    <tr style=\"text-align: right;\">\n",
       "      <th></th>\n",
       "      <th>0</th>\n",
       "      <th>1</th>\n",
       "      <th>2</th>\n",
       "      <th>3</th>\n",
       "      <th>4</th>\n",
       "      <th>5</th>\n",
       "      <th>6</th>\n",
       "      <th>7</th>\n",
       "      <th>8</th>\n",
       "      <th>9</th>\n",
       "      <th>10</th>\n",
       "      <th>11</th>\n",
       "      <th>12</th>\n",
       "      <th>13</th>\n",
       "      <th>14</th>\n",
       "      <th>15</th>\n",
       "      <th>16</th>\n",
       "    </tr>\n",
       "  </thead>\n",
       "  <tbody>\n",
       "    <tr>\n",
       "      <th>customer_id</th>\n",
       "      <td>1.00</td>\n",
       "      <td>2.00</td>\n",
       "      <td>3.00</td>\n",
       "      <td>4.00</td>\n",
       "      <td>5.00</td>\n",
       "      <td>6.00</td>\n",
       "      <td>7.00</td>\n",
       "      <td>8.00</td>\n",
       "      <td>9.00</td>\n",
       "      <td>10.00</td>\n",
       "      <td>11.00</td>\n",
       "      <td>12.00</td>\n",
       "      <td>13.00</td>\n",
       "      <td>14.00</td>\n",
       "      <td>15.0</td>\n",
       "      <td>16.00</td>\n",
       "      <td>17.00</td>\n",
       "    </tr>\n",
       "    <tr>\n",
       "      <th>total_quantity</th>\n",
       "      <td>288.00</td>\n",
       "      <td>257.00</td>\n",
       "      <td>628.00</td>\n",
       "      <td>94.00</td>\n",
       "      <td>721.00</td>\n",
       "      <td>251.00</td>\n",
       "      <td>314.00</td>\n",
       "      <td>17.00</td>\n",
       "      <td>6.00</td>\n",
       "      <td>351.00</td>\n",
       "      <td>16.00</td>\n",
       "      <td>540.00</td>\n",
       "      <td>929.00</td>\n",
       "      <td>677.00</td>\n",
       "      <td>773.0</td>\n",
       "      <td>187.00</td>\n",
       "      <td>755.00</td>\n",
       "    </tr>\n",
       "    <tr>\n",
       "      <th>total_value</th>\n",
       "      <td>602.78</td>\n",
       "      <td>63.52</td>\n",
       "      <td>93.71</td>\n",
       "      <td>570.31</td>\n",
       "      <td>347.73</td>\n",
       "      <td>146.52</td>\n",
       "      <td>53.68</td>\n",
       "      <td>235.46</td>\n",
       "      <td>151.26</td>\n",
       "      <td>249.67</td>\n",
       "      <td>277.45</td>\n",
       "      <td>416.33</td>\n",
       "      <td>912.16</td>\n",
       "      <td>19.74</td>\n",
       "      <td>871.9</td>\n",
       "      <td>775.95</td>\n",
       "      <td>937.93</td>\n",
       "    </tr>\n",
       "  </tbody>\n",
       "</table>\n",
       "</div>"
      ],
      "text/plain": [
       "                    0       1       2       3       4       5       6   \\\n",
       "customer_id       1.00    2.00    3.00    4.00    5.00    6.00    7.00   \n",
       "total_quantity  288.00  257.00  628.00   94.00  721.00  251.00  314.00   \n",
       "total_value     602.78   63.52   93.71  570.31  347.73  146.52   53.68   \n",
       "\n",
       "                    7       8       9       10      11      12      13     14  \\\n",
       "customer_id       8.00    9.00   10.00   11.00   12.00   13.00   14.00   15.0   \n",
       "total_quantity   17.00    6.00  351.00   16.00  540.00  929.00  677.00  773.0   \n",
       "total_value     235.46  151.26  249.67  277.45  416.33  912.16   19.74  871.9   \n",
       "\n",
       "                    15      16  \n",
       "customer_id      16.00   17.00  \n",
       "total_quantity  187.00  755.00  \n",
       "total_value     775.95  937.93  "
      ]
     },
     "execution_count": 95,
     "metadata": {},
     "output_type": "execute_result"
    }
   ],
   "source": [
    "res1 = pd.read_csv(\"sales_query1_res.csv\")\n",
    "res1.head(17).T"
   ]
  },
  {
   "cell_type": "markdown",
   "metadata": {},
   "source": [
    "## QUERY PLAN without index"
   ]
  },
  {
   "cell_type": "code",
   "execution_count": 28,
   "metadata": {
    "scrolled": false
   },
   "outputs": [
    {
     "name": "stdout",
     "output_type": "stream",
     "text": [
      " * postgresql://postgres:***@localhost/postgres\n",
      "11 rows affected.\n"
     ]
    },
    {
     "data": {
      "text/html": [
       "<table>\n",
       "    <thead>\n",
       "        <tr>\n",
       "            <th>QUERY PLAN</th>\n",
       "        </tr>\n",
       "    </thead>\n",
       "    <tbody>\n",
       "        <tr>\n",
       "            <td>HashAggregate  (cost=203900.74..232348.43 rows=887990 width=44)</td>\n",
       "        </tr>\n",
       "        <tr>\n",
       "            <td>&nbsp;&nbsp;Group Key: c.id</td>\n",
       "        </tr>\n",
       "        <tr>\n",
       "            <td>&nbsp;&nbsp;Planned Partitions: 128</td>\n",
       "        </tr>\n",
       "        <tr>\n",
       "            <td>&nbsp;&nbsp;-&gt;  Hash Full Join  (cost=29351.78..85658.05 rows=1776416 width=14)</td>\n",
       "        </tr>\n",
       "        <tr>\n",
       "            <td>&nbsp;&nbsp;&nbsp;&nbsp;&nbsp;&nbsp;&nbsp;&nbsp;Hash Cond: (s.customer_id = c.id)</td>\n",
       "        </tr>\n",
       "        <tr>\n",
       "            <td>&nbsp;&nbsp;&nbsp;&nbsp;&nbsp;&nbsp;&nbsp;&nbsp;-&gt;  Seq Scan on sales s  (cost=0.00..30826.16 rows=1776416 width=14)</td>\n",
       "        </tr>\n",
       "        <tr>\n",
       "            <td>&nbsp;&nbsp;&nbsp;&nbsp;&nbsp;&nbsp;&nbsp;&nbsp;-&gt;  Hash  (cost=14782.90..14782.90 rows=887990 width=4)</td>\n",
       "        </tr>\n",
       "        <tr>\n",
       "            <td>&nbsp;&nbsp;&nbsp;&nbsp;&nbsp;&nbsp;&nbsp;&nbsp;&nbsp;&nbsp;&nbsp;&nbsp;&nbsp;&nbsp;-&gt;  Seq Scan on customers c  (cost=0.00..14782.90 rows=887990 width=4)</td>\n",
       "        </tr>\n",
       "        <tr>\n",
       "            <td>JIT:</td>\n",
       "        </tr>\n",
       "        <tr>\n",
       "            <td>&nbsp;&nbsp;Functions: 12</td>\n",
       "        </tr>\n",
       "        <tr>\n",
       "            <td>&nbsp;&nbsp;Options: Inlining false, Optimization false, Expressions true, Deforming true</td>\n",
       "        </tr>\n",
       "    </tbody>\n",
       "</table>"
      ],
      "text/plain": [
       "[('HashAggregate  (cost=203900.74..232348.43 rows=887990 width=44)',),\n",
       " ('  Group Key: c.id',),\n",
       " ('  Planned Partitions: 128',),\n",
       " ('  ->  Hash Full Join  (cost=29351.78..85658.05 rows=1776416 width=14)',),\n",
       " ('        Hash Cond: (s.customer_id = c.id)',),\n",
       " ('        ->  Seq Scan on sales s  (cost=0.00..30826.16 rows=1776416 width=14)',),\n",
       " ('        ->  Hash  (cost=14782.90..14782.90 rows=887990 width=4)',),\n",
       " ('              ->  Seq Scan on customers c  (cost=0.00..14782.90 rows=887990 width=4)',),\n",
       " ('JIT:',),\n",
       " ('  Functions: 12',),\n",
       " ('  Options: Inlining false, Optimization false, Expressions true, Deforming true',)]"
      ]
     },
     "execution_count": 28,
     "metadata": {},
     "output_type": "execute_result"
    }
   ],
   "source": [
    "%%sql\n",
    "EXPLAIN\n",
    "SELECT c.id, sum(quantity) AS total_quantity, sum(price) AS total_value\n",
    "FROM sales.sales s \n",
    "FULL JOIN sales.customers c \n",
    "ON c.id = s.customer_id\n",
    "GROUP BY c.id;"
   ]
  },
  {
   "cell_type": "code",
   "execution_count": null,
   "metadata": {},
   "outputs": [],
   "source": [
    "EXPLAIN SELECT customer_name,sum(quantity),sum(price) \n",
    "FROM sales.sale s \n",
    "NATURAL JOIN sales.customer c \n",
    "GROUP BY c.customer_id"
   ]
  },
  {
   "cell_type": "code",
   "execution_count": 19,
   "metadata": {},
   "outputs": [
    {
     "data": {
      "text/plain": [
       "1"
      ]
     },
     "execution_count": 19,
     "metadata": {},
     "output_type": "execute_result"
    }
   ],
   "source": [
    "result1"
   ]
  },
  {
   "cell_type": "markdown",
   "metadata": {},
   "source": [
    "##    QUERY 2"
   ]
  },
  {
   "cell_type": "code",
   "execution_count": 32,
   "metadata": {},
   "outputs": [],
   "source": [
    "#query 2\n",
    "#2.Show the total sales (total quantity sold and total dollar value) for each state.\n",
    "#(If a state has 0 sales,  list it explicitly as such in the output).\n",
    "query2 = \"\"\"\n",
    "         SELECT st.name, sum(quantity) AS total_quantity, sum(price) AS total_value\n",
    "         FROM sales.sales s \n",
    "         FULL JOIN sales.customers c \n",
    "         ON s.customer_id = c.id\n",
    "         FULL JOIN sales.states st \n",
    "         ON st.id = c.state_id\n",
    "         GROUP BY st.name\n",
    "         \"\"\"\n",
    "result2 = query_to_df(conn, query2, [\"state_name\",\"total_quantity\",\"total_value\"])\n",
    "result2.to_csv(\"sales_query2_res.csv\", index=False)"
   ]
  },
  {
   "cell_type": "code",
   "execution_count": 33,
   "metadata": {
    "scrolled": false
   },
   "outputs": [
    {
     "data": {
      "text/html": [
       "<div>\n",
       "<style scoped>\n",
       "    .dataframe tbody tr th:only-of-type {\n",
       "        vertical-align: middle;\n",
       "    }\n",
       "\n",
       "    .dataframe tbody tr th {\n",
       "        vertical-align: top;\n",
       "    }\n",
       "\n",
       "    .dataframe thead th {\n",
       "        text-align: right;\n",
       "    }\n",
       "</style>\n",
       "<table border=\"1\" class=\"dataframe\">\n",
       "  <thead>\n",
       "    <tr style=\"text-align: right;\">\n",
       "      <th></th>\n",
       "      <th>0</th>\n",
       "      <th>1</th>\n",
       "      <th>2</th>\n",
       "      <th>3</th>\n",
       "      <th>4</th>\n",
       "      <th>5</th>\n",
       "      <th>6</th>\n",
       "      <th>7</th>\n",
       "      <th>8</th>\n",
       "      <th>9</th>\n",
       "      <th>10</th>\n",
       "      <th>11</th>\n",
       "      <th>12</th>\n",
       "      <th>13</th>\n",
       "      <th>14</th>\n",
       "      <th>15</th>\n",
       "      <th>16</th>\n",
       "    </tr>\n",
       "  </thead>\n",
       "  <tbody>\n",
       "    <tr>\n",
       "      <th>state_name</th>\n",
       "      <td>Nevada</td>\n",
       "      <td>West Virginia</td>\n",
       "      <td>South Carolina</td>\n",
       "      <td>New Mexico</td>\n",
       "      <td>Arkansas</td>\n",
       "      <td>South Dakota</td>\n",
       "      <td>Washington</td>\n",
       "      <td>Kentucky</td>\n",
       "      <td>Nebraska</td>\n",
       "      <td>Tennessee</td>\n",
       "      <td>Oregon</td>\n",
       "      <td>Idaho</td>\n",
       "      <td>Alabama</td>\n",
       "      <td>Colorado</td>\n",
       "      <td>Mississippi</td>\n",
       "      <td>Louisiana</td>\n",
       "      <td>New Jersey</td>\n",
       "    </tr>\n",
       "    <tr>\n",
       "      <th>total_quantity</th>\n",
       "      <td>18004571</td>\n",
       "      <td>17836883</td>\n",
       "      <td>17598327</td>\n",
       "      <td>17760982</td>\n",
       "      <td>17655939</td>\n",
       "      <td>17709025</td>\n",
       "      <td>17779261</td>\n",
       "      <td>17968744</td>\n",
       "      <td>17684679</td>\n",
       "      <td>17764549</td>\n",
       "      <td>17540386</td>\n",
       "      <td>17791904</td>\n",
       "      <td>17793381</td>\n",
       "      <td>17615501</td>\n",
       "      <td>17804593</td>\n",
       "      <td>17952737</td>\n",
       "      <td>17602552</td>\n",
       "    </tr>\n",
       "    <tr>\n",
       "      <th>total_value</th>\n",
       "      <td>1.80456e+07</td>\n",
       "      <td>1.79368e+07</td>\n",
       "      <td>1.77322e+07</td>\n",
       "      <td>1.79111e+07</td>\n",
       "      <td>1.77309e+07</td>\n",
       "      <td>1.77539e+07</td>\n",
       "      <td>1.76517e+07</td>\n",
       "      <td>1.79613e+07</td>\n",
       "      <td>1.78147e+07</td>\n",
       "      <td>1.78656e+07</td>\n",
       "      <td>1.74635e+07</td>\n",
       "      <td>1.78418e+07</td>\n",
       "      <td>1.77424e+07</td>\n",
       "      <td>1.75642e+07</td>\n",
       "      <td>1.78986e+07</td>\n",
       "      <td>1.80019e+07</td>\n",
       "      <td>1.75871e+07</td>\n",
       "    </tr>\n",
       "  </tbody>\n",
       "</table>\n",
       "</div>"
      ],
      "text/plain": [
       "                         0              1               2            3   \\\n",
       "state_name           Nevada  West Virginia  South Carolina   New Mexico   \n",
       "total_quantity     18004571       17836883        17598327     17760982   \n",
       "total_value     1.80456e+07    1.79368e+07     1.77322e+07  1.79111e+07   \n",
       "\n",
       "                         4             5            6            7   \\\n",
       "state_name         Arkansas  South Dakota   Washington     Kentucky   \n",
       "total_quantity     17655939      17709025     17779261     17968744   \n",
       "total_value     1.77309e+07   1.77539e+07  1.76517e+07  1.79613e+07   \n",
       "\n",
       "                         8            9            10           11  \\\n",
       "state_name         Nebraska    Tennessee       Oregon        Idaho   \n",
       "total_quantity     17684679     17764549     17540386     17791904   \n",
       "total_value     1.78147e+07  1.78656e+07  1.74635e+07  1.78418e+07   \n",
       "\n",
       "                         12           13           14           15  \\\n",
       "state_name          Alabama     Colorado  Mississippi    Louisiana   \n",
       "total_quantity     17793381     17615501     17804593     17952737   \n",
       "total_value     1.77424e+07  1.75642e+07  1.78986e+07  1.80019e+07   \n",
       "\n",
       "                         16  \n",
       "state_name       New Jersey  \n",
       "total_quantity     17602552  \n",
       "total_value     1.75871e+07  "
      ]
     },
     "execution_count": 33,
     "metadata": {},
     "output_type": "execute_result"
    }
   ],
   "source": [
    "res2 = pd.read_csv(\"sales_query2_res.csv\")\n",
    "res2.head(17).T"
   ]
  },
  {
   "cell_type": "markdown",
   "metadata": {},
   "source": [
    "## QUERY PLAN without index"
   ]
  },
  {
   "cell_type": "code",
   "execution_count": 34,
   "metadata": {},
   "outputs": [
    {
     "name": "stdout",
     "output_type": "stream",
     "text": [
      " * postgresql://postgres:***@localhost/postgres\n",
      "14 rows affected.\n"
     ]
    },
    {
     "data": {
      "text/html": [
       "<table>\n",
       "    <thead>\n",
       "        <tr>\n",
       "            <th>QUERY PLAN</th>\n",
       "        </tr>\n",
       "    </thead>\n",
       "    <tbody>\n",
       "        <tr>\n",
       "            <td>HashAggregate  (cost=103703.01..103705.51 rows=200 width=158)</td>\n",
       "        </tr>\n",
       "        <tr>\n",
       "            <td>&nbsp;&nbsp;Group Key: st.name</td>\n",
       "        </tr>\n",
       "        <tr>\n",
       "            <td>&nbsp;&nbsp;-&gt;  Hash Full Join  (cost=29373.93..90379.89 rows=1776416 width=128)</td>\n",
       "        </tr>\n",
       "        <tr>\n",
       "            <td>&nbsp;&nbsp;&nbsp;&nbsp;&nbsp;&nbsp;&nbsp;&nbsp;Hash Cond: (c.state_id = st.id)</td>\n",
       "        </tr>\n",
       "        <tr>\n",
       "            <td>&nbsp;&nbsp;&nbsp;&nbsp;&nbsp;&nbsp;&nbsp;&nbsp;-&gt;  Hash Full Join  (cost=29351.78..85658.05 rows=1776416 width=14)</td>\n",
       "        </tr>\n",
       "        <tr>\n",
       "            <td>&nbsp;&nbsp;&nbsp;&nbsp;&nbsp;&nbsp;&nbsp;&nbsp;&nbsp;&nbsp;&nbsp;&nbsp;&nbsp;&nbsp;Hash Cond: (s.customer_id = c.id)</td>\n",
       "        </tr>\n",
       "        <tr>\n",
       "            <td>&nbsp;&nbsp;&nbsp;&nbsp;&nbsp;&nbsp;&nbsp;&nbsp;&nbsp;&nbsp;&nbsp;&nbsp;&nbsp;&nbsp;-&gt;  Seq Scan on sales s  (cost=0.00..30826.16 rows=1776416 width=14)</td>\n",
       "        </tr>\n",
       "        <tr>\n",
       "            <td>&nbsp;&nbsp;&nbsp;&nbsp;&nbsp;&nbsp;&nbsp;&nbsp;&nbsp;&nbsp;&nbsp;&nbsp;&nbsp;&nbsp;-&gt;  Hash  (cost=14782.90..14782.90 rows=887990 width=8)</td>\n",
       "        </tr>\n",
       "        <tr>\n",
       "            <td>&nbsp;&nbsp;&nbsp;&nbsp;&nbsp;&nbsp;&nbsp;&nbsp;&nbsp;&nbsp;&nbsp;&nbsp;&nbsp;&nbsp;&nbsp;&nbsp;&nbsp;&nbsp;&nbsp;&nbsp;-&gt;  Seq Scan on customers c  (cost=0.00..14782.90 rows=887990 width=8)</td>\n",
       "        </tr>\n",
       "        <tr>\n",
       "            <td>&nbsp;&nbsp;&nbsp;&nbsp;&nbsp;&nbsp;&nbsp;&nbsp;-&gt;  Hash  (cost=15.40..15.40 rows=540 width=122)</td>\n",
       "        </tr>\n",
       "        <tr>\n",
       "            <td>&nbsp;&nbsp;&nbsp;&nbsp;&nbsp;&nbsp;&nbsp;&nbsp;&nbsp;&nbsp;&nbsp;&nbsp;&nbsp;&nbsp;-&gt;  Seq Scan on states st  (cost=0.00..15.40 rows=540 width=122)</td>\n",
       "        </tr>\n",
       "        <tr>\n",
       "            <td>JIT:</td>\n",
       "        </tr>\n",
       "        <tr>\n",
       "            <td>&nbsp;&nbsp;Functions: 20</td>\n",
       "        </tr>\n",
       "        <tr>\n",
       "            <td>&nbsp;&nbsp;Options: Inlining false, Optimization false, Expressions true, Deforming true</td>\n",
       "        </tr>\n",
       "    </tbody>\n",
       "</table>"
      ],
      "text/plain": [
       "[('HashAggregate  (cost=103703.01..103705.51 rows=200 width=158)',),\n",
       " ('  Group Key: st.name',),\n",
       " ('  ->  Hash Full Join  (cost=29373.93..90379.89 rows=1776416 width=128)',),\n",
       " ('        Hash Cond: (c.state_id = st.id)',),\n",
       " ('        ->  Hash Full Join  (cost=29351.78..85658.05 rows=1776416 width=14)',),\n",
       " ('              Hash Cond: (s.customer_id = c.id)',),\n",
       " ('              ->  Seq Scan on sales s  (cost=0.00..30826.16 rows=1776416 width=14)',),\n",
       " ('              ->  Hash  (cost=14782.90..14782.90 rows=887990 width=8)',),\n",
       " ('                    ->  Seq Scan on customers c  (cost=0.00..14782.90 rows=887990 width=8)',),\n",
       " ('        ->  Hash  (cost=15.40..15.40 rows=540 width=122)',),\n",
       " ('              ->  Seq Scan on states st  (cost=0.00..15.40 rows=540 width=122)',),\n",
       " ('JIT:',),\n",
       " ('  Functions: 20',),\n",
       " ('  Options: Inlining false, Optimization false, Expressions true, Deforming true',)]"
      ]
     },
     "execution_count": 34,
     "metadata": {},
     "output_type": "execute_result"
    }
   ],
   "source": [
    "%%sql\n",
    "EXPLAIN\n",
    "SELECT st.name, sum(quantity) AS total_quantity, sum(price) AS total_value\n",
    "FROM sales.sales s \n",
    "FULL JOIN sales.customers c \n",
    "ON s.customer_id = c.id\n",
    "FULL JOIN sales.states st \n",
    "ON st.id = c.state_id\n",
    "GROUP BY st.name"
   ]
  },
  {
   "cell_type": "markdown",
   "metadata": {},
   "source": [
    " ##   QUERY 3"
   ]
  },
  {
   "cell_type": "code",
   "execution_count": 46,
   "metadata": {},
   "outputs": [],
   "source": [
    "#query 3\n",
    "#3.Show the total sales for each product, for a given customer. \n",
    "#Only products that were actually bought by the given customer are listed. \n",
    "#Order by dollar value. It is fine if your query hardcodes a specific customer id (full points). \n",
    "#Better would be to write a parameterized query (postgres function) that takes the customer id (cust_id) as argument. \n",
    "#Also great: list for EVERY customer.\n",
    "#The output schema should be (pid, cust_id, total).\n",
    "\n",
    "query3 = \"\"\"\n",
    "         SELECT product_id, sum(quantity) AS total_quantity, sum(price) AS total_value\n",
    "         FROM sales.sales s \n",
    "         WHERE customer_id = 999\n",
    "         GROUP BY product_id \n",
    "         ORDER BY total_value\n",
    "         \"\"\"\n",
    "result3 = query_to_df(conn, query3, [\"product_id\",\"total_quantity\",\"total_value\"])\n",
    "result3.to_csv(\"sales_query3_res.csv\", index=False)"
   ]
  },
  {
   "cell_type": "code",
   "execution_count": 99,
   "metadata": {
    "scrolled": true
   },
   "outputs": [
    {
     "data": {
      "text/html": [
       "<div>\n",
       "<style scoped>\n",
       "    .dataframe tbody tr th:only-of-type {\n",
       "        vertical-align: middle;\n",
       "    }\n",
       "\n",
       "    .dataframe tbody tr th {\n",
       "        vertical-align: top;\n",
       "    }\n",
       "\n",
       "    .dataframe thead th {\n",
       "        text-align: right;\n",
       "    }\n",
       "</style>\n",
       "<table border=\"1\" class=\"dataframe\">\n",
       "  <thead>\n",
       "    <tr style=\"text-align: right;\">\n",
       "      <th></th>\n",
       "      <th>product_id</th>\n",
       "      <th>total_quantity</th>\n",
       "      <th>total_value</th>\n",
       "    </tr>\n",
       "  </thead>\n",
       "  <tbody>\n",
       "    <tr>\n",
       "      <th>0</th>\n",
       "      <td>31</td>\n",
       "      <td>712</td>\n",
       "      <td>349.19</td>\n",
       "    </tr>\n",
       "    <tr>\n",
       "      <th>1</th>\n",
       "      <td>3</td>\n",
       "      <td>605</td>\n",
       "      <td>656.31</td>\n",
       "    </tr>\n",
       "    <tr>\n",
       "      <th>2</th>\n",
       "      <td>0</td>\n",
       "      <td>78</td>\n",
       "      <td>776.98</td>\n",
       "    </tr>\n",
       "    <tr>\n",
       "      <th>3</th>\n",
       "      <td>20</td>\n",
       "      <td>159</td>\n",
       "      <td>819.94</td>\n",
       "    </tr>\n",
       "  </tbody>\n",
       "</table>\n",
       "</div>"
      ],
      "text/plain": [
       "   product_id  total_quantity  total_value\n",
       "0          31             712       349.19\n",
       "1           3             605       656.31\n",
       "2           0              78       776.98\n",
       "3          20             159       819.94"
      ]
     },
     "execution_count": 99,
     "metadata": {},
     "output_type": "execute_result"
    }
   ],
   "source": [
    "res3 = pd.read_csv(\"sales_query3_res.csv\")\n",
    "res3"
   ]
  },
  {
   "cell_type": "markdown",
   "metadata": {},
   "source": [
    "## QUERY PLAN without index"
   ]
  },
  {
   "cell_type": "code",
   "execution_count": 77,
   "metadata": {
    "scrolled": false
   },
   "outputs": [
    {
     "name": "stdout",
     "output_type": "stream",
     "text": [
      " * postgresql://postgres:***@localhost/postgres\n",
      "12 rows affected.\n"
     ]
    },
    {
     "data": {
      "text/html": [
       "<table>\n",
       "    <thead>\n",
       "        <tr>\n",
       "            <th>QUERY PLAN</th>\n",
       "        </tr>\n",
       "    </thead>\n",
       "    <tbody>\n",
       "        <tr>\n",
       "            <td>Sort  (cost=23314.54..23314.55 rows=3 width=44)</td>\n",
       "        </tr>\n",
       "        <tr>\n",
       "            <td>&nbsp;&nbsp;Sort Key: (sum(price))</td>\n",
       "        </tr>\n",
       "        <tr>\n",
       "            <td>&nbsp;&nbsp;-&gt;  Finalize GroupAggregate  (cost=23314.20..23314.51 rows=3 width=44)</td>\n",
       "        </tr>\n",
       "        <tr>\n",
       "            <td>&nbsp;&nbsp;&nbsp;&nbsp;&nbsp;&nbsp;&nbsp;&nbsp;Group Key: product_id</td>\n",
       "        </tr>\n",
       "        <tr>\n",
       "            <td>&nbsp;&nbsp;&nbsp;&nbsp;&nbsp;&nbsp;&nbsp;&nbsp;-&gt;  Gather Merge  (cost=23314.20..23314.46 rows=2 width=44)</td>\n",
       "        </tr>\n",
       "        <tr>\n",
       "            <td>&nbsp;&nbsp;&nbsp;&nbsp;&nbsp;&nbsp;&nbsp;&nbsp;&nbsp;&nbsp;&nbsp;&nbsp;&nbsp;&nbsp;Workers Planned: 2</td>\n",
       "        </tr>\n",
       "        <tr>\n",
       "            <td>&nbsp;&nbsp;&nbsp;&nbsp;&nbsp;&nbsp;&nbsp;&nbsp;&nbsp;&nbsp;&nbsp;&nbsp;&nbsp;&nbsp;-&gt;  Partial GroupAggregate  (cost=22314.18..22314.20 rows=1 width=44)</td>\n",
       "        </tr>\n",
       "        <tr>\n",
       "            <td>&nbsp;&nbsp;&nbsp;&nbsp;&nbsp;&nbsp;&nbsp;&nbsp;&nbsp;&nbsp;&nbsp;&nbsp;&nbsp;&nbsp;&nbsp;&nbsp;&nbsp;&nbsp;&nbsp;&nbsp;Group Key: product_id</td>\n",
       "        </tr>\n",
       "        <tr>\n",
       "            <td>&nbsp;&nbsp;&nbsp;&nbsp;&nbsp;&nbsp;&nbsp;&nbsp;&nbsp;&nbsp;&nbsp;&nbsp;&nbsp;&nbsp;&nbsp;&nbsp;&nbsp;&nbsp;&nbsp;&nbsp;-&gt;  Sort  (cost=22314.18..22314.18 rows=1 width=14)</td>\n",
       "        </tr>\n",
       "        <tr>\n",
       "            <td>&nbsp;&nbsp;&nbsp;&nbsp;&nbsp;&nbsp;&nbsp;&nbsp;&nbsp;&nbsp;&nbsp;&nbsp;&nbsp;&nbsp;&nbsp;&nbsp;&nbsp;&nbsp;&nbsp;&nbsp;&nbsp;&nbsp;&nbsp;&nbsp;&nbsp;&nbsp;Sort Key: product_id</td>\n",
       "        </tr>\n",
       "        <tr>\n",
       "            <td>&nbsp;&nbsp;&nbsp;&nbsp;&nbsp;&nbsp;&nbsp;&nbsp;&nbsp;&nbsp;&nbsp;&nbsp;&nbsp;&nbsp;&nbsp;&nbsp;&nbsp;&nbsp;&nbsp;&nbsp;&nbsp;&nbsp;&nbsp;&nbsp;&nbsp;&nbsp;-&gt;  Parallel Seq Scan on sales s  (cost=0.00..22314.17 rows=1 width=14)</td>\n",
       "        </tr>\n",
       "        <tr>\n",
       "            <td>&nbsp;&nbsp;&nbsp;&nbsp;&nbsp;&nbsp;&nbsp;&nbsp;&nbsp;&nbsp;&nbsp;&nbsp;&nbsp;&nbsp;&nbsp;&nbsp;&nbsp;&nbsp;&nbsp;&nbsp;&nbsp;&nbsp;&nbsp;&nbsp;&nbsp;&nbsp;&nbsp;&nbsp;&nbsp;&nbsp;&nbsp;&nbsp;Filter: (customer_id = 999)</td>\n",
       "        </tr>\n",
       "    </tbody>\n",
       "</table>"
      ],
      "text/plain": [
       "[('Sort  (cost=23314.54..23314.55 rows=3 width=44)',),\n",
       " ('  Sort Key: (sum(price))',),\n",
       " ('  ->  Finalize GroupAggregate  (cost=23314.20..23314.51 rows=3 width=44)',),\n",
       " ('        Group Key: product_id',),\n",
       " ('        ->  Gather Merge  (cost=23314.20..23314.46 rows=2 width=44)',),\n",
       " ('              Workers Planned: 2',),\n",
       " ('              ->  Partial GroupAggregate  (cost=22314.18..22314.20 rows=1 width=44)',),\n",
       " ('                    Group Key: product_id',),\n",
       " ('                    ->  Sort  (cost=22314.18..22314.18 rows=1 width=14)',),\n",
       " ('                          Sort Key: product_id',),\n",
       " ('                          ->  Parallel Seq Scan on sales s  (cost=0.00..22314.17 rows=1 width=14)',),\n",
       " ('                                Filter: (customer_id = 999)',)]"
      ]
     },
     "execution_count": 77,
     "metadata": {},
     "output_type": "execute_result"
    }
   ],
   "source": [
    "%%sql\n",
    "EXPLAIN \n",
    "SELECT product_id, sum(quantity) AS total_quantity, sum(price) AS total_value\n",
    "FROM sales.sales s \n",
    "WHERE customer_id = 999\n",
    "GROUP BY product_id \n",
    "ORDER BY total_value"
   ]
  },
  {
   "cell_type": "markdown",
   "metadata": {},
   "source": [
    "## Create index on customer_id"
   ]
  },
  {
   "cell_type": "code",
   "execution_count": 78,
   "metadata": {
    "scrolled": false
   },
   "outputs": [
    {
     "name": "stdout",
     "output_type": "stream",
     "text": [
      " * postgresql://postgres:***@localhost/postgres\n",
      "Done.\n"
     ]
    },
    {
     "data": {
      "text/plain": [
       "[]"
      ]
     },
     "execution_count": 78,
     "metadata": {},
     "output_type": "execute_result"
    }
   ],
   "source": [
    "%%sql\n",
    "CREATE INDEX customer_id_index ON sales.sales(customer_id)"
   ]
  },
  {
   "cell_type": "markdown",
   "metadata": {},
   "source": [
    "## QUERY PLAN with index"
   ]
  },
  {
   "cell_type": "code",
   "execution_count": 79,
   "metadata": {},
   "outputs": [
    {
     "name": "stdout",
     "output_type": "stream",
     "text": [
      " * postgresql://postgres:***@localhost/postgres\n",
      "8 rows affected.\n"
     ]
    },
    {
     "data": {
      "text/html": [
       "<table>\n",
       "    <thead>\n",
       "        <tr>\n",
       "            <th>QUERY PLAN</th>\n",
       "        </tr>\n",
       "    </thead>\n",
       "    <tbody>\n",
       "        <tr>\n",
       "            <td>Sort  (cost=8.60..8.60 rows=3 width=44)</td>\n",
       "        </tr>\n",
       "        <tr>\n",
       "            <td>&nbsp;&nbsp;Sort Key: (sum(price))</td>\n",
       "        </tr>\n",
       "        <tr>\n",
       "            <td>&nbsp;&nbsp;-&gt;  GroupAggregate  (cost=8.50..8.57 rows=3 width=44)</td>\n",
       "        </tr>\n",
       "        <tr>\n",
       "            <td>&nbsp;&nbsp;&nbsp;&nbsp;&nbsp;&nbsp;&nbsp;&nbsp;Group Key: product_id</td>\n",
       "        </tr>\n",
       "        <tr>\n",
       "            <td>&nbsp;&nbsp;&nbsp;&nbsp;&nbsp;&nbsp;&nbsp;&nbsp;-&gt;  Sort  (cost=8.50..8.51 rows=3 width=14)</td>\n",
       "        </tr>\n",
       "        <tr>\n",
       "            <td>&nbsp;&nbsp;&nbsp;&nbsp;&nbsp;&nbsp;&nbsp;&nbsp;&nbsp;&nbsp;&nbsp;&nbsp;&nbsp;&nbsp;Sort Key: product_id</td>\n",
       "        </tr>\n",
       "        <tr>\n",
       "            <td>&nbsp;&nbsp;&nbsp;&nbsp;&nbsp;&nbsp;&nbsp;&nbsp;&nbsp;&nbsp;&nbsp;&nbsp;&nbsp;&nbsp;-&gt;  Index Scan using customer_id_index on sales s  (cost=0.43..8.48 rows=3 width=14)</td>\n",
       "        </tr>\n",
       "        <tr>\n",
       "            <td>&nbsp;&nbsp;&nbsp;&nbsp;&nbsp;&nbsp;&nbsp;&nbsp;&nbsp;&nbsp;&nbsp;&nbsp;&nbsp;&nbsp;&nbsp;&nbsp;&nbsp;&nbsp;&nbsp;&nbsp;Index Cond: (customer_id = 999)</td>\n",
       "        </tr>\n",
       "    </tbody>\n",
       "</table>"
      ],
      "text/plain": [
       "[('Sort  (cost=8.60..8.60 rows=3 width=44)',),\n",
       " ('  Sort Key: (sum(price))',),\n",
       " ('  ->  GroupAggregate  (cost=8.50..8.57 rows=3 width=44)',),\n",
       " ('        Group Key: product_id',),\n",
       " ('        ->  Sort  (cost=8.50..8.51 rows=3 width=14)',),\n",
       " ('              Sort Key: product_id',),\n",
       " ('              ->  Index Scan using customer_id_index on sales s  (cost=0.43..8.48 rows=3 width=14)',),\n",
       " ('                    Index Cond: (customer_id = 999)',)]"
      ]
     },
     "execution_count": 79,
     "metadata": {},
     "output_type": "execute_result"
    }
   ],
   "source": [
    "%%sql\n",
    "EXPLAIN \n",
    "SELECT product_id, sum(quantity) AS total_quantity, sum(price) AS total_value\n",
    "FROM sales.sales s \n",
    "WHERE customer_id = 999\n",
    "GROUP BY product_id \n",
    "ORDER BY total_value"
   ]
  },
  {
   "cell_type": "markdown",
   "metadata": {},
   "source": [
    " ##   QUERY 4"
   ]
  },
  {
   "cell_type": "code",
   "execution_count": 139,
   "metadata": {},
   "outputs": [],
   "source": [
    "#query 4\n",
    "#4.Show the total sales for each product and customer. Order by dollar value.\n",
    "#Compared to 3. you will return all tuples 3. returns, plus also show entries for customers C and \n",
    "#products P such that C did not buy P (list C, P with 0 total sales).\n",
    "\n",
    "query4 = \"\"\"\n",
    "         SELECT product_id, customer_id, sum(price) AS total_value \n",
    "         FROM sales.sales \n",
    "         GROUP BY product_id, customer_id \n",
    "         ORDER BY total_value DESC\n",
    "         \"\"\"\n",
    "result4 = query_to_df(conn, query4, [\"product_id\",\"customer_id\",\"total_value\"])\n",
    "result4.to_csv(\"sales_query4_res.csv\", index=False)"
   ]
  },
  {
   "cell_type": "code",
   "execution_count": 141,
   "metadata": {},
   "outputs": [
    {
     "data": {
      "text/html": [
       "<div>\n",
       "<style scoped>\n",
       "    .dataframe tbody tr th:only-of-type {\n",
       "        vertical-align: middle;\n",
       "    }\n",
       "\n",
       "    .dataframe tbody tr th {\n",
       "        vertical-align: top;\n",
       "    }\n",
       "\n",
       "    .dataframe thead th {\n",
       "        text-align: right;\n",
       "    }\n",
       "</style>\n",
       "<table border=\"1\" class=\"dataframe\">\n",
       "  <thead>\n",
       "    <tr style=\"text-align: right;\">\n",
       "      <th></th>\n",
       "      <th>0</th>\n",
       "      <th>1</th>\n",
       "      <th>2</th>\n",
       "      <th>3</th>\n",
       "      <th>4</th>\n",
       "      <th>5</th>\n",
       "      <th>6</th>\n",
       "      <th>7</th>\n",
       "      <th>8</th>\n",
       "      <th>9</th>\n",
       "      <th>10</th>\n",
       "      <th>11</th>\n",
       "      <th>12</th>\n",
       "    </tr>\n",
       "  </thead>\n",
       "  <tbody>\n",
       "    <tr>\n",
       "      <th>product_id</th>\n",
       "      <td>37.00</td>\n",
       "      <td>17.00</td>\n",
       "      <td>56.00</td>\n",
       "      <td>63.00</td>\n",
       "      <td>61.00</td>\n",
       "      <td>77.00</td>\n",
       "      <td>18.0</td>\n",
       "      <td>15.00</td>\n",
       "      <td>98.00</td>\n",
       "      <td>47.0</td>\n",
       "      <td>5.0</td>\n",
       "      <td>64.00</td>\n",
       "      <td>80.00</td>\n",
       "    </tr>\n",
       "    <tr>\n",
       "      <th>customer_id</th>\n",
       "      <td>130419.00</td>\n",
       "      <td>41571.00</td>\n",
       "      <td>404433.00</td>\n",
       "      <td>613507.00</td>\n",
       "      <td>784680.00</td>\n",
       "      <td>87665.00</td>\n",
       "      <td>837280.0</td>\n",
       "      <td>794654.00</td>\n",
       "      <td>803896.00</td>\n",
       "      <td>256989.0</td>\n",
       "      <td>673023.0</td>\n",
       "      <td>748105.00</td>\n",
       "      <td>642338.00</td>\n",
       "    </tr>\n",
       "    <tr>\n",
       "      <th>total_value</th>\n",
       "      <td>2615.24</td>\n",
       "      <td>2586.44</td>\n",
       "      <td>2143.19</td>\n",
       "      <td>2138.91</td>\n",
       "      <td>2134.52</td>\n",
       "      <td>2074.12</td>\n",
       "      <td>2038.9</td>\n",
       "      <td>2033.16</td>\n",
       "      <td>1995.91</td>\n",
       "      <td>1991.1</td>\n",
       "      <td>1984.0</td>\n",
       "      <td>1979.46</td>\n",
       "      <td>1979.35</td>\n",
       "    </tr>\n",
       "  </tbody>\n",
       "</table>\n",
       "</div>"
      ],
      "text/plain": [
       "                    0         1          2          3          4         5   \\\n",
       "product_id       37.00     17.00      56.00      63.00      61.00     77.00   \n",
       "customer_id  130419.00  41571.00  404433.00  613507.00  784680.00  87665.00   \n",
       "total_value    2615.24   2586.44    2143.19    2138.91    2134.52   2074.12   \n",
       "\n",
       "                   6          7          8         9         10         11  \\\n",
       "product_id       18.0      15.00      98.00      47.0       5.0      64.00   \n",
       "customer_id  837280.0  794654.00  803896.00  256989.0  673023.0  748105.00   \n",
       "total_value    2038.9    2033.16    1995.91    1991.1    1984.0    1979.46   \n",
       "\n",
       "                    12  \n",
       "product_id       80.00  \n",
       "customer_id  642338.00  \n",
       "total_value    1979.35  "
      ]
     },
     "execution_count": 141,
     "metadata": {},
     "output_type": "execute_result"
    }
   ],
   "source": [
    "res4 = pd.read_csv(\"sales_query4_res.csv\")\n",
    "res4.head(13).T"
   ]
  },
  {
   "cell_type": "markdown",
   "metadata": {},
   "source": [
    " ##   QUERY 5"
   ]
  },
  {
   "cell_type": "code",
   "execution_count": 213,
   "metadata": {},
   "outputs": [],
   "source": [
    "#query 5\n",
    "#5.Show the total sales for each product category and state.\n",
    "#The output schema should be (category id, state).\n",
    "\n",
    "query5 = \"\"\"\n",
    "         SELECT ca.id, st.name, sum(s.price) AS total_value\n",
    "         FROM sales.sales s\n",
    "         NATURAL JOIN sales.customers cu\n",
    "         NATURAL JOIN sales.states st \n",
    "         JOIN sales.products pr\n",
    "             ON s.product_id = pr.id\n",
    "         JOIN sales.categories ca\n",
    "             ON ca.id = pr.category_id\n",
    "         GROUP BY ca.id, st.name\n",
    "         \"\"\"\n",
    "result5 = query_to_df(conn, query5, [\"category_id\",\"state_name\",\"total_value\"])\n",
    "result5.to_csv(\"sales_query5_res.csv\", index=False)"
   ]
  },
  {
   "cell_type": "code",
   "execution_count": 216,
   "metadata": {
    "scrolled": true
   },
   "outputs": [
    {
     "data": {
      "text/html": [
       "<div>\n",
       "<style scoped>\n",
       "    .dataframe tbody tr th:only-of-type {\n",
       "        vertical-align: middle;\n",
       "    }\n",
       "\n",
       "    .dataframe tbody tr th {\n",
       "        vertical-align: top;\n",
       "    }\n",
       "\n",
       "    .dataframe thead th {\n",
       "        text-align: right;\n",
       "    }\n",
       "</style>\n",
       "<table border=\"1\" class=\"dataframe\">\n",
       "  <thead>\n",
       "    <tr style=\"text-align: right;\">\n",
       "      <th></th>\n",
       "      <th>0</th>\n",
       "      <th>1</th>\n",
       "      <th>2</th>\n",
       "      <th>3</th>\n",
       "      <th>4</th>\n",
       "      <th>5</th>\n",
       "      <th>6</th>\n",
       "      <th>7</th>\n",
       "      <th>8</th>\n",
       "      <th>9</th>\n",
       "      <th>10</th>\n",
       "      <th>11</th>\n",
       "      <th>12</th>\n",
       "      <th>13</th>\n",
       "      <th>14</th>\n",
       "    </tr>\n",
       "  </thead>\n",
       "  <tbody>\n",
       "    <tr>\n",
       "      <th>category_id</th>\n",
       "      <td>0</td>\n",
       "      <td>1</td>\n",
       "      <td>1</td>\n",
       "      <td>1</td>\n",
       "      <td>1</td>\n",
       "      <td>1</td>\n",
       "      <td>1</td>\n",
       "      <td>1</td>\n",
       "      <td>2</td>\n",
       "      <td>2</td>\n",
       "      <td>2</td>\n",
       "      <td>2</td>\n",
       "      <td>2</td>\n",
       "      <td>2</td>\n",
       "      <td>3</td>\n",
       "    </tr>\n",
       "    <tr>\n",
       "      <th>state_name</th>\n",
       "      <td>Colorado</td>\n",
       "      <td>Connecticut</td>\n",
       "      <td>Iowa</td>\n",
       "      <td>Kansas</td>\n",
       "      <td>Massachusetts</td>\n",
       "      <td>Mississippi</td>\n",
       "      <td>Oregon</td>\n",
       "      <td>Utah</td>\n",
       "      <td>Alaska</td>\n",
       "      <td>Indiana</td>\n",
       "      <td>Kentucky</td>\n",
       "      <td>Maine</td>\n",
       "      <td>Montana</td>\n",
       "      <td>Wyoming</td>\n",
       "      <td>California</td>\n",
       "    </tr>\n",
       "    <tr>\n",
       "      <th>total_value</th>\n",
       "      <td>347.73</td>\n",
       "      <td>146.52</td>\n",
       "      <td>19.74</td>\n",
       "      <td>871.9</td>\n",
       "      <td>983.46</td>\n",
       "      <td>76.55</td>\n",
       "      <td>226.28</td>\n",
       "      <td>612.94</td>\n",
       "      <td>602.78</td>\n",
       "      <td>912.16</td>\n",
       "      <td>775.95</td>\n",
       "      <td>502.37</td>\n",
       "      <td>55.98</td>\n",
       "      <td>714.12</td>\n",
       "      <td>570.31</td>\n",
       "    </tr>\n",
       "  </tbody>\n",
       "</table>\n",
       "</div>"
      ],
      "text/plain": [
       "                   0            1      2       3              4            5   \\\n",
       "category_id         0            1      1       1              1            1   \n",
       "state_name   Colorado  Connecticut   Iowa  Kansas  Massachusetts  Mississippi   \n",
       "total_value    347.73       146.52  19.74   871.9         983.46        76.55   \n",
       "\n",
       "                 6       7       8        9         10      11       12  \\\n",
       "category_id       1       1       2        2         2       2        2   \n",
       "state_name   Oregon    Utah  Alaska  Indiana  Kentucky   Maine  Montana   \n",
       "total_value  226.28  612.94  602.78   912.16    775.95  502.37    55.98   \n",
       "\n",
       "                  13          14  \n",
       "category_id        2           3  \n",
       "state_name   Wyoming  California  \n",
       "total_value   714.12      570.31  "
      ]
     },
     "execution_count": 216,
     "metadata": {},
     "output_type": "execute_result"
    }
   ],
   "source": [
    "res5 = pd.read_csv(\"sales_query5_res.csv\")\n",
    "res5.head(15).T"
   ]
  },
  {
   "cell_type": "code",
   "execution_count": 80,
   "metadata": {},
   "outputs": [
    {
     "name": "stdout",
     "output_type": "stream",
     "text": [
      " * postgresql://postgres:***@localhost/postgres\n",
      "19 rows affected.\n"
     ]
    },
    {
     "data": {
      "text/html": [
       "<table>\n",
       "    <thead>\n",
       "        <tr>\n",
       "            <th>QUERY PLAN</th>\n",
       "        </tr>\n",
       "    </thead>\n",
       "    <tbody>\n",
       "        <tr>\n",
       "            <td>GroupAggregate  (cost=2521.79..2527.87 rows=270 width=154)</td>\n",
       "        </tr>\n",
       "        <tr>\n",
       "            <td>&nbsp;&nbsp;Group Key: ca.id, st.name</td>\n",
       "        </tr>\n",
       "        <tr>\n",
       "            <td>&nbsp;&nbsp;-&gt;  Sort  (cost=2521.79..2522.47 rows=270 width=128)</td>\n",
       "        </tr>\n",
       "        <tr>\n",
       "            <td>&nbsp;&nbsp;&nbsp;&nbsp;&nbsp;&nbsp;&nbsp;&nbsp;Sort Key: ca.id, st.name</td>\n",
       "        </tr>\n",
       "        <tr>\n",
       "            <td>&nbsp;&nbsp;&nbsp;&nbsp;&nbsp;&nbsp;&nbsp;&nbsp;-&gt;  Hash Join  (cost=24.00..2510.89 rows=270 width=128)</td>\n",
       "        </tr>\n",
       "        <tr>\n",
       "            <td>&nbsp;&nbsp;&nbsp;&nbsp;&nbsp;&nbsp;&nbsp;&nbsp;&nbsp;&nbsp;&nbsp;&nbsp;&nbsp;&nbsp;Hash Cond: (pr.category_id = ca.id)</td>\n",
       "        </tr>\n",
       "        <tr>\n",
       "            <td>&nbsp;&nbsp;&nbsp;&nbsp;&nbsp;&nbsp;&nbsp;&nbsp;&nbsp;&nbsp;&nbsp;&nbsp;&nbsp;&nbsp;-&gt;  Hash Join  (cost=4.10..2490.27 rows=270 width=128)</td>\n",
       "        </tr>\n",
       "        <tr>\n",
       "            <td>&nbsp;&nbsp;&nbsp;&nbsp;&nbsp;&nbsp;&nbsp;&nbsp;&nbsp;&nbsp;&nbsp;&nbsp;&nbsp;&nbsp;&nbsp;&nbsp;&nbsp;&nbsp;&nbsp;&nbsp;Hash Cond: (s.product_id = pr.id)</td>\n",
       "        </tr>\n",
       "        <tr>\n",
       "            <td>&nbsp;&nbsp;&nbsp;&nbsp;&nbsp;&nbsp;&nbsp;&nbsp;&nbsp;&nbsp;&nbsp;&nbsp;&nbsp;&nbsp;&nbsp;&nbsp;&nbsp;&nbsp;&nbsp;&nbsp;-&gt;  Nested Loop  (cost=0.85..2486.28 rows=270 width=128)</td>\n",
       "        </tr>\n",
       "        <tr>\n",
       "            <td>&nbsp;&nbsp;&nbsp;&nbsp;&nbsp;&nbsp;&nbsp;&nbsp;&nbsp;&nbsp;&nbsp;&nbsp;&nbsp;&nbsp;&nbsp;&nbsp;&nbsp;&nbsp;&nbsp;&nbsp;&nbsp;&nbsp;&nbsp;&nbsp;&nbsp;&nbsp;-&gt;  Nested Loop  (cost=0.42..2202.35 rows=540 width=126)</td>\n",
       "        </tr>\n",
       "        <tr>\n",
       "            <td>&nbsp;&nbsp;&nbsp;&nbsp;&nbsp;&nbsp;&nbsp;&nbsp;&nbsp;&nbsp;&nbsp;&nbsp;&nbsp;&nbsp;&nbsp;&nbsp;&nbsp;&nbsp;&nbsp;&nbsp;&nbsp;&nbsp;&nbsp;&nbsp;&nbsp;&nbsp;&nbsp;&nbsp;&nbsp;&nbsp;&nbsp;&nbsp;-&gt;  Seq Scan on states st  (cost=0.00..15.40 rows=540 width=122)</td>\n",
       "        </tr>\n",
       "        <tr>\n",
       "            <td>&nbsp;&nbsp;&nbsp;&nbsp;&nbsp;&nbsp;&nbsp;&nbsp;&nbsp;&nbsp;&nbsp;&nbsp;&nbsp;&nbsp;&nbsp;&nbsp;&nbsp;&nbsp;&nbsp;&nbsp;&nbsp;&nbsp;&nbsp;&nbsp;&nbsp;&nbsp;&nbsp;&nbsp;&nbsp;&nbsp;&nbsp;&nbsp;-&gt;  Index Only Scan using customers_pkey on customers cu  (cost=0.42..4.05 rows=1 width=4)</td>\n",
       "        </tr>\n",
       "        <tr>\n",
       "            <td>&nbsp;&nbsp;&nbsp;&nbsp;&nbsp;&nbsp;&nbsp;&nbsp;&nbsp;&nbsp;&nbsp;&nbsp;&nbsp;&nbsp;&nbsp;&nbsp;&nbsp;&nbsp;&nbsp;&nbsp;&nbsp;&nbsp;&nbsp;&nbsp;&nbsp;&nbsp;&nbsp;&nbsp;&nbsp;&nbsp;&nbsp;&nbsp;&nbsp;&nbsp;&nbsp;&nbsp;&nbsp;&nbsp;Index Cond: (id = st.id)</td>\n",
       "        </tr>\n",
       "        <tr>\n",
       "            <td>&nbsp;&nbsp;&nbsp;&nbsp;&nbsp;&nbsp;&nbsp;&nbsp;&nbsp;&nbsp;&nbsp;&nbsp;&nbsp;&nbsp;&nbsp;&nbsp;&nbsp;&nbsp;&nbsp;&nbsp;&nbsp;&nbsp;&nbsp;&nbsp;&nbsp;&nbsp;-&gt;  Index Scan using sales_pkey on sales s  (cost=0.43..0.53 rows=1 width=14)</td>\n",
       "        </tr>\n",
       "        <tr>\n",
       "            <td>&nbsp;&nbsp;&nbsp;&nbsp;&nbsp;&nbsp;&nbsp;&nbsp;&nbsp;&nbsp;&nbsp;&nbsp;&nbsp;&nbsp;&nbsp;&nbsp;&nbsp;&nbsp;&nbsp;&nbsp;&nbsp;&nbsp;&nbsp;&nbsp;&nbsp;&nbsp;&nbsp;&nbsp;&nbsp;&nbsp;&nbsp;&nbsp;Index Cond: (id = cu.id)</td>\n",
       "        </tr>\n",
       "        <tr>\n",
       "            <td>&nbsp;&nbsp;&nbsp;&nbsp;&nbsp;&nbsp;&nbsp;&nbsp;&nbsp;&nbsp;&nbsp;&nbsp;&nbsp;&nbsp;&nbsp;&nbsp;&nbsp;&nbsp;&nbsp;&nbsp;-&gt;  Hash  (cost=2.00..2.00 rows=100 width=8)</td>\n",
       "        </tr>\n",
       "        <tr>\n",
       "            <td>&nbsp;&nbsp;&nbsp;&nbsp;&nbsp;&nbsp;&nbsp;&nbsp;&nbsp;&nbsp;&nbsp;&nbsp;&nbsp;&nbsp;&nbsp;&nbsp;&nbsp;&nbsp;&nbsp;&nbsp;&nbsp;&nbsp;&nbsp;&nbsp;&nbsp;&nbsp;-&gt;  Seq Scan on products pr  (cost=0.00..2.00 rows=100 width=8)</td>\n",
       "        </tr>\n",
       "        <tr>\n",
       "            <td>&nbsp;&nbsp;&nbsp;&nbsp;&nbsp;&nbsp;&nbsp;&nbsp;&nbsp;&nbsp;&nbsp;&nbsp;&nbsp;&nbsp;-&gt;  Hash  (cost=14.40..14.40 rows=440 width=4)</td>\n",
       "        </tr>\n",
       "        <tr>\n",
       "            <td>&nbsp;&nbsp;&nbsp;&nbsp;&nbsp;&nbsp;&nbsp;&nbsp;&nbsp;&nbsp;&nbsp;&nbsp;&nbsp;&nbsp;&nbsp;&nbsp;&nbsp;&nbsp;&nbsp;&nbsp;-&gt;  Seq Scan on categories ca  (cost=0.00..14.40 rows=440 width=4)</td>\n",
       "        </tr>\n",
       "    </tbody>\n",
       "</table>"
      ],
      "text/plain": [
       "[('GroupAggregate  (cost=2521.79..2527.87 rows=270 width=154)',),\n",
       " ('  Group Key: ca.id, st.name',),\n",
       " ('  ->  Sort  (cost=2521.79..2522.47 rows=270 width=128)',),\n",
       " ('        Sort Key: ca.id, st.name',),\n",
       " ('        ->  Hash Join  (cost=24.00..2510.89 rows=270 width=128)',),\n",
       " ('              Hash Cond: (pr.category_id = ca.id)',),\n",
       " ('              ->  Hash Join  (cost=4.10..2490.27 rows=270 width=128)',),\n",
       " ('                    Hash Cond: (s.product_id = pr.id)',),\n",
       " ('                    ->  Nested Loop  (cost=0.85..2486.28 rows=270 width=128)',),\n",
       " ('                          ->  Nested Loop  (cost=0.42..2202.35 rows=540 width=126)',),\n",
       " ('                                ->  Seq Scan on states st  (cost=0.00..15.40 rows=540 width=122)',),\n",
       " ('                                ->  Index Only Scan using customers_pkey on customers cu  (cost=0.42..4.05 rows=1 width=4)',),\n",
       " ('                                      Index Cond: (id = st.id)',),\n",
       " ('                          ->  Index Scan using sales_pkey on sales s  (cost=0.43..0.53 rows=1 width=14)',),\n",
       " ('                                Index Cond: (id = cu.id)',),\n",
       " ('                    ->  Hash  (cost=2.00..2.00 rows=100 width=8)',),\n",
       " ('                          ->  Seq Scan on products pr  (cost=0.00..2.00 rows=100 width=8)',),\n",
       " ('              ->  Hash  (cost=14.40..14.40 rows=440 width=4)',),\n",
       " ('                    ->  Seq Scan on categories ca  (cost=0.00..14.40 rows=440 width=4)',)]"
      ]
     },
     "execution_count": 80,
     "metadata": {},
     "output_type": "execute_result"
    }
   ],
   "source": [
    "%%sql\n",
    "EXPLAIN\n",
    "SELECT ca.id, st.name, sum(s.price) AS total_value\n",
    "FROM sales.sales s\n",
    "NATURAL JOIN sales.customers cu\n",
    "NATURAL JOIN sales.states st \n",
    "JOIN sales.products pr\n",
    "    ON s.product_id = pr.id\n",
    "JOIN sales.categories ca\n",
    "    ON ca.id = pr.category_id\n",
    "GROUP BY ca.id, st.name"
   ]
  },
  {
   "cell_type": "markdown",
   "metadata": {},
   "source": [
    " ##   QUERY 6"
   ]
  },
  {
   "cell_type": "code",
   "execution_count": 35,
   "metadata": {},
   "outputs": [],
   "source": [
    "#query 6\n",
    "#6.6.For each one of the top 20 product categories (by total revenue) and top 20 customers \n",
    "#(by total purchase revenue), return a tuple (top product category ID, top customer ID, quantity sold, dollar value). \n",
    "#It is possible that a top-20 customer spent $0 on a top-20 category. List this fact explicitly in the output: \n",
    "#(id of “comic books”, id of “jane”, 0, 0) is possible. \n",
    "#Extra credit if you can list the rank of the customer and of the category: \n",
    "#(cat_id, cat_rank, cust_id, cust_rank, quantity, dollar value). \n",
    "\n",
    "query6 = \"\"\"\n",
    "         SELECT top_ca.id, top_cu.customer_id, sum(s.quantity), sum(s.price) \n",
    "         FROM \n",
    "                    (SELECT ca.id AS id, sum(s.price) AS total_value \n",
    "                     FROM sales.categories ca\n",
    "                     JOIN sales.products pr \n",
    "                        ON ca.id = pr.category_id\n",
    "                     JOIN sales.sales s\n",
    "                        ON pr.id = s.product_id\n",
    "                     GROUP BY ca.id \n",
    "                     ORDER BY total_value DESC limit 20) AS top_ca, \n",
    "              \n",
    "                    (SELECT customer_id, sum(price) AS dollar_value \n",
    "                     FROM sales.sales\n",
    "                     GROUP BY customer_id \n",
    "                     ORDER BY dollar_value DESC limit 20) AS top_cu, \n",
    "              \n",
    "                    sales.sales s,\n",
    "                    sales.products pr\n",
    "                    \n",
    "         WHERE pr.category_id = top_ca.id \n",
    "                   and s.customer_id = top_cu.customer_id \n",
    "                   and s.product_id = pr.id\n",
    "         GROUP BY top_ca.id, top_cu.customer_id \n",
    "         ORDER BY top_ca.id\n",
    "    \"\"\"\n",
    "result6 = query_to_df(conn, query6, [\"category_id\",\"customer_id\",\"total_quantity\", \"total_value\"])\n",
    "result6.to_csv(\"sales_query6_res.csv\", index=False)"
   ]
  },
  {
   "cell_type": "code",
   "execution_count": 36,
   "metadata": {
    "scrolled": false
   },
   "outputs": [
    {
     "data": {
      "text/html": [
       "<div>\n",
       "<style scoped>\n",
       "    .dataframe tbody tr th:only-of-type {\n",
       "        vertical-align: middle;\n",
       "    }\n",
       "\n",
       "    .dataframe tbody tr th {\n",
       "        vertical-align: top;\n",
       "    }\n",
       "\n",
       "    .dataframe thead th {\n",
       "        text-align: right;\n",
       "    }\n",
       "</style>\n",
       "<table border=\"1\" class=\"dataframe\">\n",
       "  <thead>\n",
       "    <tr style=\"text-align: right;\">\n",
       "      <th></th>\n",
       "      <th>category_id</th>\n",
       "      <th>customer_id</th>\n",
       "      <th>total_quantity</th>\n",
       "      <th>total_value</th>\n",
       "    </tr>\n",
       "  </thead>\n",
       "  <tbody>\n",
       "    <tr>\n",
       "      <th>0</th>\n",
       "      <td>0</td>\n",
       "      <td>369359</td>\n",
       "      <td>923</td>\n",
       "      <td>970.89</td>\n",
       "    </tr>\n",
       "    <tr>\n",
       "      <th>1</th>\n",
       "      <td>0</td>\n",
       "      <td>606859</td>\n",
       "      <td>397</td>\n",
       "      <td>980.88</td>\n",
       "    </tr>\n",
       "    <tr>\n",
       "      <th>2</th>\n",
       "      <td>1</td>\n",
       "      <td>56939</td>\n",
       "      <td>745</td>\n",
       "      <td>989.69</td>\n",
       "    </tr>\n",
       "    <tr>\n",
       "      <th>3</th>\n",
       "      <td>1</td>\n",
       "      <td>293832</td>\n",
       "      <td>871</td>\n",
       "      <td>985.59</td>\n",
       "    </tr>\n",
       "    <tr>\n",
       "      <th>4</th>\n",
       "      <td>1</td>\n",
       "      <td>359264</td>\n",
       "      <td>812</td>\n",
       "      <td>988.35</td>\n",
       "    </tr>\n",
       "    <tr>\n",
       "      <th>...</th>\n",
       "      <td>...</td>\n",
       "      <td>...</td>\n",
       "      <td>...</td>\n",
       "      <td>...</td>\n",
       "    </tr>\n",
       "    <tr>\n",
       "      <th>69</th>\n",
       "      <td>18</td>\n",
       "      <td>856166</td>\n",
       "      <td>449</td>\n",
       "      <td>992.63</td>\n",
       "    </tr>\n",
       "    <tr>\n",
       "      <th>70</th>\n",
       "      <td>18</td>\n",
       "      <td>859589</td>\n",
       "      <td>38</td>\n",
       "      <td>884.75</td>\n",
       "    </tr>\n",
       "    <tr>\n",
       "      <th>71</th>\n",
       "      <td>19</td>\n",
       "      <td>15293</td>\n",
       "      <td>651</td>\n",
       "      <td>926.91</td>\n",
       "    </tr>\n",
       "    <tr>\n",
       "      <th>72</th>\n",
       "      <td>19</td>\n",
       "      <td>389832</td>\n",
       "      <td>602</td>\n",
       "      <td>989.52</td>\n",
       "    </tr>\n",
       "    <tr>\n",
       "      <th>73</th>\n",
       "      <td>19</td>\n",
       "      <td>859589</td>\n",
       "      <td>2</td>\n",
       "      <td>962.53</td>\n",
       "    </tr>\n",
       "  </tbody>\n",
       "</table>\n",
       "<p>74 rows × 4 columns</p>\n",
       "</div>"
      ],
      "text/plain": [
       "    category_id  customer_id  total_quantity  total_value\n",
       "0             0       369359             923       970.89\n",
       "1             0       606859             397       980.88\n",
       "2             1        56939             745       989.69\n",
       "3             1       293832             871       985.59\n",
       "4             1       359264             812       988.35\n",
       "..          ...          ...             ...          ...\n",
       "69           18       856166             449       992.63\n",
       "70           18       859589              38       884.75\n",
       "71           19        15293             651       926.91\n",
       "72           19       389832             602       989.52\n",
       "73           19       859589               2       962.53\n",
       "\n",
       "[74 rows x 4 columns]"
      ]
     },
     "execution_count": 36,
     "metadata": {},
     "output_type": "execute_result"
    }
   ],
   "source": [
    "res6 = pd.read_csv(\"sales_query6_res.csv\")\n",
    "res6"
   ]
  },
  {
   "cell_type": "markdown",
   "metadata": {},
   "source": [
    "## Query plan without index"
   ]
  },
  {
   "cell_type": "code",
   "execution_count": 40,
   "metadata": {
    "scrolled": false
   },
   "outputs": [
    {
     "name": "stdout",
     "output_type": "stream",
     "text": [
      " * postgresql://postgres:***@localhost/postgres\n",
      "51 rows affected.\n"
     ]
    },
    {
     "data": {
      "text/html": [
       "<table>\n",
       "    <thead>\n",
       "        <tr>\n",
       "            <th>QUERY PLAN</th>\n",
       "        </tr>\n",
       "    </thead>\n",
       "    <tbody>\n",
       "        <tr>\n",
       "            <td>GroupAggregate  (cost=215469.32..249277.79 rows=62 width=48)</td>\n",
       "        </tr>\n",
       "        <tr>\n",
       "            <td>&nbsp;&nbsp;Group Key: top_ca.id, top_cu.customer_id</td>\n",
       "        </tr>\n",
       "        <tr>\n",
       "            <td>&nbsp;&nbsp;-&gt;  Incremental Sort  (cost=215469.32..249276.39 rows=62 width=18)</td>\n",
       "        </tr>\n",
       "        <tr>\n",
       "            <td>&nbsp;&nbsp;&nbsp;&nbsp;&nbsp;&nbsp;&nbsp;&nbsp;Sort Key: top_ca.id, top_cu.customer_id</td>\n",
       "        </tr>\n",
       "        <tr>\n",
       "            <td>&nbsp;&nbsp;&nbsp;&nbsp;&nbsp;&nbsp;&nbsp;&nbsp;Presorted Key: top_ca.id</td>\n",
       "        </tr>\n",
       "        <tr>\n",
       "            <td>&nbsp;&nbsp;&nbsp;&nbsp;&nbsp;&nbsp;&nbsp;&nbsp;-&gt;  Nested Loop  (cost=213690.07..249274.11 rows=62 width=18)</td>\n",
       "        </tr>\n",
       "        <tr>\n",
       "            <td>&nbsp;&nbsp;&nbsp;&nbsp;&nbsp;&nbsp;&nbsp;&nbsp;&nbsp;&nbsp;&nbsp;&nbsp;&nbsp;&nbsp;Join Filter: (pr.id = s.product_id)</td>\n",
       "        </tr>\n",
       "        <tr>\n",
       "            <td>&nbsp;&nbsp;&nbsp;&nbsp;&nbsp;&nbsp;&nbsp;&nbsp;&nbsp;&nbsp;&nbsp;&nbsp;&nbsp;&nbsp;-&gt;  Merge Join  (cost=29332.05..29333.65 rows=100 width=8)</td>\n",
       "        </tr>\n",
       "        <tr>\n",
       "            <td>&nbsp;&nbsp;&nbsp;&nbsp;&nbsp;&nbsp;&nbsp;&nbsp;&nbsp;&nbsp;&nbsp;&nbsp;&nbsp;&nbsp;&nbsp;&nbsp;&nbsp;&nbsp;&nbsp;&nbsp;Merge Cond: (top_ca.id = pr.category_id)</td>\n",
       "        </tr>\n",
       "        <tr>\n",
       "            <td>&nbsp;&nbsp;&nbsp;&nbsp;&nbsp;&nbsp;&nbsp;&nbsp;&nbsp;&nbsp;&nbsp;&nbsp;&nbsp;&nbsp;&nbsp;&nbsp;&nbsp;&nbsp;&nbsp;&nbsp;-&gt;  Sort  (cost=29326.72..29326.77 rows=20 width=4)</td>\n",
       "        </tr>\n",
       "        <tr>\n",
       "            <td>&nbsp;&nbsp;&nbsp;&nbsp;&nbsp;&nbsp;&nbsp;&nbsp;&nbsp;&nbsp;&nbsp;&nbsp;&nbsp;&nbsp;&nbsp;&nbsp;&nbsp;&nbsp;&nbsp;&nbsp;&nbsp;&nbsp;&nbsp;&nbsp;&nbsp;&nbsp;Sort Key: top_ca.id</td>\n",
       "        </tr>\n",
       "        <tr>\n",
       "            <td>&nbsp;&nbsp;&nbsp;&nbsp;&nbsp;&nbsp;&nbsp;&nbsp;&nbsp;&nbsp;&nbsp;&nbsp;&nbsp;&nbsp;&nbsp;&nbsp;&nbsp;&nbsp;&nbsp;&nbsp;&nbsp;&nbsp;&nbsp;&nbsp;&nbsp;&nbsp;-&gt;  Subquery Scan on top_ca  (cost=29326.04..29326.29 rows=20 width=4)</td>\n",
       "        </tr>\n",
       "        <tr>\n",
       "            <td>&nbsp;&nbsp;&nbsp;&nbsp;&nbsp;&nbsp;&nbsp;&nbsp;&nbsp;&nbsp;&nbsp;&nbsp;&nbsp;&nbsp;&nbsp;&nbsp;&nbsp;&nbsp;&nbsp;&nbsp;&nbsp;&nbsp;&nbsp;&nbsp;&nbsp;&nbsp;&nbsp;&nbsp;&nbsp;&nbsp;&nbsp;&nbsp;-&gt;  Limit  (cost=29326.04..29326.09 rows=20 width=36)</td>\n",
       "        </tr>\n",
       "        <tr>\n",
       "            <td>&nbsp;&nbsp;&nbsp;&nbsp;&nbsp;&nbsp;&nbsp;&nbsp;&nbsp;&nbsp;&nbsp;&nbsp;&nbsp;&nbsp;&nbsp;&nbsp;&nbsp;&nbsp;&nbsp;&nbsp;&nbsp;&nbsp;&nbsp;&nbsp;&nbsp;&nbsp;&nbsp;&nbsp;&nbsp;&nbsp;&nbsp;&nbsp;&nbsp;&nbsp;&nbsp;&nbsp;&nbsp;&nbsp;-&gt;  Sort  (cost=29326.04..29327.14 rows=440 width=36)</td>\n",
       "        </tr>\n",
       "        <tr>\n",
       "            <td>&nbsp;&nbsp;&nbsp;&nbsp;&nbsp;&nbsp;&nbsp;&nbsp;&nbsp;&nbsp;&nbsp;&nbsp;&nbsp;&nbsp;&nbsp;&nbsp;&nbsp;&nbsp;&nbsp;&nbsp;&nbsp;&nbsp;&nbsp;&nbsp;&nbsp;&nbsp;&nbsp;&nbsp;&nbsp;&nbsp;&nbsp;&nbsp;&nbsp;&nbsp;&nbsp;&nbsp;&nbsp;&nbsp;&nbsp;&nbsp;&nbsp;&nbsp;&nbsp;&nbsp;Sort Key: (sum(s_1.price)) DESC</td>\n",
       "        </tr>\n",
       "        <tr>\n",
       "            <td>&nbsp;&nbsp;&nbsp;&nbsp;&nbsp;&nbsp;&nbsp;&nbsp;&nbsp;&nbsp;&nbsp;&nbsp;&nbsp;&nbsp;&nbsp;&nbsp;&nbsp;&nbsp;&nbsp;&nbsp;&nbsp;&nbsp;&nbsp;&nbsp;&nbsp;&nbsp;&nbsp;&nbsp;&nbsp;&nbsp;&nbsp;&nbsp;&nbsp;&nbsp;&nbsp;&nbsp;&nbsp;&nbsp;&nbsp;&nbsp;&nbsp;&nbsp;&nbsp;&nbsp;-&gt;  Finalize GroupAggregate  (cost=29199.56..29314.33 rows=440 width=36)</td>\n",
       "        </tr>\n",
       "        <tr>\n",
       "            <td>&nbsp;&nbsp;&nbsp;&nbsp;&nbsp;&nbsp;&nbsp;&nbsp;&nbsp;&nbsp;&nbsp;&nbsp;&nbsp;&nbsp;&nbsp;&nbsp;&nbsp;&nbsp;&nbsp;&nbsp;&nbsp;&nbsp;&nbsp;&nbsp;&nbsp;&nbsp;&nbsp;&nbsp;&nbsp;&nbsp;&nbsp;&nbsp;&nbsp;&nbsp;&nbsp;&nbsp;&nbsp;&nbsp;&nbsp;&nbsp;&nbsp;&nbsp;&nbsp;&nbsp;&nbsp;&nbsp;&nbsp;&nbsp;&nbsp;&nbsp;Group Key: ca.id</td>\n",
       "        </tr>\n",
       "        <tr>\n",
       "            <td>&nbsp;&nbsp;&nbsp;&nbsp;&nbsp;&nbsp;&nbsp;&nbsp;&nbsp;&nbsp;&nbsp;&nbsp;&nbsp;&nbsp;&nbsp;&nbsp;&nbsp;&nbsp;&nbsp;&nbsp;&nbsp;&nbsp;&nbsp;&nbsp;&nbsp;&nbsp;&nbsp;&nbsp;&nbsp;&nbsp;&nbsp;&nbsp;&nbsp;&nbsp;&nbsp;&nbsp;&nbsp;&nbsp;&nbsp;&nbsp;&nbsp;&nbsp;&nbsp;&nbsp;&nbsp;&nbsp;&nbsp;&nbsp;&nbsp;&nbsp;-&gt;  Gather Merge  (cost=29199.56..29302.23 rows=880 width=36)</td>\n",
       "        </tr>\n",
       "        <tr>\n",
       "            <td>&nbsp;&nbsp;&nbsp;&nbsp;&nbsp;&nbsp;&nbsp;&nbsp;&nbsp;&nbsp;&nbsp;&nbsp;&nbsp;&nbsp;&nbsp;&nbsp;&nbsp;&nbsp;&nbsp;&nbsp;&nbsp;&nbsp;&nbsp;&nbsp;&nbsp;&nbsp;&nbsp;&nbsp;&nbsp;&nbsp;&nbsp;&nbsp;&nbsp;&nbsp;&nbsp;&nbsp;&nbsp;&nbsp;&nbsp;&nbsp;&nbsp;&nbsp;&nbsp;&nbsp;&nbsp;&nbsp;&nbsp;&nbsp;&nbsp;&nbsp;&nbsp;&nbsp;&nbsp;&nbsp;&nbsp;&nbsp;Workers Planned: 2</td>\n",
       "        </tr>\n",
       "        <tr>\n",
       "            <td>&nbsp;&nbsp;&nbsp;&nbsp;&nbsp;&nbsp;&nbsp;&nbsp;&nbsp;&nbsp;&nbsp;&nbsp;&nbsp;&nbsp;&nbsp;&nbsp;&nbsp;&nbsp;&nbsp;&nbsp;&nbsp;&nbsp;&nbsp;&nbsp;&nbsp;&nbsp;&nbsp;&nbsp;&nbsp;&nbsp;&nbsp;&nbsp;&nbsp;&nbsp;&nbsp;&nbsp;&nbsp;&nbsp;&nbsp;&nbsp;&nbsp;&nbsp;&nbsp;&nbsp;&nbsp;&nbsp;&nbsp;&nbsp;&nbsp;&nbsp;&nbsp;&nbsp;&nbsp;&nbsp;&nbsp;&nbsp;-&gt;  Sort  (cost=28199.54..28200.64 rows=440 width=36)</td>\n",
       "        </tr>\n",
       "        <tr>\n",
       "            <td>&nbsp;&nbsp;&nbsp;&nbsp;&nbsp;&nbsp;&nbsp;&nbsp;&nbsp;&nbsp;&nbsp;&nbsp;&nbsp;&nbsp;&nbsp;&nbsp;&nbsp;&nbsp;&nbsp;&nbsp;&nbsp;&nbsp;&nbsp;&nbsp;&nbsp;&nbsp;&nbsp;&nbsp;&nbsp;&nbsp;&nbsp;&nbsp;&nbsp;&nbsp;&nbsp;&nbsp;&nbsp;&nbsp;&nbsp;&nbsp;&nbsp;&nbsp;&nbsp;&nbsp;&nbsp;&nbsp;&nbsp;&nbsp;&nbsp;&nbsp;&nbsp;&nbsp;&nbsp;&nbsp;&nbsp;&nbsp;&nbsp;&nbsp;&nbsp;&nbsp;&nbsp;&nbsp;Sort Key: ca.id</td>\n",
       "        </tr>\n",
       "        <tr>\n",
       "            <td>&nbsp;&nbsp;&nbsp;&nbsp;&nbsp;&nbsp;&nbsp;&nbsp;&nbsp;&nbsp;&nbsp;&nbsp;&nbsp;&nbsp;&nbsp;&nbsp;&nbsp;&nbsp;&nbsp;&nbsp;&nbsp;&nbsp;&nbsp;&nbsp;&nbsp;&nbsp;&nbsp;&nbsp;&nbsp;&nbsp;&nbsp;&nbsp;&nbsp;&nbsp;&nbsp;&nbsp;&nbsp;&nbsp;&nbsp;&nbsp;&nbsp;&nbsp;&nbsp;&nbsp;&nbsp;&nbsp;&nbsp;&nbsp;&nbsp;&nbsp;&nbsp;&nbsp;&nbsp;&nbsp;&nbsp;&nbsp;&nbsp;&nbsp;&nbsp;&nbsp;&nbsp;&nbsp;-&gt;  Partial HashAggregate  (cost=28174.72..28180.22 rows=440 width=36)</td>\n",
       "        </tr>\n",
       "        <tr>\n",
       "            <td>&nbsp;&nbsp;&nbsp;&nbsp;&nbsp;&nbsp;&nbsp;&nbsp;&nbsp;&nbsp;&nbsp;&nbsp;&nbsp;&nbsp;&nbsp;&nbsp;&nbsp;&nbsp;&nbsp;&nbsp;&nbsp;&nbsp;&nbsp;&nbsp;&nbsp;&nbsp;&nbsp;&nbsp;&nbsp;&nbsp;&nbsp;&nbsp;&nbsp;&nbsp;&nbsp;&nbsp;&nbsp;&nbsp;&nbsp;&nbsp;&nbsp;&nbsp;&nbsp;&nbsp;&nbsp;&nbsp;&nbsp;&nbsp;&nbsp;&nbsp;&nbsp;&nbsp;&nbsp;&nbsp;&nbsp;&nbsp;&nbsp;&nbsp;&nbsp;&nbsp;&nbsp;&nbsp;&nbsp;&nbsp;&nbsp;&nbsp;&nbsp;&nbsp;Group Key: ca.id</td>\n",
       "        </tr>\n",
       "        <tr>\n",
       "            <td>&nbsp;&nbsp;&nbsp;&nbsp;&nbsp;&nbsp;&nbsp;&nbsp;&nbsp;&nbsp;&nbsp;&nbsp;&nbsp;&nbsp;&nbsp;&nbsp;&nbsp;&nbsp;&nbsp;&nbsp;&nbsp;&nbsp;&nbsp;&nbsp;&nbsp;&nbsp;&nbsp;&nbsp;&nbsp;&nbsp;&nbsp;&nbsp;&nbsp;&nbsp;&nbsp;&nbsp;&nbsp;&nbsp;&nbsp;&nbsp;&nbsp;&nbsp;&nbsp;&nbsp;&nbsp;&nbsp;&nbsp;&nbsp;&nbsp;&nbsp;&nbsp;&nbsp;&nbsp;&nbsp;&nbsp;&nbsp;&nbsp;&nbsp;&nbsp;&nbsp;&nbsp;&nbsp;&nbsp;&nbsp;&nbsp;&nbsp;&nbsp;&nbsp;-&gt;  Hash Join  (cost=23.15..24473.85 rows=740173 width=10)</td>\n",
       "        </tr>\n",
       "        <tr>\n",
       "            <td>&nbsp;&nbsp;&nbsp;&nbsp;&nbsp;&nbsp;&nbsp;&nbsp;&nbsp;&nbsp;&nbsp;&nbsp;&nbsp;&nbsp;&nbsp;&nbsp;&nbsp;&nbsp;&nbsp;&nbsp;&nbsp;&nbsp;&nbsp;&nbsp;&nbsp;&nbsp;&nbsp;&nbsp;&nbsp;&nbsp;&nbsp;&nbsp;&nbsp;&nbsp;&nbsp;&nbsp;&nbsp;&nbsp;&nbsp;&nbsp;&nbsp;&nbsp;&nbsp;&nbsp;&nbsp;&nbsp;&nbsp;&nbsp;&nbsp;&nbsp;&nbsp;&nbsp;&nbsp;&nbsp;&nbsp;&nbsp;&nbsp;&nbsp;&nbsp;&nbsp;&nbsp;&nbsp;&nbsp;&nbsp;&nbsp;&nbsp;&nbsp;&nbsp;&nbsp;&nbsp;&nbsp;&nbsp;&nbsp;&nbsp;Hash Cond: (pr_1.category_id = ca.id)</td>\n",
       "        </tr>\n",
       "        <tr>\n",
       "            <td>&nbsp;&nbsp;&nbsp;&nbsp;&nbsp;&nbsp;&nbsp;&nbsp;&nbsp;&nbsp;&nbsp;&nbsp;&nbsp;&nbsp;&nbsp;&nbsp;&nbsp;&nbsp;&nbsp;&nbsp;&nbsp;&nbsp;&nbsp;&nbsp;&nbsp;&nbsp;&nbsp;&nbsp;&nbsp;&nbsp;&nbsp;&nbsp;&nbsp;&nbsp;&nbsp;&nbsp;&nbsp;&nbsp;&nbsp;&nbsp;&nbsp;&nbsp;&nbsp;&nbsp;&nbsp;&nbsp;&nbsp;&nbsp;&nbsp;&nbsp;&nbsp;&nbsp;&nbsp;&nbsp;&nbsp;&nbsp;&nbsp;&nbsp;&nbsp;&nbsp;&nbsp;&nbsp;&nbsp;&nbsp;&nbsp;&nbsp;&nbsp;&nbsp;&nbsp;&nbsp;&nbsp;&nbsp;&nbsp;&nbsp;-&gt;  Hash Join  (cost=3.25..22492.28 rows=740173 width=10)</td>\n",
       "        </tr>\n",
       "        <tr>\n",
       "            <td>&nbsp;&nbsp;&nbsp;&nbsp;&nbsp;&nbsp;&nbsp;&nbsp;&nbsp;&nbsp;&nbsp;&nbsp;&nbsp;&nbsp;&nbsp;&nbsp;&nbsp;&nbsp;&nbsp;&nbsp;&nbsp;&nbsp;&nbsp;&nbsp;&nbsp;&nbsp;&nbsp;&nbsp;&nbsp;&nbsp;&nbsp;&nbsp;&nbsp;&nbsp;&nbsp;&nbsp;&nbsp;&nbsp;&nbsp;&nbsp;&nbsp;&nbsp;&nbsp;&nbsp;&nbsp;&nbsp;&nbsp;&nbsp;&nbsp;&nbsp;&nbsp;&nbsp;&nbsp;&nbsp;&nbsp;&nbsp;&nbsp;&nbsp;&nbsp;&nbsp;&nbsp;&nbsp;&nbsp;&nbsp;&nbsp;&nbsp;&nbsp;&nbsp;&nbsp;&nbsp;&nbsp;&nbsp;&nbsp;&nbsp;&nbsp;&nbsp;&nbsp;&nbsp;&nbsp;&nbsp;Hash Cond: (s_1.product_id = pr_1.id)</td>\n",
       "        </tr>\n",
       "        <tr>\n",
       "            <td>&nbsp;&nbsp;&nbsp;&nbsp;&nbsp;&nbsp;&nbsp;&nbsp;&nbsp;&nbsp;&nbsp;&nbsp;&nbsp;&nbsp;&nbsp;&nbsp;&nbsp;&nbsp;&nbsp;&nbsp;&nbsp;&nbsp;&nbsp;&nbsp;&nbsp;&nbsp;&nbsp;&nbsp;&nbsp;&nbsp;&nbsp;&nbsp;&nbsp;&nbsp;&nbsp;&nbsp;&nbsp;&nbsp;&nbsp;&nbsp;&nbsp;&nbsp;&nbsp;&nbsp;&nbsp;&nbsp;&nbsp;&nbsp;&nbsp;&nbsp;&nbsp;&nbsp;&nbsp;&nbsp;&nbsp;&nbsp;&nbsp;&nbsp;&nbsp;&nbsp;&nbsp;&nbsp;&nbsp;&nbsp;&nbsp;&nbsp;&nbsp;&nbsp;&nbsp;&nbsp;&nbsp;&nbsp;&nbsp;&nbsp;&nbsp;&nbsp;&nbsp;&nbsp;&nbsp;&nbsp;-&gt;  Parallel Seq Scan on sales s_1  (cost=0.00..20463.73 rows=740173 width=10)</td>\n",
       "        </tr>\n",
       "        <tr>\n",
       "            <td>&nbsp;&nbsp;&nbsp;&nbsp;&nbsp;&nbsp;&nbsp;&nbsp;&nbsp;&nbsp;&nbsp;&nbsp;&nbsp;&nbsp;&nbsp;&nbsp;&nbsp;&nbsp;&nbsp;&nbsp;&nbsp;&nbsp;&nbsp;&nbsp;&nbsp;&nbsp;&nbsp;&nbsp;&nbsp;&nbsp;&nbsp;&nbsp;&nbsp;&nbsp;&nbsp;&nbsp;&nbsp;&nbsp;&nbsp;&nbsp;&nbsp;&nbsp;&nbsp;&nbsp;&nbsp;&nbsp;&nbsp;&nbsp;&nbsp;&nbsp;&nbsp;&nbsp;&nbsp;&nbsp;&nbsp;&nbsp;&nbsp;&nbsp;&nbsp;&nbsp;&nbsp;&nbsp;&nbsp;&nbsp;&nbsp;&nbsp;&nbsp;&nbsp;&nbsp;&nbsp;&nbsp;&nbsp;&nbsp;&nbsp;&nbsp;&nbsp;&nbsp;&nbsp;&nbsp;&nbsp;-&gt;  Hash  (cost=2.00..2.00 rows=100 width=8)</td>\n",
       "        </tr>\n",
       "        <tr>\n",
       "            <td>&nbsp;&nbsp;&nbsp;&nbsp;&nbsp;&nbsp;&nbsp;&nbsp;&nbsp;&nbsp;&nbsp;&nbsp;&nbsp;&nbsp;&nbsp;&nbsp;&nbsp;&nbsp;&nbsp;&nbsp;&nbsp;&nbsp;&nbsp;&nbsp;&nbsp;&nbsp;&nbsp;&nbsp;&nbsp;&nbsp;&nbsp;&nbsp;&nbsp;&nbsp;&nbsp;&nbsp;&nbsp;&nbsp;&nbsp;&nbsp;&nbsp;&nbsp;&nbsp;&nbsp;&nbsp;&nbsp;&nbsp;&nbsp;&nbsp;&nbsp;&nbsp;&nbsp;&nbsp;&nbsp;&nbsp;&nbsp;&nbsp;&nbsp;&nbsp;&nbsp;&nbsp;&nbsp;&nbsp;&nbsp;&nbsp;&nbsp;&nbsp;&nbsp;&nbsp;&nbsp;&nbsp;&nbsp;&nbsp;&nbsp;&nbsp;&nbsp;&nbsp;&nbsp;&nbsp;&nbsp;&nbsp;&nbsp;&nbsp;&nbsp;&nbsp;&nbsp;-&gt;  Seq Scan on products pr_1  (cost=0.00..2.00 rows=100 width=8)</td>\n",
       "        </tr>\n",
       "        <tr>\n",
       "            <td>&nbsp;&nbsp;&nbsp;&nbsp;&nbsp;&nbsp;&nbsp;&nbsp;&nbsp;&nbsp;&nbsp;&nbsp;&nbsp;&nbsp;&nbsp;&nbsp;&nbsp;&nbsp;&nbsp;&nbsp;&nbsp;&nbsp;&nbsp;&nbsp;&nbsp;&nbsp;&nbsp;&nbsp;&nbsp;&nbsp;&nbsp;&nbsp;&nbsp;&nbsp;&nbsp;&nbsp;&nbsp;&nbsp;&nbsp;&nbsp;&nbsp;&nbsp;&nbsp;&nbsp;&nbsp;&nbsp;&nbsp;&nbsp;&nbsp;&nbsp;&nbsp;&nbsp;&nbsp;&nbsp;&nbsp;&nbsp;&nbsp;&nbsp;&nbsp;&nbsp;&nbsp;&nbsp;&nbsp;&nbsp;&nbsp;&nbsp;&nbsp;&nbsp;&nbsp;&nbsp;&nbsp;&nbsp;&nbsp;&nbsp;-&gt;  Hash  (cost=14.40..14.40 rows=440 width=4)</td>\n",
       "        </tr>\n",
       "        <tr>\n",
       "            <td>&nbsp;&nbsp;&nbsp;&nbsp;&nbsp;&nbsp;&nbsp;&nbsp;&nbsp;&nbsp;&nbsp;&nbsp;&nbsp;&nbsp;&nbsp;&nbsp;&nbsp;&nbsp;&nbsp;&nbsp;&nbsp;&nbsp;&nbsp;&nbsp;&nbsp;&nbsp;&nbsp;&nbsp;&nbsp;&nbsp;&nbsp;&nbsp;&nbsp;&nbsp;&nbsp;&nbsp;&nbsp;&nbsp;&nbsp;&nbsp;&nbsp;&nbsp;&nbsp;&nbsp;&nbsp;&nbsp;&nbsp;&nbsp;&nbsp;&nbsp;&nbsp;&nbsp;&nbsp;&nbsp;&nbsp;&nbsp;&nbsp;&nbsp;&nbsp;&nbsp;&nbsp;&nbsp;&nbsp;&nbsp;&nbsp;&nbsp;&nbsp;&nbsp;&nbsp;&nbsp;&nbsp;&nbsp;&nbsp;&nbsp;&nbsp;&nbsp;&nbsp;&nbsp;&nbsp;&nbsp;-&gt;  Seq Scan on categories ca  (cost=0.00..14.40 rows=440 width=4)</td>\n",
       "        </tr>\n",
       "        <tr>\n",
       "            <td>&nbsp;&nbsp;&nbsp;&nbsp;&nbsp;&nbsp;&nbsp;&nbsp;&nbsp;&nbsp;&nbsp;&nbsp;&nbsp;&nbsp;&nbsp;&nbsp;&nbsp;&nbsp;&nbsp;&nbsp;-&gt;  Sort  (cost=5.32..5.57 rows=100 width=8)</td>\n",
       "        </tr>\n",
       "        <tr>\n",
       "            <td>&nbsp;&nbsp;&nbsp;&nbsp;&nbsp;&nbsp;&nbsp;&nbsp;&nbsp;&nbsp;&nbsp;&nbsp;&nbsp;&nbsp;&nbsp;&nbsp;&nbsp;&nbsp;&nbsp;&nbsp;&nbsp;&nbsp;&nbsp;&nbsp;&nbsp;&nbsp;Sort Key: pr.category_id</td>\n",
       "        </tr>\n",
       "        <tr>\n",
       "            <td>&nbsp;&nbsp;&nbsp;&nbsp;&nbsp;&nbsp;&nbsp;&nbsp;&nbsp;&nbsp;&nbsp;&nbsp;&nbsp;&nbsp;&nbsp;&nbsp;&nbsp;&nbsp;&nbsp;&nbsp;&nbsp;&nbsp;&nbsp;&nbsp;&nbsp;&nbsp;-&gt;  Seq Scan on products pr  (cost=0.00..2.00 rows=100 width=8)</td>\n",
       "        </tr>\n",
       "        <tr>\n",
       "            <td>&nbsp;&nbsp;&nbsp;&nbsp;&nbsp;&nbsp;&nbsp;&nbsp;&nbsp;&nbsp;&nbsp;&nbsp;&nbsp;&nbsp;-&gt;  Materialize  (cost=184358.02..219847.62 rows=62 width=18)</td>\n",
       "        </tr>\n",
       "        <tr>\n",
       "            <td>&nbsp;&nbsp;&nbsp;&nbsp;&nbsp;&nbsp;&nbsp;&nbsp;&nbsp;&nbsp;&nbsp;&nbsp;&nbsp;&nbsp;&nbsp;&nbsp;&nbsp;&nbsp;&nbsp;&nbsp;-&gt;  Hash Join  (cost=184358.02..219847.31 rows=62 width=18)</td>\n",
       "        </tr>\n",
       "        <tr>\n",
       "            <td>&nbsp;&nbsp;&nbsp;&nbsp;&nbsp;&nbsp;&nbsp;&nbsp;&nbsp;&nbsp;&nbsp;&nbsp;&nbsp;&nbsp;&nbsp;&nbsp;&nbsp;&nbsp;&nbsp;&nbsp;&nbsp;&nbsp;&nbsp;&nbsp;&nbsp;&nbsp;Hash Cond: (s.customer_id = top_cu.customer_id)</td>\n",
       "        </tr>\n",
       "        <tr>\n",
       "            <td>&nbsp;&nbsp;&nbsp;&nbsp;&nbsp;&nbsp;&nbsp;&nbsp;&nbsp;&nbsp;&nbsp;&nbsp;&nbsp;&nbsp;&nbsp;&nbsp;&nbsp;&nbsp;&nbsp;&nbsp;&nbsp;&nbsp;&nbsp;&nbsp;&nbsp;&nbsp;-&gt;  Seq Scan on sales s  (cost=0.00..30826.16 rows=1776416 width=18)</td>\n",
       "        </tr>\n",
       "        <tr>\n",
       "            <td>&nbsp;&nbsp;&nbsp;&nbsp;&nbsp;&nbsp;&nbsp;&nbsp;&nbsp;&nbsp;&nbsp;&nbsp;&nbsp;&nbsp;&nbsp;&nbsp;&nbsp;&nbsp;&nbsp;&nbsp;&nbsp;&nbsp;&nbsp;&nbsp;&nbsp;&nbsp;-&gt;  Hash  (cost=184357.77..184357.77 rows=20 width=4)</td>\n",
       "        </tr>\n",
       "        <tr>\n",
       "            <td>&nbsp;&nbsp;&nbsp;&nbsp;&nbsp;&nbsp;&nbsp;&nbsp;&nbsp;&nbsp;&nbsp;&nbsp;&nbsp;&nbsp;&nbsp;&nbsp;&nbsp;&nbsp;&nbsp;&nbsp;&nbsp;&nbsp;&nbsp;&nbsp;&nbsp;&nbsp;&nbsp;&nbsp;&nbsp;&nbsp;&nbsp;&nbsp;-&gt;  Subquery Scan on top_cu  (cost=184357.52..184357.77 rows=20 width=4)</td>\n",
       "        </tr>\n",
       "        <tr>\n",
       "            <td>&nbsp;&nbsp;&nbsp;&nbsp;&nbsp;&nbsp;&nbsp;&nbsp;&nbsp;&nbsp;&nbsp;&nbsp;&nbsp;&nbsp;&nbsp;&nbsp;&nbsp;&nbsp;&nbsp;&nbsp;&nbsp;&nbsp;&nbsp;&nbsp;&nbsp;&nbsp;&nbsp;&nbsp;&nbsp;&nbsp;&nbsp;&nbsp;&nbsp;&nbsp;&nbsp;&nbsp;&nbsp;&nbsp;-&gt;  Limit  (cost=184357.52..184357.57 rows=20 width=36)</td>\n",
       "        </tr>\n",
       "        <tr>\n",
       "            <td>&nbsp;&nbsp;&nbsp;&nbsp;&nbsp;&nbsp;&nbsp;&nbsp;&nbsp;&nbsp;&nbsp;&nbsp;&nbsp;&nbsp;&nbsp;&nbsp;&nbsp;&nbsp;&nbsp;&nbsp;&nbsp;&nbsp;&nbsp;&nbsp;&nbsp;&nbsp;&nbsp;&nbsp;&nbsp;&nbsp;&nbsp;&nbsp;&nbsp;&nbsp;&nbsp;&nbsp;&nbsp;&nbsp;&nbsp;&nbsp;&nbsp;&nbsp;&nbsp;&nbsp;-&gt;  Sort  (cost=184357.52..185788.24 rows=572286 width=36)</td>\n",
       "        </tr>\n",
       "        <tr>\n",
       "            <td>&nbsp;&nbsp;&nbsp;&nbsp;&nbsp;&nbsp;&nbsp;&nbsp;&nbsp;&nbsp;&nbsp;&nbsp;&nbsp;&nbsp;&nbsp;&nbsp;&nbsp;&nbsp;&nbsp;&nbsp;&nbsp;&nbsp;&nbsp;&nbsp;&nbsp;&nbsp;&nbsp;&nbsp;&nbsp;&nbsp;&nbsp;&nbsp;&nbsp;&nbsp;&nbsp;&nbsp;&nbsp;&nbsp;&nbsp;&nbsp;&nbsp;&nbsp;&nbsp;&nbsp;&nbsp;&nbsp;&nbsp;&nbsp;&nbsp;&nbsp;Sort Key: (sum(sales.price)) DESC</td>\n",
       "        </tr>\n",
       "        <tr>\n",
       "            <td>&nbsp;&nbsp;&nbsp;&nbsp;&nbsp;&nbsp;&nbsp;&nbsp;&nbsp;&nbsp;&nbsp;&nbsp;&nbsp;&nbsp;&nbsp;&nbsp;&nbsp;&nbsp;&nbsp;&nbsp;&nbsp;&nbsp;&nbsp;&nbsp;&nbsp;&nbsp;&nbsp;&nbsp;&nbsp;&nbsp;&nbsp;&nbsp;&nbsp;&nbsp;&nbsp;&nbsp;&nbsp;&nbsp;&nbsp;&nbsp;&nbsp;&nbsp;&nbsp;&nbsp;&nbsp;&nbsp;&nbsp;&nbsp;&nbsp;&nbsp;-&gt;  HashAggregate  (cost=144627.81..169129.20 rows=572286 width=36)</td>\n",
       "        </tr>\n",
       "        <tr>\n",
       "            <td>&nbsp;&nbsp;&nbsp;&nbsp;&nbsp;&nbsp;&nbsp;&nbsp;&nbsp;&nbsp;&nbsp;&nbsp;&nbsp;&nbsp;&nbsp;&nbsp;&nbsp;&nbsp;&nbsp;&nbsp;&nbsp;&nbsp;&nbsp;&nbsp;&nbsp;&nbsp;&nbsp;&nbsp;&nbsp;&nbsp;&nbsp;&nbsp;&nbsp;&nbsp;&nbsp;&nbsp;&nbsp;&nbsp;&nbsp;&nbsp;&nbsp;&nbsp;&nbsp;&nbsp;&nbsp;&nbsp;&nbsp;&nbsp;&nbsp;&nbsp;&nbsp;&nbsp;&nbsp;&nbsp;&nbsp;&nbsp;Group Key: sales.customer_id</td>\n",
       "        </tr>\n",
       "        <tr>\n",
       "            <td>&nbsp;&nbsp;&nbsp;&nbsp;&nbsp;&nbsp;&nbsp;&nbsp;&nbsp;&nbsp;&nbsp;&nbsp;&nbsp;&nbsp;&nbsp;&nbsp;&nbsp;&nbsp;&nbsp;&nbsp;&nbsp;&nbsp;&nbsp;&nbsp;&nbsp;&nbsp;&nbsp;&nbsp;&nbsp;&nbsp;&nbsp;&nbsp;&nbsp;&nbsp;&nbsp;&nbsp;&nbsp;&nbsp;&nbsp;&nbsp;&nbsp;&nbsp;&nbsp;&nbsp;&nbsp;&nbsp;&nbsp;&nbsp;&nbsp;&nbsp;&nbsp;&nbsp;&nbsp;&nbsp;&nbsp;&nbsp;Planned Partitions: 64</td>\n",
       "        </tr>\n",
       "        <tr>\n",
       "            <td>&nbsp;&nbsp;&nbsp;&nbsp;&nbsp;&nbsp;&nbsp;&nbsp;&nbsp;&nbsp;&nbsp;&nbsp;&nbsp;&nbsp;&nbsp;&nbsp;&nbsp;&nbsp;&nbsp;&nbsp;&nbsp;&nbsp;&nbsp;&nbsp;&nbsp;&nbsp;&nbsp;&nbsp;&nbsp;&nbsp;&nbsp;&nbsp;&nbsp;&nbsp;&nbsp;&nbsp;&nbsp;&nbsp;&nbsp;&nbsp;&nbsp;&nbsp;&nbsp;&nbsp;&nbsp;&nbsp;&nbsp;&nbsp;&nbsp;&nbsp;&nbsp;&nbsp;&nbsp;&nbsp;&nbsp;&nbsp;-&gt;  Seq Scan on sales  (cost=0.00..30826.16 rows=1776416 width=10)</td>\n",
       "        </tr>\n",
       "        <tr>\n",
       "            <td>JIT:</td>\n",
       "        </tr>\n",
       "        <tr>\n",
       "            <td>&nbsp;&nbsp;Functions: 61</td>\n",
       "        </tr>\n",
       "        <tr>\n",
       "            <td>&nbsp;&nbsp;Options: Inlining false, Optimization false, Expressions true, Deforming true</td>\n",
       "        </tr>\n",
       "    </tbody>\n",
       "</table>"
      ],
      "text/plain": [
       "[('GroupAggregate  (cost=215469.32..249277.79 rows=62 width=48)',),\n",
       " ('  Group Key: top_ca.id, top_cu.customer_id',),\n",
       " ('  ->  Incremental Sort  (cost=215469.32..249276.39 rows=62 width=18)',),\n",
       " ('        Sort Key: top_ca.id, top_cu.customer_id',),\n",
       " ('        Presorted Key: top_ca.id',),\n",
       " ('        ->  Nested Loop  (cost=213690.07..249274.11 rows=62 width=18)',),\n",
       " ('              Join Filter: (pr.id = s.product_id)',),\n",
       " ('              ->  Merge Join  (cost=29332.05..29333.65 rows=100 width=8)',),\n",
       " ('                    Merge Cond: (top_ca.id = pr.category_id)',),\n",
       " ('                    ->  Sort  (cost=29326.72..29326.77 rows=20 width=4)',),\n",
       " ('                          Sort Key: top_ca.id',),\n",
       " ('                          ->  Subquery Scan on top_ca  (cost=29326.04..29326.29 rows=20 width=4)',),\n",
       " ('                                ->  Limit  (cost=29326.04..29326.09 rows=20 width=36)',),\n",
       " ('                                      ->  Sort  (cost=29326.04..29327.14 rows=440 width=36)',),\n",
       " ('                                            Sort Key: (sum(s_1.price)) DESC',),\n",
       " ('                                            ->  Finalize GroupAggregate  (cost=29199.56..29314.33 rows=440 width=36)',),\n",
       " ('                                                  Group Key: ca.id',),\n",
       " ('                                                  ->  Gather Merge  (cost=29199.56..29302.23 rows=880 width=36)',),\n",
       " ('                                                        Workers Planned: 2',),\n",
       " ('                                                        ->  Sort  (cost=28199.54..28200.64 rows=440 width=36)',),\n",
       " ('                                                              Sort Key: ca.id',),\n",
       " ('                                                              ->  Partial HashAggregate  (cost=28174.72..28180.22 rows=440 width=36)',),\n",
       " ('                                                                    Group Key: ca.id',),\n",
       " ('                                                                    ->  Hash Join  (cost=23.15..24473.85 rows=740173 width=10)',),\n",
       " ('                                                                          Hash Cond: (pr_1.category_id = ca.id)',),\n",
       " ('                                                                          ->  Hash Join  (cost=3.25..22492.28 rows=740173 width=10)',),\n",
       " ('                                                                                Hash Cond: (s_1.product_id = pr_1.id)',),\n",
       " ('                                                                                ->  Parallel Seq Scan on sales s_1  (cost=0.00..20463.73 rows=740173 width=10)',),\n",
       " ('                                                                                ->  Hash  (cost=2.00..2.00 rows=100 width=8)',),\n",
       " ('                                                                                      ->  Seq Scan on products pr_1  (cost=0.00..2.00 rows=100 width=8)',),\n",
       " ('                                                                          ->  Hash  (cost=14.40..14.40 rows=440 width=4)',),\n",
       " ('                                                                                ->  Seq Scan on categories ca  (cost=0.00..14.40 rows=440 width=4)',),\n",
       " ('                    ->  Sort  (cost=5.32..5.57 rows=100 width=8)',),\n",
       " ('                          Sort Key: pr.category_id',),\n",
       " ('                          ->  Seq Scan on products pr  (cost=0.00..2.00 rows=100 width=8)',),\n",
       " ('              ->  Materialize  (cost=184358.02..219847.62 rows=62 width=18)',),\n",
       " ('                    ->  Hash Join  (cost=184358.02..219847.31 rows=62 width=18)',),\n",
       " ('                          Hash Cond: (s.customer_id = top_cu.customer_id)',),\n",
       " ('                          ->  Seq Scan on sales s  (cost=0.00..30826.16 rows=1776416 width=18)',),\n",
       " ('                          ->  Hash  (cost=184357.77..184357.77 rows=20 width=4)',),\n",
       " ('                                ->  Subquery Scan on top_cu  (cost=184357.52..184357.77 rows=20 width=4)',),\n",
       " ('                                      ->  Limit  (cost=184357.52..184357.57 rows=20 width=36)',),\n",
       " ('                                            ->  Sort  (cost=184357.52..185788.24 rows=572286 width=36)',),\n",
       " ('                                                  Sort Key: (sum(sales.price)) DESC',),\n",
       " ('                                                  ->  HashAggregate  (cost=144627.81..169129.20 rows=572286 width=36)',),\n",
       " ('                                                        Group Key: sales.customer_id',),\n",
       " ('                                                        Planned Partitions: 64',),\n",
       " ('                                                        ->  Seq Scan on sales  (cost=0.00..30826.16 rows=1776416 width=10)',),\n",
       " ('JIT:',),\n",
       " ('  Functions: 61',),\n",
       " ('  Options: Inlining false, Optimization false, Expressions true, Deforming true',)]"
      ]
     },
     "execution_count": 40,
     "metadata": {},
     "output_type": "execute_result"
    }
   ],
   "source": [
    "%%sql\n",
    "EXPLAIN \n",
    "SELECT top_ca.id, top_cu.customer_id, sum(s.quantity), sum(s.price) \n",
    "FROM \n",
    "        (SELECT ca.id AS id, sum(s.price) AS total_value \n",
    "         FROM sales.categories ca\n",
    "         JOIN sales.products pr \n",
    "            ON ca.id = pr.category_id\n",
    "         JOIN sales.sales s\n",
    "            ON pr.id = s.product_id\n",
    "         GROUP BY ca.id \n",
    "         ORDER BY total_value DESC limit 20) AS top_ca, \n",
    "\n",
    "        (SELECT customer_id, sum(price) AS dollar_value \n",
    "         FROM sales.sales\n",
    "         GROUP BY customer_id \n",
    "         ORDER BY dollar_value DESC limit 20) AS top_cu, \n",
    "\n",
    "        sales.sales s,\n",
    "        sales.products pr\n",
    "\n",
    "WHERE pr.category_id = top_ca.id \n",
    "           and s.customer_id = top_cu.customer_id \n",
    "           and s.product_id = pr.id\n",
    "GROUP BY top_ca.id, top_cu.customer_id \n",
    "ORDER BY top_ca.id"
   ]
  },
  {
   "cell_type": "markdown",
   "metadata": {},
   "source": [
    "## Creat index on porduct_id and category_id"
   ]
  },
  {
   "cell_type": "code",
   "execution_count": 81,
   "metadata": {
    "scrolled": false
   },
   "outputs": [
    {
     "name": "stdout",
     "output_type": "stream",
     "text": [
      " * postgresql://postgres:***@localhost/postgres\n",
      "Done.\n",
      "Done.\n"
     ]
    },
    {
     "data": {
      "text/plain": [
       "[]"
      ]
     },
     "execution_count": 81,
     "metadata": {},
     "output_type": "execute_result"
    }
   ],
   "source": [
    "%%sql\n",
    "CREATE INDEX product_index ON sales.sales(product_id); \n",
    "CREATE INDEX category_index ON sales.products(category_id);"
   ]
  },
  {
   "cell_type": "markdown",
   "metadata": {},
   "source": [
    "## Query plan with index"
   ]
  },
  {
   "cell_type": "code",
   "execution_count": 82,
   "metadata": {},
   "outputs": [
    {
     "name": "stdout",
     "output_type": "stream",
     "text": [
      " * postgresql://postgres:***@localhost/postgres\n",
      "47 rows affected.\n"
     ]
    },
    {
     "data": {
      "text/html": [
       "<table>\n",
       "    <thead>\n",
       "        <tr>\n",
       "            <th>QUERY PLAN</th>\n",
       "        </tr>\n",
       "    </thead>\n",
       "    <tbody>\n",
       "        <tr>\n",
       "            <td>GroupAggregate  (cost=114606.74..114608.29 rows=62 width=48)</td>\n",
       "        </tr>\n",
       "        <tr>\n",
       "            <td>&nbsp;&nbsp;Group Key: top_ca.id, sales.customer_id</td>\n",
       "        </tr>\n",
       "        <tr>\n",
       "            <td>&nbsp;&nbsp;-&gt;  Sort  (cost=114606.74..114606.90 rows=62 width=18)</td>\n",
       "        </tr>\n",
       "        <tr>\n",
       "            <td>&nbsp;&nbsp;&nbsp;&nbsp;&nbsp;&nbsp;&nbsp;&nbsp;Sort Key: top_ca.id, sales.customer_id</td>\n",
       "        </tr>\n",
       "        <tr>\n",
       "            <td>&nbsp;&nbsp;&nbsp;&nbsp;&nbsp;&nbsp;&nbsp;&nbsp;-&gt;  Nested Loop  (cost=114340.12..114604.90 rows=62 width=18)</td>\n",
       "        </tr>\n",
       "        <tr>\n",
       "            <td>&nbsp;&nbsp;&nbsp;&nbsp;&nbsp;&nbsp;&nbsp;&nbsp;&nbsp;&nbsp;&nbsp;&nbsp;&nbsp;&nbsp;Join Filter: (pr.id = s.product_id)</td>\n",
       "        </tr>\n",
       "        <tr>\n",
       "            <td>&nbsp;&nbsp;&nbsp;&nbsp;&nbsp;&nbsp;&nbsp;&nbsp;&nbsp;&nbsp;&nbsp;&nbsp;&nbsp;&nbsp;-&gt;  Merge Join  (cost=29332.05..29333.65 rows=100 width=8)</td>\n",
       "        </tr>\n",
       "        <tr>\n",
       "            <td>&nbsp;&nbsp;&nbsp;&nbsp;&nbsp;&nbsp;&nbsp;&nbsp;&nbsp;&nbsp;&nbsp;&nbsp;&nbsp;&nbsp;&nbsp;&nbsp;&nbsp;&nbsp;&nbsp;&nbsp;Merge Cond: (top_ca.id = pr.category_id)</td>\n",
       "        </tr>\n",
       "        <tr>\n",
       "            <td>&nbsp;&nbsp;&nbsp;&nbsp;&nbsp;&nbsp;&nbsp;&nbsp;&nbsp;&nbsp;&nbsp;&nbsp;&nbsp;&nbsp;&nbsp;&nbsp;&nbsp;&nbsp;&nbsp;&nbsp;-&gt;  Sort  (cost=29326.72..29326.77 rows=20 width=4)</td>\n",
       "        </tr>\n",
       "        <tr>\n",
       "            <td>&nbsp;&nbsp;&nbsp;&nbsp;&nbsp;&nbsp;&nbsp;&nbsp;&nbsp;&nbsp;&nbsp;&nbsp;&nbsp;&nbsp;&nbsp;&nbsp;&nbsp;&nbsp;&nbsp;&nbsp;&nbsp;&nbsp;&nbsp;&nbsp;&nbsp;&nbsp;Sort Key: top_ca.id</td>\n",
       "        </tr>\n",
       "        <tr>\n",
       "            <td>&nbsp;&nbsp;&nbsp;&nbsp;&nbsp;&nbsp;&nbsp;&nbsp;&nbsp;&nbsp;&nbsp;&nbsp;&nbsp;&nbsp;&nbsp;&nbsp;&nbsp;&nbsp;&nbsp;&nbsp;&nbsp;&nbsp;&nbsp;&nbsp;&nbsp;&nbsp;-&gt;  Subquery Scan on top_ca  (cost=29326.04..29326.29 rows=20 width=4)</td>\n",
       "        </tr>\n",
       "        <tr>\n",
       "            <td>&nbsp;&nbsp;&nbsp;&nbsp;&nbsp;&nbsp;&nbsp;&nbsp;&nbsp;&nbsp;&nbsp;&nbsp;&nbsp;&nbsp;&nbsp;&nbsp;&nbsp;&nbsp;&nbsp;&nbsp;&nbsp;&nbsp;&nbsp;&nbsp;&nbsp;&nbsp;&nbsp;&nbsp;&nbsp;&nbsp;&nbsp;&nbsp;-&gt;  Limit  (cost=29326.04..29326.09 rows=20 width=36)</td>\n",
       "        </tr>\n",
       "        <tr>\n",
       "            <td>&nbsp;&nbsp;&nbsp;&nbsp;&nbsp;&nbsp;&nbsp;&nbsp;&nbsp;&nbsp;&nbsp;&nbsp;&nbsp;&nbsp;&nbsp;&nbsp;&nbsp;&nbsp;&nbsp;&nbsp;&nbsp;&nbsp;&nbsp;&nbsp;&nbsp;&nbsp;&nbsp;&nbsp;&nbsp;&nbsp;&nbsp;&nbsp;&nbsp;&nbsp;&nbsp;&nbsp;&nbsp;&nbsp;-&gt;  Sort  (cost=29326.04..29327.14 rows=440 width=36)</td>\n",
       "        </tr>\n",
       "        <tr>\n",
       "            <td>&nbsp;&nbsp;&nbsp;&nbsp;&nbsp;&nbsp;&nbsp;&nbsp;&nbsp;&nbsp;&nbsp;&nbsp;&nbsp;&nbsp;&nbsp;&nbsp;&nbsp;&nbsp;&nbsp;&nbsp;&nbsp;&nbsp;&nbsp;&nbsp;&nbsp;&nbsp;&nbsp;&nbsp;&nbsp;&nbsp;&nbsp;&nbsp;&nbsp;&nbsp;&nbsp;&nbsp;&nbsp;&nbsp;&nbsp;&nbsp;&nbsp;&nbsp;&nbsp;&nbsp;Sort Key: (sum(s_1.price)) DESC</td>\n",
       "        </tr>\n",
       "        <tr>\n",
       "            <td>&nbsp;&nbsp;&nbsp;&nbsp;&nbsp;&nbsp;&nbsp;&nbsp;&nbsp;&nbsp;&nbsp;&nbsp;&nbsp;&nbsp;&nbsp;&nbsp;&nbsp;&nbsp;&nbsp;&nbsp;&nbsp;&nbsp;&nbsp;&nbsp;&nbsp;&nbsp;&nbsp;&nbsp;&nbsp;&nbsp;&nbsp;&nbsp;&nbsp;&nbsp;&nbsp;&nbsp;&nbsp;&nbsp;&nbsp;&nbsp;&nbsp;&nbsp;&nbsp;&nbsp;-&gt;  Finalize GroupAggregate  (cost=29199.56..29314.33 rows=440 width=36)</td>\n",
       "        </tr>\n",
       "        <tr>\n",
       "            <td>&nbsp;&nbsp;&nbsp;&nbsp;&nbsp;&nbsp;&nbsp;&nbsp;&nbsp;&nbsp;&nbsp;&nbsp;&nbsp;&nbsp;&nbsp;&nbsp;&nbsp;&nbsp;&nbsp;&nbsp;&nbsp;&nbsp;&nbsp;&nbsp;&nbsp;&nbsp;&nbsp;&nbsp;&nbsp;&nbsp;&nbsp;&nbsp;&nbsp;&nbsp;&nbsp;&nbsp;&nbsp;&nbsp;&nbsp;&nbsp;&nbsp;&nbsp;&nbsp;&nbsp;&nbsp;&nbsp;&nbsp;&nbsp;&nbsp;&nbsp;Group Key: ca.id</td>\n",
       "        </tr>\n",
       "        <tr>\n",
       "            <td>&nbsp;&nbsp;&nbsp;&nbsp;&nbsp;&nbsp;&nbsp;&nbsp;&nbsp;&nbsp;&nbsp;&nbsp;&nbsp;&nbsp;&nbsp;&nbsp;&nbsp;&nbsp;&nbsp;&nbsp;&nbsp;&nbsp;&nbsp;&nbsp;&nbsp;&nbsp;&nbsp;&nbsp;&nbsp;&nbsp;&nbsp;&nbsp;&nbsp;&nbsp;&nbsp;&nbsp;&nbsp;&nbsp;&nbsp;&nbsp;&nbsp;&nbsp;&nbsp;&nbsp;&nbsp;&nbsp;&nbsp;&nbsp;&nbsp;&nbsp;-&gt;  Gather Merge  (cost=29199.56..29302.23 rows=880 width=36)</td>\n",
       "        </tr>\n",
       "        <tr>\n",
       "            <td>&nbsp;&nbsp;&nbsp;&nbsp;&nbsp;&nbsp;&nbsp;&nbsp;&nbsp;&nbsp;&nbsp;&nbsp;&nbsp;&nbsp;&nbsp;&nbsp;&nbsp;&nbsp;&nbsp;&nbsp;&nbsp;&nbsp;&nbsp;&nbsp;&nbsp;&nbsp;&nbsp;&nbsp;&nbsp;&nbsp;&nbsp;&nbsp;&nbsp;&nbsp;&nbsp;&nbsp;&nbsp;&nbsp;&nbsp;&nbsp;&nbsp;&nbsp;&nbsp;&nbsp;&nbsp;&nbsp;&nbsp;&nbsp;&nbsp;&nbsp;&nbsp;&nbsp;&nbsp;&nbsp;&nbsp;&nbsp;Workers Planned: 2</td>\n",
       "        </tr>\n",
       "        <tr>\n",
       "            <td>&nbsp;&nbsp;&nbsp;&nbsp;&nbsp;&nbsp;&nbsp;&nbsp;&nbsp;&nbsp;&nbsp;&nbsp;&nbsp;&nbsp;&nbsp;&nbsp;&nbsp;&nbsp;&nbsp;&nbsp;&nbsp;&nbsp;&nbsp;&nbsp;&nbsp;&nbsp;&nbsp;&nbsp;&nbsp;&nbsp;&nbsp;&nbsp;&nbsp;&nbsp;&nbsp;&nbsp;&nbsp;&nbsp;&nbsp;&nbsp;&nbsp;&nbsp;&nbsp;&nbsp;&nbsp;&nbsp;&nbsp;&nbsp;&nbsp;&nbsp;&nbsp;&nbsp;&nbsp;&nbsp;&nbsp;&nbsp;-&gt;  Sort  (cost=28199.54..28200.64 rows=440 width=36)</td>\n",
       "        </tr>\n",
       "        <tr>\n",
       "            <td>&nbsp;&nbsp;&nbsp;&nbsp;&nbsp;&nbsp;&nbsp;&nbsp;&nbsp;&nbsp;&nbsp;&nbsp;&nbsp;&nbsp;&nbsp;&nbsp;&nbsp;&nbsp;&nbsp;&nbsp;&nbsp;&nbsp;&nbsp;&nbsp;&nbsp;&nbsp;&nbsp;&nbsp;&nbsp;&nbsp;&nbsp;&nbsp;&nbsp;&nbsp;&nbsp;&nbsp;&nbsp;&nbsp;&nbsp;&nbsp;&nbsp;&nbsp;&nbsp;&nbsp;&nbsp;&nbsp;&nbsp;&nbsp;&nbsp;&nbsp;&nbsp;&nbsp;&nbsp;&nbsp;&nbsp;&nbsp;&nbsp;&nbsp;&nbsp;&nbsp;&nbsp;&nbsp;Sort Key: ca.id</td>\n",
       "        </tr>\n",
       "        <tr>\n",
       "            <td>&nbsp;&nbsp;&nbsp;&nbsp;&nbsp;&nbsp;&nbsp;&nbsp;&nbsp;&nbsp;&nbsp;&nbsp;&nbsp;&nbsp;&nbsp;&nbsp;&nbsp;&nbsp;&nbsp;&nbsp;&nbsp;&nbsp;&nbsp;&nbsp;&nbsp;&nbsp;&nbsp;&nbsp;&nbsp;&nbsp;&nbsp;&nbsp;&nbsp;&nbsp;&nbsp;&nbsp;&nbsp;&nbsp;&nbsp;&nbsp;&nbsp;&nbsp;&nbsp;&nbsp;&nbsp;&nbsp;&nbsp;&nbsp;&nbsp;&nbsp;&nbsp;&nbsp;&nbsp;&nbsp;&nbsp;&nbsp;&nbsp;&nbsp;&nbsp;&nbsp;&nbsp;&nbsp;-&gt;  Partial HashAggregate  (cost=28174.72..28180.22 rows=440 width=36)</td>\n",
       "        </tr>\n",
       "        <tr>\n",
       "            <td>&nbsp;&nbsp;&nbsp;&nbsp;&nbsp;&nbsp;&nbsp;&nbsp;&nbsp;&nbsp;&nbsp;&nbsp;&nbsp;&nbsp;&nbsp;&nbsp;&nbsp;&nbsp;&nbsp;&nbsp;&nbsp;&nbsp;&nbsp;&nbsp;&nbsp;&nbsp;&nbsp;&nbsp;&nbsp;&nbsp;&nbsp;&nbsp;&nbsp;&nbsp;&nbsp;&nbsp;&nbsp;&nbsp;&nbsp;&nbsp;&nbsp;&nbsp;&nbsp;&nbsp;&nbsp;&nbsp;&nbsp;&nbsp;&nbsp;&nbsp;&nbsp;&nbsp;&nbsp;&nbsp;&nbsp;&nbsp;&nbsp;&nbsp;&nbsp;&nbsp;&nbsp;&nbsp;&nbsp;&nbsp;&nbsp;&nbsp;&nbsp;&nbsp;Group Key: ca.id</td>\n",
       "        </tr>\n",
       "        <tr>\n",
       "            <td>&nbsp;&nbsp;&nbsp;&nbsp;&nbsp;&nbsp;&nbsp;&nbsp;&nbsp;&nbsp;&nbsp;&nbsp;&nbsp;&nbsp;&nbsp;&nbsp;&nbsp;&nbsp;&nbsp;&nbsp;&nbsp;&nbsp;&nbsp;&nbsp;&nbsp;&nbsp;&nbsp;&nbsp;&nbsp;&nbsp;&nbsp;&nbsp;&nbsp;&nbsp;&nbsp;&nbsp;&nbsp;&nbsp;&nbsp;&nbsp;&nbsp;&nbsp;&nbsp;&nbsp;&nbsp;&nbsp;&nbsp;&nbsp;&nbsp;&nbsp;&nbsp;&nbsp;&nbsp;&nbsp;&nbsp;&nbsp;&nbsp;&nbsp;&nbsp;&nbsp;&nbsp;&nbsp;&nbsp;&nbsp;&nbsp;&nbsp;&nbsp;&nbsp;-&gt;  Hash Join  (cost=23.15..24473.85 rows=740173 width=10)</td>\n",
       "        </tr>\n",
       "        <tr>\n",
       "            <td>&nbsp;&nbsp;&nbsp;&nbsp;&nbsp;&nbsp;&nbsp;&nbsp;&nbsp;&nbsp;&nbsp;&nbsp;&nbsp;&nbsp;&nbsp;&nbsp;&nbsp;&nbsp;&nbsp;&nbsp;&nbsp;&nbsp;&nbsp;&nbsp;&nbsp;&nbsp;&nbsp;&nbsp;&nbsp;&nbsp;&nbsp;&nbsp;&nbsp;&nbsp;&nbsp;&nbsp;&nbsp;&nbsp;&nbsp;&nbsp;&nbsp;&nbsp;&nbsp;&nbsp;&nbsp;&nbsp;&nbsp;&nbsp;&nbsp;&nbsp;&nbsp;&nbsp;&nbsp;&nbsp;&nbsp;&nbsp;&nbsp;&nbsp;&nbsp;&nbsp;&nbsp;&nbsp;&nbsp;&nbsp;&nbsp;&nbsp;&nbsp;&nbsp;&nbsp;&nbsp;&nbsp;&nbsp;&nbsp;&nbsp;Hash Cond: (pr_1.category_id = ca.id)</td>\n",
       "        </tr>\n",
       "        <tr>\n",
       "            <td>&nbsp;&nbsp;&nbsp;&nbsp;&nbsp;&nbsp;&nbsp;&nbsp;&nbsp;&nbsp;&nbsp;&nbsp;&nbsp;&nbsp;&nbsp;&nbsp;&nbsp;&nbsp;&nbsp;&nbsp;&nbsp;&nbsp;&nbsp;&nbsp;&nbsp;&nbsp;&nbsp;&nbsp;&nbsp;&nbsp;&nbsp;&nbsp;&nbsp;&nbsp;&nbsp;&nbsp;&nbsp;&nbsp;&nbsp;&nbsp;&nbsp;&nbsp;&nbsp;&nbsp;&nbsp;&nbsp;&nbsp;&nbsp;&nbsp;&nbsp;&nbsp;&nbsp;&nbsp;&nbsp;&nbsp;&nbsp;&nbsp;&nbsp;&nbsp;&nbsp;&nbsp;&nbsp;&nbsp;&nbsp;&nbsp;&nbsp;&nbsp;&nbsp;&nbsp;&nbsp;&nbsp;&nbsp;&nbsp;&nbsp;-&gt;  Hash Join  (cost=3.25..22492.28 rows=740173 width=10)</td>\n",
       "        </tr>\n",
       "        <tr>\n",
       "            <td>&nbsp;&nbsp;&nbsp;&nbsp;&nbsp;&nbsp;&nbsp;&nbsp;&nbsp;&nbsp;&nbsp;&nbsp;&nbsp;&nbsp;&nbsp;&nbsp;&nbsp;&nbsp;&nbsp;&nbsp;&nbsp;&nbsp;&nbsp;&nbsp;&nbsp;&nbsp;&nbsp;&nbsp;&nbsp;&nbsp;&nbsp;&nbsp;&nbsp;&nbsp;&nbsp;&nbsp;&nbsp;&nbsp;&nbsp;&nbsp;&nbsp;&nbsp;&nbsp;&nbsp;&nbsp;&nbsp;&nbsp;&nbsp;&nbsp;&nbsp;&nbsp;&nbsp;&nbsp;&nbsp;&nbsp;&nbsp;&nbsp;&nbsp;&nbsp;&nbsp;&nbsp;&nbsp;&nbsp;&nbsp;&nbsp;&nbsp;&nbsp;&nbsp;&nbsp;&nbsp;&nbsp;&nbsp;&nbsp;&nbsp;&nbsp;&nbsp;&nbsp;&nbsp;&nbsp;&nbsp;Hash Cond: (s_1.product_id = pr_1.id)</td>\n",
       "        </tr>\n",
       "        <tr>\n",
       "            <td>&nbsp;&nbsp;&nbsp;&nbsp;&nbsp;&nbsp;&nbsp;&nbsp;&nbsp;&nbsp;&nbsp;&nbsp;&nbsp;&nbsp;&nbsp;&nbsp;&nbsp;&nbsp;&nbsp;&nbsp;&nbsp;&nbsp;&nbsp;&nbsp;&nbsp;&nbsp;&nbsp;&nbsp;&nbsp;&nbsp;&nbsp;&nbsp;&nbsp;&nbsp;&nbsp;&nbsp;&nbsp;&nbsp;&nbsp;&nbsp;&nbsp;&nbsp;&nbsp;&nbsp;&nbsp;&nbsp;&nbsp;&nbsp;&nbsp;&nbsp;&nbsp;&nbsp;&nbsp;&nbsp;&nbsp;&nbsp;&nbsp;&nbsp;&nbsp;&nbsp;&nbsp;&nbsp;&nbsp;&nbsp;&nbsp;&nbsp;&nbsp;&nbsp;&nbsp;&nbsp;&nbsp;&nbsp;&nbsp;&nbsp;&nbsp;&nbsp;&nbsp;&nbsp;&nbsp;&nbsp;-&gt;  Parallel Seq Scan on sales s_1  (cost=0.00..20463.73 rows=740173 width=10)</td>\n",
       "        </tr>\n",
       "        <tr>\n",
       "            <td>&nbsp;&nbsp;&nbsp;&nbsp;&nbsp;&nbsp;&nbsp;&nbsp;&nbsp;&nbsp;&nbsp;&nbsp;&nbsp;&nbsp;&nbsp;&nbsp;&nbsp;&nbsp;&nbsp;&nbsp;&nbsp;&nbsp;&nbsp;&nbsp;&nbsp;&nbsp;&nbsp;&nbsp;&nbsp;&nbsp;&nbsp;&nbsp;&nbsp;&nbsp;&nbsp;&nbsp;&nbsp;&nbsp;&nbsp;&nbsp;&nbsp;&nbsp;&nbsp;&nbsp;&nbsp;&nbsp;&nbsp;&nbsp;&nbsp;&nbsp;&nbsp;&nbsp;&nbsp;&nbsp;&nbsp;&nbsp;&nbsp;&nbsp;&nbsp;&nbsp;&nbsp;&nbsp;&nbsp;&nbsp;&nbsp;&nbsp;&nbsp;&nbsp;&nbsp;&nbsp;&nbsp;&nbsp;&nbsp;&nbsp;&nbsp;&nbsp;&nbsp;&nbsp;&nbsp;&nbsp;-&gt;  Hash  (cost=2.00..2.00 rows=100 width=8)</td>\n",
       "        </tr>\n",
       "        <tr>\n",
       "            <td>&nbsp;&nbsp;&nbsp;&nbsp;&nbsp;&nbsp;&nbsp;&nbsp;&nbsp;&nbsp;&nbsp;&nbsp;&nbsp;&nbsp;&nbsp;&nbsp;&nbsp;&nbsp;&nbsp;&nbsp;&nbsp;&nbsp;&nbsp;&nbsp;&nbsp;&nbsp;&nbsp;&nbsp;&nbsp;&nbsp;&nbsp;&nbsp;&nbsp;&nbsp;&nbsp;&nbsp;&nbsp;&nbsp;&nbsp;&nbsp;&nbsp;&nbsp;&nbsp;&nbsp;&nbsp;&nbsp;&nbsp;&nbsp;&nbsp;&nbsp;&nbsp;&nbsp;&nbsp;&nbsp;&nbsp;&nbsp;&nbsp;&nbsp;&nbsp;&nbsp;&nbsp;&nbsp;&nbsp;&nbsp;&nbsp;&nbsp;&nbsp;&nbsp;&nbsp;&nbsp;&nbsp;&nbsp;&nbsp;&nbsp;&nbsp;&nbsp;&nbsp;&nbsp;&nbsp;&nbsp;&nbsp;&nbsp;&nbsp;&nbsp;&nbsp;&nbsp;-&gt;  Seq Scan on products pr_1  (cost=0.00..2.00 rows=100 width=8)</td>\n",
       "        </tr>\n",
       "        <tr>\n",
       "            <td>&nbsp;&nbsp;&nbsp;&nbsp;&nbsp;&nbsp;&nbsp;&nbsp;&nbsp;&nbsp;&nbsp;&nbsp;&nbsp;&nbsp;&nbsp;&nbsp;&nbsp;&nbsp;&nbsp;&nbsp;&nbsp;&nbsp;&nbsp;&nbsp;&nbsp;&nbsp;&nbsp;&nbsp;&nbsp;&nbsp;&nbsp;&nbsp;&nbsp;&nbsp;&nbsp;&nbsp;&nbsp;&nbsp;&nbsp;&nbsp;&nbsp;&nbsp;&nbsp;&nbsp;&nbsp;&nbsp;&nbsp;&nbsp;&nbsp;&nbsp;&nbsp;&nbsp;&nbsp;&nbsp;&nbsp;&nbsp;&nbsp;&nbsp;&nbsp;&nbsp;&nbsp;&nbsp;&nbsp;&nbsp;&nbsp;&nbsp;&nbsp;&nbsp;&nbsp;&nbsp;&nbsp;&nbsp;&nbsp;&nbsp;-&gt;  Hash  (cost=14.40..14.40 rows=440 width=4)</td>\n",
       "        </tr>\n",
       "        <tr>\n",
       "            <td>&nbsp;&nbsp;&nbsp;&nbsp;&nbsp;&nbsp;&nbsp;&nbsp;&nbsp;&nbsp;&nbsp;&nbsp;&nbsp;&nbsp;&nbsp;&nbsp;&nbsp;&nbsp;&nbsp;&nbsp;&nbsp;&nbsp;&nbsp;&nbsp;&nbsp;&nbsp;&nbsp;&nbsp;&nbsp;&nbsp;&nbsp;&nbsp;&nbsp;&nbsp;&nbsp;&nbsp;&nbsp;&nbsp;&nbsp;&nbsp;&nbsp;&nbsp;&nbsp;&nbsp;&nbsp;&nbsp;&nbsp;&nbsp;&nbsp;&nbsp;&nbsp;&nbsp;&nbsp;&nbsp;&nbsp;&nbsp;&nbsp;&nbsp;&nbsp;&nbsp;&nbsp;&nbsp;&nbsp;&nbsp;&nbsp;&nbsp;&nbsp;&nbsp;&nbsp;&nbsp;&nbsp;&nbsp;&nbsp;&nbsp;&nbsp;&nbsp;&nbsp;&nbsp;&nbsp;&nbsp;-&gt;  Seq Scan on categories ca  (cost=0.00..14.40 rows=440 width=4)</td>\n",
       "        </tr>\n",
       "        <tr>\n",
       "            <td>&nbsp;&nbsp;&nbsp;&nbsp;&nbsp;&nbsp;&nbsp;&nbsp;&nbsp;&nbsp;&nbsp;&nbsp;&nbsp;&nbsp;&nbsp;&nbsp;&nbsp;&nbsp;&nbsp;&nbsp;-&gt;  Sort  (cost=5.32..5.57 rows=100 width=8)</td>\n",
       "        </tr>\n",
       "        <tr>\n",
       "            <td>&nbsp;&nbsp;&nbsp;&nbsp;&nbsp;&nbsp;&nbsp;&nbsp;&nbsp;&nbsp;&nbsp;&nbsp;&nbsp;&nbsp;&nbsp;&nbsp;&nbsp;&nbsp;&nbsp;&nbsp;&nbsp;&nbsp;&nbsp;&nbsp;&nbsp;&nbsp;Sort Key: pr.category_id</td>\n",
       "        </tr>\n",
       "        <tr>\n",
       "            <td>&nbsp;&nbsp;&nbsp;&nbsp;&nbsp;&nbsp;&nbsp;&nbsp;&nbsp;&nbsp;&nbsp;&nbsp;&nbsp;&nbsp;&nbsp;&nbsp;&nbsp;&nbsp;&nbsp;&nbsp;&nbsp;&nbsp;&nbsp;&nbsp;&nbsp;&nbsp;-&gt;  Seq Scan on products pr  (cost=0.00..2.00 rows=100 width=8)</td>\n",
       "        </tr>\n",
       "        <tr>\n",
       "            <td>&nbsp;&nbsp;&nbsp;&nbsp;&nbsp;&nbsp;&nbsp;&nbsp;&nbsp;&nbsp;&nbsp;&nbsp;&nbsp;&nbsp;-&gt;  Materialize  (cost=85008.07..85178.41 rows=62 width=18)</td>\n",
       "        </tr>\n",
       "        <tr>\n",
       "            <td>&nbsp;&nbsp;&nbsp;&nbsp;&nbsp;&nbsp;&nbsp;&nbsp;&nbsp;&nbsp;&nbsp;&nbsp;&nbsp;&nbsp;&nbsp;&nbsp;&nbsp;&nbsp;&nbsp;&nbsp;-&gt;  Nested Loop  (cost=85008.07..85178.10 rows=62 width=18)</td>\n",
       "        </tr>\n",
       "        <tr>\n",
       "            <td>&nbsp;&nbsp;&nbsp;&nbsp;&nbsp;&nbsp;&nbsp;&nbsp;&nbsp;&nbsp;&nbsp;&nbsp;&nbsp;&nbsp;&nbsp;&nbsp;&nbsp;&nbsp;&nbsp;&nbsp;&nbsp;&nbsp;&nbsp;&nbsp;&nbsp;&nbsp;-&gt;  Limit  (cost=85007.65..85007.70 rows=20 width=36)</td>\n",
       "        </tr>\n",
       "        <tr>\n",
       "            <td>&nbsp;&nbsp;&nbsp;&nbsp;&nbsp;&nbsp;&nbsp;&nbsp;&nbsp;&nbsp;&nbsp;&nbsp;&nbsp;&nbsp;&nbsp;&nbsp;&nbsp;&nbsp;&nbsp;&nbsp;&nbsp;&nbsp;&nbsp;&nbsp;&nbsp;&nbsp;&nbsp;&nbsp;&nbsp;&nbsp;&nbsp;&nbsp;-&gt;  Sort  (cost=85007.65..86438.36 rows=572286 width=36)</td>\n",
       "        </tr>\n",
       "        <tr>\n",
       "            <td>&nbsp;&nbsp;&nbsp;&nbsp;&nbsp;&nbsp;&nbsp;&nbsp;&nbsp;&nbsp;&nbsp;&nbsp;&nbsp;&nbsp;&nbsp;&nbsp;&nbsp;&nbsp;&nbsp;&nbsp;&nbsp;&nbsp;&nbsp;&nbsp;&nbsp;&nbsp;&nbsp;&nbsp;&nbsp;&nbsp;&nbsp;&nbsp;&nbsp;&nbsp;&nbsp;&nbsp;&nbsp;&nbsp;Sort Key: (sum(sales.price)) DESC</td>\n",
       "        </tr>\n",
       "        <tr>\n",
       "            <td>&nbsp;&nbsp;&nbsp;&nbsp;&nbsp;&nbsp;&nbsp;&nbsp;&nbsp;&nbsp;&nbsp;&nbsp;&nbsp;&nbsp;&nbsp;&nbsp;&nbsp;&nbsp;&nbsp;&nbsp;&nbsp;&nbsp;&nbsp;&nbsp;&nbsp;&nbsp;&nbsp;&nbsp;&nbsp;&nbsp;&nbsp;&nbsp;&nbsp;&nbsp;&nbsp;&nbsp;&nbsp;&nbsp;-&gt;  GroupAggregate  (cost=0.43..69779.32 rows=572286 width=36)</td>\n",
       "        </tr>\n",
       "        <tr>\n",
       "            <td>&nbsp;&nbsp;&nbsp;&nbsp;&nbsp;&nbsp;&nbsp;&nbsp;&nbsp;&nbsp;&nbsp;&nbsp;&nbsp;&nbsp;&nbsp;&nbsp;&nbsp;&nbsp;&nbsp;&nbsp;&nbsp;&nbsp;&nbsp;&nbsp;&nbsp;&nbsp;&nbsp;&nbsp;&nbsp;&nbsp;&nbsp;&nbsp;&nbsp;&nbsp;&nbsp;&nbsp;&nbsp;&nbsp;&nbsp;&nbsp;&nbsp;&nbsp;&nbsp;&nbsp;Group Key: sales.customer_id</td>\n",
       "        </tr>\n",
       "        <tr>\n",
       "            <td>&nbsp;&nbsp;&nbsp;&nbsp;&nbsp;&nbsp;&nbsp;&nbsp;&nbsp;&nbsp;&nbsp;&nbsp;&nbsp;&nbsp;&nbsp;&nbsp;&nbsp;&nbsp;&nbsp;&nbsp;&nbsp;&nbsp;&nbsp;&nbsp;&nbsp;&nbsp;&nbsp;&nbsp;&nbsp;&nbsp;&nbsp;&nbsp;&nbsp;&nbsp;&nbsp;&nbsp;&nbsp;&nbsp;&nbsp;&nbsp;&nbsp;&nbsp;&nbsp;&nbsp;-&gt;  Index Scan using customer_id_index on sales  (cost=0.43..53743.67 rows=1776416 width=10)</td>\n",
       "        </tr>\n",
       "        <tr>\n",
       "            <td>&nbsp;&nbsp;&nbsp;&nbsp;&nbsp;&nbsp;&nbsp;&nbsp;&nbsp;&nbsp;&nbsp;&nbsp;&nbsp;&nbsp;&nbsp;&nbsp;&nbsp;&nbsp;&nbsp;&nbsp;&nbsp;&nbsp;&nbsp;&nbsp;&nbsp;&nbsp;-&gt;  Index Scan using customer_id_index on sales s  (cost=0.43..8.48 rows=3 width=18)</td>\n",
       "        </tr>\n",
       "        <tr>\n",
       "            <td>&nbsp;&nbsp;&nbsp;&nbsp;&nbsp;&nbsp;&nbsp;&nbsp;&nbsp;&nbsp;&nbsp;&nbsp;&nbsp;&nbsp;&nbsp;&nbsp;&nbsp;&nbsp;&nbsp;&nbsp;&nbsp;&nbsp;&nbsp;&nbsp;&nbsp;&nbsp;&nbsp;&nbsp;&nbsp;&nbsp;&nbsp;&nbsp;Index Cond: (customer_id = sales.customer_id)</td>\n",
       "        </tr>\n",
       "        <tr>\n",
       "            <td>JIT:</td>\n",
       "        </tr>\n",
       "        <tr>\n",
       "            <td>&nbsp;&nbsp;Functions: 56</td>\n",
       "        </tr>\n",
       "        <tr>\n",
       "            <td>&nbsp;&nbsp;Options: Inlining false, Optimization false, Expressions true, Deforming true</td>\n",
       "        </tr>\n",
       "    </tbody>\n",
       "</table>"
      ],
      "text/plain": [
       "[('GroupAggregate  (cost=114606.74..114608.29 rows=62 width=48)',),\n",
       " ('  Group Key: top_ca.id, sales.customer_id',),\n",
       " ('  ->  Sort  (cost=114606.74..114606.90 rows=62 width=18)',),\n",
       " ('        Sort Key: top_ca.id, sales.customer_id',),\n",
       " ('        ->  Nested Loop  (cost=114340.12..114604.90 rows=62 width=18)',),\n",
       " ('              Join Filter: (pr.id = s.product_id)',),\n",
       " ('              ->  Merge Join  (cost=29332.05..29333.65 rows=100 width=8)',),\n",
       " ('                    Merge Cond: (top_ca.id = pr.category_id)',),\n",
       " ('                    ->  Sort  (cost=29326.72..29326.77 rows=20 width=4)',),\n",
       " ('                          Sort Key: top_ca.id',),\n",
       " ('                          ->  Subquery Scan on top_ca  (cost=29326.04..29326.29 rows=20 width=4)',),\n",
       " ('                                ->  Limit  (cost=29326.04..29326.09 rows=20 width=36)',),\n",
       " ('                                      ->  Sort  (cost=29326.04..29327.14 rows=440 width=36)',),\n",
       " ('                                            Sort Key: (sum(s_1.price)) DESC',),\n",
       " ('                                            ->  Finalize GroupAggregate  (cost=29199.56..29314.33 rows=440 width=36)',),\n",
       " ('                                                  Group Key: ca.id',),\n",
       " ('                                                  ->  Gather Merge  (cost=29199.56..29302.23 rows=880 width=36)',),\n",
       " ('                                                        Workers Planned: 2',),\n",
       " ('                                                        ->  Sort  (cost=28199.54..28200.64 rows=440 width=36)',),\n",
       " ('                                                              Sort Key: ca.id',),\n",
       " ('                                                              ->  Partial HashAggregate  (cost=28174.72..28180.22 rows=440 width=36)',),\n",
       " ('                                                                    Group Key: ca.id',),\n",
       " ('                                                                    ->  Hash Join  (cost=23.15..24473.85 rows=740173 width=10)',),\n",
       " ('                                                                          Hash Cond: (pr_1.category_id = ca.id)',),\n",
       " ('                                                                          ->  Hash Join  (cost=3.25..22492.28 rows=740173 width=10)',),\n",
       " ('                                                                                Hash Cond: (s_1.product_id = pr_1.id)',),\n",
       " ('                                                                                ->  Parallel Seq Scan on sales s_1  (cost=0.00..20463.73 rows=740173 width=10)',),\n",
       " ('                                                                                ->  Hash  (cost=2.00..2.00 rows=100 width=8)',),\n",
       " ('                                                                                      ->  Seq Scan on products pr_1  (cost=0.00..2.00 rows=100 width=8)',),\n",
       " ('                                                                          ->  Hash  (cost=14.40..14.40 rows=440 width=4)',),\n",
       " ('                                                                                ->  Seq Scan on categories ca  (cost=0.00..14.40 rows=440 width=4)',),\n",
       " ('                    ->  Sort  (cost=5.32..5.57 rows=100 width=8)',),\n",
       " ('                          Sort Key: pr.category_id',),\n",
       " ('                          ->  Seq Scan on products pr  (cost=0.00..2.00 rows=100 width=8)',),\n",
       " ('              ->  Materialize  (cost=85008.07..85178.41 rows=62 width=18)',),\n",
       " ('                    ->  Nested Loop  (cost=85008.07..85178.10 rows=62 width=18)',),\n",
       " ('                          ->  Limit  (cost=85007.65..85007.70 rows=20 width=36)',),\n",
       " ('                                ->  Sort  (cost=85007.65..86438.36 rows=572286 width=36)',),\n",
       " ('                                      Sort Key: (sum(sales.price)) DESC',),\n",
       " ('                                      ->  GroupAggregate  (cost=0.43..69779.32 rows=572286 width=36)',),\n",
       " ('                                            Group Key: sales.customer_id',),\n",
       " ('                                            ->  Index Scan using customer_id_index on sales  (cost=0.43..53743.67 rows=1776416 width=10)',),\n",
       " ('                          ->  Index Scan using customer_id_index on sales s  (cost=0.43..8.48 rows=3 width=18)',),\n",
       " ('                                Index Cond: (customer_id = sales.customer_id)',),\n",
       " ('JIT:',),\n",
       " ('  Functions: 56',),\n",
       " ('  Options: Inlining false, Optimization false, Expressions true, Deforming true',)]"
      ]
     },
     "execution_count": 82,
     "metadata": {},
     "output_type": "execute_result"
    }
   ],
   "source": [
    "%%sql\n",
    "EXPLAIN \n",
    "SELECT top_ca.id, top_cu.customer_id, sum(s.quantity), sum(s.price) \n",
    "FROM \n",
    "        (SELECT ca.id AS id, sum(s.price) AS total_value \n",
    "         FROM sales.categories ca\n",
    "         JOIN sales.products pr \n",
    "            ON ca.id = pr.category_id\n",
    "         JOIN sales.sales s\n",
    "            ON pr.id = s.product_id\n",
    "         GROUP BY ca.id \n",
    "         ORDER BY total_value DESC limit 20) AS top_ca, \n",
    "\n",
    "        (SELECT customer_id, sum(price) AS dollar_value \n",
    "         FROM sales.sales\n",
    "         GROUP BY customer_id \n",
    "         ORDER BY dollar_value DESC limit 20) AS top_cu, \n",
    "\n",
    "        sales.sales s,\n",
    "        sales.products pr\n",
    "\n",
    "WHERE pr.category_id = top_ca.id \n",
    "           and s.customer_id = top_cu.customer_id \n",
    "           and s.product_id = pr.id\n",
    "GROUP BY top_ca.id, top_cu.customer_id \n",
    "ORDER BY top_ca.id"
   ]
  },
  {
   "cell_type": "code",
   "execution_count": 83,
   "metadata": {},
   "outputs": [
    {
     "name": "stdout",
     "output_type": "stream",
     "text": [
      " * postgresql://postgres:***@localhost/postgres\n",
      "8 rows affected.\n"
     ]
    },
    {
     "data": {
      "text/html": [
       "<table>\n",
       "    <thead>\n",
       "        <tr>\n",
       "            <th>tablename</th>\n",
       "            <th>indexname</th>\n",
       "            <th>indexdef</th>\n",
       "        </tr>\n",
       "    </thead>\n",
       "    <tbody>\n",
       "        <tr>\n",
       "            <td>categories</td>\n",
       "            <td>categories_pkey</td>\n",
       "            <td>CREATE UNIQUE INDEX categories_pkey ON sales.categories USING btree (id)</td>\n",
       "        </tr>\n",
       "        <tr>\n",
       "            <td>customers</td>\n",
       "            <td>customers_pkey</td>\n",
       "            <td>CREATE UNIQUE INDEX customers_pkey ON sales.customers USING btree (id)</td>\n",
       "        </tr>\n",
       "        <tr>\n",
       "            <td>products</td>\n",
       "            <td>category_index</td>\n",
       "            <td>CREATE INDEX category_index ON sales.products USING btree (category_id)</td>\n",
       "        </tr>\n",
       "        <tr>\n",
       "            <td>products</td>\n",
       "            <td>products_pkey</td>\n",
       "            <td>CREATE UNIQUE INDEX products_pkey ON sales.products USING btree (id)</td>\n",
       "        </tr>\n",
       "        <tr>\n",
       "            <td>sales</td>\n",
       "            <td>customer_id_index</td>\n",
       "            <td>CREATE INDEX customer_id_index ON sales.sales USING btree (customer_id)</td>\n",
       "        </tr>\n",
       "        <tr>\n",
       "            <td>sales</td>\n",
       "            <td>product_index</td>\n",
       "            <td>CREATE INDEX product_index ON sales.sales USING btree (product_id)</td>\n",
       "        </tr>\n",
       "        <tr>\n",
       "            <td>sales</td>\n",
       "            <td>sales_pkey</td>\n",
       "            <td>CREATE UNIQUE INDEX sales_pkey ON sales.sales USING btree (id)</td>\n",
       "        </tr>\n",
       "        <tr>\n",
       "            <td>states</td>\n",
       "            <td>states_pkey</td>\n",
       "            <td>CREATE UNIQUE INDEX states_pkey ON sales.states USING btree (id)</td>\n",
       "        </tr>\n",
       "    </tbody>\n",
       "</table>"
      ],
      "text/plain": [
       "[('categories', 'categories_pkey', 'CREATE UNIQUE INDEX categories_pkey ON sales.categories USING btree (id)'),\n",
       " ('customers', 'customers_pkey', 'CREATE UNIQUE INDEX customers_pkey ON sales.customers USING btree (id)'),\n",
       " ('products', 'category_index', 'CREATE INDEX category_index ON sales.products USING btree (category_id)'),\n",
       " ('products', 'products_pkey', 'CREATE UNIQUE INDEX products_pkey ON sales.products USING btree (id)'),\n",
       " ('sales', 'customer_id_index', 'CREATE INDEX customer_id_index ON sales.sales USING btree (customer_id)'),\n",
       " ('sales', 'product_index', 'CREATE INDEX product_index ON sales.sales USING btree (product_id)'),\n",
       " ('sales', 'sales_pkey', 'CREATE UNIQUE INDEX sales_pkey ON sales.sales USING btree (id)'),\n",
       " ('states', 'states_pkey', 'CREATE UNIQUE INDEX states_pkey ON sales.states USING btree (id)')]"
      ]
     },
     "execution_count": 83,
     "metadata": {},
     "output_type": "execute_result"
    }
   ],
   "source": [
    "%%sql\n",
    "SELECT\n",
    "    tablename,\n",
    "    indexname,\n",
    "    indexdef\n",
    "FROM\n",
    "    pg_indexes\n",
    "WHERE\n",
    "    schemaname = 'sales'\n",
    "ORDER BY\n",
    "    tablename,\n",
    "    indexname;"
   ]
  },
  {
   "cell_type": "markdown",
   "metadata": {},
   "source": [
    "~~~sql\n",
    "\n",
    "~~~"
   ]
  }
 ],
 "metadata": {
  "kernelspec": {
   "display_name": "Python 3",
   "language": "python",
   "name": "python3"
  },
  "language_info": {
   "codemirror_mode": {
    "name": "ipython",
    "version": 3
   },
   "file_extension": ".py",
   "mimetype": "text/x-python",
   "name": "python",
   "nbconvert_exporter": "python",
   "pygments_lexer": "ipython3",
   "version": "3.7.7"
  }
 },
 "nbformat": 4,
 "nbformat_minor": 4
}
